<?xml version="1.0" encoding="UTF-8"?>
<testsuites name="TS003 - Age" time="57.698" tests="2" failures="0" errors="0">
   <testsuite name="TS003 - Age" tests="2" failures="0" errors="0" time="57.698" skipped="0" timestamp="29-01-2024T00:44:43" hostname="Careca Delas - Careca-Desktop.home" id="Test Suites/ESO/TS003 - Age">
      <properties>
         <property name="deviceName" value=""/>
         <property name="devicePlatform" value=""/>
         <property name="logFolder" value="C:\\Users\\Careca Delas\\Documents\\GitHub\\Oasis-Project\\Reports\\20240129_004335\\ESO\\TS003 - Age\\20240129_004338"/>
         <property name="logFiles" value="C:\\Users\\Careca Delas\\Documents\\GitHub\\Oasis-Project\\Reports\\20240129_004335\\ESO\\TS003 - Age\\20240129_004338\\execution0.log"/>
         <property name="attachments" value="C:\\Users\\Careca Delas\\Documents\\GitHub\\Oasis-Project\\Reports\\20240129_004335\\ESO\\TS003 - Age\\20240129_004338\\1706489138270.png"/>
         <property name="hostName" value="Careca Delas - Careca-Desktop.home"/>
         <property name="os" value="Windows 10 64bit"/>
         <property name="katalonVersion" value="9.1.0.212"/>
         <property name="browser" value="Chrome 120.0.0.0"/>
         <property name="hostAddress" value="192.168.1.13"/>
         <property name="sessionId" value="f82286a6137e5fa3101b3f08846cb9e5"/>
         <property name="seleniumVersion" value="3.141.59"/>
         <property name="proxyInformation" value="ProxyInformation { proxyOption=NO_PROXY, proxyServerType=HTTP, username=, password=********, proxyServerAddress=, proxyServerPort=0, executionList=&quot;&quot;, isApplyToDesiredCapabilities=true }"/>
         <property name="platform" value="Windows 10"/>
      </properties>
      <testcase name="Test Cases/ESO/Age Valitadion/A001 - Invalid Age" time="10.995" classname="Test Cases/ESO/Age Valitadion/A001 - Invalid Age" status="PASSED">
         <system-out><![CDATA[29-01-2024T00:44:43 - [TEST_CASE][PASSED] - Test Cases/ESO/Age Valitadion/A001 - Invalid Age: Test Cases/ESO/Age Valitadion/A001 - Invalid Age

29-01-2024T00:44:44 - [TEST_STEP][PASSED] - callTestCase(findTestCase("ESO/Age Valitadion/A000 - Age Validation"), [:], STOP_ON_FAILURE): Call Test Case 'Test Cases/ESO/Age Valitadion/A000 - Age Validation' successfully

29-01-2024T00:44:44 - [TEST_CASE][PASSED] - Test Cases/ESO/Age Valitadion/A000 - Age Validation: Test Cases/ESO/Age Valitadion/A000 - Age Validation

29-01-2024T00:44:44 - [TEST_STEP][PASSED] - openBrowser(""): Browser is opened with url: ''

29-01-2024T00:44:44 - [MESSAGE][INFO] - Starting 'Chrome' driver

29-01-2024T00:44:44 - [MESSAGE][INFO] - Action delay is set to 0 milliseconds

29-01-2024T00:44:46 - [MESSAGE][PASSED] - Browser is opened with url: ''

29-01-2024T00:44:46 - [TEST_STEP][PASSED] - navigateToUrl("https://www.elderscrollsonline.com/en-us/agegate?URL=%2fen-us%2fmedia"): Navigate to 'https://www.elderscrollsonline.com/en-us/agegate?URL=%2fen-us%2fmedia' successfully

29-01-2024T00:44:50 - [MESSAGE][PASSED] - Navigate to 'https://www.elderscrollsonline.com/en-us/agegate?URL=%2fen-us%2fmedia' successfully

29-01-2024T00:44:50 - [TEST_STEP][PASSED] - verifyElementPresent(findTestObject("ESO/Page_Age_Verification/form_Age Verification"), 0): Object 'Object Repository/ESO/Page_Age_Verification/form_Age Verification' is present

29-01-2024T00:44:51 - [MESSAGE][WARNING] - Timeout '0' is invalid. Using default page load timeout: '30'

29-01-2024T00:44:51 - [MESSAGE][PASSED] - Object 'Object Repository/ESO/Page_Age_Verification/form_Age Verification' is present

29-01-2024T00:44:51 - [MESSAGE][PASSED] - Call Test Case 'Test Cases/ESO/Age Valitadion/A000 - Age Validation' successfully

29-01-2024T00:44:51 - [TEST_STEP][PASSED] - sendKeys(findTestObject("ESO/Page_Age_Verification/input_Age Verification_month"), helpers.getTodayDate.month()): Keys '01' sent to object: 'Object Repository/ESO/Page_Age_Verification/input_Age Verification_month'

29-01-2024T00:44:51 - [MESSAGE][PASSED] - helpers.getTodayDate.month is PASSED

29-01-2024T00:44:51 - [MESSAGE][PASSED] - Keys '01' sent to object: 'Object Repository/ESO/Page_Age_Verification/input_Age Verification_month'

29-01-2024T00:44:51 - [TEST_STEP][PASSED] - sendKeys(findTestObject("ESO/Page_Age_Verification/input_Age Verification_day"), helpers.getTodayDate.day()): Keys '29' sent to object: 'Object Repository/ESO/Page_Age_Verification/input_Age Verification_day'

29-01-2024T00:44:51 - [MESSAGE][PASSED] - helpers.getTodayDate.day is PASSED

29-01-2024T00:44:52 - [MESSAGE][PASSED] - Keys '29' sent to object: 'Object Repository/ESO/Page_Age_Verification/input_Age Verification_day'

29-01-2024T00:44:52 - [TEST_STEP][PASSED] - sendKeys(findTestObject("ESO/Page_Age_Verification/input_Age Verification_year"), helpers.getTodayDate.UnderYear()): Keys '2024' sent to object: 'Object Repository/ESO/Page_Age_Verification/input_Age Verification_year'

29-01-2024T00:44:52 - [MESSAGE][PASSED] - helpers.getTodayDate.UnderYear is PASSED

29-01-2024T00:44:52 - [MESSAGE][PASSED] - Keys '2024' sent to object: 'Object Repository/ESO/Page_Age_Verification/input_Age Verification_year'

29-01-2024T00:44:52 - [TEST_STEP][PASSED] - click(findTestObject("ESO/Page_Age_Verification/button_Submit")): Object: 'Object Repository/ESO/Page_Age_Verification/button_Submit' is clicked on

29-01-2024T00:44:54 - [MESSAGE][PASSED] - Object: 'Object Repository/ESO/Page_Age_Verification/button_Submit' is clicked on

29-01-2024T00:44:54 - [TEST_STEP][PASSED] - verifyElementVisible(findTestObject("Object Repository/ESO/Page_Age_Verification/h4_Access Denied")): Object 'Object Repository/ESO/Page_Age_Verification/h4_Access Denied' is visible

29-01-2024T00:44:54 - [MESSAGE][PASSED] - Object 'Object Repository/ESO/Page_Age_Verification/h4_Access Denied' is visible]]></system-out>
         <system-err><![CDATA[]]></system-err>
      </testcase>
      <testcase name="Test Cases/ESO/Age Valitadion/A002 - Valid Age" time="46.518" classname="Test Cases/ESO/Age Valitadion/A002 - Valid Age" status="PASSED">
         <system-out><![CDATA[29-01-2024T00:44:54 - [TEST_CASE][PASSED] - Test Cases/ESO/Age Valitadion/A002 - Valid Age: Test Cases/ESO/Age Valitadion/A002 - Valid Age

29-01-2024T00:44:54 - [TEST_STEP][FAILED] - try: Unable to send keys '01' to object 'Object Repository/ESO/Page_Age_Verification/input_Age Verification_month' (Root cause: com.kms.katalon.core.exception.StepFailedException: Unable to send keys '01' to object 'Object Repository/ESO/Page_Age_Verification/input_Age Verification_month'
	at com.kms.katalon.core.webui.keyword.internal.WebUIKeywordMain.stepFailed(WebUIKeywordMain.groovy:64)
	at com.kms.katalon.core.webui.keyword.internal.WebUIKeywordMain.runKeyword(WebUIKeywordMain.groovy:26)
	at com.kms.katalon.core.webui.keyword.builtin.SendKeysKeyword.sendKeys(SendKeysKeyword.groovy:60)
	at com.kms.katalon.core.webui.keyword.builtin.SendKeysKeyword.execute(SendKeysKeyword.groovy:38)
	at com.kms.katalon.core.keyword.internal.KeywordExecutor.executeKeywordForPlatform(KeywordExecutor.groovy:74)
	at com.kms.katalon.core.webui.keyword.WebUiBuiltInKeywords.sendKeys(WebUiBuiltInKeywords.groovy:903)
	at A002 - Valid Age.run(A002 - Valid Age:23)
	at com.kms.katalon.core.main.ScriptEngine.run(ScriptEngine.java:194)
	at com.kms.katalon.core.main.ScriptEngine.runScriptAsRawText(ScriptEngine.java:119)
	at com.kms.katalon.core.main.TestCaseExecutor.runScript(TestCaseExecutor.java:448)
	at com.kms.katalon.core.main.TestCaseExecutor.doExecute(TestCaseExecutor.java:439)
	at com.kms.katalon.core.main.TestCaseExecutor.processExecutionPhase(TestCaseExecutor.java:418)
	at com.kms.katalon.core.main.TestCaseExecutor.accessMainPhase(TestCaseExecutor.java:410)
	at com.kms.katalon.core.main.TestCaseExecutor.execute(TestCaseExecutor.java:285)
	at com.kms.katalon.core.common.CommonExecutor.accessTestCaseMainPhase(CommonExecutor.java:65)
	at com.kms.katalon.core.main.TestSuiteExecutor.accessTestSuiteMainPhase(TestSuiteExecutor.java:148)
	at com.kms.katalon.core.main.TestSuiteExecutor.execute(TestSuiteExecutor.java:106)
	at com.kms.katalon.core.main.TestCaseMain.startTestSuite(TestCaseMain.java:180)
	at TempTestSuite1706489018392.run(TempTestSuite1706489018392.groovy:36)
	at java.base/jdk.internal.reflect.NativeMethodAccessorImpl.invoke0(Native Method)
	at java.base/jdk.internal.reflect.NativeMethodAccessorImpl.invoke(NativeMethodAccessorImpl.java:77)
	at java.base/jdk.internal.reflect.DelegatingMethodAccessorImpl.invoke(DelegatingMethodAccessorImpl.java:43)
Caused by: com.kms.katalon.core.webui.exception.WebElementNotFoundException: Web element with id: 'Object Repository/ESO/Page_Age_Verification/input_Age Verification_month' located by 'id("month")[count(. | //*[@name = 'month' and @id = 'month' and @placeholder = 'MM']) = count(//*[@name = 'month' and @id = 'month' and @placeholder = 'MM'])]' not found
	at com.kms.katalon.core.webui.common.WebUiCommonHelper.findWebElement(WebUiCommonHelper.java:1379)
	at com.kms.katalon.core.webui.keyword.internal.WebUIAbstractKeyword.findWebElement(WebUIAbstractKeyword.groovy:27)
	at com.kms.katalon.core.webui.keyword.internal.WebUIAbstractKeyword.findWebElement(WebUIAbstractKeyword.groovy:26)
	at com.kms.katalon.core.webui.keyword.builtin.SendKeysKeyword$_sendKeys_closure1.doCall(SendKeysKeyword.groovy:52)
	at com.kms.katalon.core.webui.keyword.builtin.SendKeysKeyword$_sendKeys_closure1.call(SendKeysKeyword.groovy)
	at com.kms.katalon.core.webui.keyword.internal.WebUIKeywordMain.runKeyword(WebUIKeywordMain.groovy:20)
	at com.kms.katalon.core.webui.keyword.builtin.SendKeysKeyword.sendKeys(SendKeysKeyword.groovy:60)
	at com.kms.katalon.core.webui.keyword.builtin.SendKeysKeyword.execute(SendKeysKeyword.groovy:38)
	at com.kms.katalon.core.keyword.internal.KeywordExecutor.executeKeywordForPlatform(KeywordExecutor.groovy:74)
	at com.kms.katalon.core.webui.keyword.WebUiBuiltInKeywords.sendKeys(WebUiBuiltInKeywords.groovy:903)
	at Script1706457508849.run(Script1706457508849.groovy:23)
	... 15 more
)

29-01-2024T00:44:54 - [TEST_STEP][FAILED] - sendKeys(findTestObject("ESO/Page_Age_Verification/input_Age Verification_month"), helpers.getTodayDate.month()): Unable to send keys '01' to object 'Object Repository/ESO/Page_Age_Verification/input_Age Verification_month' (Root cause: com.kms.katalon.core.exception.StepFailedException: Unable to send keys '01' to object 'Object Repository/ESO/Page_Age_Verification/input_Age Verification_month'
	at com.kms.katalon.core.webui.keyword.internal.WebUIKeywordMain.stepFailed(WebUIKeywordMain.groovy:64)
	at com.kms.katalon.core.webui.keyword.internal.WebUIKeywordMain.runKeyword(WebUIKeywordMain.groovy:26)
	at com.kms.katalon.core.webui.keyword.builtin.SendKeysKeyword.sendKeys(SendKeysKeyword.groovy:60)
	at com.kms.katalon.core.webui.keyword.builtin.SendKeysKeyword.execute(SendKeysKeyword.groovy:38)
	at com.kms.katalon.core.keyword.internal.KeywordExecutor.executeKeywordForPlatform(KeywordExecutor.groovy:74)
	at com.kms.katalon.core.webui.keyword.WebUiBuiltInKeywords.sendKeys(WebUiBuiltInKeywords.groovy:903)
	at A002 - Valid Age.run(A002 - Valid Age:23)
	at com.kms.katalon.core.main.ScriptEngine.run(ScriptEngine.java:194)
	at com.kms.katalon.core.main.ScriptEngine.runScriptAsRawText(ScriptEngine.java:119)
	at com.kms.katalon.core.main.TestCaseExecutor.runScript(TestCaseExecutor.java:448)
	at com.kms.katalon.core.main.TestCaseExecutor.doExecute(TestCaseExecutor.java:439)
	at com.kms.katalon.core.main.TestCaseExecutor.processExecutionPhase(TestCaseExecutor.java:418)
	at com.kms.katalon.core.main.TestCaseExecutor.accessMainPhase(TestCaseExecutor.java:410)
	at com.kms.katalon.core.main.TestCaseExecutor.execute(TestCaseExecutor.java:285)
	at com.kms.katalon.core.common.CommonExecutor.accessTestCaseMainPhase(CommonExecutor.java:65)
	at com.kms.katalon.core.main.TestSuiteExecutor.accessTestSuiteMainPhase(TestSuiteExecutor.java:148)
	at com.kms.katalon.core.main.TestSuiteExecutor.execute(TestSuiteExecutor.java:106)
	at com.kms.katalon.core.main.TestCaseMain.startTestSuite(TestCaseMain.java:180)
	at TempTestSuite1706489018392.run(TempTestSuite1706489018392.groovy:36)
	at java.base/jdk.internal.reflect.NativeMethodAccessorImpl.invoke0(Native Method)
	at java.base/jdk.internal.reflect.NativeMethodAccessorImpl.invoke(NativeMethodAccessorImpl.java:77)
	at java.base/jdk.internal.reflect.DelegatingMethodAccessorImpl.invoke(DelegatingMethodAccessorImpl.java:43)
Caused by: com.kms.katalon.core.webui.exception.WebElementNotFoundException: Web element with id: 'Object Repository/ESO/Page_Age_Verification/input_Age Verification_month' located by 'id("month")[count(. | //*[@name = 'month' and @id = 'month' and @placeholder = 'MM']) = count(//*[@name = 'month' and @id = 'month' and @placeholder = 'MM'])]' not found
	at com.kms.katalon.core.webui.common.WebUiCommonHelper.findWebElement(WebUiCommonHelper.java:1379)
	at com.kms.katalon.core.webui.keyword.internal.WebUIAbstractKeyword.findWebElement(WebUIAbstractKeyword.groovy:27)
	at com.kms.katalon.core.webui.keyword.internal.WebUIAbstractKeyword.findWebElement(WebUIAbstractKeyword.groovy:26)
	at com.kms.katalon.core.webui.keyword.builtin.SendKeysKeyword$_sendKeys_closure1.doCall(SendKeysKeyword.groovy:52)
	at com.kms.katalon.core.webui.keyword.builtin.SendKeysKeyword$_sendKeys_closure1.call(SendKeysKeyword.groovy)
	at com.kms.katalon.core.webui.keyword.internal.WebUIKeywordMain.runKeyword(WebUIKeywordMain.groovy:20)
	at com.kms.katalon.core.webui.keyword.builtin.SendKeysKeyword.sendKeys(SendKeysKeyword.groovy:60)
	at com.kms.katalon.core.webui.keyword.builtin.SendKeysKeyword.execute(SendKeysKeyword.groovy:38)
	at com.kms.katalon.core.keyword.internal.KeywordExecutor.executeKeywordForPlatform(KeywordExecutor.groovy:74)
	at com.kms.katalon.core.webui.keyword.WebUiBuiltInKeywords.sendKeys(WebUiBuiltInKeywords.groovy:903)
	at Script1706457508849.run(Script1706457508849.groovy:23)
	... 15 more
)

29-01-2024T00:44:54 - [MESSAGE][PASSED] - helpers.getTodayDate.month is PASSED

29-01-2024T00:45:26 - [MESSAGE][INFO] - Unable to find the element located by 'By.xpath: id("month")[count(. | //*[@name = 'month' and @id = 'month' and @placeholder = 'MM']) = count(//*[@name = 'month' and @id = 'month' and @placeholder = 'MM'])]'. Please recheck the objects properties to make sure the desired element is located. 

29-01-2024T00:45:26 - [MESSAGE][WARNING] - [SELF-HEALING] Failed to find element with id 'Object Repository/ESO/Page_Age_Verification/input_Age Verification_month'. Try using Self-healing.

29-01-2024T00:45:28 - [MESSAGE][INFO] - Unable to find the element located by 'By.xpath: //input[@id='month']'. Please recheck the objects properties to make sure the desired element is located. 

29-01-2024T00:45:30 - [MESSAGE][INFO] - [SELF-HEALING] Failed Locator: '//input[@id='month']'.

29-01-2024T00:45:32 - [MESSAGE][INFO] - [SELF-HEALING] Failed Locator: '//div[@id='main-content']/div/form/div/div/input'.

29-01-2024T00:45:34 - [MESSAGE][INFO] - [SELF-HEALING] Failed Locator: '//div/div/input'.

29-01-2024T00:45:36 - [MESSAGE][INFO] - [SELF-HEALING] Failed Locator: '//input[@type = 'number' and @name = 'month' and @id = 'month' and @placeholder = 'MM']'.

29-01-2024T00:45:38 - [MESSAGE][INFO] - Unable to find the element located by 'By.cssSelector: #month'. Please recheck the objects properties to make sure the desired element is located. 

29-01-2024T00:45:38 - [MESSAGE][FAILED] - Unable to send keys '01' to object 'Object Repository/ESO/Page_Age_Verification/input_Age Verification_month' (Root cause: com.kms.katalon.core.exception.StepFailedException: Unable to send keys '01' to object 'Object Repository/ESO/Page_Age_Verification/input_Age Verification_month'
	at com.kms.katalon.core.webui.keyword.internal.WebUIKeywordMain.stepFailed(WebUIKeywordMain.groovy:64)
	at com.kms.katalon.core.webui.keyword.internal.WebUIKeywordMain.runKeyword(WebUIKeywordMain.groovy:26)
	at com.kms.katalon.core.webui.keyword.builtin.SendKeysKeyword.sendKeys(SendKeysKeyword.groovy:60)
	at com.kms.katalon.core.webui.keyword.builtin.SendKeysKeyword.execute(SendKeysKeyword.groovy:38)
	at com.kms.katalon.core.keyword.internal.KeywordExecutor.executeKeywordForPlatform(KeywordExecutor.groovy:74)
	at com.kms.katalon.core.webui.keyword.WebUiBuiltInKeywords.sendKeys(WebUiBuiltInKeywords.groovy:903)
	at A002 - Valid Age.run(A002 - Valid Age:23)
	at com.kms.katalon.core.main.ScriptEngine.run(ScriptEngine.java:194)
	at com.kms.katalon.core.main.ScriptEngine.runScriptAsRawText(ScriptEngine.java:119)
	at com.kms.katalon.core.main.TestCaseExecutor.runScript(TestCaseExecutor.java:448)
	at com.kms.katalon.core.main.TestCaseExecutor.doExecute(TestCaseExecutor.java:439)
	at com.kms.katalon.core.main.TestCaseExecutor.processExecutionPhase(TestCaseExecutor.java:418)
	at com.kms.katalon.core.main.TestCaseExecutor.accessMainPhase(TestCaseExecutor.java:410)
	at com.kms.katalon.core.main.TestCaseExecutor.execute(TestCaseExecutor.java:285)
	at com.kms.katalon.core.common.CommonExecutor.accessTestCaseMainPhase(CommonExecutor.java:65)
	at com.kms.katalon.core.main.TestSuiteExecutor.accessTestSuiteMainPhase(TestSuiteExecutor.java:148)
	at com.kms.katalon.core.main.TestSuiteExecutor.execute(TestSuiteExecutor.java:106)
	at com.kms.katalon.core.main.TestCaseMain.startTestSuite(TestCaseMain.java:180)
	at TempTestSuite1706489018392.run(TempTestSuite1706489018392.groovy:36)
	at java.base/jdk.internal.reflect.NativeMethodAccessorImpl.invoke0(Native Method)
	at java.base/jdk.internal.reflect.NativeMethodAccessorImpl.invoke(NativeMethodAccessorImpl.java:77)
	at java.base/jdk.internal.reflect.DelegatingMethodAccessorImpl.invoke(DelegatingMethodAccessorImpl.java:43)
Caused by: com.kms.katalon.core.webui.exception.WebElementNotFoundException: Web element with id: 'Object Repository/ESO/Page_Age_Verification/input_Age Verification_month' located by 'id("month")[count(. | //*[@name = 'month' and @id = 'month' and @placeholder = 'MM']) = count(//*[@name = 'month' and @id = 'month' and @placeholder = 'MM'])]' not found
	at com.kms.katalon.core.webui.common.WebUiCommonHelper.findWebElement(WebUiCommonHelper.java:1379)
	at com.kms.katalon.core.webui.keyword.internal.WebUIAbstractKeyword.findWebElement(WebUIAbstractKeyword.groovy:27)
	at com.kms.katalon.core.webui.keyword.internal.WebUIAbstractKeyword.findWebElement(WebUIAbstractKeyword.groovy:26)
	at com.kms.katalon.core.webui.keyword.builtin.SendKeysKeyword$_sendKeys_closure1.doCall(SendKeysKeyword.groovy:52)
	at com.kms.katalon.core.webui.keyword.builtin.SendKeysKeyword$_sendKeys_closure1.call(SendKeysKeyword.groovy)
	at com.kms.katalon.core.webui.keyword.internal.WebUIKeywordMain.runKeyword(WebUIKeywordMain.groovy:20)
	at com.kms.katalon.core.webui.keyword.builtin.SendKeysKeyword.sendKeys(SendKeysKeyword.groovy:60)
	at com.kms.katalon.core.webui.keyword.builtin.SendKeysKeyword.execute(SendKeysKeyword.groovy:38)
	at com.kms.katalon.core.keyword.internal.KeywordExecutor.executeKeywordForPlatform(KeywordExecutor.groovy:74)
	at com.kms.katalon.core.webui.keyword.WebUiBuiltInKeywords.sendKeys(WebUiBuiltInKeywords.groovy:903)
	at Script1706457508849.run(Script1706457508849.groovy:23)
	... 15 more
)
[[ATTACHMENT|C:\\Users\\Careca Delas\\Documents\\GitHub\\Oasis-Project\\Reports\\20240129_004335\\ESO\\TS003 - Age\\20240129_004338\\1706489138270.png]]

29-01-2024T00:45:38 - [TEST_STEP][PASSED] - catch (Exception BrowserNotOpenedException): Call Test Case 'Test Cases/ESO/Age Valitadion/A000 - Age Validation' successfully

29-01-2024T00:45:38 - [TEST_STEP][PASSED] - callTestCase(findTestCase("ESO/Age Valitadion/A000 - Age Validation"), [:], STOP_ON_FAILURE): Call Test Case 'Test Cases/ESO/Age Valitadion/A000 - Age Validation' successfully

29-01-2024T00:45:38 - [TEST_CASE][PASSED] - Test Cases/ESO/Age Valitadion/A000 - Age Validation: Test Cases/ESO/Age Valitadion/A000 - Age Validation

29-01-2024T00:45:38 - [TEST_STEP][PASSED] - openBrowser(""): Browser is opened with url: ''

29-01-2024T00:45:38 - [MESSAGE][WARNING] - A browser is already opened. Closing browser and opening a new one

29-01-2024T00:45:38 - [MESSAGE][INFO] - Starting 'Chrome' driver

29-01-2024T00:45:38 - [MESSAGE][INFO] - Action delay is set to 0 milliseconds

29-01-2024T00:45:39 - [MESSAGE][PASSED] - Browser is opened with url: ''

29-01-2024T00:45:39 - [TEST_STEP][PASSED] - navigateToUrl("https://www.elderscrollsonline.com/en-us/agegate?URL=%2fen-us%2fmedia"): Navigate to 'https://www.elderscrollsonline.com/en-us/agegate?URL=%2fen-us%2fmedia' successfully

29-01-2024T00:45:40 - [MESSAGE][PASSED] - Navigate to 'https://www.elderscrollsonline.com/en-us/agegate?URL=%2fen-us%2fmedia' successfully

29-01-2024T00:45:40 - [TEST_STEP][PASSED] - verifyElementPresent(findTestObject("ESO/Page_Age_Verification/form_Age Verification"), 0): Object 'Object Repository/ESO/Page_Age_Verification/form_Age Verification' is present

29-01-2024T00:45:40 - [MESSAGE][WARNING] - Timeout '0' is invalid. Using default page load timeout: '30'

29-01-2024T00:45:41 - [MESSAGE][PASSED] - Object 'Object Repository/ESO/Page_Age_Verification/form_Age Verification' is present

29-01-2024T00:45:41 - [MESSAGE][PASSED] - Call Test Case 'Test Cases/ESO/Age Valitadion/A000 - Age Validation' successfully]]></system-out>
         <system-err><![CDATA[]]></system-err>
      </testcase>
      <system-out><![CDATA[29-01-2024T00:44:43 - [TEST_SUITE][PASSED] - TS003 - Age: Test Cases/ESO/Age Valitadion/A002 - Valid Age]]></system-out>
      <system-err><![CDATA[]]></system-err>
   </testsuite>
</testsuites>
