<?xml version="1.0" encoding="UTF-8"?>
<testsuites name="TSC004 - Home Collection" time="239.211" tests="9" failures="1" errors="0">
   <testsuite name="TS004 - Home" tests="2" failures="0" errors="0" time="76.638" skipped="0" timestamp="06-02-2024T14:20:01" hostname="Careca Delas - Careca-Desktop.home" id="Test Suites/ESO/TS004 - Home">
      <properties>
         <property name="deviceName"/>
         <property name="devicePlatform" value="WINDOWS"/>
         <property name="logFolder" value="C:\\Users\\Careca Delas\\Documents\\GitHub\\Oasis-Project\\Reports\\20240206_141942\\ESO\\TS004 - Home\\20240206_141944"/>
         <property name="logFiles" value="C:\\Users\\Careca Delas\\Documents\\GitHub\\Oasis-Project\\Reports\\20240206_141942\\ESO\\TS004 - Home\\20240206_141944\\execution0.log"/>
         <property name="attachments" value=""/>
         <property name="hostName" value="Careca Delas - Careca-Desktop.home"/>
         <property name="remoteDriverUrl" value="testcloud.katalon.com/hub"/>
         <property name="desiredCapabilities" value="{&#xa;  &quot;timeouts&quot;: {&#xa;    &quot;implicit&quot;: 0,&#xa;    &quot;pageLoad&quot;: 300000,&#xa;    &quot;script&quot;: 30000&#xa;  },&#xa;  &quot;platform&quot;: &quot;WINDOWS&quot;,&#xa;  &quot;goog:chromeOptions&quot;: {&#xa;    &quot;debuggerAddress&quot;: &quot;localhost:9225&quot;&#xa;  },&#xa;  &quot;requestId&quot;: &quot;2b5026af-373b-4f12-843d-e0cc982d166d&quot;,&#xa;  &quot;webauthn:extension:credBlob&quot;: true,&#xa;  &quot;acceptInsecureCerts&quot;: false,&#xa;  &quot;browserVersion&quot;: &quot;120.0.0.0&quot;,&#xa;  &quot;fedcm:accounts&quot;: true,&#xa;  &quot;browserName&quot;: &quot;chrome&quot;,&#xa;  &quot;javascriptEnabled&quot;: true,&#xa;  &quot;katalon:option&quot;: {&#xa;    &quot;unlimitedExecutionMinutes&quot;: true,&#xa;    &quot;userId&quot;: 1423099,&#xa;    &quot;organizationId&quot;: &quot;1380540&quot;,&#xa;    &quot;class&quot;: &quot;com.katalon.testcloud.grid.common.tunnel.domain.UserOptionCapability&quot;,&#xa;    &quot;runFromTestCloud&quot;: true,&#xa;    &quot;usingTunnel&quot;: false&#xa;  },&#xa;  &quot;platformName&quot;: &quot;WINDOWS&quot;,&#xa;  &quot;setWindowRect&quot;: true,&#xa;  &quot;webauthn:extension:largeBlob&quot;: true,&#xa;  &quot;networkConnectionEnabled&quot;: false,&#xa;  &quot;chrome&quot;: {&#xa;    &quot;chromedriverVersion&quot;: &quot;120.0.6099.5 (dc7563588833ccad6482a3aa5848108c4387e7e5-refs/branch-heads/6099@{#21})&quot;,&#xa;    &quot;userDataDir&quot;: &quot;C:\\Windows\\SystemTemp\\scoped_dir956_413611034&quot;&#xa;  },&#xa;  &quot;pageLoadStrategy&quot;: &quot;normal&quot;,&#xa;  &quot;unhandledPromptBehavior&quot;: &quot;dismiss and notify&quot;,&#xa;  &quot;strictFileInteractability&quot;: false,&#xa;  &quot;***:loadExtension&quot;: [&#xa;    &quot;https://prod-magicleap-user-files-us-east-1-v1.s3.amazonaws.com/extensions/orgId-691279/SmartWait.zip&quot;&#xa;  ],&#xa;  &quot;version&quot;: &quot;120&quot;,&#xa;  &quot;se:cdp&quot;: &quot;ws://172.48.53.51:4444/session/6289b76d19e3a4ceb0f7066727fd22b7/se/cdp&quot;,&#xa;  &quot;proxy&quot;: {&#xa;    &quot;proxyType&quot;: &quot;DIRECT&quot;,&#xa;    &quot;autodetect&quot;: false&#xa;  },&#xa;  &quot;webauthn:extension:minPinLength&quot;: true,&#xa;  &quot;webdriver.remote.sessionid&quot;: &quot;6289b76d19e3a4ceb0f7066727fd22b7&quot;,&#xa;  &quot;webauthn:extension:prf&quot;: true,&#xa;  &quot;webauthn:virtualAuthenticators&quot;: true&#xa;}"/>
         <property name="os" value="Windows 10 64bit"/>
         <property name="remoteOS" value="Windows"/>
         <property name="katalonVersion" value="9.2.0.212"/>
         <property name="browser" value="Chrome 120.0.0.0"/>
         <property name="hostAddress" value="192.168.1.13"/>
         <property name="sessionId" value="6289b76d19e3a4ceb0f7066727fd22b7"/>
         <property name="seleniumVersion" value="3.141.59"/>
         <property name="proxyInformation" value="ProxyInformation { proxyOption=NO_PROXY, proxyServerType=HTTP, username=, password=********, proxyServerAddress=, proxyServerPort=0, executionList=&quot;&quot;, isApplyToDesiredCapabilities=true }"/>
         <property name="platform" value="Windows 10"/>
      </properties>
      <testcase name="Test Cases/ESO/Home Validation/H001 - Home Page" time="75.925" classname="Test Cases/ESO/Home Validation/H001 - Home Page" status="PASSED">
         <system-out><![CDATA[06-02-2024T14:20:02 - [TEST_CASE][PASSED] - Test Cases/ESO/Home Validation/H001 - Home Page: Test Cases/ESO/Home Validation/H001 - Home Page

06-02-2024T14:20:02 - [TEST_STEP][PASSED] - callTestCase(findTestCase("ESO/Misc Tests/Open ESO Page"), [:], STOP_ON_FAILURE): Call Test Case 'Test Cases/ESO/Misc Tests/Open ESO Page' successfully

06-02-2024T14:20:02 - [MESSAGE][INFO] - Checking called Test Case

06-02-2024T14:20:02 - [MESSAGE][INFO] - Starting to call Test Case 'Test Cases/ESO/Misc Tests/Open ESO Page'

06-02-2024T14:20:03 - [TEST_CASE][PASSED] - Test Cases/ESO/Misc Tests/Open ESO Page: Test Cases/ESO/Misc Tests/Open ESO Page

06-02-2024T14:20:03 - [TEST_STEP][PASSED] - openBrowser(""): Browser is opened with url: ''

06-02-2024T14:20:03 - [MESSAGE][INFO] - Opening browser

06-02-2024T14:20:03 - [MESSAGE][INFO] - User set preference: ['os', 'windows']

06-02-2024T14:20:03 - [MESSAGE][INFO] - User set preference: ['browserName', 'chrome']

06-02-2024T14:20:03 - [MESSAGE][INFO] - User set preference: ['browserVersion', '120']

06-02-2024T14:20:03 - [MESSAGE][INFO] - User set preference: ['katalon:option', '{organizationId=1380540, tunnelId=, usingTunnel=false}']

06-02-2024T14:20:03 - [MESSAGE][INFO] - Connecting to remote web server 'testcloud.katalon.com/hub' with type 'Selenium'

06-02-2024T14:20:04 - [MESSAGE][INFO] - Action delay is set to 0 milliseconds

06-02-2024T14:20:41 - [MESSAGE][PASSED] - Browser is opened with url: ''

06-02-2024T14:20:41 - [TEST_STEP][PASSED] - maximizeWindow(): Current window maximized

06-02-2024T14:20:41 - [MESSAGE][INFO] - Maximizing current window

06-02-2024T14:20:42 - [MESSAGE][PASSED] - Current window maximized

06-02-2024T14:20:42 - [TEST_STEP][PASSED] - navigateToUrl("https://www.elderscrollsonline.com/en-us/home"): Navigate to 'https://www.elderscrollsonline.com/en-us/home' successfully

06-02-2024T14:20:42 - [MESSAGE][INFO] - Checking url

06-02-2024T14:20:42 - [MESSAGE][INFO] - Navigating to 'https://www.elderscrollsonline.com/en-us/home'

06-02-2024T14:20:49 - [MESSAGE][PASSED] - Navigate to 'https://www.elderscrollsonline.com/en-us/home' successfully

06-02-2024T14:20:49 - [TEST_STEP][PASSED] - delay(3): Delayed 3 second(s)

06-02-2024T14:20:49 - [MESSAGE][INFO] - Delaying browser in 3 second(s)

06-02-2024T14:20:52 - [MESSAGE][PASSED] - Delayed 3 second(s)

06-02-2024T14:20:52 - [TEST_STEP][PASSED] - verifyElementPresent(findTestObject("Object Repository/ESO/Page_Home/a_The Elder Scrolls  Online"), 0): Object 'Object Repository/ESO/Page_Home/a_The Elder Scrolls  Online' is present

06-02-2024T14:20:52 - [MESSAGE][INFO] - Finding Test Object 'Object Repository/ESO/Page_Home/a_The Elder Scrolls  Online'

06-02-2024T14:20:52 - [MESSAGE][INFO] - Checking object

06-02-2024T14:20:52 - [MESSAGE][INFO] - Finding web element from Test Object's properties

06-02-2024T14:20:52 - [MESSAGE][INFO] - Checking timeout

06-02-2024T14:20:52 - [MESSAGE][WARNING] - Timeout '0' is invalid. Using default page load timeout: '30'

06-02-2024T14:20:52 - [MESSAGE][INFO] - Finding web element with id: 'Object Repository/ESO/Page_Home/a_The Elder Scrolls  Online' located by 'By.xpath: //a[@id='navbarTopLogo']' in '30' second(s)

06-02-2024T14:20:52 - [MESSAGE][INFO] - Smart Wait Function is triggered

06-02-2024T14:20:55 - [MESSAGE][INFO] - Found 1 web elements with id: 'Object Repository/ESO/Page_Home/a_The Elder Scrolls  Online' located by 'By.xpath: //a[@id='navbarTopLogo']' in '30' second(s)

06-02-2024T14:20:55 - [MESSAGE][PASSED] - Object 'Object Repository/ESO/Page_Home/a_The Elder Scrolls  Online' is present

06-02-2024T14:20:55 - [TEST_STEP][PASSED] - callTestCase(findTestCase("ESO/Misc Tests/Policy Accept"), [:], STOP_ON_FAILURE): Call Test Case 'Test Cases/ESO/Misc Tests/Policy Accept' successfully

06-02-2024T14:20:55 - [MESSAGE][INFO] - Checking called Test Case

06-02-2024T14:20:55 - [MESSAGE][INFO] - Starting to call Test Case 'Test Cases/ESO/Misc Tests/Policy Accept'

06-02-2024T14:20:55 - [TEST_CASE][PASSED] - Test Cases/ESO/Misc Tests/Policy Accept: Test Cases/ESO/Misc Tests/Policy Accept

06-02-2024T14:20:55 - [TEST_STEP][PASSED] - verifyElementPresent(findTestObject("Object Repository/ESO/Page_Home/div_Policy"), 0): Object 'Object Repository/ESO/Page_Home/div_Policy' is present

06-02-2024T14:20:55 - [MESSAGE][INFO] - Finding Test Object 'Object Repository/ESO/Page_Home/div_Policy'

06-02-2024T14:20:55 - [MESSAGE][INFO] - Checking object

06-02-2024T14:20:55 - [MESSAGE][INFO] - Finding web element from Test Object's properties

06-02-2024T14:20:55 - [MESSAGE][INFO] - Checking timeout

06-02-2024T14:20:55 - [MESSAGE][WARNING] - Timeout '0' is invalid. Using default page load timeout: '30'

06-02-2024T14:20:55 - [MESSAGE][INFO] - Finding web element with id: 'Object Repository/ESO/Page_Home/div_Policy' located by 'By.xpath: id("onetrust-banner-sdk")/div[1]/div[@class="ot-sdk-container"]/div[@class="ot-sdk-row"]' in '30' second(s)

06-02-2024T14:20:55 - [MESSAGE][INFO] - Smart Wait Function is triggered

06-02-2024T14:20:58 - [MESSAGE][INFO] - Found 1 web elements with id: 'Object Repository/ESO/Page_Home/div_Policy' located by 'By.xpath: id("onetrust-banner-sdk")/div[1]/div[@class="ot-sdk-container"]/div[@class="ot-sdk-row"]' in '30' second(s)

06-02-2024T14:20:58 - [MESSAGE][PASSED] - Object 'Object Repository/ESO/Page_Home/div_Policy' is present

06-02-2024T14:20:58 - [TEST_STEP][PASSED] - click(findTestObject("Object Repository/ESO/Page_Home/button_ACCEPT ALL")): Object: 'Object Repository/ESO/Page_Home/button_ACCEPT ALL' is clicked on

06-02-2024T14:20:58 - [MESSAGE][INFO] - Finding Test Object 'Object Repository/ESO/Page_Home/button_ACCEPT ALL'

06-02-2024T14:20:58 - [MESSAGE][INFO] - Checking object

06-02-2024T14:20:58 - [MESSAGE][INFO] - Checking timeout

06-02-2024T14:20:58 - [MESSAGE][INFO] - Finding web element from Test Object's properties

06-02-2024T14:20:58 - [MESSAGE][INFO] - Checking timeout

06-02-2024T14:20:58 - [MESSAGE][INFO] - Finding web element with id: 'Object Repository/ESO/Page_Home/button_ACCEPT ALL' located by 'By.xpath: //button[@id='onetrust-accept-btn-handler']' in '30' second(s)

06-02-2024T14:20:58 - [MESSAGE][INFO] - Smart Wait Function is triggered

06-02-2024T14:21:00 - [MESSAGE][INFO] - Found 1 web elements with id: 'Object Repository/ESO/Page_Home/button_ACCEPT ALL' located by 'By.xpath: //button[@id='onetrust-accept-btn-handler']' in '30' second(s)

06-02-2024T14:21:00 - [MESSAGE][INFO] - Clicking on object: 'Object Repository/ESO/Page_Home/button_ACCEPT ALL'

06-02-2024T14:21:02 - [MESSAGE][PASSED] - Object: 'Object Repository/ESO/Page_Home/button_ACCEPT ALL' is clicked on

06-02-2024T14:21:02 - [MESSAGE][PASSED] - Call Test Case 'Test Cases/ESO/Misc Tests/Policy Accept' successfully

06-02-2024T14:21:02 - [MESSAGE][PASSED] - Call Test Case 'Test Cases/ESO/Misc Tests/Open ESO Page' successfully

06-02-2024T14:21:02 - [TEST_STEP][PASSED] - verifyElementVisible(findTestObject("ESO/Page_Home/h2_LATEST NEWS"), STOP_ON_FAILURE): Object 'Object Repository/ESO/Page_Home/h2_LATEST NEWS' is visible

06-02-2024T14:21:02 - [MESSAGE][INFO] - Finding Test Object 'Object Repository/ESO/Page_Home/h2_LATEST NEWS'

06-02-2024T14:21:02 - [MESSAGE][INFO] - Checking object

06-02-2024T14:21:02 - [MESSAGE][INFO] - Finding web element from Test Object's properties

06-02-2024T14:21:02 - [MESSAGE][INFO] - Checking timeout

06-02-2024T14:21:02 - [MESSAGE][INFO] - Finding web element with id: 'Object Repository/ESO/Page_Home/h2_LATEST NEWS' located by 'By.xpath: //smart-block[@id='sb-13291 ']/h2' in '30' second(s)

06-02-2024T14:21:02 - [MESSAGE][INFO] - Smart Wait Function is triggered

06-02-2024T14:21:05 - [MESSAGE][INFO] - Found 1 web elements with id: 'Object Repository/ESO/Page_Home/h2_LATEST NEWS' located by 'By.xpath: //smart-block[@id='sb-13291 ']/h2' in '30' second(s)

06-02-2024T14:21:07 - [MESSAGE][PASSED] - Object 'Object Repository/ESO/Page_Home/h2_LATEST NEWS' is visible

06-02-2024T14:21:07 - [TEST_STEP][PASSED] - verifyElementPresent(findTestObject("ESO/Page_Home/Navigation Bar/a_This is ESO"), 0): Object 'Object Repository/ESO/Page_Home/Navigation Bar/a_This is ESO' is present

06-02-2024T14:21:07 - [MESSAGE][INFO] - Finding Test Object 'Object Repository/ESO/Page_Home/Navigation Bar/a_This is ESO'

06-02-2024T14:21:07 - [MESSAGE][INFO] - Checking object

06-02-2024T14:21:07 - [MESSAGE][INFO] - Finding web element from Test Object's properties

06-02-2024T14:21:07 - [MESSAGE][INFO] - Checking timeout

06-02-2024T14:21:07 - [MESSAGE][WARNING] - Timeout '0' is invalid. Using default page load timeout: '30'

06-02-2024T14:21:07 - [MESSAGE][INFO] - Finding web element with id: 'Object Repository/ESO/Page_Home/Navigation Bar/a_This is ESO' located by 'By.xpath: //div[@id='universal-nav']/div/div/div[6]/div/div[2]/div/div/div/a' in '30' second(s)

06-02-2024T14:21:07 - [MESSAGE][INFO] - Smart Wait Function is triggered

06-02-2024T14:21:10 - [MESSAGE][INFO] - Found 29 web elements with id: 'Object Repository/ESO/Page_Home/Navigation Bar/a_This is ESO' located by 'By.xpath: //div[@id='universal-nav']/div/div/div[6]/div/div[2]/div/div/div/a' in '30' second(s)

06-02-2024T14:21:10 - [MESSAGE][PASSED] - Object 'Object Repository/ESO/Page_Home/Navigation Bar/a_This is ESO' is present

06-02-2024T14:21:10 - [TEST_STEP][PASSED] - verifyElementPresent(findTestObject("ESO/Page_Home/Navigation Bar/a_Classes"), 0): Object 'Object Repository/ESO/Page_Home/Navigation Bar/a_Classes' is present

06-02-2024T14:21:10 - [MESSAGE][INFO] - Finding Test Object 'Object Repository/ESO/Page_Home/Navigation Bar/a_Classes'

06-02-2024T14:21:10 - [MESSAGE][INFO] - Checking object

06-02-2024T14:21:10 - [MESSAGE][INFO] - Finding web element from Test Object's properties

06-02-2024T14:21:10 - [MESSAGE][INFO] - Checking timeout

06-02-2024T14:21:10 - [MESSAGE][WARNING] - Timeout '0' is invalid. Using default page load timeout: '30'

06-02-2024T14:21:10 - [MESSAGE][INFO] - Finding web element with id: 'Object Repository/ESO/Page_Home/Navigation Bar/a_Classes' located by 'By.xpath: //div[@id='universal-nav']/div/div/div[6]/div/div[2]/div/div/div[2]/a' in '30' second(s)

06-02-2024T14:21:10 - [MESSAGE][INFO] - Smart Wait Function is triggered

06-02-2024T14:21:12 - [MESSAGE][INFO] - Found 7 web elements with id: 'Object Repository/ESO/Page_Home/Navigation Bar/a_Classes' located by 'By.xpath: //div[@id='universal-nav']/div/div/div[6]/div/div[2]/div/div/div[2]/a' in '30' second(s)

06-02-2024T14:21:12 - [MESSAGE][PASSED] - Object 'Object Repository/ESO/Page_Home/Navigation Bar/a_Classes' is present

06-02-2024T14:21:12 - [TEST_STEP][PASSED] - verifyElementPresent(findTestObject("ESO/Page_Home/Navigation Bar/a_UpdatesDLC"), 0): Object 'Object Repository/ESO/Page_Home/Navigation Bar/a_UpdatesDLC' is present

06-02-2024T14:21:12 - [MESSAGE][INFO] - Finding Test Object 'Object Repository/ESO/Page_Home/Navigation Bar/a_UpdatesDLC'

06-02-2024T14:21:12 - [MESSAGE][INFO] - Checking object

06-02-2024T14:21:12 - [MESSAGE][INFO] - Finding web element from Test Object's properties

06-02-2024T14:21:12 - [MESSAGE][INFO] - Checking timeout

06-02-2024T14:21:12 - [MESSAGE][WARNING] - Timeout '0' is invalid. Using default page load timeout: '30'

06-02-2024T14:21:12 - [MESSAGE][INFO] - Finding web element with id: 'Object Repository/ESO/Page_Home/Navigation Bar/a_UpdatesDLC' located by 'By.xpath: //div[@id='universal-nav']/div/div/div[6]/div/div[2]/div/div/div[3]/a' in '30' second(s)

06-02-2024T14:21:12 - [MESSAGE][INFO] - Smart Wait Function is triggered

06-02-2024T14:21:15 - [MESSAGE][INFO] - Found 6 web elements with id: 'Object Repository/ESO/Page_Home/Navigation Bar/a_UpdatesDLC' located by 'By.xpath: //div[@id='universal-nav']/div/div/div[6]/div/div[2]/div/div/div[3]/a' in '30' second(s)

06-02-2024T14:21:15 - [MESSAGE][PASSED] - Object 'Object Repository/ESO/Page_Home/Navigation Bar/a_UpdatesDLC' is present

06-02-2024T14:21:15 - [TEST_STEP][PASSED] - verifyElementPresent(findTestObject("ESO/Page_Home/Navigation Bar/a_Patch Notes"), 0): Object 'Object Repository/ESO/Page_Home/Navigation Bar/a_Patch Notes' is present

06-02-2024T14:21:15 - [MESSAGE][INFO] - Finding Test Object 'Object Repository/ESO/Page_Home/Navigation Bar/a_Patch Notes'

06-02-2024T14:21:15 - [MESSAGE][INFO] - Checking object

06-02-2024T14:21:15 - [MESSAGE][INFO] - Finding web element from Test Object's properties

06-02-2024T14:21:15 - [MESSAGE][INFO] - Checking timeout

06-02-2024T14:21:15 - [MESSAGE][WARNING] - Timeout '0' is invalid. Using default page load timeout: '30'

06-02-2024T14:21:15 - [MESSAGE][INFO] - Finding web element with id: 'Object Repository/ESO/Page_Home/Navigation Bar/a_Patch Notes' located by 'By.xpath: //div[@id='universal-nav']/div/div/div[6]/div/div[2]/div/div/div[5]/a' in '30' second(s)

06-02-2024T14:21:15 - [MESSAGE][INFO] - Smart Wait Function is triggered

06-02-2024T14:21:18 - [MESSAGE][INFO] - Found 3 web elements with id: 'Object Repository/ESO/Page_Home/Navigation Bar/a_Patch Notes' located by 'By.xpath: //div[@id='universal-nav']/div/div/div[6]/div/div[2]/div/div/div[5]/a' in '30' second(s)

06-02-2024T14:21:18 - [MESSAGE][PASSED] - Object 'Object Repository/ESO/Page_Home/Navigation Bar/a_Patch Notes' is present]]></system-out>
         <system-err><![CDATA[]]></system-err>
      </testcase>
      <testcase name="Test Cases/ESO/Home Validation/H002 - Return to Home" time="0.493" classname="Test Cases/ESO/Home Validation/H002 - Return to Home" status="PASSED">
         <system-out><![CDATA[06-02-2024T14:21:18 - [TEST_CASE][PASSED] - Test Cases/ESO/Home Validation/H002 - Return to Home: Evaluating variables for test case]]></system-out>
         <system-err><![CDATA[]]></system-err>
      </testcase>
      <system-out><![CDATA[06-02-2024T14:20:01 - [TEST_SUITE][INCOMPLETE] - TS004 - Home: null]]></system-out>
      <system-err><![CDATA[06-02-2024T14:20:01 - [TEST_SUITE][INCOMPLETE] - TS004 - Home: null]]></system-err>
   </testsuite>
   <testsuite name="TS004 - Home" tests="2" failures="0" errors="0" time="64.436" skipped="0" timestamp="06-02-2024T14:20:05" hostname="Careca Delas - Careca-Desktop.home" id="Test Suites/ESO/TS004 - Home">
      <properties>
         <property name="deviceName"/>
         <property name="devicePlatform" value="WINDOWS"/>
         <property name="logFolder" value="C:\\Users\\Careca Delas\\Documents\\GitHub\\Oasis-Project\\Reports\\20240206_141942\\ESO\\TS004 - Home\\20240206_141946"/>
         <property name="logFiles" value="C:\\Users\\Careca Delas\\Documents\\GitHub\\Oasis-Project\\Reports\\20240206_141942\\ESO\\TS004 - Home\\20240206_141946\\execution0.log"/>
         <property name="attachments" value=""/>
         <property name="hostName" value="Careca Delas - Careca-Desktop.home"/>
         <property name="remoteDriverUrl" value="testcloud.katalon.com/hub"/>
         <property name="desiredCapabilities" value="{&#xa;  &quot;timeouts&quot;: {&#xa;    &quot;implicit&quot;: 0,&#xa;    &quot;pageLoad&quot;: 300000,&#xa;    &quot;script&quot;: 30000&#xa;  },&#xa;  &quot;platform&quot;: &quot;WINDOWS&quot;,&#xa;  &quot;requestId&quot;: &quot;497b9004-13b5-4653-b334-d89f917ad9c5&quot;,&#xa;  &quot;webauthn:extension:credBlob&quot;: true,&#xa;  &quot;acceptInsecureCerts&quot;: false,&#xa;  &quot;browserVersion&quot;: &quot;Chromium&quot;,&#xa;  &quot;fedcm:accounts&quot;: true,&#xa;  &quot;browserName&quot;: &quot;MicrosoftEdge&quot;,&#xa;  &quot;javascriptEnabled&quot;: true,&#xa;  &quot;katalon:option&quot;: {&#xa;    &quot;unlimitedExecutionMinutes&quot;: true,&#xa;    &quot;userId&quot;: 1423099,&#xa;    &quot;organizationId&quot;: &quot;1380540&quot;,&#xa;    &quot;class&quot;: &quot;com.katalon.testcloud.grid.common.tunnel.domain.UserOptionCapability&quot;,&#xa;    &quot;runFromTestCloud&quot;: true,&#xa;    &quot;usingTunnel&quot;: false&#xa;  },&#xa;  &quot;platformName&quot;: &quot;WINDOWS&quot;,&#xa;  &quot;ms:edgeOptions&quot;: {&#xa;    &quot;debuggerAddress&quot;: &quot;localhost:53583&quot;&#xa;  },&#xa;  &quot;setWindowRect&quot;: true,&#xa;  &quot;webauthn:extension:largeBlob&quot;: true,&#xa;  &quot;networkConnectionEnabled&quot;: false,&#xa;  &quot;msedge&quot;: {&#xa;    &quot;msedgedriverVersion&quot;: &quot;120.0.2210.61 (50ab4bd76cf1b5ff9d6705778b6ee170df56f154)&quot;,&#xa;    &quot;userDataDir&quot;: &quot;C:\\Windows\\SystemTemp\\scoped_dir4868_335577199&quot;&#xa;  },&#xa;  &quot;pageLoadStrategy&quot;: &quot;normal&quot;,&#xa;  &quot;unhandledPromptBehavior&quot;: &quot;dismiss and notify&quot;,&#xa;  &quot;strictFileInteractability&quot;: false,&#xa;  &quot;***:loadExtension&quot;: [&#xa;    &quot;https://prod-magicleap-user-files-us-east-1-v1.s3.amazonaws.com/extensions/orgId-691279/SmartWait.zip&quot;&#xa;  ],&#xa;  &quot;version&quot;: &quot;120&quot;,&#xa;  &quot;se:cdp&quot;: &quot;ws://172.48.106.172:4444/session/11e63041bfc30d953e765e3b699a0cba/se/cdp&quot;,&#xa;  &quot;proxy&quot;: {&#xa;    &quot;proxyType&quot;: &quot;DIRECT&quot;,&#xa;    &quot;autodetect&quot;: false&#xa;  },&#xa;  &quot;webauthn:extension:minPinLength&quot;: true,&#xa;  &quot;webdriver.remote.sessionid&quot;: &quot;11e63041bfc30d953e765e3b699a0cba&quot;,&#xa;  &quot;webauthn:extension:prf&quot;: true,&#xa;  &quot;webauthn:virtualAuthenticators&quot;: true&#xa;}"/>
         <property name="os" value="Windows 10 64bit"/>
         <property name="remoteOS" value="Windows"/>
         <property name="katalonVersion" value="9.2.0.212"/>
         <property name="browser" value="Edge Chromium 120"/>
         <property name="hostAddress" value="192.168.1.13"/>
         <property name="sessionId" value="11e63041bfc30d953e765e3b699a0cba"/>
         <property name="seleniumVersion" value="3.141.59"/>
         <property name="proxyInformation" value="ProxyInformation { proxyOption=NO_PROXY, proxyServerType=HTTP, username=, password=********, proxyServerAddress=, proxyServerPort=0, executionList=&quot;&quot;, isApplyToDesiredCapabilities=true }"/>
         <property name="platform" value="Windows 10"/>
      </properties>
      <testcase name="Test Cases/ESO/Home Validation/H001 - Home Page" time="63.383" classname="Test Cases/ESO/Home Validation/H001 - Home Page" status="PASSED">
         <system-out><![CDATA[06-02-2024T14:20:05 - [TEST_CASE][PASSED] - Test Cases/ESO/Home Validation/H001 - Home Page: Test Cases/ESO/Home Validation/H001 - Home Page

06-02-2024T14:20:06 - [TEST_STEP][PASSED] - callTestCase(findTestCase("ESO/Misc Tests/Open ESO Page"), [:], STOP_ON_FAILURE): Call Test Case 'Test Cases/ESO/Misc Tests/Open ESO Page' successfully

06-02-2024T14:20:06 - [MESSAGE][INFO] - Checking called Test Case

06-02-2024T14:20:06 - [MESSAGE][INFO] - Starting to call Test Case 'Test Cases/ESO/Misc Tests/Open ESO Page'

06-02-2024T14:20:06 - [TEST_CASE][PASSED] - Test Cases/ESO/Misc Tests/Open ESO Page: Test Cases/ESO/Misc Tests/Open ESO Page

06-02-2024T14:20:06 - [TEST_STEP][PASSED] - openBrowser(""): Browser is opened with url: ''

06-02-2024T14:20:06 - [MESSAGE][INFO] - Opening browser

06-02-2024T14:20:06 - [MESSAGE][INFO] - User set preference: ['os', 'windows']

06-02-2024T14:20:06 - [MESSAGE][INFO] - User set preference: ['browserName', 'msedge']

06-02-2024T14:20:06 - [MESSAGE][INFO] - User set preference: ['browserVersion', '120']

06-02-2024T14:20:06 - [MESSAGE][INFO] - User set preference: ['katalon:option', '{organizationId=1380540, tunnelId=, usingTunnel=false}']

06-02-2024T14:20:06 - [MESSAGE][INFO] - Connecting to remote web server 'testcloud.katalon.com/hub' with type 'Selenium'

06-02-2024T14:20:07 - [MESSAGE][INFO] - Action delay is set to 0 milliseconds

06-02-2024T14:20:37 - [MESSAGE][PASSED] - Browser is opened with url: ''

06-02-2024T14:20:37 - [TEST_STEP][PASSED] - maximizeWindow(): Current window maximized

06-02-2024T14:20:37 - [MESSAGE][INFO] - Maximizing current window

06-02-2024T14:20:38 - [MESSAGE][PASSED] - Current window maximized

06-02-2024T14:20:38 - [TEST_STEP][PASSED] - navigateToUrl("https://www.elderscrollsonline.com/en-us/home"): Navigate to 'https://www.elderscrollsonline.com/en-us/home' successfully

06-02-2024T14:20:38 - [MESSAGE][INFO] - Checking url

06-02-2024T14:20:38 - [MESSAGE][INFO] - Navigating to 'https://www.elderscrollsonline.com/en-us/home'

06-02-2024T14:20:44 - [MESSAGE][PASSED] - Navigate to 'https://www.elderscrollsonline.com/en-us/home' successfully

06-02-2024T14:20:44 - [TEST_STEP][PASSED] - delay(3): Delayed 3 second(s)

06-02-2024T14:20:44 - [MESSAGE][INFO] - Delaying browser in 3 second(s)

06-02-2024T14:20:47 - [MESSAGE][PASSED] - Delayed 3 second(s)

06-02-2024T14:20:47 - [TEST_STEP][PASSED] - verifyElementPresent(findTestObject("Object Repository/ESO/Page_Home/a_The Elder Scrolls  Online"), 0): Object 'Object Repository/ESO/Page_Home/a_The Elder Scrolls  Online' is present

06-02-2024T14:20:47 - [MESSAGE][INFO] - Finding Test Object 'Object Repository/ESO/Page_Home/a_The Elder Scrolls  Online'

06-02-2024T14:20:47 - [MESSAGE][INFO] - Checking object

06-02-2024T14:20:47 - [MESSAGE][INFO] - Finding web element from Test Object's properties

06-02-2024T14:20:47 - [MESSAGE][INFO] - Checking timeout

06-02-2024T14:20:47 - [MESSAGE][WARNING] - Timeout '0' is invalid. Using default page load timeout: '30'

06-02-2024T14:20:47 - [MESSAGE][INFO] - Finding web element with id: 'Object Repository/ESO/Page_Home/a_The Elder Scrolls  Online' located by 'By.xpath: //a[@id='navbarTopLogo']' in '30' second(s)

06-02-2024T14:20:47 - [MESSAGE][INFO] - Smart Wait Function is triggered

06-02-2024T14:20:50 - [MESSAGE][INFO] - Found 1 web elements with id: 'Object Repository/ESO/Page_Home/a_The Elder Scrolls  Online' located by 'By.xpath: //a[@id='navbarTopLogo']' in '30' second(s)

06-02-2024T14:20:50 - [MESSAGE][PASSED] - Object 'Object Repository/ESO/Page_Home/a_The Elder Scrolls  Online' is present

06-02-2024T14:20:50 - [TEST_STEP][PASSED] - callTestCase(findTestCase("ESO/Misc Tests/Policy Accept"), [:], STOP_ON_FAILURE): Call Test Case 'Test Cases/ESO/Misc Tests/Policy Accept' successfully

06-02-2024T14:20:50 - [MESSAGE][INFO] - Checking called Test Case

06-02-2024T14:20:50 - [MESSAGE][INFO] - Starting to call Test Case 'Test Cases/ESO/Misc Tests/Policy Accept'

06-02-2024T14:20:50 - [TEST_CASE][PASSED] - Test Cases/ESO/Misc Tests/Policy Accept: Test Cases/ESO/Misc Tests/Policy Accept

06-02-2024T14:20:50 - [TEST_STEP][PASSED] - verifyElementPresent(findTestObject("Object Repository/ESO/Page_Home/div_Policy"), 0): Object 'Object Repository/ESO/Page_Home/div_Policy' is present

06-02-2024T14:20:50 - [MESSAGE][INFO] - Finding Test Object 'Object Repository/ESO/Page_Home/div_Policy'

06-02-2024T14:20:50 - [MESSAGE][INFO] - Checking object

06-02-2024T14:20:50 - [MESSAGE][INFO] - Finding web element from Test Object's properties

06-02-2024T14:20:50 - [MESSAGE][INFO] - Checking timeout

06-02-2024T14:20:50 - [MESSAGE][WARNING] - Timeout '0' is invalid. Using default page load timeout: '30'

06-02-2024T14:20:50 - [MESSAGE][INFO] - Finding web element with id: 'Object Repository/ESO/Page_Home/div_Policy' located by 'By.xpath: id("onetrust-banner-sdk")/div[1]/div[@class="ot-sdk-container"]/div[@class="ot-sdk-row"]' in '30' second(s)

06-02-2024T14:20:50 - [MESSAGE][INFO] - Smart Wait Function is triggered

06-02-2024T14:20:52 - [MESSAGE][INFO] - Found 1 web elements with id: 'Object Repository/ESO/Page_Home/div_Policy' located by 'By.xpath: id("onetrust-banner-sdk")/div[1]/div[@class="ot-sdk-container"]/div[@class="ot-sdk-row"]' in '30' second(s)

06-02-2024T14:20:52 - [MESSAGE][PASSED] - Object 'Object Repository/ESO/Page_Home/div_Policy' is present

06-02-2024T14:20:52 - [TEST_STEP][PASSED] - click(findTestObject("Object Repository/ESO/Page_Home/button_ACCEPT ALL")): Object: 'Object Repository/ESO/Page_Home/button_ACCEPT ALL' is clicked on

06-02-2024T14:20:52 - [MESSAGE][INFO] - Finding Test Object 'Object Repository/ESO/Page_Home/button_ACCEPT ALL'

06-02-2024T14:20:52 - [MESSAGE][INFO] - Checking object

06-02-2024T14:20:52 - [MESSAGE][INFO] - Checking timeout

06-02-2024T14:20:52 - [MESSAGE][INFO] - Finding web element from Test Object's properties

06-02-2024T14:20:52 - [MESSAGE][INFO] - Checking timeout

06-02-2024T14:20:52 - [MESSAGE][INFO] - Finding web element with id: 'Object Repository/ESO/Page_Home/button_ACCEPT ALL' located by 'By.xpath: //button[@id='onetrust-accept-btn-handler']' in '30' second(s)

06-02-2024T14:20:52 - [MESSAGE][INFO] - Smart Wait Function is triggered

06-02-2024T14:20:54 - [MESSAGE][INFO] - Found 1 web elements with id: 'Object Repository/ESO/Page_Home/button_ACCEPT ALL' located by 'By.xpath: //button[@id='onetrust-accept-btn-handler']' in '30' second(s)

06-02-2024T14:20:54 - [MESSAGE][INFO] - Clicking on object: 'Object Repository/ESO/Page_Home/button_ACCEPT ALL'

06-02-2024T14:20:56 - [MESSAGE][PASSED] - Object: 'Object Repository/ESO/Page_Home/button_ACCEPT ALL' is clicked on

06-02-2024T14:20:56 - [MESSAGE][PASSED] - Call Test Case 'Test Cases/ESO/Misc Tests/Policy Accept' successfully

06-02-2024T14:20:56 - [MESSAGE][PASSED] - Call Test Case 'Test Cases/ESO/Misc Tests/Open ESO Page' successfully

06-02-2024T14:20:56 - [TEST_STEP][PASSED] - verifyElementVisible(findTestObject("ESO/Page_Home/h2_LATEST NEWS"), STOP_ON_FAILURE): Object 'Object Repository/ESO/Page_Home/h2_LATEST NEWS' is visible

06-02-2024T14:20:56 - [MESSAGE][INFO] - Finding Test Object 'Object Repository/ESO/Page_Home/h2_LATEST NEWS'

06-02-2024T14:20:56 - [MESSAGE][INFO] - Checking object

06-02-2024T14:20:56 - [MESSAGE][INFO] - Finding web element from Test Object's properties

06-02-2024T14:20:56 - [MESSAGE][INFO] - Checking timeout

06-02-2024T14:20:56 - [MESSAGE][INFO] - Finding web element with id: 'Object Repository/ESO/Page_Home/h2_LATEST NEWS' located by 'By.xpath: //smart-block[@id='sb-13291 ']/h2' in '30' second(s)

06-02-2024T14:20:56 - [MESSAGE][INFO] - Smart Wait Function is triggered

06-02-2024T14:20:58 - [MESSAGE][INFO] - Found 1 web elements with id: 'Object Repository/ESO/Page_Home/h2_LATEST NEWS' located by 'By.xpath: //smart-block[@id='sb-13291 ']/h2' in '30' second(s)

06-02-2024T14:20:59 - [MESSAGE][PASSED] - Object 'Object Repository/ESO/Page_Home/h2_LATEST NEWS' is visible

06-02-2024T14:20:59 - [TEST_STEP][PASSED] - verifyElementPresent(findTestObject("ESO/Page_Home/Navigation Bar/a_This is ESO"), 0): Object 'Object Repository/ESO/Page_Home/Navigation Bar/a_This is ESO' is present

06-02-2024T14:20:59 - [MESSAGE][INFO] - Finding Test Object 'Object Repository/ESO/Page_Home/Navigation Bar/a_This is ESO'

06-02-2024T14:20:59 - [MESSAGE][INFO] - Checking object

06-02-2024T14:20:59 - [MESSAGE][INFO] - Finding web element from Test Object's properties

06-02-2024T14:20:59 - [MESSAGE][INFO] - Checking timeout

06-02-2024T14:20:59 - [MESSAGE][WARNING] - Timeout '0' is invalid. Using default page load timeout: '30'

06-02-2024T14:20:59 - [MESSAGE][INFO] - Finding web element with id: 'Object Repository/ESO/Page_Home/Navigation Bar/a_This is ESO' located by 'By.xpath: //div[@id='universal-nav']/div/div/div[6]/div/div[2]/div/div/div/a' in '30' second(s)

06-02-2024T14:20:59 - [MESSAGE][INFO] - Smart Wait Function is triggered

06-02-2024T14:21:01 - [MESSAGE][INFO] - Found 29 web elements with id: 'Object Repository/ESO/Page_Home/Navigation Bar/a_This is ESO' located by 'By.xpath: //div[@id='universal-nav']/div/div/div[6]/div/div[2]/div/div/div/a' in '30' second(s)

06-02-2024T14:21:01 - [MESSAGE][PASSED] - Object 'Object Repository/ESO/Page_Home/Navigation Bar/a_This is ESO' is present

06-02-2024T14:21:01 - [TEST_STEP][PASSED] - verifyElementPresent(findTestObject("ESO/Page_Home/Navigation Bar/a_Classes"), 0): Object 'Object Repository/ESO/Page_Home/Navigation Bar/a_Classes' is present

06-02-2024T14:21:01 - [MESSAGE][INFO] - Finding Test Object 'Object Repository/ESO/Page_Home/Navigation Bar/a_Classes'

06-02-2024T14:21:01 - [MESSAGE][INFO] - Checking object

06-02-2024T14:21:01 - [MESSAGE][INFO] - Finding web element from Test Object's properties

06-02-2024T14:21:01 - [MESSAGE][INFO] - Checking timeout

06-02-2024T14:21:01 - [MESSAGE][WARNING] - Timeout '0' is invalid. Using default page load timeout: '30'

06-02-2024T14:21:01 - [MESSAGE][INFO] - Finding web element with id: 'Object Repository/ESO/Page_Home/Navigation Bar/a_Classes' located by 'By.xpath: //div[@id='universal-nav']/div/div/div[6]/div/div[2]/div/div/div[2]/a' in '30' second(s)

06-02-2024T14:21:01 - [MESSAGE][INFO] - Smart Wait Function is triggered

06-02-2024T14:21:03 - [MESSAGE][INFO] - Found 7 web elements with id: 'Object Repository/ESO/Page_Home/Navigation Bar/a_Classes' located by 'By.xpath: //div[@id='universal-nav']/div/div/div[6]/div/div[2]/div/div/div[2]/a' in '30' second(s)

06-02-2024T14:21:03 - [MESSAGE][PASSED] - Object 'Object Repository/ESO/Page_Home/Navigation Bar/a_Classes' is present

06-02-2024T14:21:03 - [TEST_STEP][PASSED] - verifyElementPresent(findTestObject("ESO/Page_Home/Navigation Bar/a_UpdatesDLC"), 0): Object 'Object Repository/ESO/Page_Home/Navigation Bar/a_UpdatesDLC' is present

06-02-2024T14:21:03 - [MESSAGE][INFO] - Finding Test Object 'Object Repository/ESO/Page_Home/Navigation Bar/a_UpdatesDLC'

06-02-2024T14:21:04 - [MESSAGE][INFO] - Checking object

06-02-2024T14:21:04 - [MESSAGE][INFO] - Finding web element from Test Object's properties

06-02-2024T14:21:04 - [MESSAGE][INFO] - Checking timeout

06-02-2024T14:21:04 - [MESSAGE][WARNING] - Timeout '0' is invalid. Using default page load timeout: '30'

06-02-2024T14:21:04 - [MESSAGE][INFO] - Finding web element with id: 'Object Repository/ESO/Page_Home/Navigation Bar/a_UpdatesDLC' located by 'By.xpath: //div[@id='universal-nav']/div/div/div[6]/div/div[2]/div/div/div[3]/a' in '30' second(s)

06-02-2024T14:21:04 - [MESSAGE][INFO] - Smart Wait Function is triggered

06-02-2024T14:21:06 - [MESSAGE][INFO] - Found 6 web elements with id: 'Object Repository/ESO/Page_Home/Navigation Bar/a_UpdatesDLC' located by 'By.xpath: //div[@id='universal-nav']/div/div/div[6]/div/div[2]/div/div/div[3]/a' in '30' second(s)

06-02-2024T14:21:06 - [MESSAGE][PASSED] - Object 'Object Repository/ESO/Page_Home/Navigation Bar/a_UpdatesDLC' is present

06-02-2024T14:21:06 - [TEST_STEP][PASSED] - verifyElementPresent(findTestObject("ESO/Page_Home/Navigation Bar/a_Patch Notes"), 0): Object 'Object Repository/ESO/Page_Home/Navigation Bar/a_Patch Notes' is present

06-02-2024T14:21:06 - [MESSAGE][INFO] - Finding Test Object 'Object Repository/ESO/Page_Home/Navigation Bar/a_Patch Notes'

06-02-2024T14:21:06 - [MESSAGE][INFO] - Checking object

06-02-2024T14:21:06 - [MESSAGE][INFO] - Finding web element from Test Object's properties

06-02-2024T14:21:06 - [MESSAGE][INFO] - Checking timeout

06-02-2024T14:21:06 - [MESSAGE][WARNING] - Timeout '0' is invalid. Using default page load timeout: '30'

06-02-2024T14:21:06 - [MESSAGE][INFO] - Finding web element with id: 'Object Repository/ESO/Page_Home/Navigation Bar/a_Patch Notes' located by 'By.xpath: //div[@id='universal-nav']/div/div/div[6]/div/div[2]/div/div/div[5]/a' in '30' second(s)

06-02-2024T14:21:06 - [MESSAGE][INFO] - Smart Wait Function is triggered

06-02-2024T14:21:09 - [MESSAGE][INFO] - Found 3 web elements with id: 'Object Repository/ESO/Page_Home/Navigation Bar/a_Patch Notes' located by 'By.xpath: //div[@id='universal-nav']/div/div/div[6]/div/div[2]/div/div/div[5]/a' in '30' second(s)

06-02-2024T14:21:09 - [MESSAGE][PASSED] - Object 'Object Repository/ESO/Page_Home/Navigation Bar/a_Patch Notes' is present]]></system-out>
         <system-err><![CDATA[]]></system-err>
      </testcase>
      <testcase name="Test Cases/ESO/Home Validation/H002 - Return to Home" time="0.752" classname="Test Cases/ESO/Home Validation/H002 - Return to Home" status="PASSED">
         <system-out><![CDATA[06-02-2024T14:21:09 - [TEST_CASE][PASSED] - Test Cases/ESO/Home Validation/H002 - Return to Home: Evaluating variables for test case]]></system-out>
         <system-err><![CDATA[]]></system-err>
      </testcase>
      <system-out><![CDATA[06-02-2024T14:20:05 - [TEST_SUITE][INCOMPLETE] - TS004 - Home: null]]></system-out>
      <system-err><![CDATA[06-02-2024T14:20:05 - [TEST_SUITE][INCOMPLETE] - TS004 - Home: null]]></system-err>
   </testsuite>
   <testsuite name="TS004 - Home" tests="2" failures="0" errors="0" time="163.101" skipped="0" timestamp="06-02-2024T14:20:06" hostname="Careca Delas - Careca-Desktop.home" id="Test Suites/ESO/TS004 - Home">
      <properties>
         <property name="deviceName"/>
         <property name="devicePlatform" value="WINDOWS"/>
         <property name="logFolder" value="C:\\Users\\Careca Delas\\Documents\\GitHub\\Oasis-Project\\Reports\\20240206_141942\\ESO\\TS004 - Home\\20240206_141948"/>
         <property name="logFiles" value="C:\\Users\\Careca Delas\\Documents\\GitHub\\Oasis-Project\\Reports\\20240206_141942\\ESO\\TS004 - Home\\20240206_141948\\execution0.log"/>
         <property name="attachments" value=""/>
         <property name="hostName" value="Careca Delas - Careca-Desktop.home"/>
         <property name="remoteDriverUrl" value="testcloud.katalon.com/hub"/>
         <property name="desiredCapabilities" value="{&#xa;  &quot;moz:geckodriverVersion&quot;: &quot;0.31.0&quot;,&#xa;  &quot;timeouts&quot;: {&#xa;    &quot;implicit&quot;: 0,&#xa;    &quot;pageLoad&quot;: 300000,&#xa;    &quot;script&quot;: 30000&#xa;  },&#xa;  &quot;moz:headless&quot;: false,&#xa;  &quot;platform&quot;: &quot;WINDOWS&quot;,&#xa;  &quot;requestId&quot;: &quot;66b30d4a-a591-4baf-8d62-355e355ef464&quot;,&#xa;  &quot;acceptInsecureCerts&quot;: true,&#xa;  &quot;browserVersion&quot;: &quot;120.0&quot;,&#xa;  &quot;moz:processID&quot;: 4384,&#xa;  &quot;browserName&quot;: &quot;firefox&quot;,&#xa;  &quot;javascriptEnabled&quot;: true,&#xa;  &quot;katalon:option&quot;: {&#xa;    &quot;unlimitedExecutionMinutes&quot;: true,&#xa;    &quot;userId&quot;: 1423099,&#xa;    &quot;organizationId&quot;: &quot;1380540&quot;,&#xa;    &quot;class&quot;: &quot;com.katalon.testcloud.grid.common.tunnel.domain.UserOptionCapability&quot;,&#xa;    &quot;runFromTestCloud&quot;: true,&#xa;    &quot;usingTunnel&quot;: false&#xa;  },&#xa;  &quot;platformName&quot;: &quot;WINDOWS&quot;,&#xa;  &quot;setWindowRect&quot;: true,&#xa;  &quot;moz:profile&quot;: &quot;C:\\Users\\ltuser\\AppData\\Local\\Temp\\rust_mozprofilexJUc59&quot;,&#xa;  &quot;os&quot;: &quot;windows&quot;,&#xa;  &quot;pageLoadStrategy&quot;: &quot;normal&quot;,&#xa;  &quot;unhandledPromptBehavior&quot;: &quot;dismiss and notify&quot;,&#xa;  &quot;strictFileInteractability&quot;: false,&#xa;  &quot;***:loadExtension&quot;: [&#xa;    &quot;https://prod-magicleap-user-files-us-east-1-v1.s3.amazonaws.com/extensions/orgId-691279/SmartWait.zip&quot;&#xa;  ],&#xa;  &quot;moz:windowless&quot;: false,&#xa;  &quot;version&quot;: &quot;120&quot;,&#xa;  &quot;se:cdp&quot;: &quot;ws://172.48.10.4:4444/session/3c50119e-e348-4437-af95-6a77a4fa1c33/se/cdp&quot;,&#xa;  &quot;proxy&quot;: {&#xa;    &quot;proxyType&quot;: &quot;DIRECT&quot;,&#xa;    &quot;autodetect&quot;: false&#xa;  },&#xa;  &quot;moz:accessibilityChecks&quot;: false,&#xa;  &quot;webdriver.remote.sessionid&quot;: &quot;3c50119e-e348-4437-af95-6a77a4fa1c33&quot;,&#xa;  &quot;moz:shutdownTimeout&quot;: 60000,&#xa;  &quot;moz:buildID&quot;: &quot;20231116134553&quot;,&#xa;  &quot;moz:platformVersion&quot;: &quot;10.0&quot;,&#xa;  &quot;firefox_profile&quot;: &quot;UEsDBBQACAgIAK1yRlgAAAAAAAAAAAAAAAA1AAAAZXh0ZW5zaW9ucy97NTRkY2Q5ZTktOTAzZi00M2U5LTk1ZjAtMjJiZDBlMGYzYzBhfS54cGmNe2OQoEuTbnPanLa7p23btm3btqZt27Zt27ZtG3f2xv12zzm7+8V9K+pHxRv5RFVlVlU+mVWyEsAgSADgf8o/P5g/1UrP2szYyMGR2tzBxtowbjpqnhZ+6NoLkkJEMH7GGbQSnsZ3p8efNUeJ0Zn4tOHr54VYv/mii4jzXMNmJ9P2hOfn5LGbGnjsIlpCcdToqiVJ3YUXEoyqOa2tEz/u0Bg5MiVahJWOHx8HBQ6MK0q3n+qH/tzAdD6gYyYx6CyTIQfCt1hIhZCT430xPPri7MWhnkK5e/j6YZMmy/gk+5e76dihOdE54rhxpTgryT4j8kr83lhM5+44c/YdvQTVcSD8cYCdwldM8uswgvU1tPOM/qIHtoTHEfVFmD5a0AcrdRKFSVht+kJDv+lqLgtSX8NKth3dD3TiLmikeQgf/w5w4DHcl+bhHlQhtvGX6O7cy+PaNRhljpL+yRUXVrl0/o6QJTomh5p4tFcXoduqFuS+TMQVN9Pbu1UNqSC082GPTwZTbAUIHWPKBK/1vOhR7kIAxI5Dc850C/D7fAzdxmGL3cZ7Qu7JazfXxfIMuimUuXb8HB1naR6WAidv8HsYTbYwwJBkQ7iSldeV+yEeQCU8renEBd3oVemaazvrEMtIsPica/KuZmRbzri10q2CTnROHTgraCNeNT95NCCxyMThHfdqa/6W/kzSYbllxjRKZVM+8woS/8FXnz+a/f6WlQADv4j0a5sGBADIAgYAkP1fLQHjTzWwsbKysabRt7dxcTCyp7K1sXQzNrO0/GMYF17vNutDSd/XrxTSj52ih7xF8RvX+tdrSs9tZsCGsYzCF5a1Gkg3IZxxxDhTNQwCo+Zn3150NPYvcUhCXeFQlt5xQncOOA7aDkey6NMSWebkrBGokhPg6T0ZBeojkxCe3kC8x7RL6UCDWPQZClG0mdJ6SFkYvfPFX/z8dxNcwF/pt6aRDB3LI8jIHw3wlgzFEZHEN+ekqGqjtg8aUld7ED3AeApoPwff+UUrdzAFGg9gWTFB+b92a3+H0208IsfGhEMXfdmA+x7fvPZ639vO/mC322Z1ImQgW4IkkoSR3stucszizIh4jCuDWGB/8FQ1N5nOUfFmDVy8PxC6A5LebSywVaPeef0OTp7W+aDoeDl/vffh+E7u7qtnCLZ9u0DaCoWe9ruDbuVeNCySdniHKb4A4i5V8AnchVxl62iYDjhWYeQBC8RIUJ5PzlmaT/bFeHB/az4+XtRikSjbUU+gF3Ilog9Y5j/iRS6xf4JQgFH31SYwTWgFomv26fjpIzsErpnIIKyQX29yk1Q0giytm9gzfuAGZHPEi4c8WOR+dkZVEQpEzWioaCZmUjgEvaRI01syDzhJ1g/xkUyKT4Q1IPlzjM8WJE+v1MnO2zmJ4y00JrzeRcVmWpt4ehqRZK5EEfwHx2J+OIkUQxVKw3be1NQOqliY/13goYtyHccwh5IsFf4hLzRHcdqRq3mJEjMvMvwIGSr9Tij/fMYX38Vha8xNmnhG+DtIFZkMQhVUWu4EaHc/jCFQpv0RkQEmaYiiKRqEbukORmtTOa95GdFyglrQsSI5TBBNzpsGKJkedD0EfJZf3UNJEJMRJZ69Zi5I3FkcWhgWHcM5V/+ZHAWHnmRFIpFcae+msNvYGHQ9gKhbDDwr4iiz8kmroOQFVemOeL963N7dWaQ/WYSM7pvXYa6Jyc39e3r2lB/SA7Z5HIJUhXIiIhnRWq3Jy00beJEQpHvaO1iczBhpOn2FXGiQmpjaUQLDuu+AfyxjxYMmGsSkzi+aWVJVo3TFyFfc5WufJkPE78yf1MadUVwAv/pCJhZPON9gdRPoCeseiXpIiz/kqSc2p0kqKQ62dNwQtFxTHHlp0Dmgn1/xroAe9WL6K6hlcYNnzxwCeNIg7JJ/ui0rtQvm2WGuooKB79sPIAS8Ilbi9p0APZYTGaUKfoHP4NIKfaFxbotutBmDmT+3ZVzycwfopfEEMR3oNybOJ/9OoQGjI7ri5xL0Dn5DS1MSNWzjZDZXM+TQ78tqq+Rm4Y+l4KbWut2AFIFa4Imx9OOJebDGFxqtV/EPrXTbhYcATsXs8IF+7kAUUuMEuoJZvECwFO0W46CwA7e8ti8mmIaYVpwW59Hvqm8c6/QO7riQ5U5z++7nH84nF9+Qu9DINAiv8+iFE/EyKmxZ4ncWZBNU+PYNVBKRs72OM9afTMXTSoZCjeJtwZcQdw0T0VFLEMTWuoRaqCbr7wfesgWAH7y1GPFPGF72YzDND9r/VU7Pw362j8RmTrYk0lPBPYyjytSxhiO6WLiqa2Dc4JNJTTc8zijk9JCjhODer1C7oxieP3ua6CqWiGI/n5RsuCri9jBSw/uZrSjXqZQm4MtgWBKdYOXhywPfxdrmwnoiMnM3u1G1rHsS3u3U8UsgstRb4iWPcFgloRRpDik8rCefDXiSPdfpwSPU3qEyet7itDDtpzRKigsm7DfH4EYWpGW+9q90XMymgwQKKTQOLM/mt9YZR2mF9V1rjaWroyN8ixumyvZd+qNZ5SdII+nE0TAbu8ZOTc6Avllnp85yCokqs+IGO6+AmdKWNYQG2NgxeNvPOBZPahzAzzAELlR6H2hXBYRumgoBziBrwi/tvDncy75udX13F0tISLcn2ER2VsxPJ4qHacF55Cs+XZlxK4QZXIGN95fdS72Pa1iPootzex59AiIu6i1csObK+R3xxgNsUQcPge4V0M9+4Xz3fp6ni+EoQcOc2Rqr0i6AzupdW9KHnNlWjILi3huZZubfBGUwMt/TNbsSIR8OGM6PbLAuaROKxS3vYeyWGgqVM4WC9bOZdB349f1x67b+Kz7NjSZqG4I0UMZlu/nnoNd0VEzaxXEoYNYWTSjdwXzWm2Sd5IUbdrCeok51vJ/b/AfBvdZGKz3a+UsJNGtLX4s3Em2q9G2qOFqzCRQJb4uPj3o9/cK15Z8+ok7Ediq/vuCTvTPyIdfbWJlLDB4RlC2m07xcZ5sWLziwr2ijnp1bBHZcbCKeBSu5hyHsIuuzR8OoR3rMvogMqolGm1nWYelyQM2hPEE28Hu5W2CMNcqIdtEFXoGpR8MgX83FXG0m26Nprq2Jq8imB9oqu7jCogT873tfr+3exKKTlZoJuonEu1HMSmG1FrX0rmmx4fKvnG+5HBbin4rBONgtv2bZIrbXxU4OYFnMsSJdsgihX/lpLjlv7+NDoDoT9GGwlm/iE/ijRDZfFwpxA7Lw78wjUEjhBMYeJzpwxVkmXuFMprNA5ad3EL357J+jkHLG1MZC5Gu05xwhppQS0r8afwHx6gqphjqTJt/AbOwObWdAKDIV6UFfl87VaBOA6U/P0Kb3VDBi0YxCIu9wiTGtA9AR8o5E2BOw+KVjSJ4QjTEpLWZQCm58d+LFHdywSTLwuDZtm06ct390j7ufrNp1FkUszo8Je/Abk/JBwRmAuWLSu/Cms5cIZTuKlF2S1i0LAbEs0trCKN+S0Am18TPRneWq++0IK9nLHY1wNeVyCoyhZq1WKM+kfh8s3YtkxMed1kw9pTApLLYtO5uQxBilmuMPN+KQ8DIdQRbJTnZkM2oKJ4KO1XaW0jPXGEsqye/3MKpnhI+YlEVDLexzbDDORoJ5GeQmCa6Ok1AFN6ImejjPFZ1ltZi2WDwEC2qJXwmKAn2GVwk8v02BvdcAUUm8n4WqJYJq4YPtanvnTDVt4joTZPRUahN0B2I9yr/sviXcYCykcEwFChqkCpbSwyk8DtlUtPckIr3CRrs+7cA8F9HrUfHmz4k51j8gemZB9MbcgLWEGtpFy3G0TY9G6EUHruY6lVl/YNM+yggZvCYmbSYWy/R2y+5eZ0jrHTgymutIQh8uhQsocbafaCWoyG1A7sUmHcto6kLakK2w4slBNPHDIxJiGGNI7C032oYFo8ul+IX2619yrftlPlOOknWkNpNuFUmQ2Ut+AIr1hcwxL22vPYOCN0o69Mq4jaY054hh0VysI2VhlnGOP67TCnqAMq/a8pG57w4Ec78rhow8GaUKl5RCDFK6Rr4mk7uTdcH1tkfOu6bY4snHScVsDjDqD0TppNYQAp9vl4UJNE5CZezhAO2ijX21V3QwEFixNl4kKktMxUxIPVFhTft5RBYBqzZw1ZMIBXp0QLKjsTQWdSnRkQDqyzhO30l/NJl2QlYSCAmVorr4YRV6zQ+pLkUUuHDVTO7ExnN4IltnKTPPofIOicWBaCqEZDJe24/qjzSumeWXluwOY7Tme0/SHv2qOtCGnq8d33S9WT7ufty9hpsZs1ws9vpd4JVaxqsGBqpx8vKg2D140IdLwqbuUxI2S9VV3FDgeauLe9aIHH603QP5YEkklEhjieWgFt0JNgwb4QiuSCMXm0rqJGmAyniIgUpqcTFgA+4eOEJW7JYKTHOPLo6JxK97N3dQSK9EgzSA5P0F0wCrfEhELD4s5xZloRBHDeFiM/8In/ZAEJTotBqJlk2AdcM9qI8X8iB6xcz5GRf/rhUXP6kCnpWOcUJ3uIWyOcR9yB9HOC3NXluFfrbGzYh0ehEebt4/v9y7WkTLrE1byrgVZnrV6p8YR/sGpq0MmYXhlVJI96yCW3wD9IUtzMf3i7X6W/aPX3Xpqs7GFdr6NhjKsCRIPVPqu6K7HtVACOm17bRRqFHE4tLYzLOJWmWMj4GGWLhLk72OB3eTPK11O4ytDsds/XlYP3vU/2IIBKW3QwCLax3sAmil13Xt2oMKER+eRAlrUEyZtbA8upe8VHPUDLFfO431M/uCw+xnT+VjddCBjUH3TrywOY5PEAo0ZwOz8u2QmQgQPXNRho58oRTv0+zqMfCwDKkn3yvk/ACYEQHEIq/hwTuxo9j+bkqv5c/Ciigb9e1Lw07zfi2Bt8zm9T6Wcz38U3/7vp2lWzcNujNtUGdJPLFkvCOmPK/FFvtdYVUQfOw8hX5upspfm5hpFF8Y5o7kC4kvapkIqTtQ+cuViYXt7TyoD4XKz/sAinxmB4RltTXWqdUFLddPin1BbEjAXd16ikY1+YZdiTrdI53QLtA5xMpMvyGF5R1txk0U1z45dSBYylcO3bbyVy9bhyC/tXZ23q35vE4ffj7o5fFbreT67aAfU9gFl1m8YMt2KyZonDfRW4+rXG9cKpTM8QmtILCeVi54vbRuR/Rf2nXgC/Uy49xkdlvHfbyvFkM4OkgFnomtcfW0uOdkFv8Q34u3FtUv0RNbeGfqjsvjLWWhDYz5QZVoKOyGwt4SiKR+IuUndp8bj01H7fi7xWJzw6ZM6J5v3Ili6ekLqfBzFLK4ueShzB32EWPbPbBEA8oWU14sRMTjMrJ5IFb5xfaqGe6o2o8upe84eLstSYtMSGLA9X7TWdJoUhs5Rb4PjwhSCSiZK3JlLB4qFLJVqZkKy4D/82tTRWjJWn+hckI50G0bTqfJv7tQd15CJh8/5FBlkZDmup6Z3rhEXswkqnraRyUk9p7rovCW820xhGbO9VH3dB6BrHEktKj0Uyla9sgZ3svJ7uyizmfTUqs1wT98jkpjwfNsaAa/0N1FbW3LhLxAUAk8iynFpdkFr7lK55K6l3Xj2j0AG/y0bmVm8vQGRXdOexFWvnMskqpXYFu9WT4onkkcbbPmkkAZqwkTR82G9SK7Es26T198jqgPyfPEgcx1QmJIOs8rACrnSVeFybsKZMJcqQGKLMwvxpp6FdQu92iap9yGEixSlTv0fAP07McX4YJtpnB06RVmziUmufHFos5kZ7cW45Wp4sqXpP6GYacDpVyu8jCxBl0kuZcAp+J+VizsqfV7h3mUSyorR/lZTVnlfnyInmRd5O0vE3mIFT9bAcPIxetXwzwosZchNaTD8AOxc/cBgxp2knFp481qUvyW/Cj4JxmplWqtiSQ+xUaLijOdGX1sPgqBUGQOMzoX+1n+sDSvSU8dq9UOI7gRudLN6+rfT1boXU/8yt6sqPS3Xq1t1Vj9r67rM8CLWreR+IEeRZsADM5TiCewI1+H6ljy286LDU5xEF+VQRzUS3iEBcRSaz+09+DW9zSxgZU5smStpwRHyyeVlmfABp1M0JrO7r03Y8tPBzNxs855Fu23vRky/blm3d4aDBR7MQRaPu5lVvSc1zMzWZq8YHx+ENlXfDSvqRZ8sXi15ehrrxOX2DtjNJnCaFSsDxbQYomb49SUaI1IQ61+h19OEWXXfpZdVnFIuva8abraKaOc/oI1cfIl69gj0YIn2lEovciylDI0ji7fWP3aYj5mKB+HWcRYR0KiV192ke89dpQTpzdwtYbLWp8AxKNx2HAPHs304isXV5sEWeg6zQ0vmaFR4LGMQM2oAGu+NCNBvVxAzCa0kSqWI78mYQ1YqKBXLB67GXpBHhySXvph6dKMiPtGyEhMS6k7/pFWlwbknGP97uvQNO55ub8uyrDwWeCCaMWJjoDNDecx11fGgeRnS2rogQEKHGwy5lT344kby9bI53X6+Uc/9ZBs6NOj0gaCg66iWX1xSI7nvDSpAsUKoFazh+Nlf1flLhHpGGpFFVIeSprexBMRRwLxY0HyZqCwiDkbGWILtQmkD00krxLqU5LhqgacI4ffOpHcbDZ/X2X6RnlXBR2RuZhd4KR32XGL9QvQLMY9v4Y9LOVRRUxLXp6ipYN4HXS9ekVjjIsxXFAXTbcV3CZWzFvVkuhmOlQGk/D8H3fsKUAp38csOjfPro6VqQrM3fEKeunRlR3qkFgMZHhqIBXXrdb9Uneo0/m+Rih3zd/yWuENRcCptH39Y3TtlVE+blU2ygI36qLAvhlvpQcwvp0qNLti97JEGYD11OJzMJeYfhz2kXhW+E1i7zjIFC7Gcu0TtixL8zzVizSIV4lEvJnU/13vS+dMqxvCVUqgkjZ9/bskqdL6xXh8aJKCagOzXsUrAsh0AQMGoXJ4RAAgZw3nF0VDUyVkL3JZGSqGgXwlhpgXUNyJEStHM8+aOfXaLsHvYjKRo3EplsDhlE6030Fq4YTQMk5slcETH7CTmQigxvm5ZMCmGvFLz3t+pAVJCj49RWf4jMhKkTAwwg7e2qG3St/T2JOsyBp9X6YTUwv+cqU8TaLJAQ6GYriBM3qMErLDZSFj0SUQRuRpDbbNS/XYSb+1b846PldD8296yyuDp4y4FBYy96CwOfDshRsJ6XGSmXrKwGqz1B0cEvUm0yqcgwjfGbEjpdiHI+1jgXsomWNJ2WjzPB7bckfqUihcpSS1VjJDovztny27w0ANuuF/dnPHB/Wlc0/KYrYRMehxgdcB7+R5FWhHB0ZhK5sMn3U1KWTto1kAkRbGbDqYo+6A9A9s0Q5NhaCslHUGnXUW1tejlSWeb3YuB0EEADvMGBus5FwEXm26tFj8Xiz7nok6F/8pNU9asvzwuaN+bxVkfjl9zsl1RRgcT2KFczbGwu52327HQspidksf6tO6Fo4la6kC9Cljiiq/YkU/Sr9vj7v9qbpYKthWFLnq0Z5tB+cg+GXKkLPZpjPeHYgcuxCFHY+cW4Ej57zcH30VzLyyiMnE3UoLUIJ2+MaYP8bpMEYqsrO3QG357gN0ovuqQvkE5K6fdHNx8e1X1x37PZX4hsvTkdmksyDKXUpIMhj/DfGvQCJv/TIQIBIAgKrevwskwv3fQKK1o5G1I42Lntl/hJUHVDdlDpjhfah9BmvgPEJh+as6i+cyFLGFgiEL/ePVIfAN40ar8C2Km+px29a/O+2XxDIGxn8EwGqHcOnwTLtydzCC2vCp9aHCCyFYcgMPOqBF9yqUY7mpX3IjCtFPfeEr5vqS+sv1IkqS9f/xXW6s4ADwjiTJX+onIc169YXY7smZAZgK6UVfLvxJGAtTPAsZAsCF8w3S/ThjDg8/gYfE+UFYmjH31L8putWD/DVtB5lOIM8zMxByr1CIXql3XSCyEykw42tR4ynbSW4NWi1tp0J9A6a57/3NSm9aOrd/a5UGasFT6gCIKqr/pEk4foX3qhMFYBdNJMNO+plHq+u5+2qravAC0h2gh/bmLYGUgcbis+jHRQT5YLWGQRuvumYl1kLNTxO0bydRFOkcE7S9Y4D2loQynDrm2uGzzR1rlxCqhNQbXFVwGf1DVWO8rRGxBJKOMA0WrIuf8Oz6EdATvD9NFSEL4vowNZ/hFrQ0fzCjNR+CysXxPtjOKVI/ag8j9c0gStJNiulmd12m0aKhLYUhUNJL61DdoB9NUlYrd4It/gVUzL8P02vrBsf8KNZng5R+auPZ0mq/tpIzh3IqDKTwWXpXHjv3hzNpIi+9xzHL2FLUz0tHq3LCBX3Fry/eJJKM3OPnM3+G3IqyVSlffHq+IMu8IqMfgZ/Q9NpzLo3xrFUacDH2gFlRCEYQ1H70LsiuQIwpeFAf1bylU3hrpXtFjM4eFwsCh9v+0yULKoVLYqmKAYNtu+jmOqoe1SjOuRs1FyriwOQy4ZSFakGh6Z3OJuL0yYPWbP6X3j8MNssroQhHz9QRArkvRBA8HYFmqIzKwRe4vl7rdpkRRMxVxD2DJyjcra9PH5/KrSozrq6PFwtzfo59dbJ+5yl6N7JpfxO2G2F99q3mtuVULs0u5AHGC2uleOQLS60yW7CGewm4ez9bHMG3g3/h1WtEtATBQvl5nNXYdoyt6DVG9O73bY0zsvz63VwffwjE4TXx6QwQFP4EMpch0I3nGsQ3RLI14qgdU5vT+tYYB5hvivMBrcgfC6wHEeJPN0Zcw3N3KfZr146u/84ZjXFRevDxoZWwLH4cyoPf6nGX71clxYVSDTkjoFhcHVqWQmlMrmnQ9ezo4aAOZy8DsRyppDAYkxnegXAOZbKxkoEbYBBD0UsogocEpwrr/n2zU6ifLfnLRSWXvdYGhZ8qmTcFmvEA9zGhmxH8kcfyh8q3uu5L5VdHJ1Fy/bpv1Mcnx8U10MwVIHDC0mJpp8/G8txPx4+Outf5Qxu2Ssgra/jNrIbzGD7tkdLmjLCojFO68VJTJxIPO0cQFVJkVPDWHTZIITn1h7fFmxCKHbKU440/HDCGr/wcovjcGsfOad1DsuUhMeNKul3I5b4AxzBHz6ZCkXlpyiIjL6z4ia6xHk3OMao4bSGFig2z8anKy80fD09/rrVF3Wx0tSOFEhNw9N7SCB6bl8zaYzQJWn5MNKny4V3wiXgatvrR2n+ELjodili2yX/PRqrVymW5ac1fm4uaso2Dfu2C2Obh7Ps/0yG+tUMKoSAAAHLI/24XQ/vHLkZlZm1uZOBoY/9nO4uIqZWmoIMX8vAZTCzf1P/kxls7wo8hkPODb6wNHuitVamvFwy5uR5ZAUwjdfw1/jzBdW+OTqNsOXE6+0OtGJtt1POaVdIe20xGjLbPpDlh1vLk4e3b6pID9AQFF5Z5BB5DN6UbHHhxWv2RAjlrVmuLiYCK7slVhddsGZwl1QKvQErqo+owpULWwLGNevlTfNdza+KCdi/0Xo+YuYMQwoM8CM6leRB6hpokl/A7LH11Uh0QNafX4GNfCrLkXXkl7pEVxydDWqD+LDKTWPzLHDOv+nGqqYSJZ8HkP+eIbA3beetPawvw380Ryp8qJaTIRyUmLUxjYONgRP2vVGLC1HR0Hi1Szy2HT6BL3gc8tsUeYMxJSUseNKsHhWour4ZpOfbnOYuxM0t6CyoNDY3bdrInv+gtOsSqDDxqyqzZNEZKWlMgiJTHwbOdLIRwIxs1Tu46UoSBGiLdJXZS1SPak2kF19OXC8NlJjYLJ9v+G8NvgdNSXHdNNB1xaxE+7vku3K+mXTu4O5f1snkIrTstBXa5A2VrPOceE76OCCVo/1YsEcKMz9jDCHjhyAgGIvjr5orWTLt5aPJbRAapobGNjefanRpG4fW7NSGwdUGocS99gkRDDayTdniiZaVV8eANqUNsL6gKpaF5muX31SYcWulHHklyhMQgf9UucwlT8pG+/EQot8qc7clt6+PHjh3U41FliPd+fbUPNW1fB6t16em+B19OMMoJA/PDUIewSzF2ELyX6spos0D70ZdyUejfSp19YCFLMSUB76ftm1bmmQxPAZrUQZVcCxz91bxMeS7lIfCU0Yb3Td2aFxqt1szxtnG51G8pZmvV/6nDVC+tCd8/+ksF+nc6RPhvOnQwM1lQclNUWG6fnASPDYEv+hFKCv8Dhi0VTRAeHWkBPI9UTi5OwjeE0BdBFkQMz88UlM8KAQtNqAcQAd5IFhC0Ikg8sTasZEYetJRVPqCZwEpnffnxy+O8cvvz/OLx0mG5ubv+6cv9hUwzw4tbfWxw1g9aBJQ+whsHEgI/tsQNHIa3x3yNtAMJFxy+IJDPF+QNKydU6DW/VrDg+8ebJ688MGfsCML1z6u1QQYnVBGRsHw3xFxVwWLAsjb2YNHX/Db/fYMzTCrYLeByiCLMgFyCXNIFx9947MLgUCdQvqFvQGGm8FQoEiW00RivJKlj4fDAdfh+Uz8oe4B0uqiCQIZ08GOSPrKfRACP6j9TL7IqezjbqGhYVSnXrDDp3qE07BxJvfBVb45XGPGBN+HtNqwBL97AQFFEANDtZ3VMoPTgSdHlMQENRTnlgwLgWcaaUAqMFFkTyWSD1UVsOrfurAmHSv0Qt7cbqrO7w1U63YfTJBwI3K9i3nzuU5J4wjQO4yueDTE03rVu/ZFhN54HWyuTqVki8qIrmXx+N4hulMh5eO2bGW0Pz/FCnfp5aPzKJmYvruZWp62M/4y8QeVmyDObVkt5nIDhq5pZb6f/WuzPL7MTUt4uz8w/3veG91nuobOZWESzHHCKGHenCbhEMZlqWJZvsPDoo58HR9dycFGWYFHh8k7f3ruYAH9wS6RVcu1TvVbvLrE8zpgju3bBAMZESTWwXgvW5ol+c9941yRMYpp2btzmE7AwyH/7/D05E54e9vVCYBHVrLKKhOl55yT3uCTFW9ySqFM7RhkJDNnR390dX8eVBjy8er7arXGorU7QVRi/m43ReHl58Cj/xS9P/3vdhz2b/410hs3k+SztbvAEYgh5c8gZMYhe2GciqC6960r6fassaeslYvRQOmmSa1XTx30syvbyN1RvRbwAmbqXxivz6zJjhMI4euBQZ9cMb/7w+fw6DW5Zpj2Pdes0pBtD9eJe51BY1w1ghofl/MMgFZ3LecTdOEn8tPPIPDAsCzNzJ6XUumvO7t6aIoOGUNxGXmmtUd5g0etgbMvV3AI/jeqhAAepXzrkGRSPOndV9egqgx9W+vaiMafknUbz6LL1dkRJEUX726b4NotyKRXw5pIoUoAvpFEM4gge20xf3odUiCk0L98MdEq58Bo842/h/Bh4FLSS2kAMC0BOZQM6lD5dW9IFVIbUCSHMnEdoTe90nvzGl5NhzU9rc715W6zrYTk8ruKq9NxCN153crFr8U8awLg7PrkMKaNXMYY7NtfRZpX7wrk84O/pomQ+eF19pt9I2jF7+ZgBwgrQE/2EcSOFjGvfDTgwR7M7J1pNsf7gNdJU0RHaoJz3m36lEZZQ4UKIfqL8SunJJKs/qV7OpWp4je+6f37hBJI2SrhYtnzDWPE3b3Wd8R9r7JfiEn5N43Sw+hyrlyskjHXTbswvslAMZnLOWDVV0DlmGUXnB0f7dY15797fviMrLwtlyTxeRT56cTE4vLnlf8RuIKko2Qc8loSo1rE9A06uXsum3TGAHbPkqmyf2lmcNEY6M7S7Q/swlftFgS9PMP7CPqKALAgpXWJs9sh9UzJbbnKw78mT4komJisMyFYOpsb/QUMy/izXMDFZxK7s6jTQ9UVmnmj5cMwK5r198mvUwdVOMsr7JkYpmiBqMm3rrsn+JMICe9f66Yc7TJfXaWzOZ/pv6Y+Pp+b+4Cplnx3HhfKMp+PLzcHJPKrWRSYbmRhPqSCZaTbU8ajOKnW8XCjQ3TOch9jmqoJrzTvxhgei4M2Or4cHgWR7H8/jS+6npeN9pFG7YhYJl4nLGHEGYY/qzd4KHbng6TMymq631pIgy4GSD8Zm9eGGfnLZnfNcDzWnfr0ex5SM3TmXzzqriaafHKM/j2C1XDyyiYmst2yamUcPUlFQ9fTRtG2PkNAfyxHcWyIJBvdFGH4YcBPiRZYDKbtHerQaro8/FTpdNrV9lvpsX2WeJB71v0FHbPMxaAkTWsVOftwNsHaA8TB86Y6wzP6yf/cFi0cxFgzMzuYMW3DqyXse9Fv/qrLybHDuVc2fPhxduovNxHJ3v9tBTqkYE1Pin5roW+h4njOkfpMEFORzmF3lDeL+YTjyWX+u0J/T0XbHl25yxeNy4jMVR4CJiObIDvDUEysGFqUBDSHJZPgN66f46kLUDQxDMOcFuglwUgoYJboT8hxCyJk74hgvCy+x/CNArXUFWSct76ffVAX/h0/5mwCzeDjitDFof28UkEjZL90gWTXJx1BsoBLoHzxo4LzgP390gPSAClJOCe8W2gvzq0bSgCEFCLTizwAXCEWsOKH+BiouSY7eFxl6g7cba4MCLls2aoZdSPApJ4T+sYS8rvqLzfrDLDOMDW1b89uy0PoxumbIatl+9aWQ3wz9z2HA5WQn5vtC5PSN0Apl/GsRHI3w0+PkSvan4wygbrxlPlcmKtD6Kp0aZxYXHDiaJWD2lDEgt27t5YokYH8S4IU/dqot+HoUDEB/7DDcD88U6+HfAqpAK9wpjzTTbzZkRKQIb40uy2GXHvnJJMqHgXqgwwpPIgdD/SLHG3X5k4rRRFud/GvCuWHmSc2wRMZPcOhJESGtMqIoU+v3k1fyOk9d6Kjcax1nhx/p0YEtD0ZocM19HlaHBY1bVvoV7/1GsHyA9sTCbcrv/GcJFu9bFxu3mHpR/T+Yzgc+B5cjJe86yHMDsLPGI6wJFx+WqR+nHuXihFO5snDSs5NUheGnHlotzKC8Vw7V4HeWeDt5et5r+26+MjoBgymlPxFZM6JyypocTII0gYCdYlvXsorEz3nd3su+hNpq1CC0neTzeziYNb+LOcam0/uSq7fnOUfW2ziyPLvAhzx00ODMw3SG82AyrbnR07O61RxZy8WX4u6RKNy7rkaKiKc+3TnJicfdhhMrJRh5iITYdWoGDpxo6Xm8VKOc+RtJiZvTRVZaosGzXVOO5xChC2TkOVXAJiX0K6PtxCI4lkEWrWhuSdl6I8RfO1hn/JcWy8iKkDwxsB436LBY5Rj6Vjlae0bFffRMhtein38dguTnQh7dr1ha5NZaCBc5fSv0ewTfR3aJW9U4cxft2r+4SqtNq0zX3dHAsjYkqcOGKChCCmAj1qnOtjozUV0UYnbpj+VjaKgikXSslcOPe7StP3FvuJPqqF64PumNeCi0Q1M+6Sq4Jsw1hfulDFwXo+OGQvbzENZG4UW46r384W1V4YnRWBUEYAKwaDdLJCuhccumykcp4g2M8fCl6+55E7+8uVMxkcKHX7MqRpjIxE6BazGVaips39OmnmHZTKaLNj7+y++7RmmIaYUAACCG/nd+H9Jf/b7/vAFoZZwwNx5VJo7ku8sms7tB6l+iOwdsDQTZQIrq9EPVvtq/LO/06VRGMvvqYqATTJo8scKHaFuXjY7S2ndGDJyWDF4zuuU0Qm+jBfBc7v7bVh0RBL1yBCdX0wQcldFmxN2R0ejq9iac6P5Fpiv98YR4ZEpJVfmYMEvByBX3Hf2dTdYlt9hm4rnP5jwDVt78VhM5dGbgnR2VU4baKPOCCPm06xSuq8DC8ZRpaj2aUkjqN166LiO8LwlVWbe1kJaMxB0iA2Ry/0QXrqf/foZWy6vIMfYrOi3rayhEEK0dlFeHC+9L7aQGOePzak6GovQaDEQUt9HhXFPYgHY5T0oMkOgqPvVJeRO8cAEdkuoYXVWQ6mXD4rJVsVELapYl0S4wLNEX2zXRbr5Vu92eoEgOeBwdh5AmBqRKNmp+K+GpT6MUpKp/AsEHeV3Io1UjVRTdyuAkvD5T3ctU1RBaLkmB2YSGN/eVamPCGGiHQyrY3sfCSrnA9r3Oa1WTkIgk7zFot6jI82HoofUKEgLtZ+twcghFMzbi+sVghuIfLZ5oKTE/n5NzacgMEKxM1nMvGzv+sjn1Qk5XGb51RjX6pbkVWS8oRFl4dWvsE+cDLxbbWcARHqhDEbzRJCkCWToXHHPiIbXDdFewD7d0hKSzke/UWv1Saw7CV8zuwc/g/VNTvKxGU5+VGKnqJFLvC+pfxjS3o6EL9YdArP3bu4M//2ZMNu5mlpZ61A7GkFOS0xKUZFTiizASVORTE9P18rQLDDuQT7aMC06jkjJU1LOPUhPjkhJU1LXyIxRTT/eLNMykjBATlHbV4DDV9nMu4w71E+N2DaBmdPRM/QtIMXsKVwqH2eoxe4XZZxhoiEl6xpYJuHvXVTqpp0kaMZdaR2cWOLEXJ9WXFuODoOD/GgSM0adLwJ8uxgD8/6+I/zcIewe9hWQ31oT37eHjLNBVlyj6SK2A64kUdEfE1cSLRCYD4zirIXrCOOMxQ9bgvEAkfjVx8SVaSCEicX5CNfkxjDzS6cPl6wz2Y7bl+49HzenH9u+27efjz87q6/euq+lnJy8ADaA9jeLB2iPKMN6PG6ymF5EelGx/AXhn7J1jAbNwgh1I3pNg0DG98Iwfll1evpENY3w9+KyavE/mQmomEM0QIR+nvwPkaHvIeyD9nDzBVQizkTYW0dsBSSsg+MjIOIQbfGTh0Q2GwKH0AmJTv6DZleFOKpQCCxa+S9LWVg2w+tAWwMfSAPcvrkWei9/1Msz0Yr+QMJSxS6qoeEXJgnyqZUdUtegTx3KCz3/4+ARS/5qAKwdh/mqtdoqpOPAWVmSN1L8LDuwD/2HKhoCFAgUAgbZX2zOjJQ3STQzxneQ7+GkR5wMFSNaSSqaMIloN4U2GwCEMkin2VGzg/D4Pqz/oO/Lc4ln0vYakDCnqKUP68msRtxah74wOxIs80FyUYYEO5OWT/e2lkaPPO+d3/6s8IMzFsAIAG0rN7hiPjyk4qEDNrj5tTxBU36ot+JLDDv+O0bE8MlPj0cJSPWR9Znb+ZLE4MUyNC+fd1YnVtZiOmwKypTqtkVkveirMuviGXlZf7rl3pZu+rfTqjq9yxXNr1FhXe3TFAGXc70BxxNHJW6AkIqilg+AqJ2EKYRWGKtYC2exBntBMNexmfFuFyO6mZ+iaPeqrmhT3h3M1oLZz0YvCwvvaiA+TpzOvV2b1PA9jXapMNU5+r9rln/IlZeMtMaYCU0vyM9ts1Qkl74mLDy2p3Cb8p+zoLm5v430l/QS7iZzs8Uv4F1ztHazE2clHmQhilD4+rBjt9yrdZA1lpNUs5D/TETBbd5ephxvYis/q1FvhsttBqLhtvFkzK5mcgMMiTFDVW9jJlq0J+bOdxYodia/iZulazMpdfiVrcaqG4G2yWHi3SjrtKiF3/1x2526xXTm5wUeeBXuwhTi613UYT/eIr9jiGqu2ffdi9NPlSaGjM5wxZiAezlrVMtniw25NkNwAziwfg3GX9T9t9UqbrkVlEK7j0vFr3LUuz5koK3iVsun2IaekdDymOBYTKMTQ68avfEa+hS4+DB5+o4FVwUw3Miqg7yBhqJAXT+0thSBvj+OvNmyYjmpeKFd+WzVe7MJQloPdau0s2+r48NaYZcb81FYV2OEqtNkWRmozz8Le5mnFWqChbmFf2TG3hNfCGnjf8TpEglZQ9OS7Xtq9UmIF8udzq9DvIQfI+7MehOjA1YUIEGy/8nnNpcrxA/3wsn2ZcQP4b3/B6+6vCSAXcMZwkVNZdHToKalyWJEpFImQVNtRhn3YI15oMIjiPftvWqIiJnVk8xPuPY4aIqLP2IKk0STlwHn6cfuJ9szbtrHyFmDskb1DCAIBsArU0SC/yNcI0ht1c0fy5519CwR/XW7wVnwOaiNvwASCyrTsqVjruBQS31sGyxCmLuAyualgc0srsZfPUFW1iRHjfyis5ee2GtQxvWZolnr3S7FAkorhEWqp3JbQe7c1K7++Auo0JvcH8XvawzTrGYnEWbbhWZfOnfgODB1ZkSV+lIML/c7xLWLRqukpvPOi+xX1MDOxa0eIcHoLFK+14T6aThbL8D74Td3dkxG6YUupUDlK0m70uPgjyDd39UhuBb9aCJPh3Q0uPGlYIQkVSGYDoq7qjopiMR42HJeSFhmVw6Mz2o1iyOCITjzwxvVoIx+HI/sO4qfJ90CIad8VOUw3B2I/WZYmWLL1ZAxIJx2MfMyC79yUXJiJ93RW0mEpi8A11Hg8ZOW6zcn2RANJ4EfQ+go5Vwo7/0To2MP9wwlPiiZt7H2lzJnSNA1+GlPUqfgRvE7Aef++zPa2XYMbd0LhxDlkJkD0lh9eBMqyme02MnVbhKh9/4bTMQGmSjSV3JwEqxk736m99bFMEYn4ahW0qLdXepTeuIIXuRMU6wrzaPI+W54yu98rp5t7ZQxUdX05sCM6+1sHU2Z54bU9spwNl0CyNyOlNX9Sq7Yq4bn1kHbLdZbLwmnQexPteMUqy90dzRaJe2udnss40IQboFTgqtZLHtr3cBuc1tQB+Q6auYxGO4lssD8kbcXy0egfb7olIrp2FcZqdQtwkt13shp4hTT1OoQvpB/kSzp55VuhxRIkbHuXAHNIl9aJ1DAzhmeS/UB3CIO+BiQH7qG3m9qFDWFj+o4H3PsbUxYjjMv+p7y1JdkRXpw68bV0O02EiHWpSvSpTcTVMwyBysrVuhw50oaHTq7P6ofGxz0pxbvBXHXXrRJPW8fsQs/l/OFE0lz6Y/zIPIcST99iVAu44rbz6N4TFbJbae3eGie/Nu5qmmV60rsUwWfFt4eOp63BAHLY140z2lvQA/54SmhVwxO6tPm2YM9BY4lJhMijc1mHpB8+js8w9LvQqJ/tUOki2OKZ/uIft5AopMAx/IdizVMC3ISO+VYb8rERD0J7XHKtdltRtjYWnmKDfj0e7UlFRVibwF27F8zteoSUHnh2V0tVpULeRtHjnVNwcFrOLEfGV8qHlDPz0iAFyM1qb8un0CWW42zlBeqnfuSjh4MVUPYGzxW2sUgogVg8SsVEGCSaC5G8pkyA+5RPq9ZBeYEt9PFStpOYll4osZxoRslulLTxjrXYHQ5pzkJxDTAIaedtc1YASdqi6hbt1uSlRO1JYFFbBXKe6GRebYh4caZ71yXX1UftKshC0pFlFK9Gdnbyh6/B3e90sUUKYxPGPKZdF3v1BW6IlCdQ2Lt0bMsP502uO73Kj8JynSit0xCZrXeO6OWXXNJeoqqvt6mf5G0Z+bfmkR1HrcaVRbPxclxCJHcVZJdP7qGS4gbWWltxQ7xah68hbC8LQVdLjwaQ0u3OHPD5KqeJm6fIUEmwuEwyjHBPlm+wSMwDoJakOODVvbyQoUDg4OqfFLp43HjvND0Vp930xpWpSEKxdSM+xNDlNxy/Vdl8nW5LHirbnj1SVYJP5NSNVGhKcqDI0qeVtPRr7/a/stOzYPgAppungg1g7JKaBEQL2irOAIkZBkRlrrubs3ACK0QgoOZgckF/a1nczohS6NqNQuuumGpB/p4qmE1lt5iUMBYOmP3q64+0HPxevYHr2Tj+eKnYyjDELu0ocPD+HGMoOr+Zn7V4tlBvCmhqPwJVT2EtwGERgHsq+Ri7/7l8wsTYnJxoRkIWOcHZleuWbn2r3mZVdt28uFiBoP1x7wrt49Yr9nn8Kg/qQZ99ZuUkLr7j3bjvkhZfdc7Y/W6sLlERKktHpJqoHh0IWsVRmHfTTkOSDKphJraydUSikCW7b+WCQ3p9RfWZp014t7RkU4/khMnOra6lqmRU2L/Qtr/zsC5L8XTQTgq83TV6PIEQ5nzghn6GOaktjcT3nf7uuZpuGa8eG3w6tSLeCyZM4gV7fTvqytL94SGvNJinJaL1ntTPFuy/If/IvH2JEn0Tuh2rv61hWjFrNyKINuD8C+9rrdjLFE7CsucIom0WjIM/3mCpmXq/vMo/8/kNHOcXw9kEgwY3xuXPS91aeWKdhQ0RtrQlyKIn7U7NR6ZuRKpoindKdXy/05mHPLYUiS1LG1q0gYhchYh36+2FyIcJcN7pUgxHHs/bt5NYruBQjmhyWKj2XqRDIId6mjyE+ruRWmWnpJwdwzHZA31KT69XbYlzdIt9R0QO9lwOzfut46+TG4CCwrMUaNjDhBKCUKhZhaU120fRhJzW69KUgU+T/qF9MY9sbzmF2D1WtsFgcsfh0k60yPZj87mzcKTxzL3V7Y85eyfOHth0T8sTFNBN7y8Q1LWwaQ4/o1+ivpE9/fjgNWPfDjf38y8vwx2p+6AHPhX8uj44PL1BuMhIyhc2Dpiyr3JC+kaxc79tBBRcWtPcuirrNjXxCyqFkd2/z4rtUPjxV23Rhiid+W7U+tfNxWpidOr9gIsbe60OOmUwvvUtS0MpFRZwKMYreY4XHkdTuhfxoZAZUCoF1h7M0tWSBSNJss5S0loNNgNl56iE9+zMfpvZiMWzwjQjBz6tGshsK52pIHRki0Scaiuocc7EOyA4tDGnbLwMHqyNOgGH6x+348xh4BRnHCd3NG+pTJN7tJKsrhaQu8SLZDsfB7dIqv3UYh393f7Rs3GWDP4+oeFlNLnLznX6jLzWL8LUeZM1LwdzJoSNEBA4JEBotdfplvDD6d3RzFzpkwnXDxHqo50LQluDdUv2FSo0adLYJsubmgc+Kxdh2almXnxmyXE78DF2lzQzyS0TH8zhDXt5B2TJ/LV4VFlt0CIL9IXPahebhIS/U91WAzbEuo7BI13fvW1547NUn8zRPj89OgZB63JhrlIX2B9hr3EuIsH607h7M2kWJ8lDHE6b+8tpVS42ZemguVLqqAGb4kA3/6Yi8/fIjMatXvzYbf8v0FbuP8cdFbZSJFizznyHIudpc8HFieOs2slzvZO2Ea6WuXncXp32JsXIpYNm3fEqFFJL+PzbYON0wJQW4647l+pNjAVPQ4Ope3oP6uluPtkRZoCMbyS6khV2ODX6lXdpwbNk/VsIpsMN0jKmVOnDgBYNDCDgIIIem9Mxt6vLgGU3aoCAAPCUhtM8NDUHZvkG+/77azfQvwjdjoBnTTQMAAAown8QOkAgJID/onR/fe0G899I3t/eOv5T9K/3WzD+JgYJ9O8ex/0T568ZZri/4Sig/Le7Mf8U/mvqFe1vwuiY/3tK+p8of03+ofwNhQvrf0va/hPjr4EkhL9hAOL8D0nDf4r/NXSA9DfxV5L/Ofb0T4S/8vaff0MQJv8fAw7/BPirnfy9C1AU/zPZl5UA/fEf/yH+FOk/nd9g/Y/W/wFQSwcIA7AZdm04AABAOwAAUEsDBBQACAgIAK1yRlgAAAAAAAAAAAAAAAAHAAAAdXNlci5qc3WPywrCMBRE936FZKUgxXX9mJCkoy3GJtyH+X1vQVCC7maGcxajDPKVcD24SKVZG1gCidZhLg/UcIM77V2IRWWMOax3d7zs9GP1tG/IybJXypvZ4Q1xouVpPTDrhq1CyoLJLzaAzLEBf62UUOXLSiDhn1L/5/3lbNQLUEsHCN367v96AAAA9gAAAFBLAQIUABQACAgIAK1yRlgDsBl2bTgAAEA7AAA1AAAAAAAAAAAAAAAAAAAAAABleHRlbnNpb25zL3s1NGRjZDllOS05MDNmLTQzZTktOTVmMC0yMmJkMGUwZjNjMGF9LnhwaVBLAQIUABQACAgIAK1yRljd+u7/egAAAPYAAAAHAAAAAAAAAAAAAAAAANA4AAB1c2VyLmpzUEsFBgAAAAACAAIAmAAAAH85AAAAAA\u003d\u003d&quot;,&#xa;  &quot;moz:webdriverClick&quot;: true&#xa;}"/>
         <property name="os" value="Windows 10 64bit"/>
         <property name="remoteOS" value="Windows"/>
         <property name="katalonVersion" value="9.2.0.212"/>
         <property name="browser" value="Firefox 120.0"/>
         <property name="hostAddress" value="192.168.1.13"/>
         <property name="sessionId" value="3c50119e-e348-4437-af95-6a77a4fa1c33"/>
         <property name="seleniumVersion" value="3.141.59"/>
         <property name="proxyInformation" value="ProxyInformation { proxyOption=NO_PROXY, proxyServerType=HTTP, username=, password=********, proxyServerAddress=, proxyServerPort=0, executionList=&quot;&quot;, isApplyToDesiredCapabilities=true }"/>
         <property name="platform" value="Windows 10"/>
      </properties>
      <testcase name="Test Cases/ESO/Home Validation/H001 - Home Page" time="73.231" classname="Test Cases/ESO/Home Validation/H001 - Home Page" status="PASSED">
         <system-out><![CDATA[06-02-2024T14:20:07 - [TEST_CASE][PASSED] - Test Cases/ESO/Home Validation/H001 - Home Page: Test Cases/ESO/Home Validation/H001 - Home Page

06-02-2024T14:20:07 - [TEST_STEP][PASSED] - callTestCase(findTestCase("ESO/Misc Tests/Open ESO Page"), [:], STOP_ON_FAILURE): Call Test Case 'Test Cases/ESO/Misc Tests/Open ESO Page' successfully

06-02-2024T14:20:07 - [MESSAGE][INFO] - Checking called Test Case

06-02-2024T14:20:07 - [MESSAGE][INFO] - Starting to call Test Case 'Test Cases/ESO/Misc Tests/Open ESO Page'

06-02-2024T14:20:07 - [TEST_CASE][PASSED] - Test Cases/ESO/Misc Tests/Open ESO Page: Test Cases/ESO/Misc Tests/Open ESO Page

06-02-2024T14:20:07 - [TEST_STEP][PASSED] - openBrowser(""): Browser is opened with url: ''

06-02-2024T14:20:08 - [MESSAGE][INFO] - Opening browser

06-02-2024T14:20:08 - [MESSAGE][INFO] - User set preference: ['os', 'windows']

06-02-2024T14:20:08 - [MESSAGE][INFO] - User set preference: ['browserName', 'firefox']

06-02-2024T14:20:08 - [MESSAGE][INFO] - User set preference: ['browserVersion', '120']

06-02-2024T14:20:08 - [MESSAGE][INFO] - User set preference: ['katalon:option', '{organizationId=1380540, tunnelId=, usingTunnel=false}']

06-02-2024T14:20:08 - [MESSAGE][INFO] - Connecting to remote web server 'testcloud.katalon.com/hub' with type 'Selenium'

06-02-2024T14:20:08 - [MESSAGE][INFO] - Action delay is set to 0 milliseconds

06-02-2024T14:20:40 - [MESSAGE][PASSED] - Browser is opened with url: ''

06-02-2024T14:20:40 - [TEST_STEP][PASSED] - maximizeWindow(): Current window maximized

06-02-2024T14:20:40 - [MESSAGE][INFO] - Maximizing current window

06-02-2024T14:20:41 - [MESSAGE][PASSED] - Current window maximized

06-02-2024T14:20:41 - [TEST_STEP][PASSED] - navigateToUrl("https://www.elderscrollsonline.com/en-us/home"): Navigate to 'https://www.elderscrollsonline.com/en-us/home' successfully

06-02-2024T14:20:41 - [MESSAGE][INFO] - Checking url

06-02-2024T14:20:41 - [MESSAGE][INFO] - Navigating to 'https://www.elderscrollsonline.com/en-us/home'

06-02-2024T14:20:50 - [MESSAGE][PASSED] - Navigate to 'https://www.elderscrollsonline.com/en-us/home' successfully

06-02-2024T14:20:50 - [TEST_STEP][PASSED] - delay(3): Delayed 3 second(s)

06-02-2024T14:20:50 - [MESSAGE][INFO] - Delaying browser in 3 second(s)

06-02-2024T14:20:53 - [MESSAGE][PASSED] - Delayed 3 second(s)

06-02-2024T14:20:53 - [TEST_STEP][PASSED] - verifyElementPresent(findTestObject("Object Repository/ESO/Page_Home/a_The Elder Scrolls  Online"), 0): Object 'Object Repository/ESO/Page_Home/a_The Elder Scrolls  Online' is present

06-02-2024T14:20:53 - [MESSAGE][INFO] - Finding Test Object 'Object Repository/ESO/Page_Home/a_The Elder Scrolls  Online'

06-02-2024T14:20:53 - [MESSAGE][INFO] - Checking object

06-02-2024T14:20:53 - [MESSAGE][INFO] - Finding web element from Test Object's properties

06-02-2024T14:20:53 - [MESSAGE][INFO] - Checking timeout

06-02-2024T14:20:53 - [MESSAGE][WARNING] - Timeout '0' is invalid. Using default page load timeout: '30'

06-02-2024T14:20:53 - [MESSAGE][INFO] - Finding web element with id: 'Object Repository/ESO/Page_Home/a_The Elder Scrolls  Online' located by 'By.xpath: //a[@id='navbarTopLogo']' in '30' second(s)

06-02-2024T14:20:53 - [MESSAGE][INFO] - Smart Wait Function is triggered

06-02-2024T14:20:56 - [MESSAGE][INFO] - Found 1 web elements with id: 'Object Repository/ESO/Page_Home/a_The Elder Scrolls  Online' located by 'By.xpath: //a[@id='navbarTopLogo']' in '30' second(s)

06-02-2024T14:20:56 - [MESSAGE][PASSED] - Object 'Object Repository/ESO/Page_Home/a_The Elder Scrolls  Online' is present

06-02-2024T14:20:56 - [TEST_STEP][PASSED] - callTestCase(findTestCase("ESO/Misc Tests/Policy Accept"), [:], STOP_ON_FAILURE): Call Test Case 'Test Cases/ESO/Misc Tests/Policy Accept' successfully

06-02-2024T14:20:56 - [MESSAGE][INFO] - Checking called Test Case

06-02-2024T14:20:56 - [MESSAGE][INFO] - Starting to call Test Case 'Test Cases/ESO/Misc Tests/Policy Accept'

06-02-2024T14:20:56 - [TEST_CASE][PASSED] - Test Cases/ESO/Misc Tests/Policy Accept: Test Cases/ESO/Misc Tests/Policy Accept

06-02-2024T14:20:56 - [TEST_STEP][PASSED] - verifyElementPresent(findTestObject("Object Repository/ESO/Page_Home/div_Policy"), 0): Object 'Object Repository/ESO/Page_Home/div_Policy' is present

06-02-2024T14:20:56 - [MESSAGE][INFO] - Finding Test Object 'Object Repository/ESO/Page_Home/div_Policy'

06-02-2024T14:20:56 - [MESSAGE][INFO] - Checking object

06-02-2024T14:20:56 - [MESSAGE][INFO] - Finding web element from Test Object's properties

06-02-2024T14:20:56 - [MESSAGE][INFO] - Checking timeout

06-02-2024T14:20:56 - [MESSAGE][WARNING] - Timeout '0' is invalid. Using default page load timeout: '30'

06-02-2024T14:20:56 - [MESSAGE][INFO] - Finding web element with id: 'Object Repository/ESO/Page_Home/div_Policy' located by 'By.xpath: id("onetrust-banner-sdk")/div[1]/div[@class="ot-sdk-container"]/div[@class="ot-sdk-row"]' in '30' second(s)

06-02-2024T14:20:56 - [MESSAGE][INFO] - Smart Wait Function is triggered

06-02-2024T14:21:00 - [MESSAGE][INFO] - Found 1 web elements with id: 'Object Repository/ESO/Page_Home/div_Policy' located by 'By.xpath: id("onetrust-banner-sdk")/div[1]/div[@class="ot-sdk-container"]/div[@class="ot-sdk-row"]' in '30' second(s)

06-02-2024T14:21:00 - [MESSAGE][PASSED] - Object 'Object Repository/ESO/Page_Home/div_Policy' is present

06-02-2024T14:21:00 - [TEST_STEP][PASSED] - click(findTestObject("Object Repository/ESO/Page_Home/button_ACCEPT ALL")): Object: 'Object Repository/ESO/Page_Home/button_ACCEPT ALL' is clicked on

06-02-2024T14:21:00 - [MESSAGE][INFO] - Finding Test Object 'Object Repository/ESO/Page_Home/button_ACCEPT ALL'

06-02-2024T14:21:00 - [MESSAGE][INFO] - Checking object

06-02-2024T14:21:00 - [MESSAGE][INFO] - Checking timeout

06-02-2024T14:21:00 - [MESSAGE][INFO] - Finding web element from Test Object's properties

06-02-2024T14:21:00 - [MESSAGE][INFO] - Checking timeout

06-02-2024T14:21:00 - [MESSAGE][INFO] - Finding web element with id: 'Object Repository/ESO/Page_Home/button_ACCEPT ALL' located by 'By.xpath: //button[@id='onetrust-accept-btn-handler']' in '30' second(s)

06-02-2024T14:21:00 - [MESSAGE][INFO] - Smart Wait Function is triggered

06-02-2024T14:21:03 - [MESSAGE][INFO] - Found 1 web elements with id: 'Object Repository/ESO/Page_Home/button_ACCEPT ALL' located by 'By.xpath: //button[@id='onetrust-accept-btn-handler']' in '30' second(s)

06-02-2024T14:21:03 - [MESSAGE][INFO] - Clicking on object: 'Object Repository/ESO/Page_Home/button_ACCEPT ALL'

06-02-2024T14:21:04 - [MESSAGE][PASSED] - Object: 'Object Repository/ESO/Page_Home/button_ACCEPT ALL' is clicked on

06-02-2024T14:21:04 - [MESSAGE][PASSED] - Call Test Case 'Test Cases/ESO/Misc Tests/Policy Accept' successfully

06-02-2024T14:21:04 - [MESSAGE][PASSED] - Call Test Case 'Test Cases/ESO/Misc Tests/Open ESO Page' successfully

06-02-2024T14:21:04 - [TEST_STEP][PASSED] - verifyElementVisible(findTestObject("ESO/Page_Home/h2_LATEST NEWS"), STOP_ON_FAILURE): Object 'Object Repository/ESO/Page_Home/h2_LATEST NEWS' is visible

06-02-2024T14:21:04 - [MESSAGE][INFO] - Finding Test Object 'Object Repository/ESO/Page_Home/h2_LATEST NEWS'

06-02-2024T14:21:04 - [MESSAGE][INFO] - Checking object

06-02-2024T14:21:04 - [MESSAGE][INFO] - Finding web element from Test Object's properties

06-02-2024T14:21:04 - [MESSAGE][INFO] - Checking timeout

06-02-2024T14:21:04 - [MESSAGE][INFO] - Finding web element with id: 'Object Repository/ESO/Page_Home/h2_LATEST NEWS' located by 'By.xpath: //smart-block[@id='sb-13291 ']/h2' in '30' second(s)

06-02-2024T14:21:04 - [MESSAGE][INFO] - Smart Wait Function is triggered

06-02-2024T14:21:09 - [MESSAGE][INFO] - Found 1 web elements with id: 'Object Repository/ESO/Page_Home/h2_LATEST NEWS' located by 'By.xpath: //smart-block[@id='sb-13291 ']/h2' in '30' second(s)

06-02-2024T14:21:10 - [MESSAGE][PASSED] - Object 'Object Repository/ESO/Page_Home/h2_LATEST NEWS' is visible

06-02-2024T14:21:10 - [TEST_STEP][PASSED] - verifyElementPresent(findTestObject("ESO/Page_Home/Navigation Bar/a_This is ESO"), 0): Object 'Object Repository/ESO/Page_Home/Navigation Bar/a_This is ESO' is present

06-02-2024T14:21:10 - [MESSAGE][INFO] - Finding Test Object 'Object Repository/ESO/Page_Home/Navigation Bar/a_This is ESO'

06-02-2024T14:21:10 - [MESSAGE][INFO] - Checking object

06-02-2024T14:21:10 - [MESSAGE][INFO] - Finding web element from Test Object's properties

06-02-2024T14:21:10 - [MESSAGE][INFO] - Checking timeout

06-02-2024T14:21:10 - [MESSAGE][WARNING] - Timeout '0' is invalid. Using default page load timeout: '30'

06-02-2024T14:21:10 - [MESSAGE][INFO] - Finding web element with id: 'Object Repository/ESO/Page_Home/Navigation Bar/a_This is ESO' located by 'By.xpath: //div[@id='universal-nav']/div/div/div[6]/div/div[2]/div/div/div/a' in '30' second(s)

06-02-2024T14:21:10 - [MESSAGE][INFO] - Smart Wait Function is triggered

06-02-2024T14:21:13 - [MESSAGE][INFO] - Found 29 web elements with id: 'Object Repository/ESO/Page_Home/Navigation Bar/a_This is ESO' located by 'By.xpath: //div[@id='universal-nav']/div/div/div[6]/div/div[2]/div/div/div/a' in '30' second(s)

06-02-2024T14:21:13 - [MESSAGE][PASSED] - Object 'Object Repository/ESO/Page_Home/Navigation Bar/a_This is ESO' is present

06-02-2024T14:21:13 - [TEST_STEP][PASSED] - verifyElementPresent(findTestObject("ESO/Page_Home/Navigation Bar/a_Classes"), 0): Object 'Object Repository/ESO/Page_Home/Navigation Bar/a_Classes' is present

06-02-2024T14:21:13 - [MESSAGE][INFO] - Finding Test Object 'Object Repository/ESO/Page_Home/Navigation Bar/a_Classes'

06-02-2024T14:21:13 - [MESSAGE][INFO] - Checking object

06-02-2024T14:21:13 - [MESSAGE][INFO] - Finding web element from Test Object's properties

06-02-2024T14:21:13 - [MESSAGE][INFO] - Checking timeout

06-02-2024T14:21:13 - [MESSAGE][WARNING] - Timeout '0' is invalid. Using default page load timeout: '30'

06-02-2024T14:21:13 - [MESSAGE][INFO] - Finding web element with id: 'Object Repository/ESO/Page_Home/Navigation Bar/a_Classes' located by 'By.xpath: //div[@id='universal-nav']/div/div/div[6]/div/div[2]/div/div/div[2]/a' in '30' second(s)

06-02-2024T14:21:13 - [MESSAGE][INFO] - Smart Wait Function is triggered

06-02-2024T14:21:16 - [MESSAGE][INFO] - Found 7 web elements with id: 'Object Repository/ESO/Page_Home/Navigation Bar/a_Classes' located by 'By.xpath: //div[@id='universal-nav']/div/div/div[6]/div/div[2]/div/div/div[2]/a' in '30' second(s)

06-02-2024T14:21:16 - [MESSAGE][PASSED] - Object 'Object Repository/ESO/Page_Home/Navigation Bar/a_Classes' is present

06-02-2024T14:21:16 - [TEST_STEP][PASSED] - verifyElementPresent(findTestObject("ESO/Page_Home/Navigation Bar/a_UpdatesDLC"), 0): Object 'Object Repository/ESO/Page_Home/Navigation Bar/a_UpdatesDLC' is present

06-02-2024T14:21:16 - [MESSAGE][INFO] - Finding Test Object 'Object Repository/ESO/Page_Home/Navigation Bar/a_UpdatesDLC'

06-02-2024T14:21:16 - [MESSAGE][INFO] - Checking object

06-02-2024T14:21:16 - [MESSAGE][INFO] - Finding web element from Test Object's properties

06-02-2024T14:21:16 - [MESSAGE][INFO] - Checking timeout

06-02-2024T14:21:16 - [MESSAGE][WARNING] - Timeout '0' is invalid. Using default page load timeout: '30'

06-02-2024T14:21:16 - [MESSAGE][INFO] - Finding web element with id: 'Object Repository/ESO/Page_Home/Navigation Bar/a_UpdatesDLC' located by 'By.xpath: //div[@id='universal-nav']/div/div/div[6]/div/div[2]/div/div/div[3]/a' in '30' second(s)

06-02-2024T14:21:16 - [MESSAGE][INFO] - Smart Wait Function is triggered

06-02-2024T14:21:18 - [MESSAGE][INFO] - Found 6 web elements with id: 'Object Repository/ESO/Page_Home/Navigation Bar/a_UpdatesDLC' located by 'By.xpath: //div[@id='universal-nav']/div/div/div[6]/div/div[2]/div/div/div[3]/a' in '30' second(s)

06-02-2024T14:21:18 - [MESSAGE][PASSED] - Object 'Object Repository/ESO/Page_Home/Navigation Bar/a_UpdatesDLC' is present

06-02-2024T14:21:18 - [TEST_STEP][PASSED] - verifyElementPresent(findTestObject("ESO/Page_Home/Navigation Bar/a_Patch Notes"), 0): Object 'Object Repository/ESO/Page_Home/Navigation Bar/a_Patch Notes' is present

06-02-2024T14:21:18 - [MESSAGE][INFO] - Finding Test Object 'Object Repository/ESO/Page_Home/Navigation Bar/a_Patch Notes'

06-02-2024T14:21:18 - [MESSAGE][INFO] - Checking object

06-02-2024T14:21:18 - [MESSAGE][INFO] - Finding web element from Test Object's properties

06-02-2024T14:21:18 - [MESSAGE][INFO] - Checking timeout

06-02-2024T14:21:18 - [MESSAGE][WARNING] - Timeout '0' is invalid. Using default page load timeout: '30'

06-02-2024T14:21:18 - [MESSAGE][INFO] - Finding web element with id: 'Object Repository/ESO/Page_Home/Navigation Bar/a_Patch Notes' located by 'By.xpath: //div[@id='universal-nav']/div/div/div[6]/div/div[2]/div/div/div[5]/a' in '30' second(s)

06-02-2024T14:21:18 - [MESSAGE][INFO] - Smart Wait Function is triggered

06-02-2024T14:21:20 - [MESSAGE][INFO] - Found 3 web elements with id: 'Object Repository/ESO/Page_Home/Navigation Bar/a_Patch Notes' located by 'By.xpath: //div[@id='universal-nav']/div/div/div[6]/div/div[2]/div/div/div[5]/a' in '30' second(s)

06-02-2024T14:21:20 - [MESSAGE][PASSED] - Object 'Object Repository/ESO/Page_Home/Navigation Bar/a_Patch Notes' is present]]></system-out>
         <system-err><![CDATA[]]></system-err>
      </testcase>
      <testcase name="Test Cases/ESO/Home Validation/H002 - Return to Home" time="89.586" classname="Test Cases/ESO/Home Validation/H002 - Return to Home" status="PASSED">
         <system-out><![CDATA[06-02-2024T14:21:20 - [TEST_CASE][PASSED] - Test Cases/ESO/Home Validation/H002 - Return to Home: Test Cases/ESO/Home Validation/H002 - Return to Home

06-02-2024T14:21:21 - [TEST_STEP][PASSED] - callTestCase(findTestCase("ESO/Misc Tests/Open ESO Page"), [:], STOP_ON_FAILURE): Call Test Case 'Test Cases/ESO/Misc Tests/Open ESO Page' successfully

06-02-2024T14:21:21 - [MESSAGE][INFO] - Checking called Test Case

06-02-2024T14:21:21 - [MESSAGE][INFO] - Starting to call Test Case 'Test Cases/ESO/Misc Tests/Open ESO Page'

06-02-2024T14:21:21 - [TEST_CASE][PASSED] - Test Cases/ESO/Misc Tests/Open ESO Page: Test Cases/ESO/Misc Tests/Open ESO Page

06-02-2024T14:21:21 - [TEST_STEP][PASSED] - openBrowser(""): Browser is opened with url: ''

06-02-2024T14:21:21 - [MESSAGE][INFO] - Opening browser

06-02-2024T14:21:21 - [MESSAGE][WARNING] - A browser is already opened. Closing browser and opening a new one

06-02-2024T14:21:24 - [MESSAGE][INFO] - User set preference: ['os', 'windows']

06-02-2024T14:21:24 - [MESSAGE][INFO] - User set preference: ['browserName', 'firefox']

06-02-2024T14:21:24 - [MESSAGE][INFO] - User set preference: ['browserVersion', '120']

06-02-2024T14:21:24 - [MESSAGE][INFO] - User set preference: ['katalon:option', '{organizationId=1380540, tunnelId=, usingTunnel=false}']

06-02-2024T14:21:24 - [MESSAGE][INFO] - Connecting to remote web server 'testcloud.katalon.com/hub' with type 'Selenium'

06-02-2024T14:21:24 - [MESSAGE][INFO] - Action delay is set to 0 milliseconds

06-02-2024T14:22:00 - [MESSAGE][PASSED] - Browser is opened with url: ''

06-02-2024T14:22:00 - [TEST_STEP][PASSED] - maximizeWindow(): Current window maximized

06-02-2024T14:22:00 - [MESSAGE][INFO] - Maximizing current window

06-02-2024T14:22:01 - [MESSAGE][PASSED] - Current window maximized

06-02-2024T14:22:01 - [TEST_STEP][PASSED] - navigateToUrl("https://www.elderscrollsonline.com/en-us/home"): Navigate to 'https://www.elderscrollsonline.com/en-us/home' successfully

06-02-2024T14:22:01 - [MESSAGE][INFO] - Checking url

06-02-2024T14:22:01 - [MESSAGE][INFO] - Navigating to 'https://www.elderscrollsonline.com/en-us/home'

06-02-2024T14:22:15 - [MESSAGE][PASSED] - Navigate to 'https://www.elderscrollsonline.com/en-us/home' successfully

06-02-2024T14:22:15 - [TEST_STEP][PASSED] - delay(3): Delayed 3 second(s)

06-02-2024T14:22:15 - [MESSAGE][INFO] - Delaying browser in 3 second(s)

06-02-2024T14:22:18 - [MESSAGE][PASSED] - Delayed 3 second(s)

06-02-2024T14:22:18 - [TEST_STEP][PASSED] - verifyElementPresent(findTestObject("Object Repository/ESO/Page_Home/a_The Elder Scrolls  Online"), 0): Object 'Object Repository/ESO/Page_Home/a_The Elder Scrolls  Online' is present

06-02-2024T14:22:18 - [MESSAGE][INFO] - Finding Test Object 'Object Repository/ESO/Page_Home/a_The Elder Scrolls  Online'

06-02-2024T14:22:18 - [MESSAGE][INFO] - Checking object

06-02-2024T14:22:18 - [MESSAGE][INFO] - Finding web element from Test Object's properties

06-02-2024T14:22:18 - [MESSAGE][INFO] - Checking timeout

06-02-2024T14:22:18 - [MESSAGE][WARNING] - Timeout '0' is invalid. Using default page load timeout: '30'

06-02-2024T14:22:18 - [MESSAGE][INFO] - Finding web element with id: 'Object Repository/ESO/Page_Home/a_The Elder Scrolls  Online' located by 'By.xpath: //a[@id='navbarTopLogo']' in '30' second(s)

06-02-2024T14:22:18 - [MESSAGE][INFO] - Smart Wait Function is triggered

06-02-2024T14:22:21 - [MESSAGE][INFO] - Found 1 web elements with id: 'Object Repository/ESO/Page_Home/a_The Elder Scrolls  Online' located by 'By.xpath: //a[@id='navbarTopLogo']' in '30' second(s)

06-02-2024T14:22:21 - [MESSAGE][PASSED] - Object 'Object Repository/ESO/Page_Home/a_The Elder Scrolls  Online' is present

06-02-2024T14:22:21 - [TEST_STEP][PASSED] - callTestCase(findTestCase("ESO/Misc Tests/Policy Accept"), [:], STOP_ON_FAILURE): Call Test Case 'Test Cases/ESO/Misc Tests/Policy Accept' successfully

06-02-2024T14:22:21 - [MESSAGE][INFO] - Checking called Test Case

06-02-2024T14:22:21 - [MESSAGE][INFO] - Starting to call Test Case 'Test Cases/ESO/Misc Tests/Policy Accept'

06-02-2024T14:22:21 - [TEST_CASE][PASSED] - Test Cases/ESO/Misc Tests/Policy Accept: Test Cases/ESO/Misc Tests/Policy Accept

06-02-2024T14:22:21 - [TEST_STEP][PASSED] - verifyElementPresent(findTestObject("Object Repository/ESO/Page_Home/div_Policy"), 0): Object 'Object Repository/ESO/Page_Home/div_Policy' is present

06-02-2024T14:22:21 - [MESSAGE][INFO] - Finding Test Object 'Object Repository/ESO/Page_Home/div_Policy'

06-02-2024T14:22:21 - [MESSAGE][INFO] - Checking object

06-02-2024T14:22:21 - [MESSAGE][INFO] - Finding web element from Test Object's properties

06-02-2024T14:22:21 - [MESSAGE][INFO] - Checking timeout

06-02-2024T14:22:21 - [MESSAGE][WARNING] - Timeout '0' is invalid. Using default page load timeout: '30'

06-02-2024T14:22:21 - [MESSAGE][INFO] - Finding web element with id: 'Object Repository/ESO/Page_Home/div_Policy' located by 'By.xpath: id("onetrust-banner-sdk")/div[1]/div[@class="ot-sdk-container"]/div[@class="ot-sdk-row"]' in '30' second(s)

06-02-2024T14:22:21 - [MESSAGE][INFO] - Smart Wait Function is triggered

06-02-2024T14:22:23 - [MESSAGE][INFO] - Found 1 web elements with id: 'Object Repository/ESO/Page_Home/div_Policy' located by 'By.xpath: id("onetrust-banner-sdk")/div[1]/div[@class="ot-sdk-container"]/div[@class="ot-sdk-row"]' in '30' second(s)

06-02-2024T14:22:23 - [MESSAGE][PASSED] - Object 'Object Repository/ESO/Page_Home/div_Policy' is present

06-02-2024T14:22:23 - [TEST_STEP][PASSED] - click(findTestObject("Object Repository/ESO/Page_Home/button_ACCEPT ALL")): Object: 'Object Repository/ESO/Page_Home/button_ACCEPT ALL' is clicked on

06-02-2024T14:22:23 - [MESSAGE][INFO] - Finding Test Object 'Object Repository/ESO/Page_Home/button_ACCEPT ALL'

06-02-2024T14:22:24 - [MESSAGE][INFO] - Checking object

06-02-2024T14:22:24 - [MESSAGE][INFO] - Checking timeout

06-02-2024T14:22:24 - [MESSAGE][INFO] - Finding web element from Test Object's properties

06-02-2024T14:22:24 - [MESSAGE][INFO] - Checking timeout

06-02-2024T14:22:24 - [MESSAGE][INFO] - Finding web element with id: 'Object Repository/ESO/Page_Home/button_ACCEPT ALL' located by 'By.xpath: //button[@id='onetrust-accept-btn-handler']' in '30' second(s)

06-02-2024T14:22:24 - [MESSAGE][INFO] - Smart Wait Function is triggered

06-02-2024T14:22:27 - [MESSAGE][INFO] - Found 1 web elements with id: 'Object Repository/ESO/Page_Home/button_ACCEPT ALL' located by 'By.xpath: //button[@id='onetrust-accept-btn-handler']' in '30' second(s)

06-02-2024T14:22:27 - [MESSAGE][INFO] - Clicking on object: 'Object Repository/ESO/Page_Home/button_ACCEPT ALL'

06-02-2024T14:22:28 - [MESSAGE][PASSED] - Object: 'Object Repository/ESO/Page_Home/button_ACCEPT ALL' is clicked on

06-02-2024T14:22:28 - [MESSAGE][PASSED] - Call Test Case 'Test Cases/ESO/Misc Tests/Policy Accept' successfully

06-02-2024T14:22:28 - [MESSAGE][PASSED] - Call Test Case 'Test Cases/ESO/Misc Tests/Open ESO Page' successfully

06-02-2024T14:22:28 - [TEST_STEP][PASSED] - headerBefore = getWindowTitle(): Current window's title is: 'Home - The Elder Scrolls Online'

06-02-2024T14:22:28 - [MESSAGE][INFO] - Getting current window's title

06-02-2024T14:22:29 - [MESSAGE][PASSED] - Current window's title is: 'Home - The Elder Scrolls Online'

06-02-2024T14:22:29 - [TEST_STEP][PASSED] - verifyMatch(headerBefore, HomeTitle, false): Actual text 'Home - The Elder Scrolls Online' and expected text 'Home - The Elder Scrolls Online' are matched 

06-02-2024T14:22:29 - [MESSAGE][INFO] - Matching actual text 'Home - The Elder Scrolls Online' with expected text 'Home - The Elder Scrolls Online'

06-02-2024T14:22:29 - [MESSAGE][PASSED] - Actual text 'Home - The Elder Scrolls Online' and expected text 'Home - The Elder Scrolls Online' are matched 

06-02-2024T14:22:29 - [TEST_STEP][PASSED] - callTestCase(findTestCase("ESO/Home Validation/Buy Now Section/B001 - Buy Now Page"), [:], STOP_ON_FAILURE): Call Test Case 'Test Cases/ESO/Home Validation/Buy Now Section/B001 - Buy Now Page' successfully

06-02-2024T14:22:29 - [MESSAGE][INFO] - Checking called Test Case

06-02-2024T14:22:29 - [MESSAGE][INFO] - Starting to call Test Case 'Test Cases/ESO/Home Validation/Buy Now Section/B001 - Buy Now Page'

06-02-2024T14:22:29 - [TEST_CASE][PASSED] - Test Cases/ESO/Home Validation/Buy Now Section/B001 - Buy Now Page: Test Cases/ESO/Home Validation/Buy Now Section/B001 - Buy Now Page

06-02-2024T14:22:29 - [TEST_STEP][PASSED] - click(findTestObject("ESO/Page_Home/a_Buy Now")): Object: 'Object Repository/ESO/Page_Home/a_Buy Now' is clicked on

06-02-2024T14:22:29 - [MESSAGE][INFO] - Finding Test Object 'Object Repository/ESO/Page_Home/a_Buy Now'

06-02-2024T14:22:29 - [MESSAGE][INFO] - Checking object

06-02-2024T14:22:29 - [MESSAGE][INFO] - Checking timeout

06-02-2024T14:22:29 - [MESSAGE][INFO] - Finding web element from Test Object's properties

06-02-2024T14:22:29 - [MESSAGE][INFO] - Checking timeout

06-02-2024T14:22:29 - [MESSAGE][INFO] - Finding web element with id: 'Object Repository/ESO/Page_Home/a_Buy Now' located by 'By.xpath: //div[@id='universal-nav']/div/div/div[5]/div/a' in '30' second(s)

06-02-2024T14:22:29 - [MESSAGE][INFO] - Smart Wait Function is triggered

06-02-2024T14:22:32 - [MESSAGE][INFO] - Found 1 web elements with id: 'Object Repository/ESO/Page_Home/a_Buy Now' located by 'By.xpath: //div[@id='universal-nav']/div/div/div[5]/div/a' in '30' second(s)

06-02-2024T14:22:32 - [MESSAGE][INFO] - Clicking on object: 'Object Repository/ESO/Page_Home/a_Buy Now'

06-02-2024T14:22:33 - [MESSAGE][PASSED] - Object: 'Object Repository/ESO/Page_Home/a_Buy Now' is clicked on

06-02-2024T14:22:33 - [TEST_STEP][PASSED] - verifyElementInViewport(findTestObject("ESO/Page_Buy Now/h1_Buy Now"), 0): Object 'Object Repository/ESO/Page_Buy Now/h1_Buy Now' is present and visible in viewport

06-02-2024T14:22:33 - [MESSAGE][INFO] - Finding Test Object 'Object Repository/ESO/Page_Buy Now/h1_Buy Now'

06-02-2024T14:22:34 - [MESSAGE][INFO] - Checking object

06-02-2024T14:22:34 - [MESSAGE][INFO] - Finding web element from Test Object's properties

06-02-2024T14:22:34 - [MESSAGE][INFO] - Checking timeout

06-02-2024T14:22:34 - [MESSAGE][WARNING] - Timeout '0' is invalid. Using default page load timeout: '30'

06-02-2024T14:22:34 - [MESSAGE][INFO] - Finding web element with id: 'Object Repository/ESO/Page_Buy Now/h1_Buy Now' located by 'By.xpath: //div[@id='buy-now-top']/div[2]/div/div/div/h1' in '30' second(s)

06-02-2024T14:22:34 - [MESSAGE][INFO] - Smart Wait Function is triggered

06-02-2024T14:22:38 - [MESSAGE][INFO] - Found 1 web elements with id: 'Object Repository/ESO/Page_Buy Now/h1_Buy Now' located by 'By.xpath: //div[@id='buy-now-top']/div[2]/div/div/div/h1' in '30' second(s)

06-02-2024T14:22:41 - [MESSAGE][INFO] - Element position in viewport: x = 390, y = 153, width = 1,140, height = 66

06-02-2024T14:22:42 - [MESSAGE][INFO] - Viewport infomation: width = 1,920, height = 947

06-02-2024T14:22:42 - [MESSAGE][PASSED] - Object 'Object Repository/ESO/Page_Buy Now/h1_Buy Now' is present and visible in viewport

06-02-2024T14:22:42 - [TEST_STEP][PASSED] - header = getWindowTitle(): Current window's title is: 'Buy Now - The Elder Scrolls Online'

06-02-2024T14:22:42 - [MESSAGE][INFO] - Getting current window's title

06-02-2024T14:22:42 - [MESSAGE][PASSED] - Current window's title is: 'Buy Now - The Elder Scrolls Online'

06-02-2024T14:22:42 - [TEST_STEP][PASSED] - verifyMatch(header, BuyNowTitle, false): Actual text 'Buy Now - The Elder Scrolls Online' and expected text 'Buy Now - The Elder Scrolls Online' are matched 

06-02-2024T14:22:42 - [MESSAGE][INFO] - Matching actual text 'Buy Now - The Elder Scrolls Online' with expected text 'Buy Now - The Elder Scrolls Online'

06-02-2024T14:22:42 - [MESSAGE][PASSED] - Actual text 'Buy Now - The Elder Scrolls Online' and expected text 'Buy Now - The Elder Scrolls Online' are matched 

06-02-2024T14:22:42 - [MESSAGE][PASSED] - Call Test Case 'Test Cases/ESO/Home Validation/Buy Now Section/B001 - Buy Now Page' successfully

06-02-2024T14:22:42 - [TEST_STEP][PASSED] - back(): Navigate back successfully

06-02-2024T14:22:42 - [MESSAGE][INFO] - Navigating back

06-02-2024T14:22:43 - [MESSAGE][PASSED] - Navigate back successfully

06-02-2024T14:22:43 - [TEST_STEP][PASSED] - delay(3): Delayed 3 second(s)

06-02-2024T14:22:43 - [MESSAGE][INFO] - Delaying browser in 3 second(s)

06-02-2024T14:22:46 - [MESSAGE][PASSED] - Delayed 3 second(s)

06-02-2024T14:22:46 - [TEST_STEP][PASSED] - headerAfter = getWindowTitle(): Current window's title is: 'Home - The Elder Scrolls Online'

06-02-2024T14:22:46 - [MESSAGE][INFO] - Getting current window's title

06-02-2024T14:22:47 - [MESSAGE][PASSED] - Current window's title is: 'Home - The Elder Scrolls Online'

06-02-2024T14:22:47 - [TEST_STEP][PASSED] - verifyMatch(headerAfter, HomeTitle, false): Actual text 'Home - The Elder Scrolls Online' and expected text 'Home - The Elder Scrolls Online' are matched 

06-02-2024T14:22:47 - [MESSAGE][INFO] - Matching actual text 'Home - The Elder Scrolls Online' with expected text 'Home - The Elder Scrolls Online'

06-02-2024T14:22:47 - [MESSAGE][PASSED] - Actual text 'Home - The Elder Scrolls Online' and expected text 'Home - The Elder Scrolls Online' are matched 

06-02-2024T14:22:47 - [TEST_STEP][PASSED] - closeBrowser(): Browser is closed

06-02-2024T14:22:47 - [MESSAGE][INFO] - Closing browser

06-02-2024T14:22:50 - [MESSAGE][PASSED] - Browser is closed]]></system-out>
         <system-err><![CDATA[]]></system-err>
      </testcase>
      <system-out><![CDATA[06-02-2024T14:20:06 - [TEST_SUITE][PASSED] - TS004 - Home: Test Cases/ESO/Home Validation/H002 - Return to Home]]></system-out>
      <system-err><![CDATA[]]></system-err>
   </testsuite>
   <testsuite name="TS004 - Home" tests="1" failures="1" errors="0" time="80.15" skipped="0" timestamp="06-02-2024T14:21:17" hostname="Careca Delas - Careca-Desktop.home" id="Test Suites/ESO/TS004 - Home">
      <properties>
         <property name="deviceName"/>
         <property name="devicePlatform" value="WINDOWS"/>
         <property name="logFolder" value="C:\\Users\\Careca Delas\\Documents\\GitHub\\Oasis-Project\\Reports\\20240206_141942\\ESO\\TS004 - Home\\20240206_141950"/>
         <property name="logFiles" value="C:\\Users\\Careca Delas\\Documents\\GitHub\\Oasis-Project\\Reports\\20240206_141942\\ESO\\TS004 - Home\\20240206_141950\\execution0.log"/>
         <property name="attachments" value="C:\\Users\\Careca Delas\\Documents\\GitHub\\Oasis-Project\\Reports\\20240206_141942\\ESO\\TS004 - Home\\20240206_141950\\1707229349215.png, C:\\Users\\Careca Delas\\Documents\\GitHub\\Oasis-Project\\Reports\\20240206_141942\\ESO\\TS004 - Home\\20240206_141950\\1707229353802.png"/>
         <property name="hostName" value="Careca Delas - Careca-Desktop.home"/>
         <property name="remoteDriverUrl" value="testcloud.katalon.com/hub"/>
         <property name="desiredCapabilities" value="{&#xa;  &quot;se:ieOptions&quot;: {&#xa;    &quot;browserAttachTimeout&quot;: 0,&#xa;    &quot;elementScrollBehavior&quot;: 0,&#xa;    &quot;enablePersistentHover&quot;: false,&#xa;    &quot;ie.browserCommandLineSwitches&quot;: &quot;&quot;,&#xa;    &quot;ie.edgechromium&quot;: true,&#xa;    &quot;ie.edgepath&quot;: &quot;C:/Program Files (x86)/Microsoft/Edge/Application/msedge.exe&quot;,&#xa;    &quot;ie.ensureCleanSession&quot;: false,&#xa;    &quot;ie.fileUploadDialogTimeout&quot;: 3000,&#xa;    &quot;ie.forceCreateProcessApi&quot;: false,&#xa;    &quot;ie.usePerProcessProxy&quot;: false,&#xa;    &quot;ignoreProtectedModeSettings&quot;: true,&#xa;    &quot;ignoreZoomSetting&quot;: true,&#xa;    &quot;initialBrowserUrl&quot;: &quot;http://localhost:41000/&quot;,&#xa;    &quot;nativeEvents&quot;: true,&#xa;    &quot;requireWindowFocus&quot;: true&#xa;  },&#xa;  &quot;timeouts&quot;: {&#xa;    &quot;implicit&quot;: 0,&#xa;    &quot;pageLoad&quot;: 300000,&#xa;    &quot;script&quot;: 30000&#xa;  },&#xa;  &quot;LT:Options&quot;: {&#xa;    &quot;build&quot;: &quot;TestCloud Automated Test Session &quot;,&#xa;    &quot;w3c&quot;: true&#xa;  },&#xa;  &quot;pageLoadStrategy&quot;: &quot;normal&quot;,&#xa;  &quot;unhandledPromptBehavior&quot;: &quot;dismiss and notify&quot;,&#xa;  &quot;strictFileInteractability&quot;: false,&#xa;  &quot;lambda:loadExtension&quot;: [&#xa;    &quot;https://prod-magicleap-user-files-us-east-1-v1.s3.amazonaws.com/extensions/orgId-691279/SmartWait.zip&quot;&#xa;  ],&#xa;  &quot;version&quot;: &quot;11&quot;,&#xa;  &quot;platform&quot;: &quot;WINDOWS&quot;,&#xa;  &quot;proxy&quot;: {&#xa;    &quot;proxyType&quot;: &quot;DIRECT&quot;,&#xa;    &quot;autodetect&quot;: false&#xa;  },&#xa;  &quot;test:katalon:option&quot;: {&#xa;    &quot;unlimitedExecutionMinutes&quot;: true,&#xa;    &quot;jwt&quot;: &quot;eyJhbGciOiJSUzI1NiIsInR5cCIgOiAiSldUIiwia2lkIiA6ICJpZTlDMnN4ZjZ4czczSHJxY0QyejRxcVVzNEFpOWVzNXR5SVVKYmRTYW04In0.eyJleHAiOjE3MDc0MDA1NzYsImlhdCI6MTcwNzIyNzc3NiwianRpIjoiZmQ2ZTRhYWMtZmMwYi00YzZkLWJlMjktZmNhZTk2NmUxY2VlIiwiaXNzIjoiaHR0cHM6Ly9sb2dpbi5rYXRhbG9uLmNvbS9yZWFsbXMva2F0YWxvbiIsImF1ZCI6ImFjY291bnQiLCJzdWIiOiI2YmZiYTUwYi0wZjEzLTRhMWEtODVmMi02NmU1YjBjNDQyZGYiLCJ0eXAiOiJCZWFyZXIiLCJhenAiOiJrYXRhbG9uLWFkbWluIiwic2Vzc2lvbl9zdGF0ZSI6Ijk1ZGQzZTJlLWY2ZjMtNDY1YS05MzEzLTYwOWEyZjgyNmQ4NCIsImFjciI6IjEiLCJhbGxvd2VkLW9yaWdpbnMiOlsiaHR0cHM6Ly9teS5rYXRhbG9uLmNvbSIsImh0dHBzOi8vYWRtaW4ua2F0YWxvbi5jb20iXSwicmVhbG1fYWNjZXNzIjp7InJvbGVzIjpbInVtYV9hdXRob3JpemF0aW9uIiwiZGVmYXVsdC1yb2xlcy1rYXRhbG9uIl19LCJyZXNvdXJjZV9hY2Nlc3MiOnsiYWNjb3VudCI6eyJyb2xlcyI6WyJtYW5hZ2UtYWNjb3VudCIsIm1hbmFnZS1hY2NvdW50LWxpbmtzIiwidmlldy1wcm9maWxlIl19fSwic2NvcGUiOiJvcGVuaWQgcHJvZmlsZSBlbWFpbCIsInNpZCI6Ijk1ZGQzZTJlLWY2ZjMtNDY1YS05MzEzLTYwOWEyZjgyNmQ4NCIsImVtYWlsX3ZlcmlmaWVkIjp0cnVlLCJsYXN0X2xvZ2luIjoxNzA3MTgzMTE1NDQ0LCJuYW1lIjoiUGVkcm8gTWlndWVsIEdvbsOnYWx2ZXMgVG9tw6kiLCJjcmVhdGVkX3RpbWVzdGFtcCI6MTcwNTY3MzM0OTQwNywicHJlZmVycmVkX3VzZXJuYW1lIjoicGVkcm8ubS50b21lQG5vZXNpcy5wdCIsImdpdmVuX25hbWUiOiJQZWRybyIsImZhbWlseV9uYW1lIjoiTWlndWVsIEdvbsOnYWx2ZXMgVG9tw6kiLCJlbWFpbCI6InBlZHJvLm0udG9tZUBub2VzaXMucHQifQ.EZjFrtqq9mUcgziBfuRAAnGejl2lr6bOcjdpyG7se2QjY1IiuxcrfUNRLwLc0TKyszCwx-Rb_mIp4GMIgldk0UaT5kHn1KIHm5vVIXty-5nHPo9nAftJDVSndn46q4R3SC2exSDbc7ooO-fTCj-j-NhW1t2gBBimiKajrv4mzqbV5Vi-QwJlBHgqMpR6ADJH9G8KrZQpmO9L2HzNPXDzuZB2d9tv_ydPXKwQ0BmwamHgteI9Jy9QXR5s-cFEU3rdLjEZgeQ7RN2p2yh7lagK2vm2JYLZULdmYI7Z8MillK1U-4tA-A4Q-Ls5WKMxGnYAoZP-bauaLcunozjz8EtQUg&quot;,&#xa;    &quot;userId&quot;: 1423099,&#xa;    &quot;organizationId&quot;: &quot;1380540&quot;,&#xa;    &quot;class&quot;: &quot;com.katalon.testcloud.grid.common.tunnel.domain.UserOptionCapability&quot;,&#xa;    &quot;runFromTestCloud&quot;: true,&#xa;    &quot;usingTunnel&quot;: false,&#xa;    &quot;username&quot;: &quot;pedro.m.tome@noesis.pt&quot;&#xa;  },&#xa;  &quot;webdriver.remote.sessionid&quot;: &quot;cda2b539-eacb-4f5b-a802-1ca7ba0d9c89&quot;,&#xa;  &quot;requestId&quot;: &quot;7a716a4d-b714-48ac-bd06-ec2890001961&quot;,&#xa;  &quot;acceptInsecureCerts&quot;: false,&#xa;  &quot;browserVersion&quot;: &quot;11&quot;,&#xa;  &quot;browserName&quot;: &quot;internet explorer&quot;,&#xa;  &quot;javascriptEnabled&quot;: true,&#xa;  &quot;platformName&quot;: &quot;WINDOWS&quot;,&#xa;  &quot;setWindowRect&quot;: true&#xa;}"/>
         <property name="os" value="Windows 10 64bit"/>
         <property name="remoteOS" value="Windows"/>
         <property name="katalonVersion" value="9.2.0.212"/>
         <property name="browser" value="IE 11"/>
         <property name="hostAddress" value="192.168.1.13"/>
         <property name="sessionId" value="cda2b539-eacb-4f5b-a802-1ca7ba0d9c89"/>
         <property name="seleniumVersion" value="3.141.59"/>
         <property name="proxyInformation" value="ProxyInformation { proxyOption=NO_PROXY, proxyServerType=HTTP, username=, password=********, proxyServerAddress=, proxyServerPort=0, executionList=&quot;&quot;, isApplyToDesiredCapabilities=true }"/>
         <property name="platform" value="Windows 10"/>
      </properties>
      <testcase name="Test Cases/ESO/Home Validation/H001 - Home Page" time="80.011" classname="Test Cases/ESO/Home Validation/H001 - Home Page" status="FAILED">
         <failure type="FAILED" message="Test Cases/ESO/Home Validation/H001 - Home Page FAILED.&#xa;Reason:&#xa;com.kms.katalon.core.exception.StepFailedException: Call Test Case 'Test Cases/ESO/Misc Tests/Open ESO Page' failed&#xa;	at com.kms.katalon.core.keyword.builtin.CallTestCaseKeyword$_callTestCase_closure1.doCall(CallTestCaseKeyword.groovy:63)&#xa;	at com.kms.katalon.core.keyword.builtin.CallTestCaseKeyword$_callTestCase_closure1.call(CallTestCaseKeyword.groovy)&#xa;	at com.kms.katalon.core.keyword.internal.KeywordMain.runKeyword(KeywordMain.groovy:75)&#xa;	at com.kms.katalon.core.keyword.builtin.CallTestCaseKeyword.callTestCase(CallTestCaseKeyword.groovy:81)&#xa;	at com.kms.katalon.core.keyword.builtin.CallTestCaseKeyword.execute(CallTestCaseKeyword.groovy:44)&#xa;	at com.kms.katalon.core.keyword.internal.KeywordExecutor.executeKeywordForPlatform(KeywordExecutor.groovy:74)&#xa;	at com.kms.katalon.core.keyword.BuiltinKeywords.callTestCase(BuiltinKeywords.groovy:310)&#xa;	at java.base/jdk.internal.reflect.NativeMethodAccessorImpl.invoke0(Native Method)&#xa;	at java.base/jdk.internal.reflect.NativeMethodAccessorImpl.invoke(NativeMethodAccessorImpl.java:77)&#xa;	at java.base/jdk.internal.reflect.DelegatingMethodAccessorImpl.invoke(DelegatingMethodAccessorImpl.java:43)&#xa;	at H001 - Home Page.run(H001 - Home Page:20)&#xa;	at com.kms.katalon.core.main.ScriptEngine.run(ScriptEngine.java:194)&#xa;	at com.kms.katalon.core.main.ScriptEngine.runScriptAsRawText(ScriptEngine.java:119)&#xa;	at com.kms.katalon.core.main.TestCaseExecutor.runScript(TestCaseExecutor.java:448)&#xa;	at com.kms.katalon.core.main.TestCaseExecutor.doExecute(TestCaseExecutor.java:439)&#xa;	at com.kms.katalon.core.main.TestCaseExecutor.processExecutionPhase(TestCaseExecutor.java:418)&#xa;	at com.kms.katalon.core.main.TestCaseExecutor.accessMainPhase(TestCaseExecutor.java:410)&#xa;	at com.kms.katalon.core.main.TestCaseExecutor.execute(TestCaseExecutor.java:285)&#xa;	at com.kms.katalon.core.common.CommonExecutor.accessTestCaseMainPhase(CommonExecutor.java:65)&#xa;	at com.kms.katalon.core.main.TestSuiteExecutor.accessTestSuiteMainPhase(TestSuiteExecutor.java:148)&#xa;	at com.kms.katalon.core.main.TestSuiteExecutor.execute(TestSuiteExecutor.java:106)&#xa;	at com.kms.katalon.core.main.TestCaseMain.startTestSuite(TestCaseMain.java:180)&#xa;	at com.kms.katalon.core.main.TestCaseMain$startTestSuite$0.call(Unknown Source)&#xa;	at TempTestSuite1707229190276.run(TempTestSuite1707229190276.groovy:36)&#xa;	at java.base/jdk.internal.reflect.NativeMethodAccessorImpl.invoke0(Native Method)&#xa;	at java.base/jdk.internal.reflect.NativeMethodAccessorImpl.invoke(NativeMethodAccessorImpl.java:77)&#xa;	at java.base/jdk.internal.reflect.DelegatingMethodAccessorImpl.invoke(DelegatingMethodAccessorImpl.java:43)&#xa;Caused by: com.kms.katalon.core.exception.StepFailedException: Unable to verify object 'Object Repository/ESO/Page_Home/a_The Elder Scrolls  Online' is present&#xa;	at com.kms.katalon.core.webui.keyword.internal.WebUIKeywordMain.stepFailed(WebUIKeywordMain.groovy:64)&#xa;	at com.kms.katalon.core.webui.keyword.internal.WebUIKeywordMain.runKeyword(WebUIKeywordMain.groovy:26)&#xa;	at com.kms.katalon.core.webui.keyword.builtin.VerifyElementPresentKeyword.verifyElementPresent(VerifyElementPresentKeyword.groovy:92)&#xa;	at com.kms.katalon.core.webui.keyword.builtin.VerifyElementPresentKeyword.execute(VerifyElementPresentKeyword.groovy:68)&#xa;	at com.kms.katalon.core.keyword.internal.KeywordExecutor.executeKeywordForPlatform(KeywordExecutor.groovy:74)&#xa;	at com.kms.katalon.core.webui.keyword.WebUiBuiltInKeywords.verifyElementPresent(WebUiBuiltInKeywords.groovy:1503)&#xa;	at com.kms.katalon.core.webui.keyword.WebUiBuiltInKeywords$verifyElementPresent$2.call(Unknown Source)&#xa;	at Open ESO Page.run(Open ESO Page:28)&#xa;	at com.kms.katalon.core.main.ScriptEngine.run(ScriptEngine.java:194)&#xa;	at com.kms.katalon.core.main.ScriptEngine.runScriptAsRawText(ScriptEngine.java:119)&#xa;	at com.kms.katalon.core.main.TestCaseExecutor.runScript(TestCaseExecutor.java:448)&#xa;	at com.kms.katalon.core.main.TestCaseExecutor.doExecute(TestCaseExecutor.java:439)&#xa;	at com.kms.katalon.core.main.TestCaseExecutor.processExecutionPhase(TestCaseExecutor.java:418)&#xa;	at com.kms.katalon.core.main.TestCaseExecutor.accessMainPhase(TestCaseExecutor.java:410)&#xa;	at com.kms.katalon.core.main.TestCaseExecutor.execute(TestCaseExecutor.java:285)&#xa;	at com.kms.katalon.core.main.TestCaseMain.runTestCase(TestCaseMain.java:137)&#xa;	at com.kms.katalon.core.keyword.builtin.CallTestCaseKeyword$_callTestCase_closure1.doCall(CallTestCaseKeyword.groovy:59)&#xa;	... 26 more&#xa;Caused by: com.kms.katalon.core.exception.StepFailedException: com.kms.katalon.core.webui.exception.WebElementNotFoundException: Web element with id: 'Object Repository/ESO/Page_Home/a_The Elder Scrolls  Online' located by '//a[@id='navbarTopLogo']' not found&#xa;	at com.kms.katalon.core.webui.keyword.internal.WebUIKeywordMain.stepFailed(WebUIKeywordMain.groovy:64)&#xa;	at com.kms.katalon.core.webui.keyword.builtin.VerifyElementPresentKeyword$_verifyElementPresent_closure1.doCall(VerifyElementPresentKeyword.groovy:85)&#xa;	at com.kms.katalon.core.webui.keyword.builtin.VerifyElementPresentKeyword$_verifyElementPresent_closure1.call(VerifyElementPresentKeyword.groovy)&#xa;	at com.kms.katalon.core.webui.keyword.internal.WebUIKeywordMain.runKeyword(WebUIKeywordMain.groovy:20)&#xa;	... 41 more&#xa;"/>
         <system-out><![CDATA[06-02-2024T14:21:17 - [TEST_CASE][FAILED] - Test Cases/ESO/Home Validation/H001 - Home Page: Test Cases/ESO/Home Validation/H001 - Home Page FAILED.
Reason:
com.kms.katalon.core.exception.StepFailedException: Call Test Case 'Test Cases/ESO/Misc Tests/Open ESO Page' failed
	at com.kms.katalon.core.keyword.builtin.CallTestCaseKeyword$_callTestCase_closure1.doCall(CallTestCaseKeyword.groovy:63)
	at com.kms.katalon.core.keyword.builtin.CallTestCaseKeyword$_callTestCase_closure1.call(CallTestCaseKeyword.groovy)
	at com.kms.katalon.core.keyword.internal.KeywordMain.runKeyword(KeywordMain.groovy:75)
	at com.kms.katalon.core.keyword.builtin.CallTestCaseKeyword.callTestCase(CallTestCaseKeyword.groovy:81)
	at com.kms.katalon.core.keyword.builtin.CallTestCaseKeyword.execute(CallTestCaseKeyword.groovy:44)
	at com.kms.katalon.core.keyword.internal.KeywordExecutor.executeKeywordForPlatform(KeywordExecutor.groovy:74)
	at com.kms.katalon.core.keyword.BuiltinKeywords.callTestCase(BuiltinKeywords.groovy:310)
	at java.base/jdk.internal.reflect.NativeMethodAccessorImpl.invoke0(Native Method)
	at java.base/jdk.internal.reflect.NativeMethodAccessorImpl.invoke(NativeMethodAccessorImpl.java:77)
	at java.base/jdk.internal.reflect.DelegatingMethodAccessorImpl.invoke(DelegatingMethodAccessorImpl.java:43)
	at H001 - Home Page.run(H001 - Home Page:20)
	at com.kms.katalon.core.main.ScriptEngine.run(ScriptEngine.java:194)
	at com.kms.katalon.core.main.ScriptEngine.runScriptAsRawText(ScriptEngine.java:119)
	at com.kms.katalon.core.main.TestCaseExecutor.runScript(TestCaseExecutor.java:448)
	at com.kms.katalon.core.main.TestCaseExecutor.doExecute(TestCaseExecutor.java:439)
	at com.kms.katalon.core.main.TestCaseExecutor.processExecutionPhase(TestCaseExecutor.java:418)
	at com.kms.katalon.core.main.TestCaseExecutor.accessMainPhase(TestCaseExecutor.java:410)
	at com.kms.katalon.core.main.TestCaseExecutor.execute(TestCaseExecutor.java:285)
	at com.kms.katalon.core.common.CommonExecutor.accessTestCaseMainPhase(CommonExecutor.java:65)
	at com.kms.katalon.core.main.TestSuiteExecutor.accessTestSuiteMainPhase(TestSuiteExecutor.java:148)
	at com.kms.katalon.core.main.TestSuiteExecutor.execute(TestSuiteExecutor.java:106)
	at com.kms.katalon.core.main.TestCaseMain.startTestSuite(TestCaseMain.java:180)
	at com.kms.katalon.core.main.TestCaseMain$startTestSuite$0.call(Unknown Source)
	at TempTestSuite1707229190276.run(TempTestSuite1707229190276.groovy:36)
	at java.base/jdk.internal.reflect.NativeMethodAccessorImpl.invoke0(Native Method)
	at java.base/jdk.internal.reflect.NativeMethodAccessorImpl.invoke(NativeMethodAccessorImpl.java:77)
	at java.base/jdk.internal.reflect.DelegatingMethodAccessorImpl.invoke(DelegatingMethodAccessorImpl.java:43)
Caused by: com.kms.katalon.core.exception.StepFailedException: Unable to verify object 'Object Repository/ESO/Page_Home/a_The Elder Scrolls  Online' is present
	at com.kms.katalon.core.webui.keyword.internal.WebUIKeywordMain.stepFailed(WebUIKeywordMain.groovy:64)
	at com.kms.katalon.core.webui.keyword.internal.WebUIKeywordMain.runKeyword(WebUIKeywordMain.groovy:26)
	at com.kms.katalon.core.webui.keyword.builtin.VerifyElementPresentKeyword.verifyElementPresent(VerifyElementPresentKeyword.groovy:92)
	at com.kms.katalon.core.webui.keyword.builtin.VerifyElementPresentKeyword.execute(VerifyElementPresentKeyword.groovy:68)
	at com.kms.katalon.core.keyword.internal.KeywordExecutor.executeKeywordForPlatform(KeywordExecutor.groovy:74)
	at com.kms.katalon.core.webui.keyword.WebUiBuiltInKeywords.verifyElementPresent(WebUiBuiltInKeywords.groovy:1503)
	at com.kms.katalon.core.webui.keyword.WebUiBuiltInKeywords$verifyElementPresent$2.call(Unknown Source)
	at Open ESO Page.run(Open ESO Page:28)
	at com.kms.katalon.core.main.ScriptEngine.run(ScriptEngine.java:194)
	at com.kms.katalon.core.main.ScriptEngine.runScriptAsRawText(ScriptEngine.java:119)
	at com.kms.katalon.core.main.TestCaseExecutor.runScript(TestCaseExecutor.java:448)
	at com.kms.katalon.core.main.TestCaseExecutor.doExecute(TestCaseExecutor.java:439)
	at com.kms.katalon.core.main.TestCaseExecutor.processExecutionPhase(TestCaseExecutor.java:418)
	at com.kms.katalon.core.main.TestCaseExecutor.accessMainPhase(TestCaseExecutor.java:410)
	at com.kms.katalon.core.main.TestCaseExecutor.execute(TestCaseExecutor.java:285)
	at com.kms.katalon.core.main.TestCaseMain.runTestCase(TestCaseMain.java:137)
	at com.kms.katalon.core.keyword.builtin.CallTestCaseKeyword$_callTestCase_closure1.doCall(CallTestCaseKeyword.groovy:59)
	... 26 more
Caused by: com.kms.katalon.core.exception.StepFailedException: com.kms.katalon.core.webui.exception.WebElementNotFoundException: Web element with id: 'Object Repository/ESO/Page_Home/a_The Elder Scrolls  Online' located by '//a[@id='navbarTopLogo']' not found
	at com.kms.katalon.core.webui.keyword.internal.WebUIKeywordMain.stepFailed(WebUIKeywordMain.groovy:64)
	at com.kms.katalon.core.webui.keyword.builtin.VerifyElementPresentKeyword$_verifyElementPresent_closure1.doCall(VerifyElementPresentKeyword.groovy:85)
	at com.kms.katalon.core.webui.keyword.builtin.VerifyElementPresentKeyword$_verifyElementPresent_closure1.call(VerifyElementPresentKeyword.groovy)
	at com.kms.katalon.core.webui.keyword.internal.WebUIKeywordMain.runKeyword(WebUIKeywordMain.groovy:20)
	... 41 more


06-02-2024T14:21:17 - [TEST_STEP][FAILED] - callTestCase(findTestCase("ESO/Misc Tests/Open ESO Page"), [:], STOP_ON_FAILURE): Unable to call Test Case 'Test Cases/ESO/Misc Tests/Open ESO Page' (Root cause: com.kms.katalon.core.exception.StepFailedException: Call Test Case 'Test Cases/ESO/Misc Tests/Open ESO Page' failed
	at com.kms.katalon.core.keyword.builtin.CallTestCaseKeyword$_callTestCase_closure1.doCall(CallTestCaseKeyword.groovy:63)
	at com.kms.katalon.core.keyword.builtin.CallTestCaseKeyword$_callTestCase_closure1.call(CallTestCaseKeyword.groovy)
	at com.kms.katalon.core.keyword.internal.KeywordMain.runKeyword(KeywordMain.groovy:75)
	at com.kms.katalon.core.keyword.builtin.CallTestCaseKeyword.callTestCase(CallTestCaseKeyword.groovy:81)
	at com.kms.katalon.core.keyword.builtin.CallTestCaseKeyword.execute(CallTestCaseKeyword.groovy:44)
	at com.kms.katalon.core.keyword.internal.KeywordExecutor.executeKeywordForPlatform(KeywordExecutor.groovy:74)
	at com.kms.katalon.core.keyword.BuiltinKeywords.callTestCase(BuiltinKeywords.groovy:310)
	at java.base/jdk.internal.reflect.NativeMethodAccessorImpl.invoke0(Native Method)
	at java.base/jdk.internal.reflect.NativeMethodAccessorImpl.invoke(NativeMethodAccessorImpl.java:77)
	at java.base/jdk.internal.reflect.DelegatingMethodAccessorImpl.invoke(DelegatingMethodAccessorImpl.java:43)
	at H001 - Home Page.run(H001 - Home Page:20)
	at com.kms.katalon.core.main.ScriptEngine.run(ScriptEngine.java:194)
	at com.kms.katalon.core.main.ScriptEngine.runScriptAsRawText(ScriptEngine.java:119)
	at com.kms.katalon.core.main.TestCaseExecutor.runScript(TestCaseExecutor.java:448)
	at com.kms.katalon.core.main.TestCaseExecutor.doExecute(TestCaseExecutor.java:439)
	at com.kms.katalon.core.main.TestCaseExecutor.processExecutionPhase(TestCaseExecutor.java:418)
	at com.kms.katalon.core.main.TestCaseExecutor.accessMainPhase(TestCaseExecutor.java:410)
	at com.kms.katalon.core.main.TestCaseExecutor.execute(TestCaseExecutor.java:285)
	at com.kms.katalon.core.common.CommonExecutor.accessTestCaseMainPhase(CommonExecutor.java:65)
	at com.kms.katalon.core.main.TestSuiteExecutor.accessTestSuiteMainPhase(TestSuiteExecutor.java:148)
	at com.kms.katalon.core.main.TestSuiteExecutor.execute(TestSuiteExecutor.java:106)
	at com.kms.katalon.core.main.TestCaseMain.startTestSuite(TestCaseMain.java:180)
	at com.kms.katalon.core.main.TestCaseMain$startTestSuite$0.call(Unknown Source)
	at TempTestSuite1707229190276.run(TempTestSuite1707229190276.groovy:36)
	at java.base/jdk.internal.reflect.NativeMethodAccessorImpl.invoke0(Native Method)
	at java.base/jdk.internal.reflect.NativeMethodAccessorImpl.invoke(NativeMethodAccessorImpl.java:77)
	at java.base/jdk.internal.reflect.DelegatingMethodAccessorImpl.invoke(DelegatingMethodAccessorImpl.java:43)
Caused by: com.kms.katalon.core.exception.StepFailedException: Unable to verify object 'Object Repository/ESO/Page_Home/a_The Elder Scrolls  Online' is present
	at com.kms.katalon.core.webui.keyword.internal.WebUIKeywordMain.stepFailed(WebUIKeywordMain.groovy:64)
	at com.kms.katalon.core.webui.keyword.internal.WebUIKeywordMain.runKeyword(WebUIKeywordMain.groovy:26)
	at com.kms.katalon.core.webui.keyword.builtin.VerifyElementPresentKeyword.verifyElementPresent(VerifyElementPresentKeyword.groovy:92)
	at com.kms.katalon.core.webui.keyword.builtin.VerifyElementPresentKeyword.execute(VerifyElementPresentKeyword.groovy:68)
	at com.kms.katalon.core.keyword.internal.KeywordExecutor.executeKeywordForPlatform(KeywordExecutor.groovy:74)
	at com.kms.katalon.core.webui.keyword.WebUiBuiltInKeywords.verifyElementPresent(WebUiBuiltInKeywords.groovy:1503)
	at com.kms.katalon.core.webui.keyword.WebUiBuiltInKeywords$verifyElementPresent$2.call(Unknown Source)
	at Open ESO Page.run(Open ESO Page:28)
	at com.kms.katalon.core.main.ScriptEngine.run(ScriptEngine.java:194)
	at com.kms.katalon.core.main.ScriptEngine.runScriptAsRawText(ScriptEngine.java:119)
	at com.kms.katalon.core.main.TestCaseExecutor.runScript(TestCaseExecutor.java:448)
	at com.kms.katalon.core.main.TestCaseExecutor.doExecute(TestCaseExecutor.java:439)
	at com.kms.katalon.core.main.TestCaseExecutor.processExecutionPhase(TestCaseExecutor.java:418)
	at com.kms.katalon.core.main.TestCaseExecutor.accessMainPhase(TestCaseExecutor.java:410)
	at com.kms.katalon.core.main.TestCaseExecutor.execute(TestCaseExecutor.java:285)
	at com.kms.katalon.core.main.TestCaseMain.runTestCase(TestCaseMain.java:137)
	at com.kms.katalon.core.keyword.builtin.CallTestCaseKeyword$_callTestCase_closure1.doCall(CallTestCaseKeyword.groovy:59)
	... 26 more
Caused by: com.kms.katalon.core.exception.StepFailedException: com.kms.katalon.core.webui.exception.WebElementNotFoundException: Web element with id: 'Object Repository/ESO/Page_Home/a_The Elder Scrolls  Online' located by '//a[@id='navbarTopLogo']' not found
	at com.kms.katalon.core.webui.keyword.internal.WebUIKeywordMain.stepFailed(WebUIKeywordMain.groovy:64)
	at com.kms.katalon.core.webui.keyword.builtin.VerifyElementPresentKeyword$_verifyElementPresent_closure1.doCall(VerifyElementPresentKeyword.groovy:85)
	at com.kms.katalon.core.webui.keyword.builtin.VerifyElementPresentKeyword$_verifyElementPresent_closure1.call(VerifyElementPresentKeyword.groovy)
	at com.kms.katalon.core.webui.keyword.internal.WebUIKeywordMain.runKeyword(WebUIKeywordMain.groovy:20)
	... 41 more
)

06-02-2024T14:21:17 - [MESSAGE][INFO] - Checking called Test Case

06-02-2024T14:21:17 - [MESSAGE][INFO] - Starting to call Test Case 'Test Cases/ESO/Misc Tests/Open ESO Page'

06-02-2024T14:21:17 - [TEST_CASE][FAILED] - Test Cases/ESO/Misc Tests/Open ESO Page: Test Cases/ESO/Misc Tests/Open ESO Page FAILED.
Reason:
com.kms.katalon.core.exception.StepFailedException: Unable to verify object 'Object Repository/ESO/Page_Home/a_The Elder Scrolls  Online' is present
	at com.kms.katalon.core.webui.keyword.internal.WebUIKeywordMain.stepFailed(WebUIKeywordMain.groovy:64)
	at com.kms.katalon.core.webui.keyword.internal.WebUIKeywordMain.runKeyword(WebUIKeywordMain.groovy:26)
	at com.kms.katalon.core.webui.keyword.builtin.VerifyElementPresentKeyword.verifyElementPresent(VerifyElementPresentKeyword.groovy:92)
	at com.kms.katalon.core.webui.keyword.builtin.VerifyElementPresentKeyword.execute(VerifyElementPresentKeyword.groovy:68)
	at com.kms.katalon.core.keyword.internal.KeywordExecutor.executeKeywordForPlatform(KeywordExecutor.groovy:74)
	at com.kms.katalon.core.webui.keyword.WebUiBuiltInKeywords.verifyElementPresent(WebUiBuiltInKeywords.groovy:1503)
	at com.kms.katalon.core.webui.keyword.WebUiBuiltInKeywords$verifyElementPresent$2.call(Unknown Source)
	at Open ESO Page.run(Open ESO Page:28)
	at com.kms.katalon.core.main.ScriptEngine.run(ScriptEngine.java:194)
	at com.kms.katalon.core.main.ScriptEngine.runScriptAsRawText(ScriptEngine.java:119)
	at com.kms.katalon.core.main.TestCaseExecutor.runScript(TestCaseExecutor.java:448)
	at com.kms.katalon.core.main.TestCaseExecutor.doExecute(TestCaseExecutor.java:439)
	at com.kms.katalon.core.main.TestCaseExecutor.processExecutionPhase(TestCaseExecutor.java:418)
	at com.kms.katalon.core.main.TestCaseExecutor.accessMainPhase(TestCaseExecutor.java:410)
	at com.kms.katalon.core.main.TestCaseExecutor.execute(TestCaseExecutor.java:285)
	at com.kms.katalon.core.main.TestCaseMain.runTestCase(TestCaseMain.java:137)
	at com.kms.katalon.core.keyword.builtin.CallTestCaseKeyword$_callTestCase_closure1.doCall(CallTestCaseKeyword.groovy:59)
	at com.kms.katalon.core.keyword.builtin.CallTestCaseKeyword$_callTestCase_closure1.call(CallTestCaseKeyword.groovy)
	at com.kms.katalon.core.keyword.internal.KeywordMain.runKeyword(KeywordMain.groovy:75)
	at com.kms.katalon.core.keyword.builtin.CallTestCaseKeyword.callTestCase(CallTestCaseKeyword.groovy:81)
	at com.kms.katalon.core.keyword.builtin.CallTestCaseKeyword.execute(CallTestCaseKeyword.groovy:44)
	at com.kms.katalon.core.keyword.internal.KeywordExecutor.executeKeywordForPlatform(KeywordExecutor.groovy:74)
	at com.kms.katalon.core.keyword.BuiltinKeywords.callTestCase(BuiltinKeywords.groovy:310)
	at java.base/jdk.internal.reflect.NativeMethodAccessorImpl.invoke0(Native Method)
	at java.base/jdk.internal.reflect.NativeMethodAccessorImpl.invoke(NativeMethodAccessorImpl.java:77)
	at java.base/jdk.internal.reflect.DelegatingMethodAccessorImpl.invoke(DelegatingMethodAccessorImpl.java:43)
	at H001 - Home Page.run(H001 - Home Page:20)
	at com.kms.katalon.core.main.ScriptEngine.run(ScriptEngine.java:194)
	at com.kms.katalon.core.main.ScriptEngine.runScriptAsRawText(ScriptEngine.java:119)
	at com.kms.katalon.core.main.TestCaseExecutor.runScript(TestCaseExecutor.java:448)
	at com.kms.katalon.core.main.TestCaseExecutor.doExecute(TestCaseExecutor.java:439)
	at com.kms.katalon.core.main.TestCaseExecutor.processExecutionPhase(TestCaseExecutor.java:418)
	at com.kms.katalon.core.main.TestCaseExecutor.accessMainPhase(TestCaseExecutor.java:410)
	at com.kms.katalon.core.main.TestCaseExecutor.execute(TestCaseExecutor.java:285)
	at com.kms.katalon.core.common.CommonExecutor.accessTestCaseMainPhase(CommonExecutor.java:65)
	at com.kms.katalon.core.main.TestSuiteExecutor.accessTestSuiteMainPhase(TestSuiteExecutor.java:148)
	at com.kms.katalon.core.main.TestSuiteExecutor.execute(TestSuiteExecutor.java:106)
	at com.kms.katalon.core.main.TestCaseMain.startTestSuite(TestCaseMain.java:180)
	at com.kms.katalon.core.main.TestCaseMain$startTestSuite$0.call(Unknown Source)
	at TempTestSuite1707229190276.run(TempTestSuite1707229190276.groovy:36)
	at java.base/jdk.internal.reflect.NativeMethodAccessorImpl.invoke0(Native Method)
	at java.base/jdk.internal.reflect.NativeMethodAccessorImpl.invoke(NativeMethodAccessorImpl.java:77)
	at java.base/jdk.internal.reflect.DelegatingMethodAccessorImpl.invoke(DelegatingMethodAccessorImpl.java:43)
Caused by: com.kms.katalon.core.exception.StepFailedException: com.kms.katalon.core.webui.exception.WebElementNotFoundException: Web element with id: 'Object Repository/ESO/Page_Home/a_The Elder Scrolls  Online' located by '//a[@id='navbarTopLogo']' not found
	at com.kms.katalon.core.webui.keyword.internal.WebUIKeywordMain.stepFailed(WebUIKeywordMain.groovy:64)
	at com.kms.katalon.core.webui.keyword.builtin.VerifyElementPresentKeyword$_verifyElementPresent_closure1.doCall(VerifyElementPresentKeyword.groovy:85)
	at com.kms.katalon.core.webui.keyword.builtin.VerifyElementPresentKeyword$_verifyElementPresent_closure1.call(VerifyElementPresentKeyword.groovy)
	at com.kms.katalon.core.webui.keyword.internal.WebUIKeywordMain.runKeyword(WebUIKeywordMain.groovy:20)
	... 41 more


06-02-2024T14:21:17 - [TEST_STEP][PASSED] - openBrowser(""): Browser is opened with url: ''

06-02-2024T14:21:18 - [MESSAGE][INFO] - Opening browser

06-02-2024T14:21:18 - [MESSAGE][INFO] - User set preference: ['os', 'windows']

06-02-2024T14:21:18 - [MESSAGE][INFO] - User set preference: ['browserName', 'internet explorer']

06-02-2024T14:21:18 - [MESSAGE][INFO] - User set preference: ['browserVersion', '11']

06-02-2024T14:21:18 - [MESSAGE][INFO] - User set preference: ['katalon:option', '{organizationId=1380540, tunnelId=, usingTunnel=false}']

06-02-2024T14:21:18 - [MESSAGE][INFO] - Connecting to remote web server 'testcloud.katalon.com/hub' with type 'Selenium'

06-02-2024T14:21:18 - [MESSAGE][INFO] - Action delay is set to 0 milliseconds

06-02-2024T14:21:50 - [MESSAGE][PASSED] - Browser is opened with url: ''

06-02-2024T14:21:50 - [TEST_STEP][PASSED] - maximizeWindow(): Current window maximized

06-02-2024T14:21:50 - [MESSAGE][INFO] - Maximizing current window

06-02-2024T14:21:51 - [MESSAGE][PASSED] - Current window maximized

06-02-2024T14:21:51 - [TEST_STEP][PASSED] - navigateToUrl("https://www.elderscrollsonline.com/en-us/home"): Navigate to 'https://www.elderscrollsonline.com/en-us/home' successfully

06-02-2024T14:21:51 - [MESSAGE][INFO] - Checking url

06-02-2024T14:21:51 - [MESSAGE][INFO] - Navigating to 'https://www.elderscrollsonline.com/en-us/home'

06-02-2024T14:21:54 - [MESSAGE][PASSED] - Navigate to 'https://www.elderscrollsonline.com/en-us/home' successfully

06-02-2024T14:21:54 - [TEST_STEP][PASSED] - delay(3): Delayed 3 second(s)

06-02-2024T14:21:54 - [MESSAGE][INFO] - Delaying browser in 3 second(s)

06-02-2024T14:21:57 - [MESSAGE][PASSED] - Delayed 3 second(s)

06-02-2024T14:21:57 - [TEST_STEP][FAILED] - verifyElementPresent(findTestObject("Object Repository/ESO/Page_Home/a_The Elder Scrolls  Online"), 0): Unable to verify object 'Object Repository/ESO/Page_Home/a_The Elder Scrolls  Online' is present (Root cause: com.kms.katalon.core.exception.StepFailedException: Unable to verify object 'Object Repository/ESO/Page_Home/a_The Elder Scrolls  Online' is present
	at com.kms.katalon.core.webui.keyword.internal.WebUIKeywordMain.stepFailed(WebUIKeywordMain.groovy:64)
	at com.kms.katalon.core.webui.keyword.internal.WebUIKeywordMain.runKeyword(WebUIKeywordMain.groovy:26)
	at com.kms.katalon.core.webui.keyword.builtin.VerifyElementPresentKeyword.verifyElementPresent(VerifyElementPresentKeyword.groovy:92)
	at com.kms.katalon.core.webui.keyword.builtin.VerifyElementPresentKeyword.execute(VerifyElementPresentKeyword.groovy:68)
	at com.kms.katalon.core.keyword.internal.KeywordExecutor.executeKeywordForPlatform(KeywordExecutor.groovy:74)
	at com.kms.katalon.core.webui.keyword.WebUiBuiltInKeywords.verifyElementPresent(WebUiBuiltInKeywords.groovy:1503)
	at com.kms.katalon.core.webui.keyword.WebUiBuiltInKeywords$verifyElementPresent$2.call(Unknown Source)
	at Open ESO Page.run(Open ESO Page:28)
	at com.kms.katalon.core.main.ScriptEngine.run(ScriptEngine.java:194)
	at com.kms.katalon.core.main.ScriptEngine.runScriptAsRawText(ScriptEngine.java:119)
	at com.kms.katalon.core.main.TestCaseExecutor.runScript(TestCaseExecutor.java:448)
	at com.kms.katalon.core.main.TestCaseExecutor.doExecute(TestCaseExecutor.java:439)
	at com.kms.katalon.core.main.TestCaseExecutor.processExecutionPhase(TestCaseExecutor.java:418)
	at com.kms.katalon.core.main.TestCaseExecutor.accessMainPhase(TestCaseExecutor.java:410)
	at com.kms.katalon.core.main.TestCaseExecutor.execute(TestCaseExecutor.java:285)
	at com.kms.katalon.core.main.TestCaseMain.runTestCase(TestCaseMain.java:137)
	at com.kms.katalon.core.keyword.builtin.CallTestCaseKeyword$_callTestCase_closure1.doCall(CallTestCaseKeyword.groovy:59)
	at com.kms.katalon.core.keyword.builtin.CallTestCaseKeyword$_callTestCase_closure1.call(CallTestCaseKeyword.groovy)
	at com.kms.katalon.core.keyword.internal.KeywordMain.runKeyword(KeywordMain.groovy:75)
	at com.kms.katalon.core.keyword.builtin.CallTestCaseKeyword.callTestCase(CallTestCaseKeyword.groovy:81)
	at com.kms.katalon.core.keyword.builtin.CallTestCaseKeyword.execute(CallTestCaseKeyword.groovy:44)
	at com.kms.katalon.core.keyword.internal.KeywordExecutor.executeKeywordForPlatform(KeywordExecutor.groovy:74)
	at com.kms.katalon.core.keyword.BuiltinKeywords.callTestCase(BuiltinKeywords.groovy:310)
	at java.base/jdk.internal.reflect.NativeMethodAccessorImpl.invoke0(Native Method)
	at java.base/jdk.internal.reflect.NativeMethodAccessorImpl.invoke(NativeMethodAccessorImpl.java:77)
	at java.base/jdk.internal.reflect.DelegatingMethodAccessorImpl.invoke(DelegatingMethodAccessorImpl.java:43)
	at H001 - Home Page.run(H001 - Home Page:20)
	at com.kms.katalon.core.main.ScriptEngine.run(ScriptEngine.java:194)
	at com.kms.katalon.core.main.ScriptEngine.runScriptAsRawText(ScriptEngine.java:119)
	at com.kms.katalon.core.main.TestCaseExecutor.runScript(TestCaseExecutor.java:448)
	at com.kms.katalon.core.main.TestCaseExecutor.doExecute(TestCaseExecutor.java:439)
	at com.kms.katalon.core.main.TestCaseExecutor.processExecutionPhase(TestCaseExecutor.java:418)
	at com.kms.katalon.core.main.TestCaseExecutor.accessMainPhase(TestCaseExecutor.java:410)
	at com.kms.katalon.core.main.TestCaseExecutor.execute(TestCaseExecutor.java:285)
	at com.kms.katalon.core.common.CommonExecutor.accessTestCaseMainPhase(CommonExecutor.java:65)
	at com.kms.katalon.core.main.TestSuiteExecutor.accessTestSuiteMainPhase(TestSuiteExecutor.java:148)
	at com.kms.katalon.core.main.TestSuiteExecutor.execute(TestSuiteExecutor.java:106)
	at com.kms.katalon.core.main.TestCaseMain.startTestSuite(TestCaseMain.java:180)
	at com.kms.katalon.core.main.TestCaseMain$startTestSuite$0.call(Unknown Source)
	at TempTestSuite1707229190276.run(TempTestSuite1707229190276.groovy:36)
	at java.base/jdk.internal.reflect.NativeMethodAccessorImpl.invoke0(Native Method)
	at java.base/jdk.internal.reflect.NativeMethodAccessorImpl.invoke(NativeMethodAccessorImpl.java:77)
	at java.base/jdk.internal.reflect.DelegatingMethodAccessorImpl.invoke(DelegatingMethodAccessorImpl.java:43)
Caused by: com.kms.katalon.core.exception.StepFailedException: com.kms.katalon.core.webui.exception.WebElementNotFoundException: Web element with id: 'Object Repository/ESO/Page_Home/a_The Elder Scrolls  Online' located by '//a[@id='navbarTopLogo']' not found
	at com.kms.katalon.core.webui.keyword.internal.WebUIKeywordMain.stepFailed(WebUIKeywordMain.groovy:64)
	at com.kms.katalon.core.webui.keyword.builtin.VerifyElementPresentKeyword$_verifyElementPresent_closure1.doCall(VerifyElementPresentKeyword.groovy:85)
	at com.kms.katalon.core.webui.keyword.builtin.VerifyElementPresentKeyword$_verifyElementPresent_closure1.call(VerifyElementPresentKeyword.groovy)
	at com.kms.katalon.core.webui.keyword.internal.WebUIKeywordMain.runKeyword(WebUIKeywordMain.groovy:20)
	... 41 more
)

06-02-2024T14:21:58 - [MESSAGE][INFO] - Finding Test Object 'Object Repository/ESO/Page_Home/a_The Elder Scrolls  Online'

06-02-2024T14:21:58 - [MESSAGE][INFO] - Checking object

06-02-2024T14:21:58 - [MESSAGE][INFO] - Finding web element from Test Object's properties

06-02-2024T14:21:58 - [MESSAGE][INFO] - Checking timeout

06-02-2024T14:21:58 - [MESSAGE][WARNING] - Timeout '0' is invalid. Using default page load timeout: '30'

06-02-2024T14:21:58 - [MESSAGE][INFO] - Finding web element with id: 'Object Repository/ESO/Page_Home/a_The Elder Scrolls  Online' located by 'By.xpath: //a[@id='navbarTopLogo']' in '30' second(s)

06-02-2024T14:21:58 - [MESSAGE][INFO] - Smart Wait Function is triggered

06-02-2024T14:21:59 - [MESSAGE][INFO] - Smart Wait Function is triggered

06-02-2024T14:22:01 - [MESSAGE][INFO] - Smart Wait Function is triggered

06-02-2024T14:22:03 - [MESSAGE][INFO] - Smart Wait Function is triggered

06-02-2024T14:22:04 - [MESSAGE][INFO] - Smart Wait Function is triggered

06-02-2024T14:22:07 - [MESSAGE][INFO] - Smart Wait Function is triggered

06-02-2024T14:22:09 - [MESSAGE][INFO] - Smart Wait Function is triggered

06-02-2024T14:22:11 - [MESSAGE][INFO] - Smart Wait Function is triggered

06-02-2024T14:22:12 - [MESSAGE][INFO] - Smart Wait Function is triggered

06-02-2024T14:22:14 - [MESSAGE][INFO] - Smart Wait Function is triggered

06-02-2024T14:22:16 - [MESSAGE][INFO] - Smart Wait Function is triggered

06-02-2024T14:22:17 - [MESSAGE][INFO] - Smart Wait Function is triggered

06-02-2024T14:22:19 - [MESSAGE][INFO] - Smart Wait Function is triggered

06-02-2024T14:22:20 - [MESSAGE][INFO] - Smart Wait Function is triggered

06-02-2024T14:22:22 - [MESSAGE][INFO] - Smart Wait Function is triggered

06-02-2024T14:22:25 - [MESSAGE][INFO] - Smart Wait Function is triggered

06-02-2024T14:22:26 - [MESSAGE][INFO] - Smart Wait Function is triggered

06-02-2024T14:22:29 - [MESSAGE][INFO] - Unable to find the element located by 'By.xpath: //a[@id='navbarTopLogo']'. Please recheck the objects properties to make sure the desired element is located. 

06-02-2024T14:22:33 - [MESSAGE][FAILED] - com.kms.katalon.core.webui.exception.WebElementNotFoundException: Web element with id: 'Object Repository/ESO/Page_Home/a_The Elder Scrolls  Online' located by '//a[@id='navbarTopLogo']' not found (Root cause: com.kms.katalon.core.exception.StepFailedException: com.kms.katalon.core.webui.exception.WebElementNotFoundException: Web element with id: 'Object Repository/ESO/Page_Home/a_The Elder Scrolls  Online' located by '//a[@id='navbarTopLogo']' not found
	at com.kms.katalon.core.webui.keyword.internal.WebUIKeywordMain.stepFailed(WebUIKeywordMain.groovy:64)
	at com.kms.katalon.core.webui.keyword.builtin.VerifyElementPresentKeyword$_verifyElementPresent_closure1.doCall(VerifyElementPresentKeyword.groovy:85)
	at com.kms.katalon.core.webui.keyword.builtin.VerifyElementPresentKeyword$_verifyElementPresent_closure1.call(VerifyElementPresentKeyword.groovy)
	at com.kms.katalon.core.webui.keyword.internal.WebUIKeywordMain.runKeyword(WebUIKeywordMain.groovy:20)
	at com.kms.katalon.core.webui.keyword.builtin.VerifyElementPresentKeyword.verifyElementPresent(VerifyElementPresentKeyword.groovy:92)
	at com.kms.katalon.core.webui.keyword.builtin.VerifyElementPresentKeyword.execute(VerifyElementPresentKeyword.groovy:68)
	at com.kms.katalon.core.keyword.internal.KeywordExecutor.executeKeywordForPlatform(KeywordExecutor.groovy:74)
	at com.kms.katalon.core.webui.keyword.WebUiBuiltInKeywords.verifyElementPresent(WebUiBuiltInKeywords.groovy:1503)
	at com.kms.katalon.core.webui.keyword.WebUiBuiltInKeywords$verifyElementPresent$2.call(Unknown Source)
	at Open ESO Page.run(Open ESO Page:28)
	at com.kms.katalon.core.main.ScriptEngine.run(ScriptEngine.java:194)
	at com.kms.katalon.core.main.ScriptEngine.runScriptAsRawText(ScriptEngine.java:119)
	at com.kms.katalon.core.main.TestCaseExecutor.runScript(TestCaseExecutor.java:448)
	at com.kms.katalon.core.main.TestCaseExecutor.doExecute(TestCaseExecutor.java:439)
	at com.kms.katalon.core.main.TestCaseExecutor.processExecutionPhase(TestCaseExecutor.java:418)
	at com.kms.katalon.core.main.TestCaseExecutor.accessMainPhase(TestCaseExecutor.java:410)
	at com.kms.katalon.core.main.TestCaseExecutor.execute(TestCaseExecutor.java:285)
	at com.kms.katalon.core.main.TestCaseMain.runTestCase(TestCaseMain.java:137)
	at com.kms.katalon.core.keyword.builtin.CallTestCaseKeyword$_callTestCase_closure1.doCall(CallTestCaseKeyword.groovy:59)
	at com.kms.katalon.core.keyword.builtin.CallTestCaseKeyword$_callTestCase_closure1.call(CallTestCaseKeyword.groovy)
	at com.kms.katalon.core.keyword.internal.KeywordMain.runKeyword(KeywordMain.groovy:75)
	at com.kms.katalon.core.keyword.builtin.CallTestCaseKeyword.callTestCase(CallTestCaseKeyword.groovy:81)
	at com.kms.katalon.core.keyword.builtin.CallTestCaseKeyword.execute(CallTestCaseKeyword.groovy:44)
	at com.kms.katalon.core.keyword.internal.KeywordExecutor.executeKeywordForPlatform(KeywordExecutor.groovy:74)
	at com.kms.katalon.core.keyword.BuiltinKeywords.callTestCase(BuiltinKeywords.groovy:310)
	at java.base/jdk.internal.reflect.NativeMethodAccessorImpl.invoke0(Native Method)
	at java.base/jdk.internal.reflect.NativeMethodAccessorImpl.invoke(NativeMethodAccessorImpl.java:77)
	at java.base/jdk.internal.reflect.DelegatingMethodAccessorImpl.invoke(DelegatingMethodAccessorImpl.java:43)
	at H001 - Home Page.run(H001 - Home Page:20)
	at com.kms.katalon.core.main.ScriptEngine.run(ScriptEngine.java:194)
	at com.kms.katalon.core.main.ScriptEngine.runScriptAsRawText(ScriptEngine.java:119)
	at com.kms.katalon.core.main.TestCaseExecutor.runScript(TestCaseExecutor.java:448)
	at com.kms.katalon.core.main.TestCaseExecutor.doExecute(TestCaseExecutor.java:439)
	at com.kms.katalon.core.main.TestCaseExecutor.processExecutionPhase(TestCaseExecutor.java:418)
	at com.kms.katalon.core.main.TestCaseExecutor.accessMainPhase(TestCaseExecutor.java:410)
	at com.kms.katalon.core.main.TestCaseExecutor.execute(TestCaseExecutor.java:285)
	at com.kms.katalon.core.common.CommonExecutor.accessTestCaseMainPhase(CommonExecutor.java:65)
	at com.kms.katalon.core.main.TestSuiteExecutor.accessTestSuiteMainPhase(TestSuiteExecutor.java:148)
	at com.kms.katalon.core.main.TestSuiteExecutor.execute(TestSuiteExecutor.java:106)
	at com.kms.katalon.core.main.TestCaseMain.startTestSuite(TestCaseMain.java:180)
	at com.kms.katalon.core.main.TestCaseMain$startTestSuite$0.call(Unknown Source)
	at TempTestSuite1707229190276.run(TempTestSuite1707229190276.groovy:36)
	at java.base/jdk.internal.reflect.NativeMethodAccessorImpl.invoke0(Native Method)
	at java.base/jdk.internal.reflect.NativeMethodAccessorImpl.invoke(NativeMethodAccessorImpl.java:77)
	at java.base/jdk.internal.reflect.DelegatingMethodAccessorImpl.invoke(DelegatingMethodAccessorImpl.java:43)
)
[[ATTACHMENT|C:\\Users\\Careca Delas\\Documents\\GitHub\\Oasis-Project\\Reports\\20240206_141942\\ESO\\TS004 - Home\\20240206_141950\\1707229349215.png]]

06-02-2024T14:22:37 - [MESSAGE][FAILED] - Unable to verify object 'Object Repository/ESO/Page_Home/a_The Elder Scrolls  Online' is present (Root cause: com.kms.katalon.core.exception.StepFailedException: Unable to verify object 'Object Repository/ESO/Page_Home/a_The Elder Scrolls  Online' is present
	at com.kms.katalon.core.webui.keyword.internal.WebUIKeywordMain.stepFailed(WebUIKeywordMain.groovy:64)
	at com.kms.katalon.core.webui.keyword.internal.WebUIKeywordMain.runKeyword(WebUIKeywordMain.groovy:26)
	at com.kms.katalon.core.webui.keyword.builtin.VerifyElementPresentKeyword.verifyElementPresent(VerifyElementPresentKeyword.groovy:92)
	at com.kms.katalon.core.webui.keyword.builtin.VerifyElementPresentKeyword.execute(VerifyElementPresentKeyword.groovy:68)
	at com.kms.katalon.core.keyword.internal.KeywordExecutor.executeKeywordForPlatform(KeywordExecutor.groovy:74)
	at com.kms.katalon.core.webui.keyword.WebUiBuiltInKeywords.verifyElementPresent(WebUiBuiltInKeywords.groovy:1503)
	at com.kms.katalon.core.webui.keyword.WebUiBuiltInKeywords$verifyElementPresent$2.call(Unknown Source)
	at Open ESO Page.run(Open ESO Page:28)
	at com.kms.katalon.core.main.ScriptEngine.run(ScriptEngine.java:194)
	at com.kms.katalon.core.main.ScriptEngine.runScriptAsRawText(ScriptEngine.java:119)
	at com.kms.katalon.core.main.TestCaseExecutor.runScript(TestCaseExecutor.java:448)
	at com.kms.katalon.core.main.TestCaseExecutor.doExecute(TestCaseExecutor.java:439)
	at com.kms.katalon.core.main.TestCaseExecutor.processExecutionPhase(TestCaseExecutor.java:418)
	at com.kms.katalon.core.main.TestCaseExecutor.accessMainPhase(TestCaseExecutor.java:410)
	at com.kms.katalon.core.main.TestCaseExecutor.execute(TestCaseExecutor.java:285)
	at com.kms.katalon.core.main.TestCaseMain.runTestCase(TestCaseMain.java:137)
	at com.kms.katalon.core.keyword.builtin.CallTestCaseKeyword$_callTestCase_closure1.doCall(CallTestCaseKeyword.groovy:59)
	at com.kms.katalon.core.keyword.builtin.CallTestCaseKeyword$_callTestCase_closure1.call(CallTestCaseKeyword.groovy)
	at com.kms.katalon.core.keyword.internal.KeywordMain.runKeyword(KeywordMain.groovy:75)
	at com.kms.katalon.core.keyword.builtin.CallTestCaseKeyword.callTestCase(CallTestCaseKeyword.groovy:81)
	at com.kms.katalon.core.keyword.builtin.CallTestCaseKeyword.execute(CallTestCaseKeyword.groovy:44)
	at com.kms.katalon.core.keyword.internal.KeywordExecutor.executeKeywordForPlatform(KeywordExecutor.groovy:74)
	at com.kms.katalon.core.keyword.BuiltinKeywords.callTestCase(BuiltinKeywords.groovy:310)
	at java.base/jdk.internal.reflect.NativeMethodAccessorImpl.invoke0(Native Method)
	at java.base/jdk.internal.reflect.NativeMethodAccessorImpl.invoke(NativeMethodAccessorImpl.java:77)
	at java.base/jdk.internal.reflect.DelegatingMethodAccessorImpl.invoke(DelegatingMethodAccessorImpl.java:43)
	at H001 - Home Page.run(H001 - Home Page:20)
	at com.kms.katalon.core.main.ScriptEngine.run(ScriptEngine.java:194)
	at com.kms.katalon.core.main.ScriptEngine.runScriptAsRawText(ScriptEngine.java:119)
	at com.kms.katalon.core.main.TestCaseExecutor.runScript(TestCaseExecutor.java:448)
	at com.kms.katalon.core.main.TestCaseExecutor.doExecute(TestCaseExecutor.java:439)
	at com.kms.katalon.core.main.TestCaseExecutor.processExecutionPhase(TestCaseExecutor.java:418)
	at com.kms.katalon.core.main.TestCaseExecutor.accessMainPhase(TestCaseExecutor.java:410)
	at com.kms.katalon.core.main.TestCaseExecutor.execute(TestCaseExecutor.java:285)
	at com.kms.katalon.core.common.CommonExecutor.accessTestCaseMainPhase(CommonExecutor.java:65)
	at com.kms.katalon.core.main.TestSuiteExecutor.accessTestSuiteMainPhase(TestSuiteExecutor.java:148)
	at com.kms.katalon.core.main.TestSuiteExecutor.execute(TestSuiteExecutor.java:106)
	at com.kms.katalon.core.main.TestCaseMain.startTestSuite(TestCaseMain.java:180)
	at com.kms.katalon.core.main.TestCaseMain$startTestSuite$0.call(Unknown Source)
	at TempTestSuite1707229190276.run(TempTestSuite1707229190276.groovy:36)
	at java.base/jdk.internal.reflect.NativeMethodAccessorImpl.invoke0(Native Method)
	at java.base/jdk.internal.reflect.NativeMethodAccessorImpl.invoke(NativeMethodAccessorImpl.java:77)
	at java.base/jdk.internal.reflect.DelegatingMethodAccessorImpl.invoke(DelegatingMethodAccessorImpl.java:43)
Caused by: com.kms.katalon.core.exception.StepFailedException: com.kms.katalon.core.webui.exception.WebElementNotFoundException: Web element with id: 'Object Repository/ESO/Page_Home/a_The Elder Scrolls  Online' located by '//a[@id='navbarTopLogo']' not found
	at com.kms.katalon.core.webui.keyword.internal.WebUIKeywordMain.stepFailed(WebUIKeywordMain.groovy:64)
	at com.kms.katalon.core.webui.keyword.builtin.VerifyElementPresentKeyword$_verifyElementPresent_closure1.doCall(VerifyElementPresentKeyword.groovy:85)
	at com.kms.katalon.core.webui.keyword.builtin.VerifyElementPresentKeyword$_verifyElementPresent_closure1.call(VerifyElementPresentKeyword.groovy)
	at com.kms.katalon.core.webui.keyword.internal.WebUIKeywordMain.runKeyword(WebUIKeywordMain.groovy:20)
	... 41 more
)
[[ATTACHMENT|C:\\Users\\Careca Delas\\Documents\\GitHub\\Oasis-Project\\Reports\\20240206_141942\\ESO\\TS004 - Home\\20240206_141950\\1707229353802.png]]

06-02-2024T14:22:37 - [MESSAGE][FAILED] - Unable to call Test Case 'Test Cases/ESO/Misc Tests/Open ESO Page' (Root cause: com.kms.katalon.core.exception.StepFailedException: Call Test Case 'Test Cases/ESO/Misc Tests/Open ESO Page' failed
	at com.kms.katalon.core.keyword.builtin.CallTestCaseKeyword$_callTestCase_closure1.doCall(CallTestCaseKeyword.groovy:63)
	at com.kms.katalon.core.keyword.builtin.CallTestCaseKeyword$_callTestCase_closure1.call(CallTestCaseKeyword.groovy)
	at com.kms.katalon.core.keyword.internal.KeywordMain.runKeyword(KeywordMain.groovy:75)
	at com.kms.katalon.core.keyword.builtin.CallTestCaseKeyword.callTestCase(CallTestCaseKeyword.groovy:81)
	at com.kms.katalon.core.keyword.builtin.CallTestCaseKeyword.execute(CallTestCaseKeyword.groovy:44)
	at com.kms.katalon.core.keyword.internal.KeywordExecutor.executeKeywordForPlatform(KeywordExecutor.groovy:74)
	at com.kms.katalon.core.keyword.BuiltinKeywords.callTestCase(BuiltinKeywords.groovy:310)
	at java.base/jdk.internal.reflect.NativeMethodAccessorImpl.invoke0(Native Method)
	at java.base/jdk.internal.reflect.NativeMethodAccessorImpl.invoke(NativeMethodAccessorImpl.java:77)
	at java.base/jdk.internal.reflect.DelegatingMethodAccessorImpl.invoke(DelegatingMethodAccessorImpl.java:43)
	at H001 - Home Page.run(H001 - Home Page:20)
	at com.kms.katalon.core.main.ScriptEngine.run(ScriptEngine.java:194)
	at com.kms.katalon.core.main.ScriptEngine.runScriptAsRawText(ScriptEngine.java:119)
	at com.kms.katalon.core.main.TestCaseExecutor.runScript(TestCaseExecutor.java:448)
	at com.kms.katalon.core.main.TestCaseExecutor.doExecute(TestCaseExecutor.java:439)
	at com.kms.katalon.core.main.TestCaseExecutor.processExecutionPhase(TestCaseExecutor.java:418)
	at com.kms.katalon.core.main.TestCaseExecutor.accessMainPhase(TestCaseExecutor.java:410)
	at com.kms.katalon.core.main.TestCaseExecutor.execute(TestCaseExecutor.java:285)
	at com.kms.katalon.core.common.CommonExecutor.accessTestCaseMainPhase(CommonExecutor.java:65)
	at com.kms.katalon.core.main.TestSuiteExecutor.accessTestSuiteMainPhase(TestSuiteExecutor.java:148)
	at com.kms.katalon.core.main.TestSuiteExecutor.execute(TestSuiteExecutor.java:106)
	at com.kms.katalon.core.main.TestCaseMain.startTestSuite(TestCaseMain.java:180)
	at com.kms.katalon.core.main.TestCaseMain$startTestSuite$0.call(Unknown Source)
	at TempTestSuite1707229190276.run(TempTestSuite1707229190276.groovy:36)
	at java.base/jdk.internal.reflect.NativeMethodAccessorImpl.invoke0(Native Method)
	at java.base/jdk.internal.reflect.NativeMethodAccessorImpl.invoke(NativeMethodAccessorImpl.java:77)
	at java.base/jdk.internal.reflect.DelegatingMethodAccessorImpl.invoke(DelegatingMethodAccessorImpl.java:43)
Caused by: com.kms.katalon.core.exception.StepFailedException: Unable to verify object 'Object Repository/ESO/Page_Home/a_The Elder Scrolls  Online' is present
	at com.kms.katalon.core.webui.keyword.internal.WebUIKeywordMain.stepFailed(WebUIKeywordMain.groovy:64)
	at com.kms.katalon.core.webui.keyword.internal.WebUIKeywordMain.runKeyword(WebUIKeywordMain.groovy:26)
	at com.kms.katalon.core.webui.keyword.builtin.VerifyElementPresentKeyword.verifyElementPresent(VerifyElementPresentKeyword.groovy:92)
	at com.kms.katalon.core.webui.keyword.builtin.VerifyElementPresentKeyword.execute(VerifyElementPresentKeyword.groovy:68)
	at com.kms.katalon.core.keyword.internal.KeywordExecutor.executeKeywordForPlatform(KeywordExecutor.groovy:74)
	at com.kms.katalon.core.webui.keyword.WebUiBuiltInKeywords.verifyElementPresent(WebUiBuiltInKeywords.groovy:1503)
	at com.kms.katalon.core.webui.keyword.WebUiBuiltInKeywords$verifyElementPresent$2.call(Unknown Source)
	at Open ESO Page.run(Open ESO Page:28)
	at com.kms.katalon.core.main.ScriptEngine.run(ScriptEngine.java:194)
	at com.kms.katalon.core.main.ScriptEngine.runScriptAsRawText(ScriptEngine.java:119)
	at com.kms.katalon.core.main.TestCaseExecutor.runScript(TestCaseExecutor.java:448)
	at com.kms.katalon.core.main.TestCaseExecutor.doExecute(TestCaseExecutor.java:439)
	at com.kms.katalon.core.main.TestCaseExecutor.processExecutionPhase(TestCaseExecutor.java:418)
	at com.kms.katalon.core.main.TestCaseExecutor.accessMainPhase(TestCaseExecutor.java:410)
	at com.kms.katalon.core.main.TestCaseExecutor.execute(TestCaseExecutor.java:285)
	at com.kms.katalon.core.main.TestCaseMain.runTestCase(TestCaseMain.java:137)
	at com.kms.katalon.core.keyword.builtin.CallTestCaseKeyword$_callTestCase_closure1.doCall(CallTestCaseKeyword.groovy:59)
	... 26 more
Caused by: com.kms.katalon.core.exception.StepFailedException: com.kms.katalon.core.webui.exception.WebElementNotFoundException: Web element with id: 'Object Repository/ESO/Page_Home/a_The Elder Scrolls  Online' located by '//a[@id='navbarTopLogo']' not found
	at com.kms.katalon.core.webui.keyword.internal.WebUIKeywordMain.stepFailed(WebUIKeywordMain.groovy:64)
	at com.kms.katalon.core.webui.keyword.builtin.VerifyElementPresentKeyword$_verifyElementPresent_closure1.doCall(VerifyElementPresentKeyword.groovy:85)
	at com.kms.katalon.core.webui.keyword.builtin.VerifyElementPresentKeyword$_verifyElementPresent_closure1.call(VerifyElementPresentKeyword.groovy)
	at com.kms.katalon.core.webui.keyword.internal.WebUIKeywordMain.runKeyword(WebUIKeywordMain.groovy:20)
	... 41 more
)

06-02-2024T14:22:37 - [TEST_STEP][PASSED] - Video: Video recording for test case 'Test Cases/ESO/Home Validation/H001 - Home Page' .

06-02-2024T14:22:37 - [MESSAGE][INFO] - Video recording for test case 'Test Cases/ESO/Home Validation/H001 - Home Page' .]]></system-out>
         <system-err><![CDATA[06-02-2024T14:21:17 - [TEST_CASE][FAILED] - Test Cases/ESO/Home Validation/H001 - Home Page: Test Cases/ESO/Home Validation/H001 - Home Page FAILED.
Reason:
com.kms.katalon.core.exception.StepFailedException: Call Test Case 'Test Cases/ESO/Misc Tests/Open ESO Page' failed
	at com.kms.katalon.core.keyword.builtin.CallTestCaseKeyword$_callTestCase_closure1.doCall(CallTestCaseKeyword.groovy:63)
	at com.kms.katalon.core.keyword.builtin.CallTestCaseKeyword$_callTestCase_closure1.call(CallTestCaseKeyword.groovy)
	at com.kms.katalon.core.keyword.internal.KeywordMain.runKeyword(KeywordMain.groovy:75)
	at com.kms.katalon.core.keyword.builtin.CallTestCaseKeyword.callTestCase(CallTestCaseKeyword.groovy:81)
	at com.kms.katalon.core.keyword.builtin.CallTestCaseKeyword.execute(CallTestCaseKeyword.groovy:44)
	at com.kms.katalon.core.keyword.internal.KeywordExecutor.executeKeywordForPlatform(KeywordExecutor.groovy:74)
	at com.kms.katalon.core.keyword.BuiltinKeywords.callTestCase(BuiltinKeywords.groovy:310)
	at java.base/jdk.internal.reflect.NativeMethodAccessorImpl.invoke0(Native Method)
	at java.base/jdk.internal.reflect.NativeMethodAccessorImpl.invoke(NativeMethodAccessorImpl.java:77)
	at java.base/jdk.internal.reflect.DelegatingMethodAccessorImpl.invoke(DelegatingMethodAccessorImpl.java:43)
	at H001 - Home Page.run(H001 - Home Page:20)
	at com.kms.katalon.core.main.ScriptEngine.run(ScriptEngine.java:194)
	at com.kms.katalon.core.main.ScriptEngine.runScriptAsRawText(ScriptEngine.java:119)
	at com.kms.katalon.core.main.TestCaseExecutor.runScript(TestCaseExecutor.java:448)
	at com.kms.katalon.core.main.TestCaseExecutor.doExecute(TestCaseExecutor.java:439)
	at com.kms.katalon.core.main.TestCaseExecutor.processExecutionPhase(TestCaseExecutor.java:418)
	at com.kms.katalon.core.main.TestCaseExecutor.accessMainPhase(TestCaseExecutor.java:410)
	at com.kms.katalon.core.main.TestCaseExecutor.execute(TestCaseExecutor.java:285)
	at com.kms.katalon.core.common.CommonExecutor.accessTestCaseMainPhase(CommonExecutor.java:65)
	at com.kms.katalon.core.main.TestSuiteExecutor.accessTestSuiteMainPhase(TestSuiteExecutor.java:148)
	at com.kms.katalon.core.main.TestSuiteExecutor.execute(TestSuiteExecutor.java:106)
	at com.kms.katalon.core.main.TestCaseMain.startTestSuite(TestCaseMain.java:180)
	at com.kms.katalon.core.main.TestCaseMain$startTestSuite$0.call(Unknown Source)
	at TempTestSuite1707229190276.run(TempTestSuite1707229190276.groovy:36)
	at java.base/jdk.internal.reflect.NativeMethodAccessorImpl.invoke0(Native Method)
	at java.base/jdk.internal.reflect.NativeMethodAccessorImpl.invoke(NativeMethodAccessorImpl.java:77)
	at java.base/jdk.internal.reflect.DelegatingMethodAccessorImpl.invoke(DelegatingMethodAccessorImpl.java:43)
Caused by: com.kms.katalon.core.exception.StepFailedException: Unable to verify object 'Object Repository/ESO/Page_Home/a_The Elder Scrolls  Online' is present
	at com.kms.katalon.core.webui.keyword.internal.WebUIKeywordMain.stepFailed(WebUIKeywordMain.groovy:64)
	at com.kms.katalon.core.webui.keyword.internal.WebUIKeywordMain.runKeyword(WebUIKeywordMain.groovy:26)
	at com.kms.katalon.core.webui.keyword.builtin.VerifyElementPresentKeyword.verifyElementPresent(VerifyElementPresentKeyword.groovy:92)
	at com.kms.katalon.core.webui.keyword.builtin.VerifyElementPresentKeyword.execute(VerifyElementPresentKeyword.groovy:68)
	at com.kms.katalon.core.keyword.internal.KeywordExecutor.executeKeywordForPlatform(KeywordExecutor.groovy:74)
	at com.kms.katalon.core.webui.keyword.WebUiBuiltInKeywords.verifyElementPresent(WebUiBuiltInKeywords.groovy:1503)
	at com.kms.katalon.core.webui.keyword.WebUiBuiltInKeywords$verifyElementPresent$2.call(Unknown Source)
	at Open ESO Page.run(Open ESO Page:28)
	at com.kms.katalon.core.main.ScriptEngine.run(ScriptEngine.java:194)
	at com.kms.katalon.core.main.ScriptEngine.runScriptAsRawText(ScriptEngine.java:119)
	at com.kms.katalon.core.main.TestCaseExecutor.runScript(TestCaseExecutor.java:448)
	at com.kms.katalon.core.main.TestCaseExecutor.doExecute(TestCaseExecutor.java:439)
	at com.kms.katalon.core.main.TestCaseExecutor.processExecutionPhase(TestCaseExecutor.java:418)
	at com.kms.katalon.core.main.TestCaseExecutor.accessMainPhase(TestCaseExecutor.java:410)
	at com.kms.katalon.core.main.TestCaseExecutor.execute(TestCaseExecutor.java:285)
	at com.kms.katalon.core.main.TestCaseMain.runTestCase(TestCaseMain.java:137)
	at com.kms.katalon.core.keyword.builtin.CallTestCaseKeyword$_callTestCase_closure1.doCall(CallTestCaseKeyword.groovy:59)
	... 26 more
Caused by: com.kms.katalon.core.exception.StepFailedException: com.kms.katalon.core.webui.exception.WebElementNotFoundException: Web element with id: 'Object Repository/ESO/Page_Home/a_The Elder Scrolls  Online' located by '//a[@id='navbarTopLogo']' not found
	at com.kms.katalon.core.webui.keyword.internal.WebUIKeywordMain.stepFailed(WebUIKeywordMain.groovy:64)
	at com.kms.katalon.core.webui.keyword.builtin.VerifyElementPresentKeyword$_verifyElementPresent_closure1.doCall(VerifyElementPresentKeyword.groovy:85)
	at com.kms.katalon.core.webui.keyword.builtin.VerifyElementPresentKeyword$_verifyElementPresent_closure1.call(VerifyElementPresentKeyword.groovy)
	at com.kms.katalon.core.webui.keyword.internal.WebUIKeywordMain.runKeyword(WebUIKeywordMain.groovy:20)
	... 41 more]]></system-err>
      </testcase>
      <system-out><![CDATA[06-02-2024T14:21:17 - [TEST_SUITE][FAILED] - TS004 - Home: Test Cases/ESO/Home Validation/H001 - Home Page FAILED.
Reason:
com.kms.katalon.core.exception.StepFailedException: Call Test Case 'Test Cases/ESO/Misc Tests/Open ESO Page' failed
	at com.kms.katalon.core.keyword.builtin.CallTestCaseKeyword$_callTestCase_closure1.doCall(CallTestCaseKeyword.groovy:63)
	at com.kms.katalon.core.keyword.builtin.CallTestCaseKeyword$_callTestCase_closure1.call(CallTestCaseKeyword.groovy)
	at com.kms.katalon.core.keyword.internal.KeywordMain.runKeyword(KeywordMain.groovy:75)
	at com.kms.katalon.core.keyword.builtin.CallTestCaseKeyword.callTestCase(CallTestCaseKeyword.groovy:81)
	at com.kms.katalon.core.keyword.builtin.CallTestCaseKeyword.execute(CallTestCaseKeyword.groovy:44)
	at com.kms.katalon.core.keyword.internal.KeywordExecutor.executeKeywordForPlatform(KeywordExecutor.groovy:74)
	at com.kms.katalon.core.keyword.BuiltinKeywords.callTestCase(BuiltinKeywords.groovy:310)
	at java.base/jdk.internal.reflect.NativeMethodAccessorImpl.invoke0(Native Method)
	at java.base/jdk.internal.reflect.NativeMethodAccessorImpl.invoke(NativeMethodAccessorImpl.java:77)
	at java.base/jdk.internal.reflect.DelegatingMethodAccessorImpl.invoke(DelegatingMethodAccessorImpl.java:43)
	at H001 - Home Page.run(H001 - Home Page:20)
	at com.kms.katalon.core.main.ScriptEngine.run(ScriptEngine.java:194)
	at com.kms.katalon.core.main.ScriptEngine.runScriptAsRawText(ScriptEngine.java:119)
	at com.kms.katalon.core.main.TestCaseExecutor.runScript(TestCaseExecutor.java:448)
	at com.kms.katalon.core.main.TestCaseExecutor.doExecute(TestCaseExecutor.java:439)
	at com.kms.katalon.core.main.TestCaseExecutor.processExecutionPhase(TestCaseExecutor.java:418)
	at com.kms.katalon.core.main.TestCaseExecutor.accessMainPhase(TestCaseExecutor.java:410)
	at com.kms.katalon.core.main.TestCaseExecutor.execute(TestCaseExecutor.java:285)
	at com.kms.katalon.core.common.CommonExecutor.accessTestCaseMainPhase(CommonExecutor.java:65)
	at com.kms.katalon.core.main.TestSuiteExecutor.accessTestSuiteMainPhase(TestSuiteExecutor.java:148)
	at com.kms.katalon.core.main.TestSuiteExecutor.execute(TestSuiteExecutor.java:106)
	at com.kms.katalon.core.main.TestCaseMain.startTestSuite(TestCaseMain.java:180)
	at com.kms.katalon.core.main.TestCaseMain$startTestSuite$0.call(Unknown Source)
	at TempTestSuite1707229190276.run(TempTestSuite1707229190276.groovy:36)
	at java.base/jdk.internal.reflect.NativeMethodAccessorImpl.invoke0(Native Method)
	at java.base/jdk.internal.reflect.NativeMethodAccessorImpl.invoke(NativeMethodAccessorImpl.java:77)
	at java.base/jdk.internal.reflect.DelegatingMethodAccessorImpl.invoke(DelegatingMethodAccessorImpl.java:43)
Caused by: com.kms.katalon.core.exception.StepFailedException: Unable to verify object 'Object Repository/ESO/Page_Home/a_The Elder Scrolls  Online' is present
	at com.kms.katalon.core.webui.keyword.internal.WebUIKeywordMain.stepFailed(WebUIKeywordMain.groovy:64)
	at com.kms.katalon.core.webui.keyword.internal.WebUIKeywordMain.runKeyword(WebUIKeywordMain.groovy:26)
	at com.kms.katalon.core.webui.keyword.builtin.VerifyElementPresentKeyword.verifyElementPresent(VerifyElementPresentKeyword.groovy:92)
	at com.kms.katalon.core.webui.keyword.builtin.VerifyElementPresentKeyword.execute(VerifyElementPresentKeyword.groovy:68)
	at com.kms.katalon.core.keyword.internal.KeywordExecutor.executeKeywordForPlatform(KeywordExecutor.groovy:74)
	at com.kms.katalon.core.webui.keyword.WebUiBuiltInKeywords.verifyElementPresent(WebUiBuiltInKeywords.groovy:1503)
	at com.kms.katalon.core.webui.keyword.WebUiBuiltInKeywords$verifyElementPresent$2.call(Unknown Source)
	at Open ESO Page.run(Open ESO Page:28)
	at com.kms.katalon.core.main.ScriptEngine.run(ScriptEngine.java:194)
	at com.kms.katalon.core.main.ScriptEngine.runScriptAsRawText(ScriptEngine.java:119)
	at com.kms.katalon.core.main.TestCaseExecutor.runScript(TestCaseExecutor.java:448)
	at com.kms.katalon.core.main.TestCaseExecutor.doExecute(TestCaseExecutor.java:439)
	at com.kms.katalon.core.main.TestCaseExecutor.processExecutionPhase(TestCaseExecutor.java:418)
	at com.kms.katalon.core.main.TestCaseExecutor.accessMainPhase(TestCaseExecutor.java:410)
	at com.kms.katalon.core.main.TestCaseExecutor.execute(TestCaseExecutor.java:285)
	at com.kms.katalon.core.main.TestCaseMain.runTestCase(TestCaseMain.java:137)
	at com.kms.katalon.core.keyword.builtin.CallTestCaseKeyword$_callTestCase_closure1.doCall(CallTestCaseKeyword.groovy:59)
	... 26 more
Caused by: com.kms.katalon.core.exception.StepFailedException: com.kms.katalon.core.webui.exception.WebElementNotFoundException: Web element with id: 'Object Repository/ESO/Page_Home/a_The Elder Scrolls  Online' located by '//a[@id='navbarTopLogo']' not found
	at com.kms.katalon.core.webui.keyword.internal.WebUIKeywordMain.stepFailed(WebUIKeywordMain.groovy:64)
	at com.kms.katalon.core.webui.keyword.builtin.VerifyElementPresentKeyword$_verifyElementPresent_closure1.doCall(VerifyElementPresentKeyword.groovy:85)
	at com.kms.katalon.core.webui.keyword.builtin.VerifyElementPresentKeyword$_verifyElementPresent_closure1.call(VerifyElementPresentKeyword.groovy)
	at com.kms.katalon.core.webui.keyword.internal.WebUIKeywordMain.runKeyword(WebUIKeywordMain.groovy:20)
	... 41 more]]></system-out>
      <system-err><![CDATA[06-02-2024T14:21:17 - [TEST_SUITE][FAILED] - TS004 - Home: Test Cases/ESO/Home Validation/H001 - Home Page FAILED.
Reason:
com.kms.katalon.core.exception.StepFailedException: Call Test Case 'Test Cases/ESO/Misc Tests/Open ESO Page' failed
	at com.kms.katalon.core.keyword.builtin.CallTestCaseKeyword$_callTestCase_closure1.doCall(CallTestCaseKeyword.groovy:63)
	at com.kms.katalon.core.keyword.builtin.CallTestCaseKeyword$_callTestCase_closure1.call(CallTestCaseKeyword.groovy)
	at com.kms.katalon.core.keyword.internal.KeywordMain.runKeyword(KeywordMain.groovy:75)
	at com.kms.katalon.core.keyword.builtin.CallTestCaseKeyword.callTestCase(CallTestCaseKeyword.groovy:81)
	at com.kms.katalon.core.keyword.builtin.CallTestCaseKeyword.execute(CallTestCaseKeyword.groovy:44)
	at com.kms.katalon.core.keyword.internal.KeywordExecutor.executeKeywordForPlatform(KeywordExecutor.groovy:74)
	at com.kms.katalon.core.keyword.BuiltinKeywords.callTestCase(BuiltinKeywords.groovy:310)
	at java.base/jdk.internal.reflect.NativeMethodAccessorImpl.invoke0(Native Method)
	at java.base/jdk.internal.reflect.NativeMethodAccessorImpl.invoke(NativeMethodAccessorImpl.java:77)
	at java.base/jdk.internal.reflect.DelegatingMethodAccessorImpl.invoke(DelegatingMethodAccessorImpl.java:43)
	at H001 - Home Page.run(H001 - Home Page:20)
	at com.kms.katalon.core.main.ScriptEngine.run(ScriptEngine.java:194)
	at com.kms.katalon.core.main.ScriptEngine.runScriptAsRawText(ScriptEngine.java:119)
	at com.kms.katalon.core.main.TestCaseExecutor.runScript(TestCaseExecutor.java:448)
	at com.kms.katalon.core.main.TestCaseExecutor.doExecute(TestCaseExecutor.java:439)
	at com.kms.katalon.core.main.TestCaseExecutor.processExecutionPhase(TestCaseExecutor.java:418)
	at com.kms.katalon.core.main.TestCaseExecutor.accessMainPhase(TestCaseExecutor.java:410)
	at com.kms.katalon.core.main.TestCaseExecutor.execute(TestCaseExecutor.java:285)
	at com.kms.katalon.core.common.CommonExecutor.accessTestCaseMainPhase(CommonExecutor.java:65)
	at com.kms.katalon.core.main.TestSuiteExecutor.accessTestSuiteMainPhase(TestSuiteExecutor.java:148)
	at com.kms.katalon.core.main.TestSuiteExecutor.execute(TestSuiteExecutor.java:106)
	at com.kms.katalon.core.main.TestCaseMain.startTestSuite(TestCaseMain.java:180)
	at com.kms.katalon.core.main.TestCaseMain$startTestSuite$0.call(Unknown Source)
	at TempTestSuite1707229190276.run(TempTestSuite1707229190276.groovy:36)
	at java.base/jdk.internal.reflect.NativeMethodAccessorImpl.invoke0(Native Method)
	at java.base/jdk.internal.reflect.NativeMethodAccessorImpl.invoke(NativeMethodAccessorImpl.java:77)
	at java.base/jdk.internal.reflect.DelegatingMethodAccessorImpl.invoke(DelegatingMethodAccessorImpl.java:43)
Caused by: com.kms.katalon.core.exception.StepFailedException: Unable to verify object 'Object Repository/ESO/Page_Home/a_The Elder Scrolls  Online' is present
	at com.kms.katalon.core.webui.keyword.internal.WebUIKeywordMain.stepFailed(WebUIKeywordMain.groovy:64)
	at com.kms.katalon.core.webui.keyword.internal.WebUIKeywordMain.runKeyword(WebUIKeywordMain.groovy:26)
	at com.kms.katalon.core.webui.keyword.builtin.VerifyElementPresentKeyword.verifyElementPresent(VerifyElementPresentKeyword.groovy:92)
	at com.kms.katalon.core.webui.keyword.builtin.VerifyElementPresentKeyword.execute(VerifyElementPresentKeyword.groovy:68)
	at com.kms.katalon.core.keyword.internal.KeywordExecutor.executeKeywordForPlatform(KeywordExecutor.groovy:74)
	at com.kms.katalon.core.webui.keyword.WebUiBuiltInKeywords.verifyElementPresent(WebUiBuiltInKeywords.groovy:1503)
	at com.kms.katalon.core.webui.keyword.WebUiBuiltInKeywords$verifyElementPresent$2.call(Unknown Source)
	at Open ESO Page.run(Open ESO Page:28)
	at com.kms.katalon.core.main.ScriptEngine.run(ScriptEngine.java:194)
	at com.kms.katalon.core.main.ScriptEngine.runScriptAsRawText(ScriptEngine.java:119)
	at com.kms.katalon.core.main.TestCaseExecutor.runScript(TestCaseExecutor.java:448)
	at com.kms.katalon.core.main.TestCaseExecutor.doExecute(TestCaseExecutor.java:439)
	at com.kms.katalon.core.main.TestCaseExecutor.processExecutionPhase(TestCaseExecutor.java:418)
	at com.kms.katalon.core.main.TestCaseExecutor.accessMainPhase(TestCaseExecutor.java:410)
	at com.kms.katalon.core.main.TestCaseExecutor.execute(TestCaseExecutor.java:285)
	at com.kms.katalon.core.main.TestCaseMain.runTestCase(TestCaseMain.java:137)
	at com.kms.katalon.core.keyword.builtin.CallTestCaseKeyword$_callTestCase_closure1.doCall(CallTestCaseKeyword.groovy:59)
	... 26 more
Caused by: com.kms.katalon.core.exception.StepFailedException: com.kms.katalon.core.webui.exception.WebElementNotFoundException: Web element with id: 'Object Repository/ESO/Page_Home/a_The Elder Scrolls  Online' located by '//a[@id='navbarTopLogo']' not found
	at com.kms.katalon.core.webui.keyword.internal.WebUIKeywordMain.stepFailed(WebUIKeywordMain.groovy:64)
	at com.kms.katalon.core.webui.keyword.builtin.VerifyElementPresentKeyword$_verifyElementPresent_closure1.doCall(VerifyElementPresentKeyword.groovy:85)
	at com.kms.katalon.core.webui.keyword.builtin.VerifyElementPresentKeyword$_verifyElementPresent_closure1.call(VerifyElementPresentKeyword.groovy)
	at com.kms.katalon.core.webui.keyword.internal.WebUIKeywordMain.runKeyword(WebUIKeywordMain.groovy:20)
	... 41 more]]></system-err>
   </testsuite>
   <testsuite name="TS004 - Home" tests="2" failures="0" errors="0" time="152.717" skipped="0" timestamp="06-02-2024T14:21:25" hostname="Careca Delas - Careca-Desktop.home" id="Test Suites/ESO/TS004 - Home">
      <properties>
         <property name="deviceName" value="Google Pixel 8"/>
         <property name="devicePlatform" value="ANDROID"/>
         <property name="logFolder" value="C:\\Users\\Careca Delas\\Documents\\GitHub\\Oasis-Project\\Reports\\20240206_141942\\ESO\\TS004 - Home\\20240206_141952"/>
         <property name="logFiles" value="C:\\Users\\Careca Delas\\Documents\\GitHub\\Oasis-Project\\Reports\\20240206_141942\\ESO\\TS004 - Home\\20240206_141952\\execution0.log"/>
         <property name="attachments" value=""/>
         <property name="hostName" value="Careca Delas - Careca-Desktop.home"/>
         <property name="remoteDriverUrl" value="testcloud.katalon.com/hub"/>
         <property name="desiredCapabilities" value="{&#xa;  &quot;appPackage&quot;: &quot;com.android.chrome&quot;,&#xa;  &quot;chromedriverPorts&quot;: [&#xa;    [&#xa;      11001,&#xa;      11049&#xa;    ]&#xa;  ],&#xa;  &quot;statBarHeight&quot;: 132,&#xa;  &quot;viewportRect&quot;: {&#xa;    &quot;height&quot;: 2010,&#xa;    &quot;left&quot;: 0,&#xa;    &quot;top&quot;: 132,&#xa;    &quot;width&quot;: 1080&#xa;  },&#xa;  &quot;deviceName&quot;: &quot;Google Pixel 8&quot;,&#xa;  &quot;platform&quot;: &quot;ANDROID&quot;,&#xa;  &quot;deviceUDID&quot;: &quot;38021FDJH00AVK&quot;,&#xa;  &quot;desired&quot;: {&#xa;    &quot;autoAcceptAlerts&quot;: true,&#xa;    &quot;browserName&quot;: &quot;Chrome&quot;,&#xa;    &quot;chromeOptions&quot;: {&#xa;      &quot;args&quot;: []&#xa;    },&#xa;    &quot;chromedriverExecutableDir&quot;: &quot;/appium/assets/drivers/chromedriver&quot;,&#xa;    &quot;chromedriverPorts&quot;: [&#xa;      [&#xa;        11001,&#xa;        11049&#xa;      ]&#xa;    ],&#xa;    &quot;deviceName&quot;: &quot;Pixel 8&quot;,&#xa;    &quot;headless&quot;: false,&#xa;    &quot;nativeWebScreenshot&quot;: true,&#xa;    &quot;newCommandTimeout&quot;: 0,&#xa;    &quot;orientation&quot;: &quot;PORTRAIT&quot;,&#xa;    &quot;platformName&quot;: &quot;Android&quot;,&#xa;    &quot;platformVersion&quot;: &quot;14&quot;,&#xa;    &quot;udid&quot;: &quot;38021FDJH00AVK&quot;,&#xa;    &quot;waitForQuiescence&quot;: false&#xa;  },&#xa;  &quot;nativeWebScreenshot&quot;: true,&#xa;  &quot;newCommandTimeout&quot;: 0,&#xa;  &quot;requestId&quot;: &quot;27aaa3b0-d2dc-4d03-9c22-42e1f0e6ff5d&quot;,&#xa;  &quot;browserVersion&quot;: &quot;114.0.0.0&quot;,&#xa;  &quot;platformVersion&quot;: &quot;14&quot;,&#xa;  &quot;webStorageEnabled&quot;: false,&#xa;  &quot;browserName&quot;: &quot;Chrome&quot;,&#xa;  &quot;takesScreenshot&quot;: true,&#xa;  &quot;javascriptEnabled&quot;: true,&#xa;  &quot;katalon:option&quot;: {&#xa;    &quot;unlimitedExecutionMinutes&quot;: true,&#xa;    &quot;deviceVersion&quot;: &quot;14&quot;,&#xa;    &quot;deviceId&quot;: &quot;google_pixel_8&quot;,&#xa;    &quot;userId&quot;: 1423099,&#xa;    &quot;organizationId&quot;: &quot;1380540&quot;,&#xa;    &quot;class&quot;: &quot;com.katalon.testcloud.grid.common.tunnel.domain.UserOptionCapability&quot;,&#xa;    &quot;runFromTestCloud&quot;: true,&#xa;    &quot;usingTunnel&quot;: false&#xa;  },&#xa;  &quot;deviceApiLevel&quot;: 34,&#xa;  &quot;deviceManufacturer&quot;: &quot;Google&quot;,&#xa;  &quot;platformName&quot;: &quot;ANDROID&quot;,&#xa;  &quot;udid&quot;: &quot;38021FDJH00AVK&quot;,&#xa;  &quot;chromedriverExecutableDir&quot;: &quot;/appium/assets/drivers/chromedriver&quot;,&#xa;  &quot;deviceScreenSize&quot;: &quot;1080x2400&quot;,&#xa;  &quot;networkConnectionEnabled&quot;: true,&#xa;  &quot;orientation&quot;: &quot;PORTRAIT&quot;,&#xa;  &quot;warnings&quot;: {},&#xa;  &quot;databaseEnabled&quot;: false,&#xa;  &quot;***:loadExtension&quot;: [&#xa;    &quot;https://prod-magicleap-user-files-us-east-1-v1.s3.amazonaws.com/extensions/orgId-691279/SmartWait.zip&quot;&#xa;  ],&#xa;  &quot;version&quot;: &quot;latest&quot;,&#xa;  &quot;se:cdp&quot;: &quot;ws://172.48.126.73:4444/session/9b5c984a-b905-472c-9b80-ac12b0936db8/se/cdp&quot;,&#xa;  &quot;appActivity&quot;: &quot;com.google.android.apps.chrome.Main&quot;,&#xa;  &quot;headless&quot;: false,&#xa;  &quot;waitForQuiescence&quot;: false,&#xa;  &quot;proxy&quot;: {&#xa;    &quot;proxyType&quot;: &quot;DIRECT&quot;,&#xa;    &quot;autodetect&quot;: false&#xa;  },&#xa;  &quot;pixelRatio&quot;: 2.625,&#xa;  &quot;locationContextEnabled&quot;: false,&#xa;  &quot;deviceModel&quot;: &quot;Pixel 8&quot;,&#xa;  &quot;deviceScreenDensity&quot;: 420,&#xa;  &quot;chromeOptions&quot;: {&#xa;    &quot;args&quot;: []&#xa;  },&#xa;  &quot;autoAcceptAlerts&quot;: true&#xa;}"/>
         <property name="os" value="Windows 10 64bit"/>
         <property name="remoteOS" value="Android"/>
         <property name="katalonVersion" value="9.2.0.212"/>
         <property name="browser" value="Chrome 114.0.0.0"/>
         <property name="hostAddress" value="192.168.1.13"/>
         <property name="sessionId" value="9b5c984a-b905-472c-9b80-ac12b0936db8"/>
         <property name="seleniumVersion" value="3.141.59"/>
         <property name="proxyInformation" value="ProxyInformation { proxyOption=NO_PROXY, proxyServerType=HTTP, username=, password=********, proxyServerAddress=, proxyServerPort=0, executionList=&quot;&quot;, isApplyToDesiredCapabilities=true }"/>
         <property name="platform" value="Windows 10"/>
      </properties>
      <testcase name="Test Cases/ESO/Home Validation/H001 - Home Page" time="72.026" classname="Test Cases/ESO/Home Validation/H001 - Home Page" status="PASSED">
         <system-out><![CDATA[06-02-2024T14:21:26 - [TEST_CASE][PASSED] - Test Cases/ESO/Home Validation/H001 - Home Page: Test Cases/ESO/Home Validation/H001 - Home Page

06-02-2024T14:21:26 - [TEST_STEP][PASSED] - callTestCase(findTestCase("ESO/Misc Tests/Open ESO Page"), [:], STOP_ON_FAILURE): Call Test Case 'Test Cases/ESO/Misc Tests/Open ESO Page' successfully

06-02-2024T14:21:26 - [MESSAGE][INFO] - Checking called Test Case

06-02-2024T14:21:26 - [MESSAGE][INFO] - Starting to call Test Case 'Test Cases/ESO/Misc Tests/Open ESO Page'

06-02-2024T14:21:26 - [TEST_CASE][PASSED] - Test Cases/ESO/Misc Tests/Open ESO Page: Test Cases/ESO/Misc Tests/Open ESO Page

06-02-2024T14:21:26 - [TEST_STEP][PASSED] - openBrowser(""): Browser is opened with url: ''

06-02-2024T14:21:26 - [MESSAGE][INFO] - Opening browser

06-02-2024T14:21:26 - [MESSAGE][INFO] - User set preference: ['browserName', 'chrome']

06-02-2024T14:21:26 - [MESSAGE][INFO] - User set preference: ['platformName', 'Android']

06-02-2024T14:21:26 - [MESSAGE][INFO] - User set preference: ['browserVersion', 'latest']

06-02-2024T14:21:26 - [MESSAGE][INFO] - User set preference: ['deviceName', 'Google Pixel 8']

06-02-2024T14:21:26 - [MESSAGE][INFO] - User set preference: ['platformVersion', '14']

06-02-2024T14:21:26 - [MESSAGE][INFO] - User set preference: ['deviceId', 'google_pixel_8']

06-02-2024T14:21:26 - [MESSAGE][INFO] - User set preference: ['katalon:option', '{organizationId=1380540, tunnelId=, deviceVersion=14, deviceId=google_pixel_8, usingTunnel=false}']

06-02-2024T14:21:26 - [MESSAGE][INFO] - Connecting to remote web server 'testcloud.katalon.com/hub' with type 'Selenium'

06-02-2024T14:21:27 - [MESSAGE][INFO] - Action delay is set to 0 milliseconds

06-02-2024T14:22:09 - [MESSAGE][PASSED] - Browser is opened with url: ''

06-02-2024T14:22:09 - [TEST_STEP][PASSED] - maximizeWindow(): Current window maximized

06-02-2024T14:22:09 - [MESSAGE][INFO] - Maximizing current window

06-02-2024T14:22:10 - [MESSAGE][PASSED] - Current window maximized

06-02-2024T14:22:10 - [TEST_STEP][PASSED] - navigateToUrl("https://www.elderscrollsonline.com/en-us/home"): Navigate to 'https://www.elderscrollsonline.com/en-us/home' successfully

06-02-2024T14:22:10 - [MESSAGE][INFO] - Checking url

06-02-2024T14:22:10 - [MESSAGE][INFO] - Navigating to 'https://www.elderscrollsonline.com/en-us/home'

06-02-2024T14:22:19 - [MESSAGE][PASSED] - Navigate to 'https://www.elderscrollsonline.com/en-us/home' successfully

06-02-2024T14:22:19 - [TEST_STEP][PASSED] - delay(3): Delayed 3 second(s)

06-02-2024T14:22:19 - [MESSAGE][INFO] - Delaying browser in 3 second(s)

06-02-2024T14:22:22 - [MESSAGE][PASSED] - Delayed 3 second(s)

06-02-2024T14:22:22 - [TEST_STEP][PASSED] - verifyElementPresent(findTestObject("Object Repository/ESO/Page_Home/a_The Elder Scrolls  Online"), 0): Object 'Object Repository/ESO/Page_Home/a_The Elder Scrolls  Online' is present

06-02-2024T14:22:22 - [MESSAGE][INFO] - Finding Test Object 'Object Repository/ESO/Page_Home/a_The Elder Scrolls  Online'

06-02-2024T14:22:22 - [MESSAGE][INFO] - Checking object

06-02-2024T14:22:22 - [MESSAGE][INFO] - Finding web element from Test Object's properties

06-02-2024T14:22:22 - [MESSAGE][INFO] - Checking timeout

06-02-2024T14:22:22 - [MESSAGE][WARNING] - Timeout '0' is invalid. Using default page load timeout: '30'

06-02-2024T14:22:22 - [MESSAGE][INFO] - Finding web element with id: 'Object Repository/ESO/Page_Home/a_The Elder Scrolls  Online' located by 'By.xpath: //a[@id='navbarTopLogo']' in '30' second(s)

06-02-2024T14:22:22 - [MESSAGE][INFO] - Smart Wait Function is triggered

06-02-2024T14:22:24 - [MESSAGE][INFO] - Found 1 web elements with id: 'Object Repository/ESO/Page_Home/a_The Elder Scrolls  Online' located by 'By.xpath: //a[@id='navbarTopLogo']' in '30' second(s)

06-02-2024T14:22:24 - [MESSAGE][PASSED] - Object 'Object Repository/ESO/Page_Home/a_The Elder Scrolls  Online' is present

06-02-2024T14:22:24 - [TEST_STEP][PASSED] - callTestCase(findTestCase("ESO/Misc Tests/Policy Accept"), [:], STOP_ON_FAILURE): Call Test Case 'Test Cases/ESO/Misc Tests/Policy Accept' successfully

06-02-2024T14:22:24 - [MESSAGE][INFO] - Checking called Test Case

06-02-2024T14:22:24 - [MESSAGE][INFO] - Starting to call Test Case 'Test Cases/ESO/Misc Tests/Policy Accept'

06-02-2024T14:22:24 - [TEST_CASE][PASSED] - Test Cases/ESO/Misc Tests/Policy Accept: Test Cases/ESO/Misc Tests/Policy Accept

06-02-2024T14:22:24 - [TEST_STEP][PASSED] - verifyElementPresent(findTestObject("Object Repository/ESO/Page_Home/div_Policy"), 0): Object 'Object Repository/ESO/Page_Home/div_Policy' is present

06-02-2024T14:22:24 - [MESSAGE][INFO] - Finding Test Object 'Object Repository/ESO/Page_Home/div_Policy'

06-02-2024T14:22:24 - [MESSAGE][INFO] - Checking object

06-02-2024T14:22:24 - [MESSAGE][INFO] - Finding web element from Test Object's properties

06-02-2024T14:22:24 - [MESSAGE][INFO] - Checking timeout

06-02-2024T14:22:24 - [MESSAGE][WARNING] - Timeout '0' is invalid. Using default page load timeout: '30'

06-02-2024T14:22:24 - [MESSAGE][INFO] - Finding web element with id: 'Object Repository/ESO/Page_Home/div_Policy' located by 'By.xpath: id("onetrust-banner-sdk")/div[1]/div[@class="ot-sdk-container"]/div[@class="ot-sdk-row"]' in '30' second(s)

06-02-2024T14:22:24 - [MESSAGE][INFO] - Smart Wait Function is triggered

06-02-2024T14:22:25 - [MESSAGE][INFO] - Found 1 web elements with id: 'Object Repository/ESO/Page_Home/div_Policy' located by 'By.xpath: id("onetrust-banner-sdk")/div[1]/div[@class="ot-sdk-container"]/div[@class="ot-sdk-row"]' in '30' second(s)

06-02-2024T14:22:25 - [MESSAGE][PASSED] - Object 'Object Repository/ESO/Page_Home/div_Policy' is present

06-02-2024T14:22:25 - [TEST_STEP][PASSED] - click(findTestObject("Object Repository/ESO/Page_Home/button_ACCEPT ALL")): Object: 'Object Repository/ESO/Page_Home/button_ACCEPT ALL' is clicked on

06-02-2024T14:22:25 - [MESSAGE][INFO] - Finding Test Object 'Object Repository/ESO/Page_Home/button_ACCEPT ALL'

06-02-2024T14:22:25 - [MESSAGE][INFO] - Checking object

06-02-2024T14:22:25 - [MESSAGE][INFO] - Checking timeout

06-02-2024T14:22:25 - [MESSAGE][INFO] - Finding web element from Test Object's properties

06-02-2024T14:22:25 - [MESSAGE][INFO] - Checking timeout

06-02-2024T14:22:25 - [MESSAGE][INFO] - Finding web element with id: 'Object Repository/ESO/Page_Home/button_ACCEPT ALL' located by 'By.xpath: //button[@id='onetrust-accept-btn-handler']' in '30' second(s)

06-02-2024T14:22:25 - [MESSAGE][INFO] - Smart Wait Function is triggered

06-02-2024T14:22:27 - [MESSAGE][INFO] - Found 1 web elements with id: 'Object Repository/ESO/Page_Home/button_ACCEPT ALL' located by 'By.xpath: //button[@id='onetrust-accept-btn-handler']' in '30' second(s)

06-02-2024T14:22:27 - [MESSAGE][INFO] - Clicking on object: 'Object Repository/ESO/Page_Home/button_ACCEPT ALL'

06-02-2024T14:22:28 - [MESSAGE][PASSED] - Object: 'Object Repository/ESO/Page_Home/button_ACCEPT ALL' is clicked on

06-02-2024T14:22:28 - [MESSAGE][PASSED] - Call Test Case 'Test Cases/ESO/Misc Tests/Policy Accept' successfully

06-02-2024T14:22:28 - [MESSAGE][PASSED] - Call Test Case 'Test Cases/ESO/Misc Tests/Open ESO Page' successfully

06-02-2024T14:22:28 - [TEST_STEP][PASSED] - verifyElementVisible(findTestObject("ESO/Page_Home/h2_LATEST NEWS"), STOP_ON_FAILURE): Object 'Object Repository/ESO/Page_Home/h2_LATEST NEWS' is visible

06-02-2024T14:22:28 - [MESSAGE][INFO] - Finding Test Object 'Object Repository/ESO/Page_Home/h2_LATEST NEWS'

06-02-2024T14:22:28 - [MESSAGE][INFO] - Checking object

06-02-2024T14:22:28 - [MESSAGE][INFO] - Finding web element from Test Object's properties

06-02-2024T14:22:28 - [MESSAGE][INFO] - Checking timeout

06-02-2024T14:22:28 - [MESSAGE][INFO] - Finding web element with id: 'Object Repository/ESO/Page_Home/h2_LATEST NEWS' located by 'By.xpath: //smart-block[@id='sb-13291 ']/h2' in '30' second(s)

06-02-2024T14:22:28 - [MESSAGE][INFO] - Smart Wait Function is triggered

06-02-2024T14:22:30 - [MESSAGE][INFO] - Found 1 web elements with id: 'Object Repository/ESO/Page_Home/h2_LATEST NEWS' located by 'By.xpath: //smart-block[@id='sb-13291 ']/h2' in '30' second(s)

06-02-2024T14:22:31 - [MESSAGE][PASSED] - Object 'Object Repository/ESO/Page_Home/h2_LATEST NEWS' is visible

06-02-2024T14:22:31 - [TEST_STEP][PASSED] - verifyElementPresent(findTestObject("ESO/Page_Home/Navigation Bar/a_This is ESO"), 0): Object 'Object Repository/ESO/Page_Home/Navigation Bar/a_This is ESO' is present

06-02-2024T14:22:31 - [MESSAGE][INFO] - Finding Test Object 'Object Repository/ESO/Page_Home/Navigation Bar/a_This is ESO'

06-02-2024T14:22:31 - [MESSAGE][INFO] - Checking object

06-02-2024T14:22:31 - [MESSAGE][INFO] - Finding web element from Test Object's properties

06-02-2024T14:22:31 - [MESSAGE][INFO] - Checking timeout

06-02-2024T14:22:31 - [MESSAGE][WARNING] - Timeout '0' is invalid. Using default page load timeout: '30'

06-02-2024T14:22:31 - [MESSAGE][INFO] - Finding web element with id: 'Object Repository/ESO/Page_Home/Navigation Bar/a_This is ESO' located by 'By.xpath: //div[@id='universal-nav']/div/div/div[6]/div/div[2]/div/div/div/a' in '30' second(s)

06-02-2024T14:22:31 - [MESSAGE][INFO] - Smart Wait Function is triggered

06-02-2024T14:22:33 - [MESSAGE][INFO] - Found 29 web elements with id: 'Object Repository/ESO/Page_Home/Navigation Bar/a_This is ESO' located by 'By.xpath: //div[@id='universal-nav']/div/div/div[6]/div/div[2]/div/div/div/a' in '30' second(s)

06-02-2024T14:22:33 - [MESSAGE][PASSED] - Object 'Object Repository/ESO/Page_Home/Navigation Bar/a_This is ESO' is present

06-02-2024T14:22:33 - [TEST_STEP][PASSED] - verifyElementPresent(findTestObject("ESO/Page_Home/Navigation Bar/a_Classes"), 0): Object 'Object Repository/ESO/Page_Home/Navigation Bar/a_Classes' is present

06-02-2024T14:22:33 - [MESSAGE][INFO] - Finding Test Object 'Object Repository/ESO/Page_Home/Navigation Bar/a_Classes'

06-02-2024T14:22:33 - [MESSAGE][INFO] - Checking object

06-02-2024T14:22:33 - [MESSAGE][INFO] - Finding web element from Test Object's properties

06-02-2024T14:22:33 - [MESSAGE][INFO] - Checking timeout

06-02-2024T14:22:33 - [MESSAGE][WARNING] - Timeout '0' is invalid. Using default page load timeout: '30'

06-02-2024T14:22:33 - [MESSAGE][INFO] - Finding web element with id: 'Object Repository/ESO/Page_Home/Navigation Bar/a_Classes' located by 'By.xpath: //div[@id='universal-nav']/div/div/div[6]/div/div[2]/div/div/div[2]/a' in '30' second(s)

06-02-2024T14:22:33 - [MESSAGE][INFO] - Smart Wait Function is triggered

06-02-2024T14:22:35 - [MESSAGE][INFO] - Found 7 web elements with id: 'Object Repository/ESO/Page_Home/Navigation Bar/a_Classes' located by 'By.xpath: //div[@id='universal-nav']/div/div/div[6]/div/div[2]/div/div/div[2]/a' in '30' second(s)

06-02-2024T14:22:35 - [MESSAGE][PASSED] - Object 'Object Repository/ESO/Page_Home/Navigation Bar/a_Classes' is present

06-02-2024T14:22:35 - [TEST_STEP][PASSED] - verifyElementPresent(findTestObject("ESO/Page_Home/Navigation Bar/a_UpdatesDLC"), 0): Object 'Object Repository/ESO/Page_Home/Navigation Bar/a_UpdatesDLC' is present

06-02-2024T14:22:35 - [MESSAGE][INFO] - Finding Test Object 'Object Repository/ESO/Page_Home/Navigation Bar/a_UpdatesDLC'

06-02-2024T14:22:35 - [MESSAGE][INFO] - Checking object

06-02-2024T14:22:35 - [MESSAGE][INFO] - Finding web element from Test Object's properties

06-02-2024T14:22:35 - [MESSAGE][INFO] - Checking timeout

06-02-2024T14:22:35 - [MESSAGE][WARNING] - Timeout '0' is invalid. Using default page load timeout: '30'

06-02-2024T14:22:35 - [MESSAGE][INFO] - Finding web element with id: 'Object Repository/ESO/Page_Home/Navigation Bar/a_UpdatesDLC' located by 'By.xpath: //div[@id='universal-nav']/div/div/div[6]/div/div[2]/div/div/div[3]/a' in '30' second(s)

06-02-2024T14:22:35 - [MESSAGE][INFO] - Smart Wait Function is triggered

06-02-2024T14:22:36 - [MESSAGE][INFO] - Found 6 web elements with id: 'Object Repository/ESO/Page_Home/Navigation Bar/a_UpdatesDLC' located by 'By.xpath: //div[@id='universal-nav']/div/div/div[6]/div/div[2]/div/div/div[3]/a' in '30' second(s)

06-02-2024T14:22:36 - [MESSAGE][PASSED] - Object 'Object Repository/ESO/Page_Home/Navigation Bar/a_UpdatesDLC' is present

06-02-2024T14:22:36 - [TEST_STEP][PASSED] - verifyElementPresent(findTestObject("ESO/Page_Home/Navigation Bar/a_Patch Notes"), 0): Object 'Object Repository/ESO/Page_Home/Navigation Bar/a_Patch Notes' is present

06-02-2024T14:22:36 - [MESSAGE][INFO] - Finding Test Object 'Object Repository/ESO/Page_Home/Navigation Bar/a_Patch Notes'

06-02-2024T14:22:36 - [MESSAGE][INFO] - Checking object

06-02-2024T14:22:36 - [MESSAGE][INFO] - Finding web element from Test Object's properties

06-02-2024T14:22:36 - [MESSAGE][INFO] - Checking timeout

06-02-2024T14:22:36 - [MESSAGE][WARNING] - Timeout '0' is invalid. Using default page load timeout: '30'

06-02-2024T14:22:36 - [MESSAGE][INFO] - Finding web element with id: 'Object Repository/ESO/Page_Home/Navigation Bar/a_Patch Notes' located by 'By.xpath: //div[@id='universal-nav']/div/div/div[6]/div/div[2]/div/div/div[5]/a' in '30' second(s)

06-02-2024T14:22:36 - [MESSAGE][INFO] - Smart Wait Function is triggered

06-02-2024T14:22:38 - [MESSAGE][INFO] - Found 3 web elements with id: 'Object Repository/ESO/Page_Home/Navigation Bar/a_Patch Notes' located by 'By.xpath: //div[@id='universal-nav']/div/div/div[6]/div/div[2]/div/div/div[5]/a' in '30' second(s)

06-02-2024T14:22:38 - [MESSAGE][PASSED] - Object 'Object Repository/ESO/Page_Home/Navigation Bar/a_Patch Notes' is present]]></system-out>
         <system-err><![CDATA[]]></system-err>
      </testcase>
      <testcase name="Test Cases/ESO/Home Validation/H002 - Return to Home" time="80.557" classname="Test Cases/ESO/Home Validation/H002 - Return to Home" status="PASSED">
         <system-out><![CDATA[06-02-2024T14:22:38 - [TEST_CASE][PASSED] - Test Cases/ESO/Home Validation/H002 - Return to Home: Test Cases/ESO/Home Validation/H002 - Return to Home

06-02-2024T14:22:38 - [TEST_STEP][PASSED] - callTestCase(findTestCase("ESO/Misc Tests/Open ESO Page"), [:], STOP_ON_FAILURE): Call Test Case 'Test Cases/ESO/Misc Tests/Open ESO Page' successfully

06-02-2024T14:22:38 - [MESSAGE][INFO] - Checking called Test Case

06-02-2024T14:22:38 - [MESSAGE][INFO] - Starting to call Test Case 'Test Cases/ESO/Misc Tests/Open ESO Page'

06-02-2024T14:22:38 - [TEST_CASE][PASSED] - Test Cases/ESO/Misc Tests/Open ESO Page: Test Cases/ESO/Misc Tests/Open ESO Page

06-02-2024T14:22:38 - [TEST_STEP][PASSED] - openBrowser(""): Browser is opened with url: ''

06-02-2024T14:22:38 - [MESSAGE][INFO] - Opening browser

06-02-2024T14:22:38 - [MESSAGE][WARNING] - A browser is already opened. Closing browser and opening a new one

06-02-2024T14:22:40 - [MESSAGE][INFO] - User set preference: ['browserName', 'chrome']

06-02-2024T14:22:40 - [MESSAGE][INFO] - User set preference: ['platformName', 'Android']

06-02-2024T14:22:40 - [MESSAGE][INFO] - User set preference: ['browserVersion', 'latest']

06-02-2024T14:22:40 - [MESSAGE][INFO] - User set preference: ['deviceName', 'Google Pixel 8']

06-02-2024T14:22:40 - [MESSAGE][INFO] - User set preference: ['platformVersion', '14']

06-02-2024T14:22:40 - [MESSAGE][INFO] - User set preference: ['deviceId', 'google_pixel_8']

06-02-2024T14:22:40 - [MESSAGE][INFO] - User set preference: ['katalon:option', '{organizationId=1380540, tunnelId=, deviceVersion=14, deviceId=google_pixel_8, usingTunnel=false}']

06-02-2024T14:22:40 - [MESSAGE][INFO] - Connecting to remote web server 'testcloud.katalon.com/hub' with type 'Selenium'

06-02-2024T14:22:40 - [MESSAGE][INFO] - Action delay is set to 0 milliseconds

06-02-2024T14:23:20 - [MESSAGE][PASSED] - Browser is opened with url: ''

06-02-2024T14:23:20 - [TEST_STEP][PASSED] - maximizeWindow(): Current window maximized

06-02-2024T14:23:20 - [MESSAGE][INFO] - Maximizing current window

06-02-2024T14:23:21 - [MESSAGE][PASSED] - Current window maximized

06-02-2024T14:23:21 - [TEST_STEP][PASSED] - navigateToUrl("https://www.elderscrollsonline.com/en-us/home"): Navigate to 'https://www.elderscrollsonline.com/en-us/home' successfully

06-02-2024T14:23:21 - [MESSAGE][INFO] - Checking url

06-02-2024T14:23:21 - [MESSAGE][INFO] - Navigating to 'https://www.elderscrollsonline.com/en-us/home'

06-02-2024T14:23:31 - [MESSAGE][PASSED] - Navigate to 'https://www.elderscrollsonline.com/en-us/home' successfully

06-02-2024T14:23:31 - [TEST_STEP][PASSED] - delay(3): Delayed 3 second(s)

06-02-2024T14:23:31 - [MESSAGE][INFO] - Delaying browser in 3 second(s)

06-02-2024T14:23:34 - [MESSAGE][PASSED] - Delayed 3 second(s)

06-02-2024T14:23:34 - [TEST_STEP][PASSED] - verifyElementPresent(findTestObject("Object Repository/ESO/Page_Home/a_The Elder Scrolls  Online"), 0): Object 'Object Repository/ESO/Page_Home/a_The Elder Scrolls  Online' is present

06-02-2024T14:23:34 - [MESSAGE][INFO] - Finding Test Object 'Object Repository/ESO/Page_Home/a_The Elder Scrolls  Online'

06-02-2024T14:23:34 - [MESSAGE][INFO] - Checking object

06-02-2024T14:23:34 - [MESSAGE][INFO] - Finding web element from Test Object's properties

06-02-2024T14:23:34 - [MESSAGE][INFO] - Checking timeout

06-02-2024T14:23:34 - [MESSAGE][WARNING] - Timeout '0' is invalid. Using default page load timeout: '30'

06-02-2024T14:23:34 - [MESSAGE][INFO] - Finding web element with id: 'Object Repository/ESO/Page_Home/a_The Elder Scrolls  Online' located by 'By.xpath: //a[@id='navbarTopLogo']' in '30' second(s)

06-02-2024T14:23:34 - [MESSAGE][INFO] - Smart Wait Function is triggered

06-02-2024T14:23:36 - [MESSAGE][INFO] - Found 1 web elements with id: 'Object Repository/ESO/Page_Home/a_The Elder Scrolls  Online' located by 'By.xpath: //a[@id='navbarTopLogo']' in '30' second(s)

06-02-2024T14:23:36 - [MESSAGE][PASSED] - Object 'Object Repository/ESO/Page_Home/a_The Elder Scrolls  Online' is present

06-02-2024T14:23:36 - [TEST_STEP][PASSED] - callTestCase(findTestCase("ESO/Misc Tests/Policy Accept"), [:], STOP_ON_FAILURE): Call Test Case 'Test Cases/ESO/Misc Tests/Policy Accept' successfully

06-02-2024T14:23:36 - [MESSAGE][INFO] - Checking called Test Case

06-02-2024T14:23:36 - [MESSAGE][INFO] - Starting to call Test Case 'Test Cases/ESO/Misc Tests/Policy Accept'

06-02-2024T14:23:36 - [TEST_CASE][PASSED] - Test Cases/ESO/Misc Tests/Policy Accept: Test Cases/ESO/Misc Tests/Policy Accept

06-02-2024T14:23:36 - [TEST_STEP][PASSED] - verifyElementPresent(findTestObject("Object Repository/ESO/Page_Home/div_Policy"), 0): Object 'Object Repository/ESO/Page_Home/div_Policy' is present

06-02-2024T14:23:36 - [MESSAGE][INFO] - Finding Test Object 'Object Repository/ESO/Page_Home/div_Policy'

06-02-2024T14:23:36 - [MESSAGE][INFO] - Checking object

06-02-2024T14:23:36 - [MESSAGE][INFO] - Finding web element from Test Object's properties

06-02-2024T14:23:36 - [MESSAGE][INFO] - Checking timeout

06-02-2024T14:23:36 - [MESSAGE][WARNING] - Timeout '0' is invalid. Using default page load timeout: '30'

06-02-2024T14:23:36 - [MESSAGE][INFO] - Finding web element with id: 'Object Repository/ESO/Page_Home/div_Policy' located by 'By.xpath: id("onetrust-banner-sdk")/div[1]/div[@class="ot-sdk-container"]/div[@class="ot-sdk-row"]' in '30' second(s)

06-02-2024T14:23:36 - [MESSAGE][INFO] - Smart Wait Function is triggered

06-02-2024T14:23:38 - [MESSAGE][INFO] - Found 1 web elements with id: 'Object Repository/ESO/Page_Home/div_Policy' located by 'By.xpath: id("onetrust-banner-sdk")/div[1]/div[@class="ot-sdk-container"]/div[@class="ot-sdk-row"]' in '30' second(s)

06-02-2024T14:23:38 - [MESSAGE][PASSED] - Object 'Object Repository/ESO/Page_Home/div_Policy' is present

06-02-2024T14:23:38 - [TEST_STEP][PASSED] - click(findTestObject("Object Repository/ESO/Page_Home/button_ACCEPT ALL")): Object: 'Object Repository/ESO/Page_Home/button_ACCEPT ALL' is clicked on

06-02-2024T14:23:38 - [MESSAGE][INFO] - Finding Test Object 'Object Repository/ESO/Page_Home/button_ACCEPT ALL'

06-02-2024T14:23:38 - [MESSAGE][INFO] - Checking object

06-02-2024T14:23:38 - [MESSAGE][INFO] - Checking timeout

06-02-2024T14:23:38 - [MESSAGE][INFO] - Finding web element from Test Object's properties

06-02-2024T14:23:38 - [MESSAGE][INFO] - Checking timeout

06-02-2024T14:23:38 - [MESSAGE][INFO] - Finding web element with id: 'Object Repository/ESO/Page_Home/button_ACCEPT ALL' located by 'By.xpath: //button[@id='onetrust-accept-btn-handler']' in '30' second(s)

06-02-2024T14:23:38 - [MESSAGE][INFO] - Smart Wait Function is triggered

06-02-2024T14:23:40 - [MESSAGE][INFO] - Found 1 web elements with id: 'Object Repository/ESO/Page_Home/button_ACCEPT ALL' located by 'By.xpath: //button[@id='onetrust-accept-btn-handler']' in '30' second(s)

06-02-2024T14:23:40 - [MESSAGE][INFO] - Clicking on object: 'Object Repository/ESO/Page_Home/button_ACCEPT ALL'

06-02-2024T14:23:41 - [MESSAGE][PASSED] - Object: 'Object Repository/ESO/Page_Home/button_ACCEPT ALL' is clicked on

06-02-2024T14:23:41 - [MESSAGE][PASSED] - Call Test Case 'Test Cases/ESO/Misc Tests/Policy Accept' successfully

06-02-2024T14:23:41 - [MESSAGE][PASSED] - Call Test Case 'Test Cases/ESO/Misc Tests/Open ESO Page' successfully

06-02-2024T14:23:41 - [TEST_STEP][PASSED] - headerBefore = getWindowTitle(): Current window's title is: 'Home - The Elder Scrolls Online'

06-02-2024T14:23:41 - [MESSAGE][INFO] - Getting current window's title

06-02-2024T14:23:42 - [MESSAGE][PASSED] - Current window's title is: 'Home - The Elder Scrolls Online'

06-02-2024T14:23:42 - [TEST_STEP][PASSED] - verifyMatch(headerBefore, HomeTitle, false): Actual text 'Home - The Elder Scrolls Online' and expected text 'Home - The Elder Scrolls Online' are matched 

06-02-2024T14:23:42 - [MESSAGE][INFO] - Matching actual text 'Home - The Elder Scrolls Online' with expected text 'Home - The Elder Scrolls Online'

06-02-2024T14:23:42 - [MESSAGE][PASSED] - Actual text 'Home - The Elder Scrolls Online' and expected text 'Home - The Elder Scrolls Online' are matched 

06-02-2024T14:23:42 - [TEST_STEP][PASSED] - callTestCase(findTestCase("ESO/Home Validation/Buy Now Section/B001 - Buy Now Page"), [:], STOP_ON_FAILURE): Call Test Case 'Test Cases/ESO/Home Validation/Buy Now Section/B001 - Buy Now Page' successfully

06-02-2024T14:23:42 - [MESSAGE][INFO] - Checking called Test Case

06-02-2024T14:23:42 - [MESSAGE][INFO] - Starting to call Test Case 'Test Cases/ESO/Home Validation/Buy Now Section/B001 - Buy Now Page'

06-02-2024T14:23:43 - [TEST_CASE][PASSED] - Test Cases/ESO/Home Validation/Buy Now Section/B001 - Buy Now Page: Test Cases/ESO/Home Validation/Buy Now Section/B001 - Buy Now Page

06-02-2024T14:23:43 - [TEST_STEP][PASSED] - click(findTestObject("ESO/Page_Home/a_Buy Now")): Object: 'Object Repository/ESO/Page_Home/a_Buy Now' is clicked on

06-02-2024T14:23:43 - [MESSAGE][INFO] - Finding Test Object 'Object Repository/ESO/Page_Home/a_Buy Now'

06-02-2024T14:23:43 - [MESSAGE][INFO] - Checking object

06-02-2024T14:23:43 - [MESSAGE][INFO] - Checking timeout

06-02-2024T14:23:43 - [MESSAGE][INFO] - Finding web element from Test Object's properties

06-02-2024T14:23:43 - [MESSAGE][INFO] - Checking timeout

06-02-2024T14:23:43 - [MESSAGE][INFO] - Finding web element with id: 'Object Repository/ESO/Page_Home/a_Buy Now' located by 'By.xpath: //div[@id='universal-nav']/div/div/div[5]/div/a' in '30' second(s)

06-02-2024T14:23:43 - [MESSAGE][INFO] - Smart Wait Function is triggered

06-02-2024T14:23:44 - [MESSAGE][INFO] - Found 1 web elements with id: 'Object Repository/ESO/Page_Home/a_Buy Now' located by 'By.xpath: //div[@id='universal-nav']/div/div/div[5]/div/a' in '30' second(s)

06-02-2024T14:23:44 - [MESSAGE][INFO] - Clicking on object: 'Object Repository/ESO/Page_Home/a_Buy Now'

06-02-2024T14:23:45 - [MESSAGE][PASSED] - Object: 'Object Repository/ESO/Page_Home/a_Buy Now' is clicked on

06-02-2024T14:23:45 - [TEST_STEP][PASSED] - verifyElementInViewport(findTestObject("ESO/Page_Buy Now/h1_Buy Now"), 0): Object 'Object Repository/ESO/Page_Buy Now/h1_Buy Now' is present and visible in viewport

06-02-2024T14:23:45 - [MESSAGE][INFO] - Finding Test Object 'Object Repository/ESO/Page_Buy Now/h1_Buy Now'

06-02-2024T14:23:45 - [MESSAGE][INFO] - Checking object

06-02-2024T14:23:45 - [MESSAGE][INFO] - Finding web element from Test Object's properties

06-02-2024T14:23:45 - [MESSAGE][INFO] - Checking timeout

06-02-2024T14:23:45 - [MESSAGE][WARNING] - Timeout '0' is invalid. Using default page load timeout: '30'

06-02-2024T14:23:45 - [MESSAGE][INFO] - Finding web element with id: 'Object Repository/ESO/Page_Buy Now/h1_Buy Now' located by 'By.xpath: //div[@id='buy-now-top']/div[2]/div/div/div/h1' in '30' second(s)

06-02-2024T14:23:45 - [MESSAGE][INFO] - Smart Wait Function is triggered

06-02-2024T14:23:47 - [MESSAGE][INFO] - Found 1 web elements with id: 'Object Repository/ESO/Page_Buy Now/h1_Buy Now' located by 'By.xpath: //div[@id='buy-now-top']/div[2]/div/div/div/h1' in '30' second(s)

06-02-2024T14:23:51 - [MESSAGE][INFO] - Element position in viewport: x = 30, y = 61, width = 352, height = 44

06-02-2024T14:23:52 - [MESSAGE][INFO] - Viewport infomation: width = 412, height = 760

06-02-2024T14:23:52 - [MESSAGE][PASSED] - Object 'Object Repository/ESO/Page_Buy Now/h1_Buy Now' is present and visible in viewport

06-02-2024T14:23:52 - [TEST_STEP][PASSED] - header = getWindowTitle(): Current window's title is: 'Buy Now - The Elder Scrolls Online'

06-02-2024T14:23:52 - [MESSAGE][INFO] - Getting current window's title

06-02-2024T14:23:53 - [MESSAGE][PASSED] - Current window's title is: 'Buy Now - The Elder Scrolls Online'

06-02-2024T14:23:53 - [TEST_STEP][PASSED] - verifyMatch(header, BuyNowTitle, false): Actual text 'Buy Now - The Elder Scrolls Online' and expected text 'Buy Now - The Elder Scrolls Online' are matched 

06-02-2024T14:23:53 - [MESSAGE][INFO] - Matching actual text 'Buy Now - The Elder Scrolls Online' with expected text 'Buy Now - The Elder Scrolls Online'

06-02-2024T14:23:53 - [MESSAGE][PASSED] - Actual text 'Buy Now - The Elder Scrolls Online' and expected text 'Buy Now - The Elder Scrolls Online' are matched 

06-02-2024T14:23:53 - [MESSAGE][PASSED] - Call Test Case 'Test Cases/ESO/Home Validation/Buy Now Section/B001 - Buy Now Page' successfully

06-02-2024T14:23:53 - [TEST_STEP][PASSED] - back(): Navigate back successfully

06-02-2024T14:23:53 - [MESSAGE][INFO] - Navigating back

06-02-2024T14:23:54 - [MESSAGE][PASSED] - Navigate back successfully

06-02-2024T14:23:54 - [TEST_STEP][PASSED] - delay(3): Delayed 3 second(s)

06-02-2024T14:23:54 - [MESSAGE][INFO] - Delaying browser in 3 second(s)

06-02-2024T14:23:57 - [MESSAGE][PASSED] - Delayed 3 second(s)

06-02-2024T14:23:57 - [TEST_STEP][PASSED] - headerAfter = getWindowTitle(): Current window's title is: 'Home - The Elder Scrolls Online'

06-02-2024T14:23:57 - [MESSAGE][INFO] - Getting current window's title

06-02-2024T14:23:57 - [MESSAGE][PASSED] - Current window's title is: 'Home - The Elder Scrolls Online'

06-02-2024T14:23:57 - [TEST_STEP][PASSED] - verifyMatch(headerAfter, HomeTitle, false): Actual text 'Home - The Elder Scrolls Online' and expected text 'Home - The Elder Scrolls Online' are matched 

06-02-2024T14:23:57 - [MESSAGE][INFO] - Matching actual text 'Home - The Elder Scrolls Online' with expected text 'Home - The Elder Scrolls Online'

06-02-2024T14:23:57 - [MESSAGE][PASSED] - Actual text 'Home - The Elder Scrolls Online' and expected text 'Home - The Elder Scrolls Online' are matched 

06-02-2024T14:23:57 - [TEST_STEP][PASSED] - closeBrowser(): Browser is closed

06-02-2024T14:23:57 - [MESSAGE][INFO] - Closing browser

06-02-2024T14:23:58 - [MESSAGE][PASSED] - Browser is closed]]></system-out>
         <system-err><![CDATA[]]></system-err>
      </testcase>
      <system-out><![CDATA[06-02-2024T14:21:25 - [TEST_SUITE][PASSED] - TS004 - Home: Test Cases/ESO/Home Validation/H002 - Return to Home]]></system-out>
      <system-err><![CDATA[]]></system-err>
   </testsuite>
</testsuites>
