<?xml version="1.0" encoding="UTF-8"?>
<testsuites name="Learning Operations" time="28.671" tests="3" failures="0" errors="0">
   <testsuite name="Learning Operations" tests="3" failures="0" errors="0" time="28.671" skipped="0" timestamp="06-02-2024T14:27:48" hostname="Careca Delas - Careca-Desktop.home" id="Test Suites/Learning Operations">
      <properties>
         <property name="deviceName" value=""/>
         <property name="devicePlatform" value=""/>
         <property name="logFolder" value="C:\\Users\\Careca Delas\\Documents\\GitHub\\Oasis-Project\\Reports\\20240206_142733\\Learning Operations\\20240206_142739"/>
         <property name="logFiles" value="C:\\Users\\Careca Delas\\Documents\\GitHub\\Oasis-Project\\Reports\\20240206_142733\\Learning Operations\\20240206_142739\\execution0.log"/>
         <property name="attachments" value=""/>
         <property name="hostName" value="Careca Delas - Careca-Desktop.home"/>
         <property name="os" value="Windows 10 64bit"/>
         <property name="katalonVersion" value="9.2.0.212"/>
         <property name="browser" value="Chrome 121.0.0.0"/>
         <property name="hostAddress" value="192.168.1.13"/>
         <property name="sessionId" value="69800e63c23637689aca32c85d43b4d1"/>
         <property name="seleniumVersion" value="3.141.59"/>
         <property name="proxyInformation" value="ProxyInformation { proxyOption=NO_PROXY, proxyServerType=HTTP, username=, password=********, proxyServerAddress=, proxyServerPort=0, executionList=&quot;&quot;, isApplyToDesiredCapabilities=true }"/>
         <property name="platform" value="Windows 10"/>
      </properties>
      <testcase name="Test Cases/Browser Operations/001 - Basic Operations" time="10.327" classname="Test Cases/Browser Operations/001 - Basic Operations" status="PASSED">
         <system-out><![CDATA[06-02-2024T14:27:48 - [TEST_CASE][PASSED] - Test Cases/Browser Operations/001 - Basic Operations: Test Cases/Browser Operations/001 - Basic Operations

06-02-2024T14:27:48 - [TEST_STEP][PASSED] - openBrowser(""): Browser is opened with url: ''

06-02-2024T14:27:48 - [MESSAGE][INFO] - Opening browser

06-02-2024T14:27:48 - [MESSAGE][INFO] - Starting 'Chrome' driver

06-02-2024T14:27:48 - [MESSAGE][INFO] - User set preference: ['property', '--window-size=1500,1000']

06-02-2024T14:27:48 - [MESSAGE][INFO] - Action delay is set to 0 milliseconds

06-02-2024T14:27:51 - [MESSAGE][PASSED] - Browser is opened with url: ''

06-02-2024T14:27:51 - [TEST_STEP][PASSED] - navigateToUrl("google.com"): Navigate to 'http://google.com' successfully

06-02-2024T14:27:51 - [MESSAGE][INFO] - Checking url

06-02-2024T14:27:51 - [MESSAGE][INFO] - Navigating to 'http://google.com'

06-02-2024T14:27:52 - [MESSAGE][PASSED] - Navigate to 'http://google.com' successfully

06-02-2024T14:27:52 - [TEST_STEP][PASSED] - maximizeWindow(): Current window maximized

06-02-2024T14:27:52 - [MESSAGE][INFO] - Maximizing current window

06-02-2024T14:27:52 - [MESSAGE][PASSED] - Current window maximized

06-02-2024T14:27:52 - [TEST_STEP][PASSED] - delay(5): Delayed 5 second(s)

06-02-2024T14:27:53 - [MESSAGE][INFO] - Delaying browser in 5 second(s)

06-02-2024T14:27:58 - [MESSAGE][PASSED] - Delayed 5 second(s)

06-02-2024T14:27:58 - [TEST_STEP][PASSED] - refresh(): Refresh successfully

06-02-2024T14:27:58 - [MESSAGE][INFO] - Refreshing

06-02-2024T14:27:58 - [MESSAGE][PASSED] - Refresh successfully

06-02-2024T14:27:58 - [TEST_STEP][PASSED] - closeBrowser(): Browser is closed

06-02-2024T14:27:58 - [MESSAGE][INFO] - Closing browser

06-02-2024T14:27:58 - [MESSAGE][PASSED] - Browser is closed]]></system-out>
         <system-err><![CDATA[]]></system-err>
      </testcase>
      <testcase name="Test Cases/Browser Operations/002 - Advanced Operations" time="6.596" classname="Test Cases/Browser Operations/002 - Advanced Operations" status="PASSED">
         <system-out><![CDATA[06-02-2024T14:27:58 - [TEST_CASE][PASSED] - Test Cases/Browser Operations/002 - Advanced Operations: Test Cases/Browser Operations/002 - Advanced Operations

06-02-2024T14:27:58 - [TEST_STEP][PASSED] - openBrowser("google.com"): Browser is opened with url: 'google.com'

06-02-2024T14:27:58 - [MESSAGE][INFO] - Opening browser

06-02-2024T14:27:58 - [MESSAGE][INFO] - Starting 'Chrome' driver

06-02-2024T14:27:58 - [MESSAGE][INFO] - User set preference: ['property', '--window-size=1500,1000']

06-02-2024T14:27:58 - [MESSAGE][INFO] - Action delay is set to 0 milliseconds

06-02-2024T14:27:59 - [MESSAGE][INFO] - Navigating browser to: 'http://google.com'

06-02-2024T14:28:00 - [MESSAGE][PASSED] - Browser is opened with url: 'google.com'

06-02-2024T14:28:00 - [TEST_STEP][PASSED] - maximizeWindow(): Current window maximized

06-02-2024T14:28:00 - [MESSAGE][INFO] - Maximizing current window

06-02-2024T14:28:00 - [MESSAGE][PASSED] - Current window maximized

06-02-2024T14:28:00 - [TEST_STEP][PASSED] - header = getWindowTitle(): Current window's title is: 'Google'

06-02-2024T14:28:00 - [MESSAGE][INFO] - Getting current window's title

06-02-2024T14:28:00 - [MESSAGE][PASSED] - Current window's title is: 'Google'

06-02-2024T14:28:00 - [TEST_STEP][PASSED] - tab = getWindowIndex(): Current window's index is: 0

06-02-2024T14:28:00 - [MESSAGE][INFO] - Getting current window's index

06-02-2024T14:28:00 - [MESSAGE][PASSED] - Current window's index is: 0

06-02-2024T14:28:00 - [TEST_STEP][PASSED] - delay(3): Delayed 3 second(s)

06-02-2024T14:28:00 - [MESSAGE][INFO] - Delaying browser in 3 second(s)

06-02-2024T14:28:03 - [MESSAGE][PASSED] - Delayed 3 second(s)

06-02-2024T14:28:03 - [TEST_STEP][PASSED] - callTestCase(findTestCase("Browser Operations/003 - JavaScript Operations"), [:], STOP_ON_FAILURE): Call Test Case 'Test Cases/Browser Operations/003 - JavaScript Operations' successfully

06-02-2024T14:28:03 - [MESSAGE][INFO] - Checking called Test Case

06-02-2024T14:28:03 - [MESSAGE][INFO] - Starting to call Test Case 'Test Cases/Browser Operations/003 - JavaScript Operations'

06-02-2024T14:28:03 - [TEST_CASE][PASSED] - Test Cases/Browser Operations/003 - JavaScript Operations: Test Cases/Browser Operations/003 - JavaScript Operations

06-02-2024T14:28:03 - [TEST_STEP][PASSED] - driver = getWebDriver(): null

06-02-2024T14:28:04 - [TEST_STEP][PASSED] - js = driver: null

06-02-2024T14:28:04 - [TEST_STEP][PASSED] - js.executeScript("window.open();"): null

06-02-2024T14:28:04 - [MESSAGE][PASSED] - Call Test Case 'Test Cases/Browser Operations/003 - JavaScript Operations' successfully

06-02-2024T14:28:04 - [TEST_STEP][PASSED] - callTestCase(findTestCase("Browser Operations/004 - Switching Operations"), ["tab":tab], STOP_ON_FAILURE): Call Test Case 'Test Cases/Browser Operations/004 - Switching Operations' successfully

06-02-2024T14:28:04 - [MESSAGE][INFO] - Checking called Test Case

06-02-2024T14:28:04 - [MESSAGE][INFO] - Starting to call Test Case 'Test Cases/Browser Operations/004 - Switching Operations'

06-02-2024T14:28:04 - [TEST_CASE][PASSED] - Test Cases/Browser Operations/004 - Switching Operations: Test Cases/Browser Operations/004 - Switching Operations

06-02-2024T14:28:04 - [TEST_STEP][PASSED] - switchToWindowIndex(tab + 1): Switched to window with index: '1'

06-02-2024T14:28:04 - [MESSAGE][INFO] - Checking index

06-02-2024T14:28:04 - [MESSAGE][INFO] - Switching window with index: '1'

06-02-2024T14:28:04 - [MESSAGE][PASSED] - Switched to window with index: '1'

06-02-2024T14:28:04 - [TEST_STEP][PASSED] - navigateToUrl("https://en.wikipedia.org/wiki/The_Elder_Scrolls_Online"): Navigate to 'https://en.wikipedia.org/wiki/The_Elder_Scrolls_Online' successfully

06-02-2024T14:28:04 - [MESSAGE][INFO] - Checking url

06-02-2024T14:28:04 - [MESSAGE][INFO] - Navigating to 'https://en.wikipedia.org/wiki/The_Elder_Scrolls_Online'

06-02-2024T14:28:04 - [MESSAGE][PASSED] - Navigate to 'https://en.wikipedia.org/wiki/The_Elder_Scrolls_Online' successfully

06-02-2024T14:28:04 - [TEST_STEP][PASSED] - switchToWindowTitle("Google"): Switched to window with title: 'Google'

06-02-2024T14:28:04 - [MESSAGE][INFO] - Checking title

06-02-2024T14:28:04 - [MESSAGE][INFO] - Switching to window with title: 'Google'

06-02-2024T14:28:04 - [MESSAGE][PASSED] - Switched to window with title: 'Google'

06-02-2024T14:28:04 - [TEST_STEP][PASSED] - switchToWindowUrl("https://en.wikipedia.org/wiki/The_Elder_Scrolls_Online"): Switched to window with url: 'https://en.wikipedia.org/wiki/The_Elder_Scrolls_Online'

06-02-2024T14:28:04 - [MESSAGE][INFO] - Checking url

06-02-2024T14:28:04 - [MESSAGE][INFO] - Switching to window with url: 'https://en.wikipedia.org/wiki/The_Elder_Scrolls_Online'

06-02-2024T14:28:04 - [MESSAGE][PASSED] - Switched to window with url: 'https://en.wikipedia.org/wiki/The_Elder_Scrolls_Online'

06-02-2024T14:28:04 - [MESSAGE][PASSED] - Call Test Case 'Test Cases/Browser Operations/004 - Switching Operations' successfully

06-02-2024T14:28:04 - [TEST_STEP][PASSED] - callTestCase(findTestCase("Browser Operations/005 - Closing Operations"), ["tab":tab], STOP_ON_FAILURE): Call Test Case 'Test Cases/Browser Operations/005 - Closing Operations' successfully

06-02-2024T14:28:04 - [MESSAGE][INFO] - Checking called Test Case

06-02-2024T14:28:04 - [MESSAGE][INFO] - Starting to call Test Case 'Test Cases/Browser Operations/005 - Closing Operations'

06-02-2024T14:28:05 - [TEST_CASE][PASSED] - Test Cases/Browser Operations/005 - Closing Operations: Test Cases/Browser Operations/005 - Closing Operations

06-02-2024T14:28:05 - [TEST_STEP][PASSED] - closeWindowIndex(tab): Window with index 0 is closed

06-02-2024T14:28:05 - [MESSAGE][INFO] - Checking index

06-02-2024T14:28:05 - [MESSAGE][INFO] - Closing window with index 0

06-02-2024T14:28:05 - [MESSAGE][PASSED] - Window with index 0 is closed

06-02-2024T14:28:05 - [TEST_STEP][PASSED] - closeWindowUrl("https://en.wikipedia.org/wiki/The_Elder_Scrolls_Online"): Window with url: 'https://en.wikipedia.org/wiki/The_Elder_Scrolls_Online' is closed

06-02-2024T14:28:05 - [MESSAGE][INFO] - Checking url

06-02-2024T14:28:05 - [MESSAGE][INFO] - Closing window with url: 'https://en.wikipedia.org/wiki/The_Elder_Scrolls_Online'

06-02-2024T14:28:05 - [MESSAGE][PASSED] - Window with url: 'https://en.wikipedia.org/wiki/The_Elder_Scrolls_Online' is closed

06-02-2024T14:28:05 - [MESSAGE][PASSED] - Call Test Case 'Test Cases/Browser Operations/005 - Closing Operations' successfully]]></system-out>
         <system-err><![CDATA[]]></system-err>
      </testcase>
      <testcase name="Test Cases/Browser Operations/006 - Assertions" time="11.578" classname="Test Cases/Browser Operations/006 - Assertions" status="PASSED">
         <system-out><![CDATA[06-02-2024T14:28:05 - [TEST_CASE][PASSED] - Test Cases/Browser Operations/006 - Assertions: Test Cases/Browser Operations/006 - Assertions

06-02-2024T14:28:05 - [TEST_STEP][PASSED] - openBrowser("https://www.elderscrollsonline.com/en-us/home"): Browser is opened with url: 'https://www.elderscrollsonline.com/en-us/home'

06-02-2024T14:28:05 - [MESSAGE][INFO] - Opening browser

06-02-2024T14:28:05 - [MESSAGE][WARNING] - A browser is already opened. Closing browser and opening a new one

06-02-2024T14:28:05 - [MESSAGE][INFO] - Starting 'Chrome' driver

06-02-2024T14:28:05 - [MESSAGE][INFO] - User set preference: ['property', '--window-size=1500,1000']

06-02-2024T14:28:05 - [MESSAGE][INFO] - Action delay is set to 0 milliseconds

06-02-2024T14:28:06 - [MESSAGE][INFO] - Navigating browser to: 'https://www.elderscrollsonline.com/en-us/home'

06-02-2024T14:28:11 - [MESSAGE][PASSED] - Browser is opened with url: 'https://www.elderscrollsonline.com/en-us/home'

06-02-2024T14:28:11 - [TEST_STEP][PASSED] - header = getWindowTitle(): Current window's title is: 'Home - The Elder Scrolls Online'

06-02-2024T14:28:11 - [MESSAGE][INFO] - Getting current window's title

06-02-2024T14:28:11 - [MESSAGE][PASSED] - Current window's title is: 'Home - The Elder Scrolls Online'

06-02-2024T14:28:11 - [TEST_STEP][PASSED] - verifyMatch(header, "Home - The Elder Scrolls Online", true): Actual text 'Home - The Elder Scrolls Online' and expected text 'Home - The Elder Scrolls Online' are matched  using regular expression

06-02-2024T14:28:11 - [MESSAGE][INFO] - Matching actual text 'Home - The Elder Scrolls Online' with expected text 'Home - The Elder Scrolls Online' using regular expression

06-02-2024T14:28:11 - [MESSAGE][PASSED] - Actual text 'Home - The Elder Scrolls Online' and expected text 'Home - The Elder Scrolls Online' are matched  using regular expression

06-02-2024T14:28:11 - [TEST_STEP][PASSED] - verifyElementPresent(findTestObject("ESO/Page_Home/h2_LATEST NEWS"), 0): Object 'Object Repository/ESO/Page_Home/h2_LATEST NEWS' is present

06-02-2024T14:28:11 - [MESSAGE][INFO] - Finding Test Object 'Object Repository/ESO/Page_Home/h2_LATEST NEWS'

06-02-2024T14:28:11 - [MESSAGE][INFO] - Checking object

06-02-2024T14:28:11 - [MESSAGE][INFO] - Finding web element from Test Object's properties

06-02-2024T14:28:11 - [MESSAGE][INFO] - Checking timeout

06-02-2024T14:28:11 - [MESSAGE][WARNING] - Timeout '0' is invalid. Using default page load timeout: '30'

06-02-2024T14:28:11 - [MESSAGE][INFO] - Finding web element with id: 'Object Repository/ESO/Page_Home/h2_LATEST NEWS' located by 'By.xpath: //smart-block[@id='sb-13291 ']/h2' in '30' second(s)

06-02-2024T14:28:11 - [MESSAGE][INFO] - Smart Wait Function is triggered

06-02-2024T14:28:12 - [MESSAGE][INFO] - Found 1 web elements with id: 'Object Repository/ESO/Page_Home/h2_LATEST NEWS' located by 'By.xpath: //smart-block[@id='sb-13291 ']/h2' in '30' second(s)

06-02-2024T14:28:12 - [MESSAGE][PASSED] - Object 'Object Repository/ESO/Page_Home/h2_LATEST NEWS' is present

06-02-2024T14:28:12 - [TEST_STEP][PASSED] - verifyElementClickable(findTestObject("ESO/Page_Home/button_ACCEPT ALL")): Object 'Object Repository/ESO/Page_Home/button_ACCEPT ALL' is clickable

06-02-2024T14:28:12 - [MESSAGE][INFO] - Finding Test Object 'Object Repository/ESO/Page_Home/button_ACCEPT ALL'

06-02-2024T14:28:12 - [MESSAGE][INFO] - Checking object

06-02-2024T14:28:12 - [MESSAGE][INFO] - Finding web element from Test Object's properties

06-02-2024T14:28:12 - [MESSAGE][INFO] - Checking timeout

06-02-2024T14:28:12 - [MESSAGE][INFO] - Finding web element with id: 'Object Repository/ESO/Page_Home/button_ACCEPT ALL' located by 'By.xpath: //button[@id='onetrust-accept-btn-handler']' in '30' second(s)

06-02-2024T14:28:12 - [MESSAGE][INFO] - Smart Wait Function is triggered

06-02-2024T14:28:13 - [MESSAGE][INFO] - Found 1 web elements with id: 'Object Repository/ESO/Page_Home/button_ACCEPT ALL' located by 'By.xpath: //button[@id='onetrust-accept-btn-handler']' in '30' second(s)

06-02-2024T14:28:13 - [MESSAGE][PASSED] - Object 'Object Repository/ESO/Page_Home/button_ACCEPT ALL' is clickable

06-02-2024T14:28:13 - [TEST_STEP][PASSED] - verifyElementVisible(findTestObject("ESO/Page_Home/a_The Elder Scrolls  Online")): Object 'Object Repository/ESO/Page_Home/a_The Elder Scrolls  Online' is visible

06-02-2024T14:28:13 - [MESSAGE][INFO] - Finding Test Object 'Object Repository/ESO/Page_Home/a_The Elder Scrolls  Online'

06-02-2024T14:28:13 - [MESSAGE][INFO] - Checking object

06-02-2024T14:28:13 - [MESSAGE][INFO] - Finding web element from Test Object's properties

06-02-2024T14:28:13 - [MESSAGE][INFO] - Checking timeout

06-02-2024T14:28:13 - [MESSAGE][INFO] - Finding web element with id: 'Object Repository/ESO/Page_Home/a_The Elder Scrolls  Online' located by 'By.xpath: //a[@id='navbarTopLogo']' in '30' second(s)

06-02-2024T14:28:13 - [MESSAGE][INFO] - Smart Wait Function is triggered

06-02-2024T14:28:13 - [MESSAGE][INFO] - Found 1 web elements with id: 'Object Repository/ESO/Page_Home/a_The Elder Scrolls  Online' located by 'By.xpath: //a[@id='navbarTopLogo']' in '30' second(s)

06-02-2024T14:28:13 - [MESSAGE][PASSED] - Object 'Object Repository/ESO/Page_Home/a_The Elder Scrolls  Online' is visible

06-02-2024T14:28:13 - [TEST_STEP][PASSED] - verifyElementInViewport(findTestObject("ESO/Page_Home/div_Policy"), 0): Object 'Object Repository/ESO/Page_Home/div_Policy' is present and visible in viewport

06-02-2024T14:28:13 - [MESSAGE][INFO] - Finding Test Object 'Object Repository/ESO/Page_Home/div_Policy'

06-02-2024T14:28:13 - [MESSAGE][INFO] - Checking object

06-02-2024T14:28:13 - [MESSAGE][INFO] - Finding web element from Test Object's properties

06-02-2024T14:28:13 - [MESSAGE][INFO] - Checking timeout

06-02-2024T14:28:13 - [MESSAGE][WARNING] - Timeout '0' is invalid. Using default page load timeout: '30'

06-02-2024T14:28:13 - [MESSAGE][INFO] - Finding web element with id: 'Object Repository/ESO/Page_Home/div_Policy' located by 'By.xpath: id("onetrust-banner-sdk")/div[1]/div[@class="ot-sdk-container"]/div[@class="ot-sdk-row"]' in '30' second(s)

06-02-2024T14:28:13 - [MESSAGE][INFO] - Smart Wait Function is triggered

06-02-2024T14:28:13 - [MESSAGE][INFO] - Found 1 web elements with id: 'Object Repository/ESO/Page_Home/div_Policy' located by 'By.xpath: id("onetrust-banner-sdk")/div[1]/div[@class="ot-sdk-container"]/div[@class="ot-sdk-row"]' in '30' second(s)

06-02-2024T14:28:13 - [MESSAGE][INFO] - Element position in viewport: x = 0, y = 602, width = 912, height = 280

06-02-2024T14:28:13 - [MESSAGE][INFO] - Viewport infomation: width = 929, height = 882

06-02-2024T14:28:13 - [MESSAGE][PASSED] - Object 'Object Repository/ESO/Page_Home/div_Policy' is present and visible in viewport

06-02-2024T14:28:13 - [TEST_STEP][PASSED] - click(findTestObject("ESO/Page_Home/button_ACCEPT ALL")): Object: 'Object Repository/ESO/Page_Home/button_ACCEPT ALL' is clicked on

06-02-2024T14:28:13 - [MESSAGE][INFO] - Finding Test Object 'Object Repository/ESO/Page_Home/button_ACCEPT ALL'

06-02-2024T14:28:13 - [MESSAGE][INFO] - Checking object

06-02-2024T14:28:13 - [MESSAGE][INFO] - Checking timeout

06-02-2024T14:28:13 - [MESSAGE][INFO] - Finding web element from Test Object's properties

06-02-2024T14:28:13 - [MESSAGE][INFO] - Checking timeout

06-02-2024T14:28:13 - [MESSAGE][INFO] - Finding web element with id: 'Object Repository/ESO/Page_Home/button_ACCEPT ALL' located by 'By.xpath: //button[@id='onetrust-accept-btn-handler']' in '30' second(s)

06-02-2024T14:28:13 - [MESSAGE][INFO] - Smart Wait Function is triggered

06-02-2024T14:28:13 - [MESSAGE][INFO] - Found 1 web elements with id: 'Object Repository/ESO/Page_Home/button_ACCEPT ALL' located by 'By.xpath: //button[@id='onetrust-accept-btn-handler']' in '30' second(s)

06-02-2024T14:28:13 - [MESSAGE][INFO] - Clicking on object: 'Object Repository/ESO/Page_Home/button_ACCEPT ALL'

06-02-2024T14:28:14 - [MESSAGE][PASSED] - Object: 'Object Repository/ESO/Page_Home/button_ACCEPT ALL' is clicked on

06-02-2024T14:28:14 - [TEST_STEP][PASSED] - refresh(): Refresh successfully

06-02-2024T14:28:14 - [MESSAGE][INFO] - Refreshing

06-02-2024T14:28:14 - [MESSAGE][PASSED] - Refresh successfully

06-02-2024T14:28:14 - [TEST_STEP][PASSED] - verifyElementNotPresent(findTestObject("ESO/Page_Home/button_ACCEPT ALL"), 0): Web element with id: 'Object Repository/ESO/Page_Home/button_ACCEPT ALL' located by 'By.xpath: //button[@id='onetrust-accept-btn-handler']' is not present after '30' second(s)

06-02-2024T14:28:14 - [MESSAGE][INFO] - Finding Test Object 'Object Repository/ESO/Page_Home/button_ACCEPT ALL'

06-02-2024T14:28:14 - [MESSAGE][INFO] - Checking object

06-02-2024T14:28:14 - [MESSAGE][INFO] - Checking timeout

06-02-2024T14:28:14 - [MESSAGE][WARNING] - Timeout '0' is invalid. Using default page load timeout: '30'

06-02-2024T14:28:14 - [MESSAGE][INFO] - Finding web element with id: 'Object Repository/ESO/Page_Home/button_ACCEPT ALL' located by 'By.xpath: //button[@id='onetrust-accept-btn-handler']' in '30' second(s)

06-02-2024T14:28:14 - [MESSAGE][INFO] - Smart Wait Function is triggered

06-02-2024T14:28:15 - [MESSAGE][PASSED] - Web element with id: 'Object Repository/ESO/Page_Home/button_ACCEPT ALL' located by 'By.xpath: //button[@id='onetrust-accept-btn-handler']' is not present after '30' second(s)

06-02-2024T14:28:15 - [TEST_STEP][PASSED] - verifyTextPresent("DISCOVER TAMRIEL", false): Text 'DISCOVER TAMRIEL' is present on page 

06-02-2024T14:28:15 - [MESSAGE][INFO] - Checking text present 

06-02-2024T14:28:15 - [MESSAGE][INFO] - Smart Wait Function is triggered

06-02-2024T14:28:16 - [MESSAGE][INFO] - Finding text 'DISCOVER TAMRIEL' on page 

06-02-2024T14:28:16 - [MESSAGE][PASSED] - Text 'DISCOVER TAMRIEL' is present on page 

06-02-2024T14:28:16 - [TEST_STEP][PASSED] - verifyElementText(findTestObject("ESO/Page_Home/a_Buy Now"), "BUY NOW"): Actual text and expected text of test object 'Object Repository/ESO/Page_Home/a_Buy Now' are matched.

06-02-2024T14:28:16 - [MESSAGE][INFO] - Finding Test Object 'Object Repository/ESO/Page_Home/a_Buy Now'

06-02-2024T14:28:16 - [MESSAGE][INFO] - Checking object

06-02-2024T14:28:16 - [MESSAGE][INFO] - Finding web element from Test Object's properties

06-02-2024T14:28:16 - [MESSAGE][INFO] - Checking timeout

06-02-2024T14:28:16 - [MESSAGE][INFO] - Finding web element with id: 'Object Repository/ESO/Page_Home/a_Buy Now' located by 'By.xpath: //div[@id='universal-nav']/div/div/div[5]/div/a' in '30' second(s)

06-02-2024T14:28:16 - [MESSAGE][INFO] - Smart Wait Function is triggered

06-02-2024T14:28:16 - [MESSAGE][INFO] - Found 1 web elements with id: 'Object Repository/ESO/Page_Home/a_Buy Now' located by 'By.xpath: //div[@id='universal-nav']/div/div/div[5]/div/a' in '30' second(s)

06-02-2024T14:28:16 - [MESSAGE][PASSED] - Actual text and expected text of test object 'Object Repository/ESO/Page_Home/a_Buy Now' are matched.

06-02-2024T14:28:16 - [TEST_STEP][PASSED] - closeBrowser(): Browser is closed

06-02-2024T14:28:16 - [MESSAGE][INFO] - Closing browser

06-02-2024T14:28:16 - [MESSAGE][PASSED] - Browser is closed]]></system-out>
         <system-err><![CDATA[]]></system-err>
      </testcase>
      <system-out><![CDATA[06-02-2024T14:27:48 - [TEST_SUITE][PASSED] - Learning Operations: Test Cases/Browser Operations/006 - Assertions]]></system-out>
      <system-err><![CDATA[]]></system-err>
   </testsuite>
</testsuites>
