<?xml version="1.0" encoding="UTF-8"?>
<testsuites name="TS004 - Home" time="25.668" tests="2" failures="0" errors="0">
   <testsuite name="TS004 - Home" tests="2" failures="0" errors="0" time="25.668" skipped="0" timestamp="31-01-2024T22:35:31" hostname="Careca Delas - Careca-Desktop.home" id="Test Suites/ESO/TS004 - Home">
      <properties>
         <property name="deviceName" value=""/>
         <property name="devicePlatform" value=""/>
         <property name="logFolder" value="C:\\Users\\Careca Delas\\Documents\\GitHub\\Oasis-Project\\Reports\\20240131_223421\\ESO\\TS004 - Home\\20240131_223429"/>
         <property name="logFiles" value="C:\\Users\\Careca Delas\\Documents\\GitHub\\Oasis-Project\\Reports\\20240131_223421\\ESO\\TS004 - Home\\20240131_223429\\execution0.log"/>
         <property name="attachments" value=""/>
         <property name="hostName" value="Careca Delas - Careca-Desktop.home"/>
         <property name="os" value="Windows 10 64bit"/>
         <property name="katalonVersion" value="9.2.0.212"/>
         <property name="browser" value="Chrome 120.0.0.0"/>
         <property name="hostAddress" value="192.168.1.13"/>
         <property name="sessionId" value="41719ec8b4f24f2031d3c04d74272e03"/>
         <property name="seleniumVersion" value="3.141.59"/>
         <property name="proxyInformation" value="ProxyInformation { proxyOption=NO_PROXY, proxyServerType=HTTP, username=, password=********, proxyServerAddress=, proxyServerPort=0, executionList=&quot;&quot;, isApplyToDesiredCapabilities=true }"/>
         <property name="platform" value="Windows 10"/>
      </properties>
      <testcase name="Test Cases/ESO/Home Validation/H001 - Home Page" time="12.126" classname="Test Cases/ESO/Home Validation/H001 - Home Page" status="PASSED">
         <system-out><![CDATA[31-01-2024T22:35:31 - [TEST_CASE][PASSED] - Test Cases/ESO/Home Validation/H001 - Home Page: Test Cases/ESO/Home Validation/H001 - Home Page

31-01-2024T22:35:32 - [TEST_STEP][PASSED] - callTestCase(findTestCase("ESO/Misc Tests/Open ESO Page"), [:], STOP_ON_FAILURE): Call Test Case 'Test Cases/ESO/Misc Tests/Open ESO Page' successfully

31-01-2024T22:35:32 - [TEST_CASE][PASSED] - Test Cases/ESO/Misc Tests/Open ESO Page: Test Cases/ESO/Misc Tests/Open ESO Page

31-01-2024T22:35:32 - [TEST_STEP][PASSED] - openBrowser(""): Browser is opened with url: ''

31-01-2024T22:35:32 - [MESSAGE][INFO] - Starting 'Chrome' driver

31-01-2024T22:35:32 - [MESSAGE][INFO] - Action delay is set to 0 milliseconds

31-01-2024T22:35:33 - [MESSAGE][PASSED] - Browser is opened with url: ''

31-01-2024T22:35:33 - [TEST_STEP][PASSED] - maximizeWindow(): Current window maximized

31-01-2024T22:35:33 - [MESSAGE][PASSED] - Current window maximized

31-01-2024T22:35:33 - [TEST_STEP][PASSED] - navigateToUrl("https://www.elderscrollsonline.com/en-us/home"): Navigate to 'https://www.elderscrollsonline.com/en-us/home' successfully

31-01-2024T22:35:37 - [MESSAGE][PASSED] - Navigate to 'https://www.elderscrollsonline.com/en-us/home' successfully

31-01-2024T22:35:37 - [TEST_STEP][PASSED] - delay(3): Delayed 3 second(s)

31-01-2024T22:35:40 - [MESSAGE][PASSED] - Delayed 3 second(s)

31-01-2024T22:35:40 - [TEST_STEP][PASSED] - verifyElementPresent(findTestObject("Object Repository/ESO/Page_Home/a_The Elder Scrolls  Online"), 0): Object 'Object Repository/ESO/Page_Home/a_The Elder Scrolls  Online' is present

31-01-2024T22:35:40 - [MESSAGE][WARNING] - Timeout '0' is invalid. Using default page load timeout: '30'

31-01-2024T22:35:40 - [MESSAGE][PASSED] - Object 'Object Repository/ESO/Page_Home/a_The Elder Scrolls  Online' is present

31-01-2024T22:35:40 - [TEST_STEP][PASSED] - callTestCase(findTestCase("ESO/Misc Tests/Policy Accept"), [:], STOP_ON_FAILURE): Call Test Case 'Test Cases/ESO/Misc Tests/Policy Accept' successfully

31-01-2024T22:35:40 - [TEST_CASE][PASSED] - Test Cases/ESO/Misc Tests/Policy Accept: Test Cases/ESO/Misc Tests/Policy Accept

31-01-2024T22:35:40 - [TEST_STEP][PASSED] - verifyElementPresent(findTestObject("Object Repository/ESO/Page_Home/div_Policy"), 0): Object 'Object Repository/ESO/Page_Home/div_Policy' is present

31-01-2024T22:35:40 - [MESSAGE][WARNING] - Timeout '0' is invalid. Using default page load timeout: '30'

31-01-2024T22:35:41 - [MESSAGE][PASSED] - Object 'Object Repository/ESO/Page_Home/div_Policy' is present

31-01-2024T22:35:41 - [TEST_STEP][PASSED] - click(findTestObject("Object Repository/ESO/Page_Home/button_ACCEPT ALL")): Object: 'Object Repository/ESO/Page_Home/button_ACCEPT ALL' is clicked on

31-01-2024T22:35:41 - [MESSAGE][PASSED] - Object: 'Object Repository/ESO/Page_Home/button_ACCEPT ALL' is clicked on

31-01-2024T22:35:41 - [MESSAGE][PASSED] - Call Test Case 'Test Cases/ESO/Misc Tests/Policy Accept' successfully

31-01-2024T22:35:41 - [MESSAGE][PASSED] - Call Test Case 'Test Cases/ESO/Misc Tests/Open ESO Page' successfully

31-01-2024T22:35:41 - [TEST_STEP][PASSED] - verifyElementVisible(findTestObject("ESO/Page_Home/h2_LATEST NEWS"), STOP_ON_FAILURE): Object 'Object Repository/ESO/Page_Home/h2_LATEST NEWS' is visible

31-01-2024T22:35:42 - [MESSAGE][PASSED] - Object 'Object Repository/ESO/Page_Home/h2_LATEST NEWS' is visible

31-01-2024T22:35:42 - [TEST_STEP][PASSED] - verifyElementPresent(findTestObject("ESO/Page_Home/Navigation Bar/a_This is ESO"), 0): Object 'Object Repository/ESO/Page_Home/Navigation Bar/a_This is ESO' is present

31-01-2024T22:35:42 - [MESSAGE][WARNING] - Timeout '0' is invalid. Using default page load timeout: '30'

31-01-2024T22:35:43 - [MESSAGE][PASSED] - Object 'Object Repository/ESO/Page_Home/Navigation Bar/a_This is ESO' is present

31-01-2024T22:35:43 - [TEST_STEP][PASSED] - verifyElementPresent(findTestObject("ESO/Page_Home/Navigation Bar/a_Classes"), 0): Object 'Object Repository/ESO/Page_Home/Navigation Bar/a_Classes' is present

31-01-2024T22:35:43 - [MESSAGE][WARNING] - Timeout '0' is invalid. Using default page load timeout: '30'

31-01-2024T22:35:43 - [MESSAGE][PASSED] - Object 'Object Repository/ESO/Page_Home/Navigation Bar/a_Classes' is present

31-01-2024T22:35:43 - [TEST_STEP][PASSED] - verifyElementPresent(findTestObject("ESO/Page_Home/Navigation Bar/a_UpdatesDLC"), 0): Object 'Object Repository/ESO/Page_Home/Navigation Bar/a_UpdatesDLC' is present

31-01-2024T22:35:43 - [MESSAGE][WARNING] - Timeout '0' is invalid. Using default page load timeout: '30'

31-01-2024T22:35:43 - [MESSAGE][PASSED] - Object 'Object Repository/ESO/Page_Home/Navigation Bar/a_UpdatesDLC' is present

31-01-2024T22:35:43 - [TEST_STEP][PASSED] - verifyElementPresent(findTestObject("ESO/Page_Home/Navigation Bar/a_Patch Notes"), 0): Object 'Object Repository/ESO/Page_Home/Navigation Bar/a_Patch Notes' is present

31-01-2024T22:35:43 - [MESSAGE][WARNING] - Timeout '0' is invalid. Using default page load timeout: '30'

31-01-2024T22:35:43 - [MESSAGE][PASSED] - Object 'Object Repository/ESO/Page_Home/Navigation Bar/a_Patch Notes' is present]]></system-out>
         <system-err><![CDATA[]]></system-err>
      </testcase>
      <testcase name="Test Cases/ESO/Home Validation/H002 - Return to Home" time="13.418" classname="Test Cases/ESO/Home Validation/H002 - Return to Home" status="PASSED">
         <system-out><![CDATA[31-01-2024T22:35:43 - [TEST_CASE][PASSED] - Test Cases/ESO/Home Validation/H002 - Return to Home: Test Cases/ESO/Home Validation/H002 - Return to Home

31-01-2024T22:35:44 - [TEST_STEP][PASSED] - callTestCase(findTestCase("ESO/Misc Tests/Open ESO Page"), [:], STOP_ON_FAILURE): Call Test Case 'Test Cases/ESO/Misc Tests/Open ESO Page' successfully

31-01-2024T22:35:44 - [TEST_CASE][PASSED] - Test Cases/ESO/Misc Tests/Open ESO Page: Test Cases/ESO/Misc Tests/Open ESO Page

31-01-2024T22:35:44 - [TEST_STEP][PASSED] - openBrowser(""): Browser is opened with url: ''

31-01-2024T22:35:44 - [MESSAGE][WARNING] - A browser is already opened. Closing browser and opening a new one

31-01-2024T22:35:44 - [MESSAGE][INFO] - Starting 'Chrome' driver

31-01-2024T22:35:44 - [MESSAGE][INFO] - Action delay is set to 0 milliseconds

31-01-2024T22:35:44 - [MESSAGE][PASSED] - Browser is opened with url: ''

31-01-2024T22:35:44 - [TEST_STEP][PASSED] - maximizeWindow(): Current window maximized

31-01-2024T22:35:45 - [MESSAGE][PASSED] - Current window maximized

31-01-2024T22:35:45 - [TEST_STEP][PASSED] - navigateToUrl("https://www.elderscrollsonline.com/en-us/home"): Navigate to 'https://www.elderscrollsonline.com/en-us/home' successfully

31-01-2024T22:35:46 - [MESSAGE][PASSED] - Navigate to 'https://www.elderscrollsonline.com/en-us/home' successfully

31-01-2024T22:35:46 - [TEST_STEP][PASSED] - delay(3): Delayed 3 second(s)

31-01-2024T22:35:49 - [MESSAGE][PASSED] - Delayed 3 second(s)

31-01-2024T22:35:49 - [TEST_STEP][PASSED] - verifyElementPresent(findTestObject("Object Repository/ESO/Page_Home/a_The Elder Scrolls  Online"), 0): Object 'Object Repository/ESO/Page_Home/a_The Elder Scrolls  Online' is present

31-01-2024T22:35:49 - [MESSAGE][WARNING] - Timeout '0' is invalid. Using default page load timeout: '30'

31-01-2024T22:35:49 - [MESSAGE][PASSED] - Object 'Object Repository/ESO/Page_Home/a_The Elder Scrolls  Online' is present

31-01-2024T22:35:49 - [TEST_STEP][PASSED] - callTestCase(findTestCase("ESO/Misc Tests/Policy Accept"), [:], STOP_ON_FAILURE): Call Test Case 'Test Cases/ESO/Misc Tests/Policy Accept' successfully

31-01-2024T22:35:50 - [TEST_CASE][PASSED] - Test Cases/ESO/Misc Tests/Policy Accept: Test Cases/ESO/Misc Tests/Policy Accept

31-01-2024T22:35:50 - [TEST_STEP][PASSED] - verifyElementPresent(findTestObject("Object Repository/ESO/Page_Home/div_Policy"), 0): Object 'Object Repository/ESO/Page_Home/div_Policy' is present

31-01-2024T22:35:50 - [MESSAGE][WARNING] - Timeout '0' is invalid. Using default page load timeout: '30'

31-01-2024T22:35:50 - [MESSAGE][PASSED] - Object 'Object Repository/ESO/Page_Home/div_Policy' is present

31-01-2024T22:35:50 - [TEST_STEP][PASSED] - click(findTestObject("Object Repository/ESO/Page_Home/button_ACCEPT ALL")): Object: 'Object Repository/ESO/Page_Home/button_ACCEPT ALL' is clicked on

31-01-2024T22:35:50 - [MESSAGE][PASSED] - Object: 'Object Repository/ESO/Page_Home/button_ACCEPT ALL' is clicked on

31-01-2024T22:35:50 - [MESSAGE][PASSED] - Call Test Case 'Test Cases/ESO/Misc Tests/Policy Accept' successfully

31-01-2024T22:35:50 - [MESSAGE][PASSED] - Call Test Case 'Test Cases/ESO/Misc Tests/Open ESO Page' successfully

31-01-2024T22:35:50 - [TEST_STEP][PASSED] - headerBefore = getWindowTitle(): Current window's title is: 'Home - The Elder Scrolls Online'

31-01-2024T22:35:50 - [MESSAGE][PASSED] - Current window's title is: 'Home - The Elder Scrolls Online'

31-01-2024T22:35:50 - [TEST_STEP][PASSED] - verifyMatch(headerBefore, HomeTitle, false): Actual text 'Home - The Elder Scrolls Online' and expected text 'Home - The Elder Scrolls Online' are matched 

31-01-2024T22:35:50 - [MESSAGE][PASSED] - Actual text 'Home - The Elder Scrolls Online' and expected text 'Home - The Elder Scrolls Online' are matched 

31-01-2024T22:35:50 - [TEST_STEP][PASSED] - callTestCase(findTestCase("ESO/Home Validation/Buy Now Section/B001 - Buy Now Page"), [:], STOP_ON_FAILURE): Call Test Case 'Test Cases/ESO/Home Validation/Buy Now Section/B001 - Buy Now Page' successfully

31-01-2024T22:35:50 - [TEST_CASE][PASSED] - Test Cases/ESO/Home Validation/Buy Now Section/B001 - Buy Now Page: Test Cases/ESO/Home Validation/Buy Now Section/B001 - Buy Now Page

31-01-2024T22:35:51 - [TEST_STEP][PASSED] - click(findTestObject("ESO/Page_Home/a_Buy Now")): Object: 'Object Repository/ESO/Page_Home/a_Buy Now' is clicked on

31-01-2024T22:35:51 - [MESSAGE][PASSED] - Object: 'Object Repository/ESO/Page_Home/a_Buy Now' is clicked on

31-01-2024T22:35:51 - [TEST_STEP][PASSED] - verifyElementInViewport(findTestObject("ESO/Page_Buy Now/h1_Buy Now"), 0): Object 'Object Repository/ESO/Page_Buy Now/h1_Buy Now' is present and visible in viewport

31-01-2024T22:35:51 - [MESSAGE][WARNING] - Timeout '0' is invalid. Using default page load timeout: '30'

31-01-2024T22:35:54 - [MESSAGE][PASSED] - Object 'Object Repository/ESO/Page_Buy Now/h1_Buy Now' is present and visible in viewport

31-01-2024T22:35:54 - [TEST_STEP][PASSED] - header = getWindowTitle(): Current window's title is: 'Buy Now - The Elder Scrolls Online'

31-01-2024T22:35:54 - [MESSAGE][PASSED] - Current window's title is: 'Buy Now - The Elder Scrolls Online'

31-01-2024T22:35:54 - [TEST_STEP][PASSED] - verifyMatch(header, BuyNowTitle, false): Actual text 'Buy Now - The Elder Scrolls Online' and expected text 'Buy Now - The Elder Scrolls Online' are matched 

31-01-2024T22:35:54 - [MESSAGE][PASSED] - Actual text 'Buy Now - The Elder Scrolls Online' and expected text 'Buy Now - The Elder Scrolls Online' are matched 

31-01-2024T22:35:54 - [MESSAGE][PASSED] - Call Test Case 'Test Cases/ESO/Home Validation/Buy Now Section/B001 - Buy Now Page' successfully

31-01-2024T22:35:54 - [TEST_STEP][PASSED] - back(): Navigate back successfully

31-01-2024T22:35:54 - [MESSAGE][PASSED] - Navigate back successfully

31-01-2024T22:35:54 - [TEST_STEP][PASSED] - delay(3): Delayed 3 second(s)

31-01-2024T22:35:57 - [MESSAGE][PASSED] - Delayed 3 second(s)

31-01-2024T22:35:57 - [TEST_STEP][PASSED] - headerAfter = getWindowTitle(): Current window's title is: 'Home - The Elder Scrolls Online'

31-01-2024T22:35:57 - [MESSAGE][PASSED] - Current window's title is: 'Home - The Elder Scrolls Online'

31-01-2024T22:35:57 - [TEST_STEP][PASSED] - verifyMatch(headerAfter, HomeTitle, false): Actual text 'Home - The Elder Scrolls Online' and expected text 'Home - The Elder Scrolls Online' are matched 

31-01-2024T22:35:57 - [MESSAGE][PASSED] - Actual text 'Home - The Elder Scrolls Online' and expected text 'Home - The Elder Scrolls Online' are matched 

31-01-2024T22:35:57 - [TEST_STEP][PASSED] - closeBrowser(): Browser is closed

31-01-2024T22:35:57 - [MESSAGE][PASSED] - Browser is closed]]></system-out>
         <system-err><![CDATA[]]></system-err>
      </testcase>
      <system-out><![CDATA[31-01-2024T22:35:31 - [TEST_SUITE][PASSED] - TS004 - Home: Test Cases/ESO/Home Validation/H002 - Return to Home]]></system-out>
      <system-err><![CDATA[]]></system-err>
   </testsuite>
</testsuites>
