<?xml version="1.0" encoding="UTF-8"?>
<testsuites name="Account Validation" time="111.811" tests="2" failures="0" errors="0">
   <testsuite name="Account Validation" tests="2" failures="0" errors="0" time="111.811" skipped="0" timestamp="23-01-2024T01:37:05" hostname="Careca Delas - Careca-Desktop.home" id="Test Suites/ESO/Account Validation">
      <properties>
         <property name="deviceName"/>
         <property name="devicePlatform" value="WINDOWS"/>
         <property name="logFolder" value="C:\\Users\\Careca Delas\\Documents\\GitHub\\Oasis-Project\\Reports\\20240123_013659\\ESO\\Account Validation\\20240123_013659"/>
         <property name="logFiles" value="C:\\Users\\Careca Delas\\Documents\\GitHub\\Oasis-Project\\Reports\\20240123_013659\\ESO\\Account Validation\\20240123_013659\\execution0.log"/>
         <property name="attachments" value=""/>
         <property name="hostName" value="Careca Delas - Careca-Desktop.home"/>
         <property name="remoteDriverUrl" value="testcloud.katalon.com/hub"/>
         <property name="desiredCapabilities" value="{&#xa;  &quot;timeouts&quot;: {&#xa;    &quot;implicit&quot;: 0,&#xa;    &quot;pageLoad&quot;: 300000,&#xa;    &quot;script&quot;: 30000&#xa;  },&#xa;  &quot;platform&quot;: &quot;WINDOWS&quot;,&#xa;  &quot;goog:chromeOptions&quot;: {&#xa;    &quot;debuggerAddress&quot;: &quot;localhost:9225&quot;&#xa;  },&#xa;  &quot;requestId&quot;: &quot;d0898de1-297c-41c3-8c22-dc044404e927&quot;,&#xa;  &quot;webauthn:extension:credBlob&quot;: true,&#xa;  &quot;acceptInsecureCerts&quot;: false,&#xa;  &quot;browserVersion&quot;: &quot;119.0.0.0&quot;,&#xa;  &quot;fedcm:accounts&quot;: true,&#xa;  &quot;browserName&quot;: &quot;chrome&quot;,&#xa;  &quot;javascriptEnabled&quot;: true,&#xa;  &quot;katalon:option&quot;: {&#xa;    &quot;unlimitedExecutionMinutes&quot;: true,&#xa;    &quot;userId&quot;: 1423099,&#xa;    &quot;organizationId&quot;: &quot;1380540&quot;,&#xa;    &quot;class&quot;: &quot;com.katalon.testcloud.grid.common.tunnel.domain.UserOptionCapability&quot;,&#xa;    &quot;runFromTestCloud&quot;: true,&#xa;    &quot;usingTunnel&quot;: false&#xa;  },&#xa;  &quot;platformName&quot;: &quot;WINDOWS&quot;,&#xa;  &quot;setWindowRect&quot;: true,&#xa;  &quot;webauthn:extension:largeBlob&quot;: true,&#xa;  &quot;networkConnectionEnabled&quot;: false,&#xa;  &quot;chrome&quot;: {&#xa;    &quot;chromedriverVersion&quot;: &quot;119.0.6045.9 (c7ec5863fa5c563b4b9057148aa2ae3f09f7994e-refs/branch-heads/6045@{#87})&quot;,&#xa;    &quot;userDataDir&quot;: &quot;C:\\Program Files (x86)\\scoped_dir4644_924602603&quot;&#xa;  },&#xa;  &quot;os&quot;: &quot;windows&quot;,&#xa;  &quot;pageLoadStrategy&quot;: &quot;normal&quot;,&#xa;  &quot;unhandledPromptBehavior&quot;: &quot;dismiss and notify&quot;,&#xa;  &quot;strictFileInteractability&quot;: false,&#xa;  &quot;***:loadExtension&quot;: [&#xa;    &quot;https://prod-magicleap-user-files-us-east-1-v1.s3.amazonaws.com/extensions/orgId-691279/SmartWait.zip&quot;&#xa;  ],&#xa;  &quot;version&quot;: &quot;119&quot;,&#xa;  &quot;se:cdp&quot;: &quot;ws://172.48.47.234:4444/session/b50221f66a548c7f0aef208972e50566/se/cdp&quot;,&#xa;  &quot;proxy&quot;: {&#xa;    &quot;proxyType&quot;: &quot;DIRECT&quot;,&#xa;    &quot;autodetect&quot;: false&#xa;  },&#xa;  &quot;webauthn:extension:minPinLength&quot;: true,&#xa;  &quot;webdriver.remote.sessionid&quot;: &quot;b50221f66a548c7f0aef208972e50566&quot;,&#xa;  &quot;webauthn:extension:prf&quot;: true,&#xa;  &quot;webauthn:virtualAuthenticators&quot;: true&#xa;}"/>
         <property name="os" value="Windows 10 64bit"/>
         <property name="remoteOS" value="Windows"/>
         <property name="katalonVersion" value="9.1.0.212"/>
         <property name="browser" value="Chrome 119.0.0.0"/>
         <property name="hostAddress" value="192.168.1.13"/>
         <property name="sessionId" value="b50221f66a548c7f0aef208972e50566"/>
         <property name="seleniumVersion" value="3.141.59"/>
         <property name="proxyInformation" value="ProxyInformation { proxyOption=NO_PROXY, proxyServerType=HTTP, username=, password=********, proxyServerAddress=, proxyServerPort=0, executionList=&quot;&quot;, isApplyToDesiredCapabilities=true }"/>
         <property name="platform" value="Windows 10"/>
      </properties>
      <testcase name="Test Cases/ESO/Login/Register Page Validation" time="71.792" classname="Test Cases/ESO/Login/Register Page Validation" status="PASSED">
         <system-out><![CDATA[23-01-2024T01:37:05 - [TEST_CASE][PASSED] - Test Cases/ESO/Login/Register Page Validation: Test Cases/ESO/Login/Register Page Validation

23-01-2024T01:37:05 - [TEST_STEP][PASSED] - openBrowser(""): Browser is opened with url: ''

23-01-2024T01:37:06 - [MESSAGE][INFO] - User set preference: ['os', 'windows']

23-01-2024T01:37:06 - [MESSAGE][INFO] - User set preference: ['browserName', 'chrome']

23-01-2024T01:37:06 - [MESSAGE][INFO] - User set preference: ['browserVersion', '119']

23-01-2024T01:37:06 - [MESSAGE][INFO] - User set preference: ['katalon:option', '{organizationId=1380540, tunnelId=, usingTunnel=false}']

23-01-2024T01:37:06 - [MESSAGE][INFO] - Connecting to remote web server 'testcloud.katalon.com/hub' with type 'Selenium'

23-01-2024T01:37:06 - [MESSAGE][INFO] - Action delay is set to 0 milliseconds

23-01-2024T01:37:34 - [MESSAGE][PASSED] - Browser is opened with url: ''

23-01-2024T01:37:34 - [TEST_STEP][PASSED] - navigateToUrl("https://account.elderscrollsonline.com/en-us/agegate?URL=%2fen-us%2fregister%2faccount-information"): Navigate to 'https://account.elderscrollsonline.com/en-us/agegate?URL=%2fen-us%2fregister%2faccount-information' successfully

23-01-2024T01:37:37 - [MESSAGE][PASSED] - Navigate to 'https://account.elderscrollsonline.com/en-us/agegate?URL=%2fen-us%2fregister%2faccount-information' successfully

23-01-2024T01:37:37 - [TEST_STEP][PASSED] - callTestCase(findTestCase("ESO/Age Valitadion/Valid Age"), [:], STOP_ON_FAILURE): Call Test Case 'Test Cases/ESO/Age Valitadion/Valid Age' successfully

23-01-2024T01:37:37 - [TEST_CASE][PASSED] - Test Cases/ESO/Age Valitadion/Valid Age: Test Cases/ESO/Age Valitadion/Valid Age

23-01-2024T01:37:37 - [TEST_STEP][PASSED] - sendKeys(findTestObject("ESO/Page_Age_Verification/input_Age Verification_month"), helpers.getTodayDate.month()): Keys '01' sent to object: 'Object Repository/ESO/Page_Age_Verification/input_Age Verification_month'

23-01-2024T01:37:37 - [MESSAGE][PASSED] - helpers.getTodayDate.month is PASSED

23-01-2024T01:37:39 - [MESSAGE][PASSED] - Keys '01' sent to object: 'Object Repository/ESO/Page_Age_Verification/input_Age Verification_month'

23-01-2024T01:37:39 - [TEST_STEP][PASSED] - sendKeys(findTestObject("ESO/Page_Age_Verification/input_Age Verification_day"), helpers.getTodayDate.day()): Keys '23' sent to object: 'Object Repository/ESO/Page_Age_Verification/input_Age Verification_day'

23-01-2024T01:37:39 - [MESSAGE][PASSED] - helpers.getTodayDate.day is PASSED

23-01-2024T01:37:42 - [MESSAGE][PASSED] - Keys '23' sent to object: 'Object Repository/ESO/Page_Age_Verification/input_Age Verification_day'

23-01-2024T01:37:42 - [TEST_STEP][PASSED] - sendKeys(findTestObject("ESO/Page_Age_Verification/input_Age Verification_year"), helpers.getTodayDate.OverYear()): Keys '2006' sent to object: 'Object Repository/ESO/Page_Age_Verification/input_Age Verification_year'

23-01-2024T01:37:42 - [MESSAGE][PASSED] - helpers.getTodayDate.OverYear is PASSED

23-01-2024T01:37:44 - [MESSAGE][PASSED] - Keys '2006' sent to object: 'Object Repository/ESO/Page_Age_Verification/input_Age Verification_year'

23-01-2024T01:37:44 - [TEST_STEP][PASSED] - click(findTestObject("ESO/Page_Age_Verification/button_Submit")): Object: 'Object Repository/ESO/Page_Age_Verification/button_Submit' is clicked on

23-01-2024T01:37:47 - [MESSAGE][PASSED] - Object: 'Object Repository/ESO/Page_Age_Verification/button_Submit' is clicked on

23-01-2024T01:37:47 - [TEST_STEP][PASSED] - verifyElementNotPresent(findTestObject("ESO/Page_Age_Verification/h4_Access Denied"), 0): Web element with id: 'Object Repository/ESO/Page_Age_Verification/h4_Access Denied' located by 'By.xpath: //*[(text() = 'Access Denied' or . = 'Access Denied')]' is not present after '30' second(s)

23-01-2024T01:37:48 - [MESSAGE][WARNING] - Timeout '0' is invalid. Using default page load timeout: '30'

23-01-2024T01:37:50 - [MESSAGE][PASSED] - Web element with id: 'Object Repository/ESO/Page_Age_Verification/h4_Access Denied' located by 'By.xpath: //*[(text() = 'Access Denied' or . = 'Access Denied')]' is not present after '30' second(s)

23-01-2024T01:37:50 - [MESSAGE][PASSED] - Call Test Case 'Test Cases/ESO/Age Valitadion/Valid Age' successfully

23-01-2024T01:37:50 - [TEST_STEP][PASSED] - verifyElementVisible(findTestObject("Object Repository/ESO/Page_Register/input_userscreen_name")): Object 'Object Repository/ESO/Page_Register/input_userscreen_name' is visible

23-01-2024T01:37:54 - [MESSAGE][PASSED] - Object 'Object Repository/ESO/Page_Register/input_userscreen_name' is visible

23-01-2024T01:37:55 - [TEST_STEP][PASSED] - verifyElementVisible(findTestObject("Object Repository/ESO/Page_Register/input_useremail")): Object 'Object Repository/ESO/Page_Register/input_useremail' is visible

23-01-2024T01:37:58 - [MESSAGE][PASSED] - Object 'Object Repository/ESO/Page_Register/input_useremail' is visible

23-01-2024T01:37:59 - [TEST_STEP][PASSED] - verifyElementVisible(findTestObject("Object Repository/ESO/Page_Register/input_useremail_confirmation")): Object 'Object Repository/ESO/Page_Register/input_useremail_confirmation' is visible

23-01-2024T01:38:03 - [MESSAGE][PASSED] - Object 'Object Repository/ESO/Page_Register/input_useremail_confirmation' is visible

23-01-2024T01:38:04 - [TEST_STEP][PASSED] - verifyElementVisible(findTestObject("Object Repository/ESO/Page_Register/input_userpassword")): Object 'Object Repository/ESO/Page_Register/input_userpassword' is visible

23-01-2024T01:38:07 - [MESSAGE][PASSED] - Object 'Object Repository/ESO/Page_Register/input_userpassword' is visible

23-01-2024T01:38:08 - [TEST_STEP][PASSED] - verifyElementVisible(findTestObject("Object Repository/ESO/Page_Register/input_userpassword_confirmation")): Object 'Object Repository/ESO/Page_Register/input_userpassword_confirmation' is visible

23-01-2024T01:38:11 - [MESSAGE][PASSED] - Object 'Object Repository/ESO/Page_Register/input_userpassword_confirmation' is visible

23-01-2024T01:38:13 - [TEST_STEP][PASSED] - verifyElementVisible(findTestObject("Object Repository/ESO/Page_Register/div_Security Question")): Object 'Object Repository/ESO/Page_Register/div_Security Question' is visible

23-01-2024T01:38:16 - [MESSAGE][PASSED] - Object 'Object Repository/ESO/Page_Register/div_Security Question' is visible]]></system-out>
         <system-err><![CDATA[]]></system-err>
      </testcase>
      <testcase name="Test Cases/ESO/Login/Login Page Validation" time="39.84" classname="Test Cases/ESO/Login/Login Page Validation" status="PASSED">
         <system-out><![CDATA[23-01-2024T01:38:17 - [TEST_CASE][PASSED] - Test Cases/ESO/Login/Login Page Validation: Test Cases/ESO/Login/Login Page Validation

23-01-2024T01:38:17 - [TEST_STEP][PASSED] - helpers.Misc.LoginPage(): helpers.Misc.LoginPage is PASSED

23-01-2024T01:38:17 - [MESSAGE][WARNING] - A browser is already opened. Closing browser and opening a new one

23-01-2024T01:38:18 - [MESSAGE][INFO] - User set preference: ['os', 'windows']

23-01-2024T01:38:18 - [MESSAGE][INFO] - User set preference: ['browserName', 'chrome']

23-01-2024T01:38:18 - [MESSAGE][INFO] - User set preference: ['browserVersion', '119']

23-01-2024T01:38:18 - [MESSAGE][INFO] - User set preference: ['katalon:option', '{organizationId=1380540, tunnelId=, usingTunnel=false}']

23-01-2024T01:38:18 - [MESSAGE][INFO] - Connecting to remote web server 'testcloud.katalon.com/hub' with type 'Selenium'

23-01-2024T01:38:18 - [MESSAGE][INFO] - Action delay is set to 0 milliseconds

23-01-2024T01:38:44 - [MESSAGE][PASSED] - Browser is opened with url: ''

23-01-2024T01:38:47 - [MESSAGE][PASSED] - Navigate to 'https://account.elderscrollsonline.com/en-us/login' successfully

23-01-2024T01:38:47 - [MESSAGE][PASSED] - helpers.Misc.LoginPage is PASSED

23-01-2024T01:38:47 - [TEST_STEP][PASSED] - verifyElementVisible(findTestObject("Object Repository/ESO/Page_Login/body_Sign In                                                                                                                            UserID")): Object 'Object Repository/ESO/Page_Login/body_Sign In                                                                                                                            UserID' is visible

23-01-2024T01:38:51 - [MESSAGE][PASSED] - Object 'Object Repository/ESO/Page_Login/body_Sign In                                                                                                                            UserID' is visible

23-01-2024T01:38:52 - [TEST_STEP][PASSED] - verifyElementVisible(findTestObject("Object Repository/ESO/Page_Login/a_Sign In"), STOP_ON_FAILURE): Object 'Object Repository/ESO/Page_Login/a_Sign In' is visible

23-01-2024T01:38:56 - [MESSAGE][PASSED] - Object 'Object Repository/ESO/Page_Login/a_Sign In' is visible]]></system-out>
         <system-err><![CDATA[]]></system-err>
      </testcase>
      <system-out><![CDATA[23-01-2024T01:37:05 - [TEST_SUITE][PASSED] - Account Validation: Test Cases/ESO/Login/Login Page Validation]]></system-out>
      <system-err><![CDATA[]]></system-err>
   </testsuite>
</testsuites>
