<?xml version="1.0" encoding="UTF-8"?>
<testsuites name="TS003 - Age" time="126.624" tests="2" failures="0" errors="0">
   <testsuite name="TS003 - Age" tests="2" failures="0" errors="0" time="126.624" skipped="0" timestamp="28-01-2024T23:38:19" hostname="Careca Delas - Careca-Desktop.home" id="Test Suites/ESO/TS003 - Age">
      <properties>
         <property name="deviceName"/>
         <property name="devicePlatform" value="WINDOWS"/>
         <property name="logFolder" value="C:\\Users\\Careca Delas\\Documents\\GitHub\\Oasis-Project\\Reports\\20240128_233813\\ESO\\TS003 - Age\\20240128_233813"/>
         <property name="logFiles" value="C:\\Users\\Careca Delas\\Documents\\GitHub\\Oasis-Project\\Reports\\20240128_233813\\ESO\\TS003 - Age\\20240128_233813\\execution0.log"/>
         <property name="attachments" value="C:\\Users\\Careca Delas\\Documents\\GitHub\\Oasis-Project\\Reports\\20240128_233813\\ESO\\TS003 - Age\\20240128_233813\\1706485190896.png"/>
         <property name="hostName" value="Careca Delas - Careca-Desktop.home"/>
         <property name="remoteDriverUrl" value="testcloud.katalon.com/hub"/>
         <property name="desiredCapabilities" value="{&#xa;  &quot;timeouts&quot;: {&#xa;    &quot;implicit&quot;: 0,&#xa;    &quot;pageLoad&quot;: 300000,&#xa;    &quot;script&quot;: 30000&#xa;  },&#xa;  &quot;platform&quot;: &quot;WINDOWS&quot;,&#xa;  &quot;goog:chromeOptions&quot;: {&#xa;    &quot;debuggerAddress&quot;: &quot;localhost:9225&quot;&#xa;  },&#xa;  &quot;requestId&quot;: &quot;9d7b9aa1-4e5c-4da5-81c5-6e6da8d77c56&quot;,&#xa;  &quot;webauthn:extension:credBlob&quot;: true,&#xa;  &quot;acceptInsecureCerts&quot;: false,&#xa;  &quot;browserVersion&quot;: &quot;119.0.0.0&quot;,&#xa;  &quot;fedcm:accounts&quot;: true,&#xa;  &quot;browserName&quot;: &quot;chrome&quot;,&#xa;  &quot;javascriptEnabled&quot;: true,&#xa;  &quot;katalon:option&quot;: {&#xa;    &quot;unlimitedExecutionMinutes&quot;: true,&#xa;    &quot;userId&quot;: 1423099,&#xa;    &quot;organizationId&quot;: &quot;1380540&quot;,&#xa;    &quot;class&quot;: &quot;com.katalon.testcloud.grid.common.tunnel.domain.UserOptionCapability&quot;,&#xa;    &quot;runFromTestCloud&quot;: true,&#xa;    &quot;usingTunnel&quot;: false&#xa;  },&#xa;  &quot;platformName&quot;: &quot;WINDOWS&quot;,&#xa;  &quot;setWindowRect&quot;: true,&#xa;  &quot;webauthn:extension:largeBlob&quot;: true,&#xa;  &quot;networkConnectionEnabled&quot;: false,&#xa;  &quot;chrome&quot;: {&#xa;    &quot;chromedriverVersion&quot;: &quot;119.0.6045.9 (c7ec5863fa5c563b4b9057148aa2ae3f09f7994e-refs/branch-heads/6045@{#87})&quot;,&#xa;    &quot;userDataDir&quot;: &quot;C:\\Program Files (x86)\\scoped_dir6092_536682862&quot;&#xa;  },&#xa;  &quot;pageLoadStrategy&quot;: &quot;normal&quot;,&#xa;  &quot;unhandledPromptBehavior&quot;: &quot;dismiss and notify&quot;,&#xa;  &quot;strictFileInteractability&quot;: false,&#xa;  &quot;***:loadExtension&quot;: [&#xa;    &quot;https://prod-magicleap-user-files-us-east-1-v1.s3.amazonaws.com/extensions/orgId-691279/SmartWait.zip&quot;&#xa;  ],&#xa;  &quot;version&quot;: &quot;119&quot;,&#xa;  &quot;se:cdp&quot;: &quot;ws://172.48.53.51:4444/session/c83d588a54795d3413e44e513b5f7a55/se/cdp&quot;,&#xa;  &quot;proxy&quot;: {&#xa;    &quot;proxyType&quot;: &quot;DIRECT&quot;,&#xa;    &quot;autodetect&quot;: false&#xa;  },&#xa;  &quot;webauthn:extension:minPinLength&quot;: true,&#xa;  &quot;webdriver.remote.sessionid&quot;: &quot;c83d588a54795d3413e44e513b5f7a55&quot;,&#xa;  &quot;webauthn:extension:prf&quot;: true,&#xa;  &quot;webauthn:virtualAuthenticators&quot;: true&#xa;}"/>
         <property name="os" value="Windows 10 64bit"/>
         <property name="remoteOS" value="Windows"/>
         <property name="katalonVersion" value="9.1.0.212"/>
         <property name="browser" value="Chrome 119.0.0.0"/>
         <property name="hostAddress" value="192.168.1.13"/>
         <property name="sessionId" value="c83d588a54795d3413e44e513b5f7a55"/>
         <property name="seleniumVersion" value="3.141.59"/>
         <property name="proxyInformation" value="ProxyInformation { proxyOption=NO_PROXY, proxyServerType=HTTP, username=, password=********, proxyServerAddress=, proxyServerPort=0, executionList=&quot;&quot;, isApplyToDesiredCapabilities=true }"/>
         <property name="platform" value="Windows 10"/>
      </properties>
      <testcase name="Test Cases/ESO/Age Valitadion/A001 - Invalid Age" time="49.962" classname="Test Cases/ESO/Age Valitadion/A001 - Invalid Age" status="PASSED">
         <system-out><![CDATA[28-01-2024T23:38:20 - [TEST_CASE][PASSED] - Test Cases/ESO/Age Valitadion/A001 - Invalid Age: Test Cases/ESO/Age Valitadion/A001 - Invalid Age

28-01-2024T23:38:20 - [TEST_STEP][PASSED] - callTestCase(findTestCase("ESO/Age Valitadion/A000 - Age Validation"), [:], STOP_ON_FAILURE): Call Test Case 'Test Cases/ESO/Age Valitadion/A000 - Age Validation' successfully

28-01-2024T23:38:20 - [TEST_CASE][PASSED] - Test Cases/ESO/Age Valitadion/A000 - Age Validation: Test Cases/ESO/Age Valitadion/A000 - Age Validation

28-01-2024T23:38:20 - [TEST_STEP][PASSED] - openBrowser(""): Browser is opened with url: ''

28-01-2024T23:38:21 - [MESSAGE][INFO] - User set preference: ['os', 'windows']

28-01-2024T23:38:21 - [MESSAGE][INFO] - User set preference: ['browserName', 'chrome']

28-01-2024T23:38:21 - [MESSAGE][INFO] - User set preference: ['browserVersion', '119']

28-01-2024T23:38:21 - [MESSAGE][INFO] - User set preference: ['katalon:option', '{organizationId=1380540, tunnelId=, usingTunnel=false}']

28-01-2024T23:38:21 - [MESSAGE][INFO] - Connecting to remote web server 'testcloud.katalon.com/hub' with type 'Selenium'

28-01-2024T23:38:21 - [MESSAGE][INFO] - Action delay is set to 0 milliseconds

28-01-2024T23:38:54 - [MESSAGE][PASSED] - Browser is opened with url: ''

28-01-2024T23:38:54 - [TEST_STEP][PASSED] - navigateToUrl("https://www.elderscrollsonline.com/en-us/agegate?URL=%2fen-us%2fmedia"): Navigate to 'https://www.elderscrollsonline.com/en-us/agegate?URL=%2fen-us%2fmedia' successfully

28-01-2024T23:38:57 - [MESSAGE][PASSED] - Navigate to 'https://www.elderscrollsonline.com/en-us/agegate?URL=%2fen-us%2fmedia' successfully

28-01-2024T23:38:57 - [TEST_STEP][PASSED] - verifyElementPresent(findTestObject("ESO/Page_Age_Verification/form_Age Verification"), 0): Object 'Object Repository/ESO/Page_Age_Verification/form_Age Verification' is present

28-01-2024T23:38:57 - [MESSAGE][WARNING] - Timeout '0' is invalid. Using default page load timeout: '30'

28-01-2024T23:38:58 - [MESSAGE][PASSED] - Object 'Object Repository/ESO/Page_Age_Verification/form_Age Verification' is present

28-01-2024T23:38:58 - [MESSAGE][PASSED] - Call Test Case 'Test Cases/ESO/Age Valitadion/A000 - Age Validation' successfully

28-01-2024T23:38:58 - [TEST_STEP][PASSED] - sendKeys(findTestObject("ESO/Page_Age_Verification/input_Age Verification_month"), helpers.getTodayDate.month()): Keys '01' sent to object: 'Object Repository/ESO/Page_Age_Verification/input_Age Verification_month'

28-01-2024T23:38:58 - [MESSAGE][PASSED] - helpers.getTodayDate.month is PASSED

28-01-2024T23:39:00 - [MESSAGE][PASSED] - Keys '01' sent to object: 'Object Repository/ESO/Page_Age_Verification/input_Age Verification_month'

28-01-2024T23:39:00 - [TEST_STEP][PASSED] - sendKeys(findTestObject("ESO/Page_Age_Verification/input_Age Verification_day"), helpers.getTodayDate.day()): Keys '28' sent to object: 'Object Repository/ESO/Page_Age_Verification/input_Age Verification_day'

28-01-2024T23:39:00 - [MESSAGE][PASSED] - helpers.getTodayDate.day is PASSED

28-01-2024T23:39:03 - [MESSAGE][PASSED] - Keys '28' sent to object: 'Object Repository/ESO/Page_Age_Verification/input_Age Verification_day'

28-01-2024T23:39:03 - [TEST_STEP][PASSED] - sendKeys(findTestObject("ESO/Page_Age_Verification/input_Age Verification_year"), helpers.getTodayDate.UnderYear()): Keys '2024' sent to object: 'Object Repository/ESO/Page_Age_Verification/input_Age Verification_year'

28-01-2024T23:39:03 - [MESSAGE][PASSED] - helpers.getTodayDate.UnderYear is PASSED

28-01-2024T23:39:05 - [MESSAGE][PASSED] - Keys '2024' sent to object: 'Object Repository/ESO/Page_Age_Verification/input_Age Verification_year'

28-01-2024T23:39:05 - [TEST_STEP][PASSED] - click(findTestObject("ESO/Page_Age_Verification/button_Submit")): Object: 'Object Repository/ESO/Page_Age_Verification/button_Submit' is clicked on

28-01-2024T23:39:07 - [MESSAGE][PASSED] - Object: 'Object Repository/ESO/Page_Age_Verification/button_Submit' is clicked on

28-01-2024T23:39:07 - [TEST_STEP][PASSED] - verifyElementVisible(findTestObject("Object Repository/ESO/Page_Age_Verification/h4_Access Denied")): Object 'Object Repository/ESO/Page_Age_Verification/h4_Access Denied' is visible

28-01-2024T23:39:09 - [MESSAGE][PASSED] - Object 'Object Repository/ESO/Page_Age_Verification/h4_Access Denied' is visible]]></system-out>
         <system-err><![CDATA[]]></system-err>
      </testcase>
      <testcase name="Test Cases/ESO/Age Valitadion/A002 - Valid Age" time="76.473" classname="Test Cases/ESO/Age Valitadion/A002 - Valid Age" status="PASSED">
         <system-out><![CDATA[28-01-2024T23:39:09 - [TEST_CASE][PASSED] - Test Cases/ESO/Age Valitadion/A002 - Valid Age: Test Cases/ESO/Age Valitadion/A002 - Valid Age

28-01-2024T23:39:10 - [TEST_STEP][FAILED] - try: Unable to send keys '01' to object 'Object Repository/ESO/Page_Age_Verification/input_Age Verification_month' (Root cause: com.kms.katalon.core.exception.StepFailedException: Unable to send keys '01' to object 'Object Repository/ESO/Page_Age_Verification/input_Age Verification_month'
	at com.kms.katalon.core.webui.keyword.internal.WebUIKeywordMain.stepFailed(WebUIKeywordMain.groovy:64)
	at com.kms.katalon.core.webui.keyword.internal.WebUIKeywordMain.runKeyword(WebUIKeywordMain.groovy:26)
	at com.kms.katalon.core.webui.keyword.builtin.SendKeysKeyword.sendKeys(SendKeysKeyword.groovy:60)
	at com.kms.katalon.core.webui.keyword.builtin.SendKeysKeyword.execute(SendKeysKeyword.groovy:38)
	at com.kms.katalon.core.keyword.internal.KeywordExecutor.executeKeywordForPlatform(KeywordExecutor.groovy:74)
	at com.kms.katalon.core.webui.keyword.WebUiBuiltInKeywords.sendKeys(WebUiBuiltInKeywords.groovy:903)
	at A002 - Valid Age.run(A002 - Valid Age:23)
	at com.kms.katalon.core.main.ScriptEngine.run(ScriptEngine.java:194)
	at com.kms.katalon.core.main.ScriptEngine.runScriptAsRawText(ScriptEngine.java:119)
	at com.kms.katalon.core.main.TestCaseExecutor.runScript(TestCaseExecutor.java:448)
	at com.kms.katalon.core.main.TestCaseExecutor.doExecute(TestCaseExecutor.java:439)
	at com.kms.katalon.core.main.TestCaseExecutor.processExecutionPhase(TestCaseExecutor.java:418)
	at com.kms.katalon.core.main.TestCaseExecutor.accessMainPhase(TestCaseExecutor.java:410)
	at com.kms.katalon.core.main.TestCaseExecutor.execute(TestCaseExecutor.java:285)
	at com.kms.katalon.core.common.CommonExecutor.accessTestCaseMainPhase(CommonExecutor.java:65)
	at com.kms.katalon.core.main.TestSuiteExecutor.accessTestSuiteMainPhase(TestSuiteExecutor.java:148)
	at com.kms.katalon.core.main.TestSuiteExecutor.execute(TestSuiteExecutor.java:106)
	at com.kms.katalon.core.main.TestCaseMain.startTestSuite(TestCaseMain.java:180)
	at TempTestSuite1706485093943.run(TempTestSuite1706485093943.groovy:36)
	at java.base/jdk.internal.reflect.NativeMethodAccessorImpl.invoke0(Native Method)
	at java.base/jdk.internal.reflect.NativeMethodAccessorImpl.invoke(NativeMethodAccessorImpl.java:77)
	at java.base/jdk.internal.reflect.DelegatingMethodAccessorImpl.invoke(DelegatingMethodAccessorImpl.java:43)
Caused by: com.kms.katalon.core.webui.exception.WebElementNotFoundException: Web element with id: 'Object Repository/ESO/Page_Age_Verification/input_Age Verification_month' located by 'id("month")[count(. | //*[@name = 'month' and @id = 'month' and @placeholder = 'MM']) = count(//*[@name = 'month' and @id = 'month' and @placeholder = 'MM'])]' not found
	at com.kms.katalon.core.webui.common.WebUiCommonHelper.findWebElement(WebUiCommonHelper.java:1379)
	at com.kms.katalon.core.webui.keyword.internal.WebUIAbstractKeyword.findWebElement(WebUIAbstractKeyword.groovy:27)
	at com.kms.katalon.core.webui.keyword.internal.WebUIAbstractKeyword.findWebElement(WebUIAbstractKeyword.groovy:26)
	at com.kms.katalon.core.webui.keyword.builtin.SendKeysKeyword$_sendKeys_closure1.doCall(SendKeysKeyword.groovy:52)
	at com.kms.katalon.core.webui.keyword.builtin.SendKeysKeyword$_sendKeys_closure1.call(SendKeysKeyword.groovy)
	at com.kms.katalon.core.webui.keyword.internal.WebUIKeywordMain.runKeyword(WebUIKeywordMain.groovy:20)
	at com.kms.katalon.core.webui.keyword.builtin.SendKeysKeyword.sendKeys(SendKeysKeyword.groovy:60)
	at com.kms.katalon.core.webui.keyword.builtin.SendKeysKeyword.execute(SendKeysKeyword.groovy:38)
	at com.kms.katalon.core.keyword.internal.KeywordExecutor.executeKeywordForPlatform(KeywordExecutor.groovy:74)
	at com.kms.katalon.core.webui.keyword.WebUiBuiltInKeywords.sendKeys(WebUiBuiltInKeywords.groovy:903)
	at Script1706457508849.run(Script1706457508849.groovy:23)
	... 15 more
)

28-01-2024T23:39:10 - [TEST_STEP][FAILED] - sendKeys(findTestObject("ESO/Page_Age_Verification/input_Age Verification_month"), helpers.getTodayDate.month()): Unable to send keys '01' to object 'Object Repository/ESO/Page_Age_Verification/input_Age Verification_month' (Root cause: com.kms.katalon.core.exception.StepFailedException: Unable to send keys '01' to object 'Object Repository/ESO/Page_Age_Verification/input_Age Verification_month'
	at com.kms.katalon.core.webui.keyword.internal.WebUIKeywordMain.stepFailed(WebUIKeywordMain.groovy:64)
	at com.kms.katalon.core.webui.keyword.internal.WebUIKeywordMain.runKeyword(WebUIKeywordMain.groovy:26)
	at com.kms.katalon.core.webui.keyword.builtin.SendKeysKeyword.sendKeys(SendKeysKeyword.groovy:60)
	at com.kms.katalon.core.webui.keyword.builtin.SendKeysKeyword.execute(SendKeysKeyword.groovy:38)
	at com.kms.katalon.core.keyword.internal.KeywordExecutor.executeKeywordForPlatform(KeywordExecutor.groovy:74)
	at com.kms.katalon.core.webui.keyword.WebUiBuiltInKeywords.sendKeys(WebUiBuiltInKeywords.groovy:903)
	at A002 - Valid Age.run(A002 - Valid Age:23)
	at com.kms.katalon.core.main.ScriptEngine.run(ScriptEngine.java:194)
	at com.kms.katalon.core.main.ScriptEngine.runScriptAsRawText(ScriptEngine.java:119)
	at com.kms.katalon.core.main.TestCaseExecutor.runScript(TestCaseExecutor.java:448)
	at com.kms.katalon.core.main.TestCaseExecutor.doExecute(TestCaseExecutor.java:439)
	at com.kms.katalon.core.main.TestCaseExecutor.processExecutionPhase(TestCaseExecutor.java:418)
	at com.kms.katalon.core.main.TestCaseExecutor.accessMainPhase(TestCaseExecutor.java:410)
	at com.kms.katalon.core.main.TestCaseExecutor.execute(TestCaseExecutor.java:285)
	at com.kms.katalon.core.common.CommonExecutor.accessTestCaseMainPhase(CommonExecutor.java:65)
	at com.kms.katalon.core.main.TestSuiteExecutor.accessTestSuiteMainPhase(TestSuiteExecutor.java:148)
	at com.kms.katalon.core.main.TestSuiteExecutor.execute(TestSuiteExecutor.java:106)
	at com.kms.katalon.core.main.TestCaseMain.startTestSuite(TestCaseMain.java:180)
	at TempTestSuite1706485093943.run(TempTestSuite1706485093943.groovy:36)
	at java.base/jdk.internal.reflect.NativeMethodAccessorImpl.invoke0(Native Method)
	at java.base/jdk.internal.reflect.NativeMethodAccessorImpl.invoke(NativeMethodAccessorImpl.java:77)
	at java.base/jdk.internal.reflect.DelegatingMethodAccessorImpl.invoke(DelegatingMethodAccessorImpl.java:43)
Caused by: com.kms.katalon.core.webui.exception.WebElementNotFoundException: Web element with id: 'Object Repository/ESO/Page_Age_Verification/input_Age Verification_month' located by 'id("month")[count(. | //*[@name = 'month' and @id = 'month' and @placeholder = 'MM']) = count(//*[@name = 'month' and @id = 'month' and @placeholder = 'MM'])]' not found
	at com.kms.katalon.core.webui.common.WebUiCommonHelper.findWebElement(WebUiCommonHelper.java:1379)
	at com.kms.katalon.core.webui.keyword.internal.WebUIAbstractKeyword.findWebElement(WebUIAbstractKeyword.groovy:27)
	at com.kms.katalon.core.webui.keyword.internal.WebUIAbstractKeyword.findWebElement(WebUIAbstractKeyword.groovy:26)
	at com.kms.katalon.core.webui.keyword.builtin.SendKeysKeyword$_sendKeys_closure1.doCall(SendKeysKeyword.groovy:52)
	at com.kms.katalon.core.webui.keyword.builtin.SendKeysKeyword$_sendKeys_closure1.call(SendKeysKeyword.groovy)
	at com.kms.katalon.core.webui.keyword.internal.WebUIKeywordMain.runKeyword(WebUIKeywordMain.groovy:20)
	at com.kms.katalon.core.webui.keyword.builtin.SendKeysKeyword.sendKeys(SendKeysKeyword.groovy:60)
	at com.kms.katalon.core.webui.keyword.builtin.SendKeysKeyword.execute(SendKeysKeyword.groovy:38)
	at com.kms.katalon.core.keyword.internal.KeywordExecutor.executeKeywordForPlatform(KeywordExecutor.groovy:74)
	at com.kms.katalon.core.webui.keyword.WebUiBuiltInKeywords.sendKeys(WebUiBuiltInKeywords.groovy:903)
	at Script1706457508849.run(Script1706457508849.groovy:23)
	... 15 more
)

28-01-2024T23:39:10 - [MESSAGE][PASSED] - helpers.getTodayDate.month is PASSED

28-01-2024T23:39:41 - [MESSAGE][INFO] - Unable to find the element located by 'By.xpath: id("month")[count(. | //*[@name = 'month' and @id = 'month' and @placeholder = 'MM']) = count(//*[@name = 'month' and @id = 'month' and @placeholder = 'MM'])]'. Please recheck the objects properties to make sure the desired element is located. 

28-01-2024T23:39:41 - [MESSAGE][WARNING] - [SELF-HEALING] Failed to find element with id 'Object Repository/ESO/Page_Age_Verification/input_Age Verification_month'. Try using Self-healing.

28-01-2024T23:39:43 - [MESSAGE][INFO] - Unable to find the element located by 'By.xpath: //input[@id='month']'. Please recheck the objects properties to make sure the desired element is located. 

28-01-2024T23:39:44 - [MESSAGE][INFO] - [SELF-HEALING] Failed Locator: '//input[@id='month']'.

28-01-2024T23:39:46 - [MESSAGE][INFO] - [SELF-HEALING] Failed Locator: '//div[@id='main-content']/div/form/div/div/input'.

28-01-2024T23:39:47 - [MESSAGE][INFO] - [SELF-HEALING] Failed Locator: '//div/div/input'.

28-01-2024T23:39:49 - [MESSAGE][INFO] - [SELF-HEALING] Failed Locator: '//input[@type = 'number' and @name = 'month' and @id = 'month' and @placeholder = 'MM']'.

28-01-2024T23:39:50 - [MESSAGE][INFO] - Unable to find the element located by 'By.cssSelector: #month'. Please recheck the objects properties to make sure the desired element is located. 

28-01-2024T23:39:54 - [MESSAGE][FAILED] - Unable to send keys '01' to object 'Object Repository/ESO/Page_Age_Verification/input_Age Verification_month' (Root cause: com.kms.katalon.core.exception.StepFailedException: Unable to send keys '01' to object 'Object Repository/ESO/Page_Age_Verification/input_Age Verification_month'
	at com.kms.katalon.core.webui.keyword.internal.WebUIKeywordMain.stepFailed(WebUIKeywordMain.groovy:64)
	at com.kms.katalon.core.webui.keyword.internal.WebUIKeywordMain.runKeyword(WebUIKeywordMain.groovy:26)
	at com.kms.katalon.core.webui.keyword.builtin.SendKeysKeyword.sendKeys(SendKeysKeyword.groovy:60)
	at com.kms.katalon.core.webui.keyword.builtin.SendKeysKeyword.execute(SendKeysKeyword.groovy:38)
	at com.kms.katalon.core.keyword.internal.KeywordExecutor.executeKeywordForPlatform(KeywordExecutor.groovy:74)
	at com.kms.katalon.core.webui.keyword.WebUiBuiltInKeywords.sendKeys(WebUiBuiltInKeywords.groovy:903)
	at A002 - Valid Age.run(A002 - Valid Age:23)
	at com.kms.katalon.core.main.ScriptEngine.run(ScriptEngine.java:194)
	at com.kms.katalon.core.main.ScriptEngine.runScriptAsRawText(ScriptEngine.java:119)
	at com.kms.katalon.core.main.TestCaseExecutor.runScript(TestCaseExecutor.java:448)
	at com.kms.katalon.core.main.TestCaseExecutor.doExecute(TestCaseExecutor.java:439)
	at com.kms.katalon.core.main.TestCaseExecutor.processExecutionPhase(TestCaseExecutor.java:418)
	at com.kms.katalon.core.main.TestCaseExecutor.accessMainPhase(TestCaseExecutor.java:410)
	at com.kms.katalon.core.main.TestCaseExecutor.execute(TestCaseExecutor.java:285)
	at com.kms.katalon.core.common.CommonExecutor.accessTestCaseMainPhase(CommonExecutor.java:65)
	at com.kms.katalon.core.main.TestSuiteExecutor.accessTestSuiteMainPhase(TestSuiteExecutor.java:148)
	at com.kms.katalon.core.main.TestSuiteExecutor.execute(TestSuiteExecutor.java:106)
	at com.kms.katalon.core.main.TestCaseMain.startTestSuite(TestCaseMain.java:180)
	at TempTestSuite1706485093943.run(TempTestSuite1706485093943.groovy:36)
	at java.base/jdk.internal.reflect.NativeMethodAccessorImpl.invoke0(Native Method)
	at java.base/jdk.internal.reflect.NativeMethodAccessorImpl.invoke(NativeMethodAccessorImpl.java:77)
	at java.base/jdk.internal.reflect.DelegatingMethodAccessorImpl.invoke(DelegatingMethodAccessorImpl.java:43)
Caused by: com.kms.katalon.core.webui.exception.WebElementNotFoundException: Web element with id: 'Object Repository/ESO/Page_Age_Verification/input_Age Verification_month' located by 'id("month")[count(. | //*[@name = 'month' and @id = 'month' and @placeholder = 'MM']) = count(//*[@name = 'month' and @id = 'month' and @placeholder = 'MM'])]' not found
	at com.kms.katalon.core.webui.common.WebUiCommonHelper.findWebElement(WebUiCommonHelper.java:1379)
	at com.kms.katalon.core.webui.keyword.internal.WebUIAbstractKeyword.findWebElement(WebUIAbstractKeyword.groovy:27)
	at com.kms.katalon.core.webui.keyword.internal.WebUIAbstractKeyword.findWebElement(WebUIAbstractKeyword.groovy:26)
	at com.kms.katalon.core.webui.keyword.builtin.SendKeysKeyword$_sendKeys_closure1.doCall(SendKeysKeyword.groovy:52)
	at com.kms.katalon.core.webui.keyword.builtin.SendKeysKeyword$_sendKeys_closure1.call(SendKeysKeyword.groovy)
	at com.kms.katalon.core.webui.keyword.internal.WebUIKeywordMain.runKeyword(WebUIKeywordMain.groovy:20)
	at com.kms.katalon.core.webui.keyword.builtin.SendKeysKeyword.sendKeys(SendKeysKeyword.groovy:60)
	at com.kms.katalon.core.webui.keyword.builtin.SendKeysKeyword.execute(SendKeysKeyword.groovy:38)
	at com.kms.katalon.core.keyword.internal.KeywordExecutor.executeKeywordForPlatform(KeywordExecutor.groovy:74)
	at com.kms.katalon.core.webui.keyword.WebUiBuiltInKeywords.sendKeys(WebUiBuiltInKeywords.groovy:903)
	at Script1706457508849.run(Script1706457508849.groovy:23)
	... 15 more
)
[[ATTACHMENT|C:\\Users\\Careca Delas\\Documents\\GitHub\\Oasis-Project\\Reports\\20240128_233813\\ESO\\TS003 - Age\\20240128_233813\\1706485190896.png]]

28-01-2024T23:39:54 - [TEST_STEP][PASSED] - catch (Exception BrowserNotOpenedException): Call Test Case 'Test Cases/ESO/Age Valitadion/A000 - Age Validation' successfully

28-01-2024T23:39:54 - [TEST_STEP][PASSED] - callTestCase(findTestCase("ESO/Age Valitadion/A000 - Age Validation"), [:], STOP_ON_FAILURE): Call Test Case 'Test Cases/ESO/Age Valitadion/A000 - Age Validation' successfully

28-01-2024T23:39:54 - [TEST_CASE][PASSED] - Test Cases/ESO/Age Valitadion/A000 - Age Validation: Test Cases/ESO/Age Valitadion/A000 - Age Validation

28-01-2024T23:39:54 - [TEST_STEP][PASSED] - openBrowser(""): Browser is opened with url: ''

28-01-2024T23:39:54 - [MESSAGE][WARNING] - A browser is already opened. Closing browser and opening a new one

28-01-2024T23:39:55 - [MESSAGE][INFO] - User set preference: ['os', 'windows']

28-01-2024T23:39:55 - [MESSAGE][INFO] - User set preference: ['browserName', 'chrome']

28-01-2024T23:39:55 - [MESSAGE][INFO] - User set preference: ['browserVersion', '119']

28-01-2024T23:39:55 - [MESSAGE][INFO] - User set preference: ['katalon:option', '{organizationId=1380540, tunnelId=, usingTunnel=false}']

28-01-2024T23:39:55 - [MESSAGE][INFO] - Connecting to remote web server 'testcloud.katalon.com/hub' with type 'Selenium'

28-01-2024T23:39:55 - [MESSAGE][INFO] - Action delay is set to 0 milliseconds

28-01-2024T23:40:22 - [MESSAGE][PASSED] - Browser is opened with url: ''

28-01-2024T23:40:22 - [TEST_STEP][PASSED] - navigateToUrl("https://www.elderscrollsonline.com/en-us/agegate?URL=%2fen-us%2fmedia"): Navigate to 'https://www.elderscrollsonline.com/en-us/agegate?URL=%2fen-us%2fmedia' successfully

28-01-2024T23:40:24 - [MESSAGE][PASSED] - Navigate to 'https://www.elderscrollsonline.com/en-us/agegate?URL=%2fen-us%2fmedia' successfully

28-01-2024T23:40:24 - [TEST_STEP][PASSED] - verifyElementPresent(findTestObject("ESO/Page_Age_Verification/form_Age Verification"), 0): Object 'Object Repository/ESO/Page_Age_Verification/form_Age Verification' is present

28-01-2024T23:40:24 - [MESSAGE][WARNING] - Timeout '0' is invalid. Using default page load timeout: '30'

28-01-2024T23:40:26 - [MESSAGE][PASSED] - Object 'Object Repository/ESO/Page_Age_Verification/form_Age Verification' is present

28-01-2024T23:40:26 - [MESSAGE][PASSED] - Call Test Case 'Test Cases/ESO/Age Valitadion/A000 - Age Validation' successfully]]></system-out>
         <system-err><![CDATA[]]></system-err>
      </testcase>
      <system-out><![CDATA[28-01-2024T23:38:19 - [TEST_SUITE][PASSED] - TS003 - Age: Test Cases/ESO/Age Valitadion/A002 - Valid Age]]></system-out>
      <system-err><![CDATA[]]></system-err>
   </testsuite>
</testsuites>
