<?xml version="1.0" encoding="UTF-8"?>
<testsuites name="TS004 - Home" time="76.638" tests="2" failures="0" errors="0">
   <testsuite name="TS004 - Home" tests="2" failures="0" errors="0" time="76.638" skipped="0" timestamp="06-02-2024T14:20:01" hostname="Careca Delas - Careca-Desktop.home" id="Test Suites/ESO/TS004 - Home">
      <properties>
         <property name="deviceName"/>
         <property name="devicePlatform" value="WINDOWS"/>
         <property name="logFolder" value="C:\\Users\\Careca Delas\\Documents\\GitHub\\Oasis-Project\\Reports\\20240206_141942\\ESO\\TS004 - Home\\20240206_141944"/>
         <property name="logFiles" value="C:\\Users\\Careca Delas\\Documents\\GitHub\\Oasis-Project\\Reports\\20240206_141942\\ESO\\TS004 - Home\\20240206_141944\\execution0.log"/>
         <property name="attachments" value=""/>
         <property name="hostName" value="Careca Delas - Careca-Desktop.home"/>
         <property name="remoteDriverUrl" value="testcloud.katalon.com/hub"/>
         <property name="desiredCapabilities" value="{&#xa;  &quot;timeouts&quot;: {&#xa;    &quot;implicit&quot;: 0,&#xa;    &quot;pageLoad&quot;: 300000,&#xa;    &quot;script&quot;: 30000&#xa;  },&#xa;  &quot;platform&quot;: &quot;WINDOWS&quot;,&#xa;  &quot;goog:chromeOptions&quot;: {&#xa;    &quot;debuggerAddress&quot;: &quot;localhost:9225&quot;&#xa;  },&#xa;  &quot;requestId&quot;: &quot;2b5026af-373b-4f12-843d-e0cc982d166d&quot;,&#xa;  &quot;webauthn:extension:credBlob&quot;: true,&#xa;  &quot;acceptInsecureCerts&quot;: false,&#xa;  &quot;browserVersion&quot;: &quot;120.0.0.0&quot;,&#xa;  &quot;fedcm:accounts&quot;: true,&#xa;  &quot;browserName&quot;: &quot;chrome&quot;,&#xa;  &quot;javascriptEnabled&quot;: true,&#xa;  &quot;katalon:option&quot;: {&#xa;    &quot;unlimitedExecutionMinutes&quot;: true,&#xa;    &quot;userId&quot;: 1423099,&#xa;    &quot;organizationId&quot;: &quot;1380540&quot;,&#xa;    &quot;class&quot;: &quot;com.katalon.testcloud.grid.common.tunnel.domain.UserOptionCapability&quot;,&#xa;    &quot;runFromTestCloud&quot;: true,&#xa;    &quot;usingTunnel&quot;: false&#xa;  },&#xa;  &quot;platformName&quot;: &quot;WINDOWS&quot;,&#xa;  &quot;setWindowRect&quot;: true,&#xa;  &quot;webauthn:extension:largeBlob&quot;: true,&#xa;  &quot;networkConnectionEnabled&quot;: false,&#xa;  &quot;chrome&quot;: {&#xa;    &quot;chromedriverVersion&quot;: &quot;120.0.6099.5 (dc7563588833ccad6482a3aa5848108c4387e7e5-refs/branch-heads/6099@{#21})&quot;,&#xa;    &quot;userDataDir&quot;: &quot;C:\\Windows\\SystemTemp\\scoped_dir956_413611034&quot;&#xa;  },&#xa;  &quot;pageLoadStrategy&quot;: &quot;normal&quot;,&#xa;  &quot;unhandledPromptBehavior&quot;: &quot;dismiss and notify&quot;,&#xa;  &quot;strictFileInteractability&quot;: false,&#xa;  &quot;***:loadExtension&quot;: [&#xa;    &quot;https://prod-magicleap-user-files-us-east-1-v1.s3.amazonaws.com/extensions/orgId-691279/SmartWait.zip&quot;&#xa;  ],&#xa;  &quot;version&quot;: &quot;120&quot;,&#xa;  &quot;se:cdp&quot;: &quot;ws://172.48.53.51:4444/session/6289b76d19e3a4ceb0f7066727fd22b7/se/cdp&quot;,&#xa;  &quot;proxy&quot;: {&#xa;    &quot;proxyType&quot;: &quot;DIRECT&quot;,&#xa;    &quot;autodetect&quot;: false&#xa;  },&#xa;  &quot;webauthn:extension:minPinLength&quot;: true,&#xa;  &quot;webdriver.remote.sessionid&quot;: &quot;6289b76d19e3a4ceb0f7066727fd22b7&quot;,&#xa;  &quot;webauthn:extension:prf&quot;: true,&#xa;  &quot;webauthn:virtualAuthenticators&quot;: true&#xa;}"/>
         <property name="os" value="Windows 10 64bit"/>
         <property name="remoteOS" value="Windows"/>
         <property name="katalonVersion" value="9.2.0.212"/>
         <property name="browser" value="Chrome 120.0.0.0"/>
         <property name="hostAddress" value="192.168.1.13"/>
         <property name="sessionId" value="6289b76d19e3a4ceb0f7066727fd22b7"/>
         <property name="seleniumVersion" value="3.141.59"/>
         <property name="proxyInformation" value="ProxyInformation { proxyOption=NO_PROXY, proxyServerType=HTTP, username=, password=********, proxyServerAddress=, proxyServerPort=0, executionList=&quot;&quot;, isApplyToDesiredCapabilities=true }"/>
         <property name="platform" value="Windows 10"/>
      </properties>
      <testcase name="Test Cases/ESO/Home Validation/H001 - Home Page" time="75.925" classname="Test Cases/ESO/Home Validation/H001 - Home Page" status="PASSED">
         <system-out><![CDATA[06-02-2024T14:20:02 - [TEST_CASE][PASSED] - Test Cases/ESO/Home Validation/H001 - Home Page: Test Cases/ESO/Home Validation/H001 - Home Page

06-02-2024T14:20:02 - [TEST_STEP][PASSED] - callTestCase(findTestCase("ESO/Misc Tests/Open ESO Page"), [:], STOP_ON_FAILURE): Call Test Case 'Test Cases/ESO/Misc Tests/Open ESO Page' successfully

06-02-2024T14:20:02 - [MESSAGE][INFO] - Checking called Test Case

06-02-2024T14:20:02 - [MESSAGE][INFO] - Starting to call Test Case 'Test Cases/ESO/Misc Tests/Open ESO Page'

06-02-2024T14:20:03 - [TEST_CASE][PASSED] - Test Cases/ESO/Misc Tests/Open ESO Page: Test Cases/ESO/Misc Tests/Open ESO Page

06-02-2024T14:20:03 - [TEST_STEP][PASSED] - openBrowser(""): Browser is opened with url: ''

06-02-2024T14:20:03 - [MESSAGE][INFO] - Opening browser

06-02-2024T14:20:03 - [MESSAGE][INFO] - User set preference: ['os', 'windows']

06-02-2024T14:20:03 - [MESSAGE][INFO] - User set preference: ['browserName', 'chrome']

06-02-2024T14:20:03 - [MESSAGE][INFO] - User set preference: ['browserVersion', '120']

06-02-2024T14:20:03 - [MESSAGE][INFO] - User set preference: ['katalon:option', '{organizationId=1380540, tunnelId=, usingTunnel=false}']

06-02-2024T14:20:03 - [MESSAGE][INFO] - Connecting to remote web server 'testcloud.katalon.com/hub' with type 'Selenium'

06-02-2024T14:20:04 - [MESSAGE][INFO] - Action delay is set to 0 milliseconds

06-02-2024T14:20:41 - [MESSAGE][PASSED] - Browser is opened with url: ''

06-02-2024T14:20:41 - [TEST_STEP][PASSED] - maximizeWindow(): Current window maximized

06-02-2024T14:20:41 - [MESSAGE][INFO] - Maximizing current window

06-02-2024T14:20:42 - [MESSAGE][PASSED] - Current window maximized

06-02-2024T14:20:42 - [TEST_STEP][PASSED] - navigateToUrl("https://www.elderscrollsonline.com/en-us/home"): Navigate to 'https://www.elderscrollsonline.com/en-us/home' successfully

06-02-2024T14:20:42 - [MESSAGE][INFO] - Checking url

06-02-2024T14:20:42 - [MESSAGE][INFO] - Navigating to 'https://www.elderscrollsonline.com/en-us/home'

06-02-2024T14:20:49 - [MESSAGE][PASSED] - Navigate to 'https://www.elderscrollsonline.com/en-us/home' successfully

06-02-2024T14:20:49 - [TEST_STEP][PASSED] - delay(3): Delayed 3 second(s)

06-02-2024T14:20:49 - [MESSAGE][INFO] - Delaying browser in 3 second(s)

06-02-2024T14:20:52 - [MESSAGE][PASSED] - Delayed 3 second(s)

06-02-2024T14:20:52 - [TEST_STEP][PASSED] - verifyElementPresent(findTestObject("Object Repository/ESO/Page_Home/a_The Elder Scrolls  Online"), 0): Object 'Object Repository/ESO/Page_Home/a_The Elder Scrolls  Online' is present

06-02-2024T14:20:52 - [MESSAGE][INFO] - Finding Test Object 'Object Repository/ESO/Page_Home/a_The Elder Scrolls  Online'

06-02-2024T14:20:52 - [MESSAGE][INFO] - Checking object

06-02-2024T14:20:52 - [MESSAGE][INFO] - Finding web element from Test Object's properties

06-02-2024T14:20:52 - [MESSAGE][INFO] - Checking timeout

06-02-2024T14:20:52 - [MESSAGE][WARNING] - Timeout '0' is invalid. Using default page load timeout: '30'

06-02-2024T14:20:52 - [MESSAGE][INFO] - Finding web element with id: 'Object Repository/ESO/Page_Home/a_The Elder Scrolls  Online' located by 'By.xpath: //a[@id='navbarTopLogo']' in '30' second(s)

06-02-2024T14:20:52 - [MESSAGE][INFO] - Smart Wait Function is triggered

06-02-2024T14:20:55 - [MESSAGE][INFO] - Found 1 web elements with id: 'Object Repository/ESO/Page_Home/a_The Elder Scrolls  Online' located by 'By.xpath: //a[@id='navbarTopLogo']' in '30' second(s)

06-02-2024T14:20:55 - [MESSAGE][PASSED] - Object 'Object Repository/ESO/Page_Home/a_The Elder Scrolls  Online' is present

06-02-2024T14:20:55 - [TEST_STEP][PASSED] - callTestCase(findTestCase("ESO/Misc Tests/Policy Accept"), [:], STOP_ON_FAILURE): Call Test Case 'Test Cases/ESO/Misc Tests/Policy Accept' successfully

06-02-2024T14:20:55 - [MESSAGE][INFO] - Checking called Test Case

06-02-2024T14:20:55 - [MESSAGE][INFO] - Starting to call Test Case 'Test Cases/ESO/Misc Tests/Policy Accept'

06-02-2024T14:20:55 - [TEST_CASE][PASSED] - Test Cases/ESO/Misc Tests/Policy Accept: Test Cases/ESO/Misc Tests/Policy Accept

06-02-2024T14:20:55 - [TEST_STEP][PASSED] - verifyElementPresent(findTestObject("Object Repository/ESO/Page_Home/div_Policy"), 0): Object 'Object Repository/ESO/Page_Home/div_Policy' is present

06-02-2024T14:20:55 - [MESSAGE][INFO] - Finding Test Object 'Object Repository/ESO/Page_Home/div_Policy'

06-02-2024T14:20:55 - [MESSAGE][INFO] - Checking object

06-02-2024T14:20:55 - [MESSAGE][INFO] - Finding web element from Test Object's properties

06-02-2024T14:20:55 - [MESSAGE][INFO] - Checking timeout

06-02-2024T14:20:55 - [MESSAGE][WARNING] - Timeout '0' is invalid. Using default page load timeout: '30'

06-02-2024T14:20:55 - [MESSAGE][INFO] - Finding web element with id: 'Object Repository/ESO/Page_Home/div_Policy' located by 'By.xpath: id("onetrust-banner-sdk")/div[1]/div[@class="ot-sdk-container"]/div[@class="ot-sdk-row"]' in '30' second(s)

06-02-2024T14:20:55 - [MESSAGE][INFO] - Smart Wait Function is triggered

06-02-2024T14:20:58 - [MESSAGE][INFO] - Found 1 web elements with id: 'Object Repository/ESO/Page_Home/div_Policy' located by 'By.xpath: id("onetrust-banner-sdk")/div[1]/div[@class="ot-sdk-container"]/div[@class="ot-sdk-row"]' in '30' second(s)

06-02-2024T14:20:58 - [MESSAGE][PASSED] - Object 'Object Repository/ESO/Page_Home/div_Policy' is present

06-02-2024T14:20:58 - [TEST_STEP][PASSED] - click(findTestObject("Object Repository/ESO/Page_Home/button_ACCEPT ALL")): Object: 'Object Repository/ESO/Page_Home/button_ACCEPT ALL' is clicked on

06-02-2024T14:20:58 - [MESSAGE][INFO] - Finding Test Object 'Object Repository/ESO/Page_Home/button_ACCEPT ALL'

06-02-2024T14:20:58 - [MESSAGE][INFO] - Checking object

06-02-2024T14:20:58 - [MESSAGE][INFO] - Checking timeout

06-02-2024T14:20:58 - [MESSAGE][INFO] - Finding web element from Test Object's properties

06-02-2024T14:20:58 - [MESSAGE][INFO] - Checking timeout

06-02-2024T14:20:58 - [MESSAGE][INFO] - Finding web element with id: 'Object Repository/ESO/Page_Home/button_ACCEPT ALL' located by 'By.xpath: //button[@id='onetrust-accept-btn-handler']' in '30' second(s)

06-02-2024T14:20:58 - [MESSAGE][INFO] - Smart Wait Function is triggered

06-02-2024T14:21:00 - [MESSAGE][INFO] - Found 1 web elements with id: 'Object Repository/ESO/Page_Home/button_ACCEPT ALL' located by 'By.xpath: //button[@id='onetrust-accept-btn-handler']' in '30' second(s)

06-02-2024T14:21:00 - [MESSAGE][INFO] - Clicking on object: 'Object Repository/ESO/Page_Home/button_ACCEPT ALL'

06-02-2024T14:21:02 - [MESSAGE][PASSED] - Object: 'Object Repository/ESO/Page_Home/button_ACCEPT ALL' is clicked on

06-02-2024T14:21:02 - [MESSAGE][PASSED] - Call Test Case 'Test Cases/ESO/Misc Tests/Policy Accept' successfully

06-02-2024T14:21:02 - [MESSAGE][PASSED] - Call Test Case 'Test Cases/ESO/Misc Tests/Open ESO Page' successfully

06-02-2024T14:21:02 - [TEST_STEP][PASSED] - verifyElementVisible(findTestObject("ESO/Page_Home/h2_LATEST NEWS"), STOP_ON_FAILURE): Object 'Object Repository/ESO/Page_Home/h2_LATEST NEWS' is visible

06-02-2024T14:21:02 - [MESSAGE][INFO] - Finding Test Object 'Object Repository/ESO/Page_Home/h2_LATEST NEWS'

06-02-2024T14:21:02 - [MESSAGE][INFO] - Checking object

06-02-2024T14:21:02 - [MESSAGE][INFO] - Finding web element from Test Object's properties

06-02-2024T14:21:02 - [MESSAGE][INFO] - Checking timeout

06-02-2024T14:21:02 - [MESSAGE][INFO] - Finding web element with id: 'Object Repository/ESO/Page_Home/h2_LATEST NEWS' located by 'By.xpath: //smart-block[@id='sb-13291 ']/h2' in '30' second(s)

06-02-2024T14:21:02 - [MESSAGE][INFO] - Smart Wait Function is triggered

06-02-2024T14:21:05 - [MESSAGE][INFO] - Found 1 web elements with id: 'Object Repository/ESO/Page_Home/h2_LATEST NEWS' located by 'By.xpath: //smart-block[@id='sb-13291 ']/h2' in '30' second(s)

06-02-2024T14:21:07 - [MESSAGE][PASSED] - Object 'Object Repository/ESO/Page_Home/h2_LATEST NEWS' is visible

06-02-2024T14:21:07 - [TEST_STEP][PASSED] - verifyElementPresent(findTestObject("ESO/Page_Home/Navigation Bar/a_This is ESO"), 0): Object 'Object Repository/ESO/Page_Home/Navigation Bar/a_This is ESO' is present

06-02-2024T14:21:07 - [MESSAGE][INFO] - Finding Test Object 'Object Repository/ESO/Page_Home/Navigation Bar/a_This is ESO'

06-02-2024T14:21:07 - [MESSAGE][INFO] - Checking object

06-02-2024T14:21:07 - [MESSAGE][INFO] - Finding web element from Test Object's properties

06-02-2024T14:21:07 - [MESSAGE][INFO] - Checking timeout

06-02-2024T14:21:07 - [MESSAGE][WARNING] - Timeout '0' is invalid. Using default page load timeout: '30'

06-02-2024T14:21:07 - [MESSAGE][INFO] - Finding web element with id: 'Object Repository/ESO/Page_Home/Navigation Bar/a_This is ESO' located by 'By.xpath: //div[@id='universal-nav']/div/div/div[6]/div/div[2]/div/div/div/a' in '30' second(s)

06-02-2024T14:21:07 - [MESSAGE][INFO] - Smart Wait Function is triggered

06-02-2024T14:21:10 - [MESSAGE][INFO] - Found 29 web elements with id: 'Object Repository/ESO/Page_Home/Navigation Bar/a_This is ESO' located by 'By.xpath: //div[@id='universal-nav']/div/div/div[6]/div/div[2]/div/div/div/a' in '30' second(s)

06-02-2024T14:21:10 - [MESSAGE][PASSED] - Object 'Object Repository/ESO/Page_Home/Navigation Bar/a_This is ESO' is present

06-02-2024T14:21:10 - [TEST_STEP][PASSED] - verifyElementPresent(findTestObject("ESO/Page_Home/Navigation Bar/a_Classes"), 0): Object 'Object Repository/ESO/Page_Home/Navigation Bar/a_Classes' is present

06-02-2024T14:21:10 - [MESSAGE][INFO] - Finding Test Object 'Object Repository/ESO/Page_Home/Navigation Bar/a_Classes'

06-02-2024T14:21:10 - [MESSAGE][INFO] - Checking object

06-02-2024T14:21:10 - [MESSAGE][INFO] - Finding web element from Test Object's properties

06-02-2024T14:21:10 - [MESSAGE][INFO] - Checking timeout

06-02-2024T14:21:10 - [MESSAGE][WARNING] - Timeout '0' is invalid. Using default page load timeout: '30'

06-02-2024T14:21:10 - [MESSAGE][INFO] - Finding web element with id: 'Object Repository/ESO/Page_Home/Navigation Bar/a_Classes' located by 'By.xpath: //div[@id='universal-nav']/div/div/div[6]/div/div[2]/div/div/div[2]/a' in '30' second(s)

06-02-2024T14:21:10 - [MESSAGE][INFO] - Smart Wait Function is triggered

06-02-2024T14:21:12 - [MESSAGE][INFO] - Found 7 web elements with id: 'Object Repository/ESO/Page_Home/Navigation Bar/a_Classes' located by 'By.xpath: //div[@id='universal-nav']/div/div/div[6]/div/div[2]/div/div/div[2]/a' in '30' second(s)

06-02-2024T14:21:12 - [MESSAGE][PASSED] - Object 'Object Repository/ESO/Page_Home/Navigation Bar/a_Classes' is present

06-02-2024T14:21:12 - [TEST_STEP][PASSED] - verifyElementPresent(findTestObject("ESO/Page_Home/Navigation Bar/a_UpdatesDLC"), 0): Object 'Object Repository/ESO/Page_Home/Navigation Bar/a_UpdatesDLC' is present

06-02-2024T14:21:12 - [MESSAGE][INFO] - Finding Test Object 'Object Repository/ESO/Page_Home/Navigation Bar/a_UpdatesDLC'

06-02-2024T14:21:12 - [MESSAGE][INFO] - Checking object

06-02-2024T14:21:12 - [MESSAGE][INFO] - Finding web element from Test Object's properties

06-02-2024T14:21:12 - [MESSAGE][INFO] - Checking timeout

06-02-2024T14:21:12 - [MESSAGE][WARNING] - Timeout '0' is invalid. Using default page load timeout: '30'

06-02-2024T14:21:12 - [MESSAGE][INFO] - Finding web element with id: 'Object Repository/ESO/Page_Home/Navigation Bar/a_UpdatesDLC' located by 'By.xpath: //div[@id='universal-nav']/div/div/div[6]/div/div[2]/div/div/div[3]/a' in '30' second(s)

06-02-2024T14:21:12 - [MESSAGE][INFO] - Smart Wait Function is triggered

06-02-2024T14:21:15 - [MESSAGE][INFO] - Found 6 web elements with id: 'Object Repository/ESO/Page_Home/Navigation Bar/a_UpdatesDLC' located by 'By.xpath: //div[@id='universal-nav']/div/div/div[6]/div/div[2]/div/div/div[3]/a' in '30' second(s)

06-02-2024T14:21:15 - [MESSAGE][PASSED] - Object 'Object Repository/ESO/Page_Home/Navigation Bar/a_UpdatesDLC' is present

06-02-2024T14:21:15 - [TEST_STEP][PASSED] - verifyElementPresent(findTestObject("ESO/Page_Home/Navigation Bar/a_Patch Notes"), 0): Object 'Object Repository/ESO/Page_Home/Navigation Bar/a_Patch Notes' is present

06-02-2024T14:21:15 - [MESSAGE][INFO] - Finding Test Object 'Object Repository/ESO/Page_Home/Navigation Bar/a_Patch Notes'

06-02-2024T14:21:15 - [MESSAGE][INFO] - Checking object

06-02-2024T14:21:15 - [MESSAGE][INFO] - Finding web element from Test Object's properties

06-02-2024T14:21:15 - [MESSAGE][INFO] - Checking timeout

06-02-2024T14:21:15 - [MESSAGE][WARNING] - Timeout '0' is invalid. Using default page load timeout: '30'

06-02-2024T14:21:15 - [MESSAGE][INFO] - Finding web element with id: 'Object Repository/ESO/Page_Home/Navigation Bar/a_Patch Notes' located by 'By.xpath: //div[@id='universal-nav']/div/div/div[6]/div/div[2]/div/div/div[5]/a' in '30' second(s)

06-02-2024T14:21:15 - [MESSAGE][INFO] - Smart Wait Function is triggered

06-02-2024T14:21:18 - [MESSAGE][INFO] - Found 3 web elements with id: 'Object Repository/ESO/Page_Home/Navigation Bar/a_Patch Notes' located by 'By.xpath: //div[@id='universal-nav']/div/div/div[6]/div/div[2]/div/div/div[5]/a' in '30' second(s)

06-02-2024T14:21:18 - [MESSAGE][PASSED] - Object 'Object Repository/ESO/Page_Home/Navigation Bar/a_Patch Notes' is present]]></system-out>
         <system-err><![CDATA[]]></system-err>
      </testcase>
      <testcase name="Test Cases/ESO/Home Validation/H002 - Return to Home" time="0.493" classname="Test Cases/ESO/Home Validation/H002 - Return to Home" status="PASSED">
         <system-out><![CDATA[06-02-2024T14:21:18 - [TEST_CASE][PASSED] - Test Cases/ESO/Home Validation/H002 - Return to Home: Evaluating variables for test case]]></system-out>
         <system-err><![CDATA[]]></system-err>
      </testcase>
      <system-out><![CDATA[06-02-2024T14:20:01 - [TEST_SUITE][INCOMPLETE] - TS004 - Home: null]]></system-out>
      <system-err><![CDATA[06-02-2024T14:20:01 - [TEST_SUITE][INCOMPLETE] - TS004 - Home: null]]></system-err>
   </testsuite>
</testsuites>
