<?xml version="1.0" encoding="UTF-8"?>
<testsuites name="TS003 - Age" time="47.825" tests="2" failures="0" errors="0">
   <testsuite name="TS003 - Age" tests="2" failures="0" errors="0" time="47.825" skipped="0" timestamp="31-01-2024T22:34:35" hostname="Careca Delas - Careca-Desktop.home" id="Test Suites/ESO/TS003 - Age">
      <properties>
         <property name="deviceName" value=""/>
         <property name="devicePlatform" value=""/>
         <property name="logFolder" value="C:\\Users\\Careca Delas\\Documents\\GitHub\\Oasis-Project\\Reports\\20240131_223421\\ESO\\TS003 - Age\\20240131_223425"/>
         <property name="logFiles" value="C:\\Users\\Careca Delas\\Documents\\GitHub\\Oasis-Project\\Reports\\20240131_223421\\ESO\\TS003 - Age\\20240131_223425\\execution0.log"/>
         <property name="attachments" value="C:\\Users\\Careca Delas\\Documents\\GitHub\\Oasis-Project\\Reports\\20240131_223421\\ESO\\TS003 - Age\\20240131_223425\\1706740520896.png"/>
         <property name="hostName" value="Careca Delas - Careca-Desktop.home"/>
         <property name="os" value="Windows 10 64bit"/>
         <property name="katalonVersion" value="9.2.0.212"/>
         <property name="browser" value="Chrome 120.0.0.0"/>
         <property name="hostAddress" value="192.168.1.13"/>
         <property name="sessionId" value="fd19ec26998c338c48bbd1c429ca7875"/>
         <property name="seleniumVersion" value="3.141.59"/>
         <property name="proxyInformation" value="ProxyInformation { proxyOption=NO_PROXY, proxyServerType=HTTP, username=, password=********, proxyServerAddress=, proxyServerPort=0, executionList=&quot;&quot;, isApplyToDesiredCapabilities=true }"/>
         <property name="platform" value="Windows 10"/>
      </properties>
      <testcase name="Test Cases/ESO/Age Valitadion/A001 - Invalid Age" time="9.452" classname="Test Cases/ESO/Age Valitadion/A001 - Invalid Age" status="PASSED">
         <system-out><![CDATA[31-01-2024T22:34:36 - [TEST_CASE][PASSED] - Test Cases/ESO/Age Valitadion/A001 - Invalid Age: Test Cases/ESO/Age Valitadion/A001 - Invalid Age

31-01-2024T22:34:36 - [TEST_STEP][PASSED] - callTestCase(findTestCase("ESO/Age Valitadion/A000 - Age Validation"), [:], STOP_ON_FAILURE): Call Test Case 'Test Cases/ESO/Age Valitadion/A000 - Age Validation' successfully

31-01-2024T22:34:36 - [TEST_CASE][PASSED] - Test Cases/ESO/Age Valitadion/A000 - Age Validation: Test Cases/ESO/Age Valitadion/A000 - Age Validation

31-01-2024T22:34:36 - [TEST_STEP][PASSED] - openBrowser(""): Browser is opened with url: ''

31-01-2024T22:34:36 - [MESSAGE][INFO] - Starting 'Chrome' driver

31-01-2024T22:34:36 - [MESSAGE][INFO] - Action delay is set to 0 milliseconds

31-01-2024T22:34:38 - [MESSAGE][PASSED] - Browser is opened with url: ''

31-01-2024T22:34:38 - [TEST_STEP][PASSED] - navigateToUrl("https://www.elderscrollsonline.com/en-us/agegate?URL=%2fen-us%2fmedia"): Navigate to 'https://www.elderscrollsonline.com/en-us/agegate?URL=%2fen-us%2fmedia' successfully

31-01-2024T22:34:40 - [MESSAGE][PASSED] - Navigate to 'https://www.elderscrollsonline.com/en-us/agegate?URL=%2fen-us%2fmedia' successfully

31-01-2024T22:34:40 - [TEST_STEP][PASSED] - verifyElementPresent(findTestObject("ESO/Page_Age_Verification/form_Age Verification"), 0): Object 'Object Repository/ESO/Page_Age_Verification/form_Age Verification' is present

31-01-2024T22:34:40 - [MESSAGE][WARNING] - Timeout '0' is invalid. Using default page load timeout: '30'

31-01-2024T22:34:41 - [MESSAGE][PASSED] - Object 'Object Repository/ESO/Page_Age_Verification/form_Age Verification' is present

31-01-2024T22:34:41 - [MESSAGE][PASSED] - Call Test Case 'Test Cases/ESO/Age Valitadion/A000 - Age Validation' successfully

31-01-2024T22:34:41 - [TEST_STEP][PASSED] - sendKeys(findTestObject("ESO/Page_Age_Verification/input_Age Verification_month"), helpers.getTodayDate.month()): Keys '01' sent to object: 'Object Repository/ESO/Page_Age_Verification/input_Age Verification_month'

31-01-2024T22:34:41 - [MESSAGE][PASSED] - helpers.getTodayDate.month is PASSED

31-01-2024T22:34:41 - [MESSAGE][PASSED] - Keys '01' sent to object: 'Object Repository/ESO/Page_Age_Verification/input_Age Verification_month'

31-01-2024T22:34:41 - [TEST_STEP][PASSED] - sendKeys(findTestObject("ESO/Page_Age_Verification/input_Age Verification_day"), helpers.getTodayDate.day()): Keys '31' sent to object: 'Object Repository/ESO/Page_Age_Verification/input_Age Verification_day'

31-01-2024T22:34:41 - [MESSAGE][PASSED] - helpers.getTodayDate.day is PASSED

31-01-2024T22:34:42 - [MESSAGE][PASSED] - Keys '31' sent to object: 'Object Repository/ESO/Page_Age_Verification/input_Age Verification_day'

31-01-2024T22:34:42 - [TEST_STEP][PASSED] - sendKeys(findTestObject("ESO/Page_Age_Verification/input_Age Verification_year"), helpers.getTodayDate.UnderYear()): Keys '2024' sent to object: 'Object Repository/ESO/Page_Age_Verification/input_Age Verification_year'

31-01-2024T22:34:42 - [MESSAGE][PASSED] - helpers.getTodayDate.UnderYear is PASSED

31-01-2024T22:34:42 - [MESSAGE][PASSED] - Keys '2024' sent to object: 'Object Repository/ESO/Page_Age_Verification/input_Age Verification_year'

31-01-2024T22:34:42 - [TEST_STEP][PASSED] - click(findTestObject("ESO/Page_Age_Verification/button_Submit")): Object: 'Object Repository/ESO/Page_Age_Verification/button_Submit' is clicked on

31-01-2024T22:34:44 - [MESSAGE][PASSED] - Object: 'Object Repository/ESO/Page_Age_Verification/button_Submit' is clicked on

31-01-2024T22:34:44 - [TEST_STEP][PASSED] - verifyElementVisible(findTestObject("Object Repository/ESO/Page_Age_Verification/h4_Access Denied")): Object 'Object Repository/ESO/Page_Age_Verification/h4_Access Denied' is visible

31-01-2024T22:34:45 - [MESSAGE][PASSED] - Object 'Object Repository/ESO/Page_Age_Verification/h4_Access Denied' is visible]]></system-out>
         <system-err><![CDATA[]]></system-err>
      </testcase>
      <testcase name="Test Cases/ESO/Age Valitadion/A002 - Valid Age" time="38.22" classname="Test Cases/ESO/Age Valitadion/A002 - Valid Age" status="PASSED">
         <system-out><![CDATA[31-01-2024T22:34:45 - [TEST_CASE][PASSED] - Test Cases/ESO/Age Valitadion/A002 - Valid Age: Test Cases/ESO/Age Valitadion/A002 - Valid Age

31-01-2024T22:34:45 - [TEST_STEP][FAILED] - try: Unable to send keys '01' to object 'Object Repository/ESO/Page_Age_Verification/input_Age Verification_month' (Root cause: com.kms.katalon.core.exception.StepFailedException: Unable to send keys '01' to object 'Object Repository/ESO/Page_Age_Verification/input_Age Verification_month'
	at com.kms.katalon.core.webui.keyword.internal.WebUIKeywordMain.stepFailed(WebUIKeywordMain.groovy:64)
	at com.kms.katalon.core.webui.keyword.internal.WebUIKeywordMain.runKeyword(WebUIKeywordMain.groovy:26)
	at com.kms.katalon.core.webui.keyword.builtin.SendKeysKeyword.sendKeys(SendKeysKeyword.groovy:60)
	at com.kms.katalon.core.webui.keyword.builtin.SendKeysKeyword.execute(SendKeysKeyword.groovy:38)
	at com.kms.katalon.core.keyword.internal.KeywordExecutor.executeKeywordForPlatform(KeywordExecutor.groovy:74)
	at com.kms.katalon.core.webui.keyword.WebUiBuiltInKeywords.sendKeys(WebUiBuiltInKeywords.groovy:903)
	at com.kms.katalon.core.webui.keyword.WebUiBuiltInKeywords$sendKeys$2.call(Unknown Source)
	at A002 - Valid Age.run(A002 - Valid Age:23)
	at com.kms.katalon.core.main.ScriptEngine.run(ScriptEngine.java:194)
	at com.kms.katalon.core.main.ScriptEngine.runScriptAsRawText(ScriptEngine.java:119)
	at com.kms.katalon.core.main.TestCaseExecutor.runScript(TestCaseExecutor.java:448)
	at com.kms.katalon.core.main.TestCaseExecutor.doExecute(TestCaseExecutor.java:439)
	at com.kms.katalon.core.main.TestCaseExecutor.processExecutionPhase(TestCaseExecutor.java:418)
	at com.kms.katalon.core.main.TestCaseExecutor.accessMainPhase(TestCaseExecutor.java:410)
	at com.kms.katalon.core.main.TestCaseExecutor.execute(TestCaseExecutor.java:285)
	at com.kms.katalon.core.common.CommonExecutor.accessTestCaseMainPhase(CommonExecutor.java:65)
	at com.kms.katalon.core.main.TestSuiteExecutor.accessTestSuiteMainPhase(TestSuiteExecutor.java:148)
	at com.kms.katalon.core.main.TestSuiteExecutor.execute(TestSuiteExecutor.java:106)
	at com.kms.katalon.core.main.TestCaseMain.startTestSuite(TestCaseMain.java:180)
	at com.kms.katalon.core.main.TestCaseMain$startTestSuite$0.call(Unknown Source)
	at TempTestSuite1706740465067.run(TempTestSuite1706740465067.groovy:36)
	at java.base/jdk.internal.reflect.NativeMethodAccessorImpl.invoke0(Native Method)
	at java.base/jdk.internal.reflect.NativeMethodAccessorImpl.invoke(NativeMethodAccessorImpl.java:77)
	at java.base/jdk.internal.reflect.DelegatingMethodAccessorImpl.invoke(DelegatingMethodAccessorImpl.java:43)
Caused by: com.kms.katalon.core.webui.exception.WebElementNotFoundException: Web element with id: 'Object Repository/ESO/Page_Age_Verification/input_Age Verification_month' located by 'id("month")[count(. | //*[@name = 'month' and @id = 'month' and @placeholder = 'MM']) = count(//*[@name = 'month' and @id = 'month' and @placeholder = 'MM'])]' not found
	at com.kms.katalon.core.webui.common.WebUiCommonHelper.findWebElement(WebUiCommonHelper.java:1379)
	at com.kms.katalon.core.webui.keyword.internal.WebUIAbstractKeyword.findWebElement(WebUIAbstractKeyword.groovy:27)
	at com.kms.katalon.core.webui.keyword.internal.WebUIAbstractKeyword.findWebElement(WebUIAbstractKeyword.groovy:26)
	at com.kms.katalon.core.webui.keyword.builtin.SendKeysKeyword$_sendKeys_closure1.doCall(SendKeysKeyword.groovy:52)
	at com.kms.katalon.core.webui.keyword.builtin.SendKeysKeyword$_sendKeys_closure1.call(SendKeysKeyword.groovy)
	at com.kms.katalon.core.webui.keyword.internal.WebUIKeywordMain.runKeyword(WebUIKeywordMain.groovy:20)
	at com.kms.katalon.core.webui.keyword.builtin.SendKeysKeyword.sendKeys(SendKeysKeyword.groovy:60)
	at com.kms.katalon.core.webui.keyword.builtin.SendKeysKeyword.execute(SendKeysKeyword.groovy:38)
	at com.kms.katalon.core.keyword.internal.KeywordExecutor.executeKeywordForPlatform(KeywordExecutor.groovy:74)
	at com.kms.katalon.core.webui.keyword.WebUiBuiltInKeywords.sendKeys(WebUiBuiltInKeywords.groovy:903)
	at com.kms.katalon.core.webui.keyword.WebUiBuiltInKeywords$sendKeys$2.call(Unknown Source)
	at Script1706457508849.run(Script1706457508849.groovy:23)
	... 16 more
)

31-01-2024T22:34:45 - [TEST_STEP][FAILED] - sendKeys(findTestObject("ESO/Page_Age_Verification/input_Age Verification_month"), helpers.getTodayDate.month()): Unable to send keys '01' to object 'Object Repository/ESO/Page_Age_Verification/input_Age Verification_month' (Root cause: com.kms.katalon.core.exception.StepFailedException: Unable to send keys '01' to object 'Object Repository/ESO/Page_Age_Verification/input_Age Verification_month'
	at com.kms.katalon.core.webui.keyword.internal.WebUIKeywordMain.stepFailed(WebUIKeywordMain.groovy:64)
	at com.kms.katalon.core.webui.keyword.internal.WebUIKeywordMain.runKeyword(WebUIKeywordMain.groovy:26)
	at com.kms.katalon.core.webui.keyword.builtin.SendKeysKeyword.sendKeys(SendKeysKeyword.groovy:60)
	at com.kms.katalon.core.webui.keyword.builtin.SendKeysKeyword.execute(SendKeysKeyword.groovy:38)
	at com.kms.katalon.core.keyword.internal.KeywordExecutor.executeKeywordForPlatform(KeywordExecutor.groovy:74)
	at com.kms.katalon.core.webui.keyword.WebUiBuiltInKeywords.sendKeys(WebUiBuiltInKeywords.groovy:903)
	at com.kms.katalon.core.webui.keyword.WebUiBuiltInKeywords$sendKeys$2.call(Unknown Source)
	at A002 - Valid Age.run(A002 - Valid Age:23)
	at com.kms.katalon.core.main.ScriptEngine.run(ScriptEngine.java:194)
	at com.kms.katalon.core.main.ScriptEngine.runScriptAsRawText(ScriptEngine.java:119)
	at com.kms.katalon.core.main.TestCaseExecutor.runScript(TestCaseExecutor.java:448)
	at com.kms.katalon.core.main.TestCaseExecutor.doExecute(TestCaseExecutor.java:439)
	at com.kms.katalon.core.main.TestCaseExecutor.processExecutionPhase(TestCaseExecutor.java:418)
	at com.kms.katalon.core.main.TestCaseExecutor.accessMainPhase(TestCaseExecutor.java:410)
	at com.kms.katalon.core.main.TestCaseExecutor.execute(TestCaseExecutor.java:285)
	at com.kms.katalon.core.common.CommonExecutor.accessTestCaseMainPhase(CommonExecutor.java:65)
	at com.kms.katalon.core.main.TestSuiteExecutor.accessTestSuiteMainPhase(TestSuiteExecutor.java:148)
	at com.kms.katalon.core.main.TestSuiteExecutor.execute(TestSuiteExecutor.java:106)
	at com.kms.katalon.core.main.TestCaseMain.startTestSuite(TestCaseMain.java:180)
	at com.kms.katalon.core.main.TestCaseMain$startTestSuite$0.call(Unknown Source)
	at TempTestSuite1706740465067.run(TempTestSuite1706740465067.groovy:36)
	at java.base/jdk.internal.reflect.NativeMethodAccessorImpl.invoke0(Native Method)
	at java.base/jdk.internal.reflect.NativeMethodAccessorImpl.invoke(NativeMethodAccessorImpl.java:77)
	at java.base/jdk.internal.reflect.DelegatingMethodAccessorImpl.invoke(DelegatingMethodAccessorImpl.java:43)
Caused by: com.kms.katalon.core.webui.exception.WebElementNotFoundException: Web element with id: 'Object Repository/ESO/Page_Age_Verification/input_Age Verification_month' located by 'id("month")[count(. | //*[@name = 'month' and @id = 'month' and @placeholder = 'MM']) = count(//*[@name = 'month' and @id = 'month' and @placeholder = 'MM'])]' not found
	at com.kms.katalon.core.webui.common.WebUiCommonHelper.findWebElement(WebUiCommonHelper.java:1379)
	at com.kms.katalon.core.webui.keyword.internal.WebUIAbstractKeyword.findWebElement(WebUIAbstractKeyword.groovy:27)
	at com.kms.katalon.core.webui.keyword.internal.WebUIAbstractKeyword.findWebElement(WebUIAbstractKeyword.groovy:26)
	at com.kms.katalon.core.webui.keyword.builtin.SendKeysKeyword$_sendKeys_closure1.doCall(SendKeysKeyword.groovy:52)
	at com.kms.katalon.core.webui.keyword.builtin.SendKeysKeyword$_sendKeys_closure1.call(SendKeysKeyword.groovy)
	at com.kms.katalon.core.webui.keyword.internal.WebUIKeywordMain.runKeyword(WebUIKeywordMain.groovy:20)
	at com.kms.katalon.core.webui.keyword.builtin.SendKeysKeyword.sendKeys(SendKeysKeyword.groovy:60)
	at com.kms.katalon.core.webui.keyword.builtin.SendKeysKeyword.execute(SendKeysKeyword.groovy:38)
	at com.kms.katalon.core.keyword.internal.KeywordExecutor.executeKeywordForPlatform(KeywordExecutor.groovy:74)
	at com.kms.katalon.core.webui.keyword.WebUiBuiltInKeywords.sendKeys(WebUiBuiltInKeywords.groovy:903)
	at com.kms.katalon.core.webui.keyword.WebUiBuiltInKeywords$sendKeys$2.call(Unknown Source)
	at Script1706457508849.run(Script1706457508849.groovy:23)
	... 16 more
)

31-01-2024T22:34:45 - [MESSAGE][PASSED] - helpers.getTodayDate.month is PASSED

31-01-2024T22:35:16 - [MESSAGE][INFO] - Unable to find the element located by 'By.xpath: id("month")[count(. | //*[@name = 'month' and @id = 'month' and @placeholder = 'MM']) = count(//*[@name = 'month' and @id = 'month' and @placeholder = 'MM'])]'. Please recheck the objects properties to make sure the desired element is located. 

31-01-2024T22:35:16 - [MESSAGE][WARNING] - [SELF-HEALING] Failed to find element with id 'Object Repository/ESO/Page_Age_Verification/input_Age Verification_month'. Try using Self-healing.

31-01-2024T22:35:17 - [MESSAGE][INFO] - Unable to find the element located by 'By.xpath: //input[@id='month']'. Please recheck the objects properties to make sure the desired element is located. 

31-01-2024T22:35:18 - [MESSAGE][INFO] - [SELF-HEALING] Failed Locator: '//input[@id='month']'.

31-01-2024T22:35:18 - [MESSAGE][INFO] - [SELF-HEALING] Failed Locator: '//div[@id='main-content']/div/form/div/div/input'.

31-01-2024T22:35:18 - [MESSAGE][INFO] - [SELF-HEALING] Failed Locator: '//div/div/input'.

31-01-2024T22:35:18 - [MESSAGE][INFO] - [SELF-HEALING] Failed Locator: '//input[@type = 'number' and @name = 'month' and @id = 'month' and @placeholder = 'MM']'.

31-01-2024T22:35:18 - [MESSAGE][INFO] - [SELF-HEALING] Failed Locator: '//input[@id='month']'.

31-01-2024T22:35:19 - [MESSAGE][INFO] - [SELF-HEALING] Failed Locator: '//div[@id='main-content']/div/form/div/div/input'.

31-01-2024T22:35:19 - [MESSAGE][INFO] - [SELF-HEALING] Failed Locator: '//div/div/input'.

31-01-2024T22:35:19 - [MESSAGE][INFO] - [SELF-HEALING] Failed Locator: '//input[@type = 'number' and @name = 'month' and @id = 'month' and @placeholder = 'MM']'.

31-01-2024T22:35:20 - [MESSAGE][INFO] - Unable to find the element located by 'By.cssSelector: #month'. Please recheck the objects properties to make sure the desired element is located. 

31-01-2024T22:35:21 - [MESSAGE][FAILED] - Unable to send keys '01' to object 'Object Repository/ESO/Page_Age_Verification/input_Age Verification_month' (Root cause: com.kms.katalon.core.exception.StepFailedException: Unable to send keys '01' to object 'Object Repository/ESO/Page_Age_Verification/input_Age Verification_month'
	at com.kms.katalon.core.webui.keyword.internal.WebUIKeywordMain.stepFailed(WebUIKeywordMain.groovy:64)
	at com.kms.katalon.core.webui.keyword.internal.WebUIKeywordMain.runKeyword(WebUIKeywordMain.groovy:26)
	at com.kms.katalon.core.webui.keyword.builtin.SendKeysKeyword.sendKeys(SendKeysKeyword.groovy:60)
	at com.kms.katalon.core.webui.keyword.builtin.SendKeysKeyword.execute(SendKeysKeyword.groovy:38)
	at com.kms.katalon.core.keyword.internal.KeywordExecutor.executeKeywordForPlatform(KeywordExecutor.groovy:74)
	at com.kms.katalon.core.webui.keyword.WebUiBuiltInKeywords.sendKeys(WebUiBuiltInKeywords.groovy:903)
	at com.kms.katalon.core.webui.keyword.WebUiBuiltInKeywords$sendKeys$2.call(Unknown Source)
	at A002 - Valid Age.run(A002 - Valid Age:23)
	at com.kms.katalon.core.main.ScriptEngine.run(ScriptEngine.java:194)
	at com.kms.katalon.core.main.ScriptEngine.runScriptAsRawText(ScriptEngine.java:119)
	at com.kms.katalon.core.main.TestCaseExecutor.runScript(TestCaseExecutor.java:448)
	at com.kms.katalon.core.main.TestCaseExecutor.doExecute(TestCaseExecutor.java:439)
	at com.kms.katalon.core.main.TestCaseExecutor.processExecutionPhase(TestCaseExecutor.java:418)
	at com.kms.katalon.core.main.TestCaseExecutor.accessMainPhase(TestCaseExecutor.java:410)
	at com.kms.katalon.core.main.TestCaseExecutor.execute(TestCaseExecutor.java:285)
	at com.kms.katalon.core.common.CommonExecutor.accessTestCaseMainPhase(CommonExecutor.java:65)
	at com.kms.katalon.core.main.TestSuiteExecutor.accessTestSuiteMainPhase(TestSuiteExecutor.java:148)
	at com.kms.katalon.core.main.TestSuiteExecutor.execute(TestSuiteExecutor.java:106)
	at com.kms.katalon.core.main.TestCaseMain.startTestSuite(TestCaseMain.java:180)
	at com.kms.katalon.core.main.TestCaseMain$startTestSuite$0.call(Unknown Source)
	at TempTestSuite1706740465067.run(TempTestSuite1706740465067.groovy:36)
	at java.base/jdk.internal.reflect.NativeMethodAccessorImpl.invoke0(Native Method)
	at java.base/jdk.internal.reflect.NativeMethodAccessorImpl.invoke(NativeMethodAccessorImpl.java:77)
	at java.base/jdk.internal.reflect.DelegatingMethodAccessorImpl.invoke(DelegatingMethodAccessorImpl.java:43)
Caused by: com.kms.katalon.core.webui.exception.WebElementNotFoundException: Web element with id: 'Object Repository/ESO/Page_Age_Verification/input_Age Verification_month' located by 'id("month")[count(. | //*[@name = 'month' and @id = 'month' and @placeholder = 'MM']) = count(//*[@name = 'month' and @id = 'month' and @placeholder = 'MM'])]' not found
	at com.kms.katalon.core.webui.common.WebUiCommonHelper.findWebElement(WebUiCommonHelper.java:1379)
	at com.kms.katalon.core.webui.keyword.internal.WebUIAbstractKeyword.findWebElement(WebUIAbstractKeyword.groovy:27)
	at com.kms.katalon.core.webui.keyword.internal.WebUIAbstractKeyword.findWebElement(WebUIAbstractKeyword.groovy:26)
	at com.kms.katalon.core.webui.keyword.builtin.SendKeysKeyword$_sendKeys_closure1.doCall(SendKeysKeyword.groovy:52)
	at com.kms.katalon.core.webui.keyword.builtin.SendKeysKeyword$_sendKeys_closure1.call(SendKeysKeyword.groovy)
	at com.kms.katalon.core.webui.keyword.internal.WebUIKeywordMain.runKeyword(WebUIKeywordMain.groovy:20)
	at com.kms.katalon.core.webui.keyword.builtin.SendKeysKeyword.sendKeys(SendKeysKeyword.groovy:60)
	at com.kms.katalon.core.webui.keyword.builtin.SendKeysKeyword.execute(SendKeysKeyword.groovy:38)
	at com.kms.katalon.core.keyword.internal.KeywordExecutor.executeKeywordForPlatform(KeywordExecutor.groovy:74)
	at com.kms.katalon.core.webui.keyword.WebUiBuiltInKeywords.sendKeys(WebUiBuiltInKeywords.groovy:903)
	at com.kms.katalon.core.webui.keyword.WebUiBuiltInKeywords$sendKeys$2.call(Unknown Source)
	at Script1706457508849.run(Script1706457508849.groovy:23)
	... 16 more
)
[[ATTACHMENT|C:\\Users\\Careca Delas\\Documents\\GitHub\\Oasis-Project\\Reports\\20240131_223421\\ESO\\TS003 - Age\\20240131_223425\\1706740520896.png]]

31-01-2024T22:35:21 - [TEST_STEP][PASSED] - catch (Exception BrowserNotOpenedException): Call Test Case 'Test Cases/ESO/Age Valitadion/A000 - Age Validation' successfully

31-01-2024T22:35:21 - [TEST_STEP][PASSED] - callTestCase(findTestCase("ESO/Age Valitadion/A000 - Age Validation"), [:], STOP_ON_FAILURE): Call Test Case 'Test Cases/ESO/Age Valitadion/A000 - Age Validation' successfully

31-01-2024T22:35:21 - [TEST_CASE][PASSED] - Test Cases/ESO/Age Valitadion/A000 - Age Validation: Test Cases/ESO/Age Valitadion/A000 - Age Validation

31-01-2024T22:35:21 - [TEST_STEP][PASSED] - openBrowser(""): Browser is opened with url: ''

31-01-2024T22:35:21 - [MESSAGE][WARNING] - A browser is already opened. Closing browser and opening a new one

31-01-2024T22:35:21 - [MESSAGE][INFO] - Starting 'Chrome' driver

31-01-2024T22:35:21 - [MESSAGE][INFO] - Action delay is set to 0 milliseconds

31-01-2024T22:35:22 - [MESSAGE][PASSED] - Browser is opened with url: ''

31-01-2024T22:35:22 - [TEST_STEP][PASSED] - navigateToUrl("https://www.elderscrollsonline.com/en-us/agegate?URL=%2fen-us%2fmedia"): Navigate to 'https://www.elderscrollsonline.com/en-us/agegate?URL=%2fen-us%2fmedia' successfully

31-01-2024T22:35:23 - [MESSAGE][PASSED] - Navigate to 'https://www.elderscrollsonline.com/en-us/agegate?URL=%2fen-us%2fmedia' successfully

31-01-2024T22:35:23 - [TEST_STEP][PASSED] - verifyElementPresent(findTestObject("ESO/Page_Age_Verification/form_Age Verification"), 0): Object 'Object Repository/ESO/Page_Age_Verification/form_Age Verification' is present

31-01-2024T22:35:23 - [MESSAGE][WARNING] - Timeout '0' is invalid. Using default page load timeout: '30'

31-01-2024T22:35:23 - [MESSAGE][PASSED] - Object 'Object Repository/ESO/Page_Age_Verification/form_Age Verification' is present

31-01-2024T22:35:23 - [MESSAGE][PASSED] - Call Test Case 'Test Cases/ESO/Age Valitadion/A000 - Age Validation' successfully]]></system-out>
         <system-err><![CDATA[]]></system-err>
      </testcase>
      <system-out><![CDATA[31-01-2024T22:34:35 - [TEST_SUITE][PASSED] - TS003 - Age: Test Cases/ESO/Age Valitadion/A002 - Valid Age]]></system-out>
      <system-err><![CDATA[]]></system-err>
   </testsuite>
</testsuites>
